2017-11-28 19:56:14,317 - DEBUG - Parsing arguments.
2017-11-28 19:56:14,318 - DEBUG - clean_logs: False
2017-11-28 19:56:14,318 - DEBUG - trade_amount: 1.00
2017-11-28 19:56:14,318 - DEBUG - amount_dynamic: True
2017-11-28 19:56:14,318 - DEBUG - trade_proportion_initial: 0.05
2017-11-28 19:56:14,318 - DEBUG - trade_usdt_max: 25.00
2017-11-28 19:56:14,318 - DEBUG - profit_threshold: 0.05
2017-11-28 19:56:14,318 - DEBUG - loop_time: 30
2017-11-28 19:56:14,318 - DEBUG - loop_dynamic: True
2017-11-28 19:56:14,318 - DEBUG - live_trading: True
2017-11-28 19:56:14,318 - DEBUG - csv_logging: True
2017-11-28 19:56:14,318 - DEBUG - telegram_active: True
2017-11-28 19:56:14,318 - DEBUG - mongo_alt: False
2017-11-28 19:56:14,324 - INFO - MongoDB running.
2017-11-28 19:56:14,326 - INFO - Using default MongoDB database "lorenzbot".
2017-11-28 19:56:14,326 - WARNING - Total USDT trade amount is set to $25.00.
2017-11-28 19:56:16,632 - INFO - USDT trade amount confirmed.
2017-11-28 19:56:16,633 - INFO - Dynamic trade amount calculation activated.
2017-11-28 19:56:16,633 - INFO - Dynamic loop time calculation activated. Base loop time set to 30 seconds.
2017-11-28 19:56:16,633 - INFO - CSV logging activated.
2017-11-28 19:56:16,633 - DEBUG - CSV log file path: logs/lorenzbot_log.csv
2017-11-28 19:56:16,633 - INFO - Telegram logging active. Send "/connect" to @lorenzbot_bot to receive alerts.
2017-11-28 19:56:16,634 - INFO - Found existing collection: 11282017_054609
2017-11-28 19:56:16,635 - INFO - Found Telegram config file.
2017-11-28 19:56:16,635 - DEBUG - telegram_token: 507345456:AAF-ecVn4LdwJhIQ24IEP-fDxg-AH4kwKIg
2017-11-28 19:56:16,636 - INFO - Found Poloniex config file.
2017-11-28 19:56:16,636 - WARNING - Live trading ENABLED.
2017-11-28 19:56:17,086 - INFO - Current Maker Fee: 0.1500%
2017-11-28 19:56:17,087 - INFO - Current Taker Fee: 0.2500%
2017-11-28 19:56:17,087 - DEBUG - Entering base_price calculation.
2017-11-28 19:56:17,087 - DEBUG - db[coll_current].count(): 130
2017-11-28 19:56:17,087 - DEBUG - calc_base_initialized: True
2017-11-28 19:56:17,089 - DEBUG - trade_total[spent]: 41.20602450
2017-11-28 19:56:17,090 - DEBUG - agg: [{'_id': None, 'total_bought': 668.553191465775}]
2017-11-28 19:56:17,090 - DEBUG - trade_total[bought]: 668.55319147
2017-11-28 19:56:17,091 - DEBUG - trade_total[spent]: 41.20602450
2017-11-28 19:56:17,092 - DEBUG - agg: [{'_id': None, 'total_bought': 668.553191465775}]
2017-11-28 19:56:17,092 - DEBUG - trade_total[bought]: 668.55319147
2017-11-28 19:56:17,092 - DEBUG - rate_avg: 0.06163462
2017-11-28 19:56:17,092 - DEBUG - base_price: 0.06163462
2017-11-28 19:56:17,092 - INFO - Base Price: 0.061635
2017-11-28 19:56:17,386 - INFO - Balance STR:  15.9243
2017-11-28 19:56:17,387 - INFO - Balance USDT: 25.7119
2017-11-28 19:56:17,388 - DEBUG - agg: [{'_id': None, 'total_bought': 668.553191465775}]
2017-11-28 19:56:17,388 - DEBUG - trade_total[bought]: 668.55319147
2017-11-28 19:56:17,388 - INFO - Total STR Bought: 668.5532
2017-11-28 19:56:17,389 - DEBUG - trade_total[spent]: 41.20602450
2017-11-28 19:56:17,389 - INFO - Total USDT Spent: 41.2060
2017-11-28 19:56:17,390 - INFO - Total Buy Count: 130
2017-11-28 19:56:17,390 - DEBUG - agg: [{'_id': None, 'total_bought': 668.553191465775}]
2017-11-28 19:56:17,390 - DEBUG - trade_total[bought]: 668.55319147
2017-11-28 19:56:17,391 - WARNING - STR balance less than recorded bought amount.
2017-11-28 19:56:17,391 - WARNING - Creating new MongoDB database with available STR balance as total bought.
2017-11-28 19:56:17,405 - INFO - Created new collection: 11282017_195617
2017-11-28 19:56:17,405 - DEBUG - [BALANCE ADJUSTMENT] mongo_response: <pymongo.results.InsertOneResult object at 0x7f73ec427d48>
2017-11-28 19:56:17,406 - INFO - Adjustment logged to new MongoDB database collection 11282017_195617
2017-11-28 19:56:17,406 - DEBUG - trade_total[spent]: 0.98148918
2017-11-28 19:56:17,406 - DEBUG - trade_usdt_remaining: 24.01851082
2017-11-28 19:56:17,407 - DEBUG - trade_usdt_remaining: 24.01851082
2017-11-28 19:56:17,407 - INFO - Tradable USDT Remaining: 24.0185
2017-11-28 19:56:17,513 - DEBUG - Reverse lookup (amount) in calc_limit_price().
2017-11-28 19:56:17,513 - DEBUG - actual: 305.15021598
2017-11-28 19:56:17,513 - DEBUG - book_tot: 0.00
2017-11-28 19:56:17,513 - DEBUG - calc_limit_price() successful within limits (depth=40).
2017-11-28 19:56:17,513 - DEBUG - Adding fees to calc_limit_price() return value.
2017-11-28 19:56:17,513 - DEBUG - [buy]price_actual[+FEES]: 305.91309152
2017-11-28 19:56:17,514 - DEBUG - buy_amount_max: 305.91309152
2017-11-28 19:56:17,514 - DEBUG - verify_initial: False
2017-11-28 19:56:17,514 - INFO - Initial balance/trade log amounts ADJUSTED.
2017-11-28 19:56:17,514 - INFO - ----[LOOP START]----
2017-11-28 19:56:17,514 - DEBUG - Entering base_price calculation.
2017-11-28 19:56:17,514 - DEBUG - db[coll_current].count(): 1
2017-11-28 19:56:17,515 - DEBUG - calc_base_initialized: True
2017-11-28 19:56:17,516 - DEBUG - trade_total[spent]: 0.98148918
2017-11-28 19:56:17,516 - DEBUG - agg: [{'_id': None, 'total_bought': 15.92431528}]
2017-11-28 19:56:17,516 - DEBUG - trade_total[bought]: 15.92431528
2017-11-28 19:56:17,517 - DEBUG - trade_total[spent]: 0.98148918
2017-11-28 19:56:17,518 - DEBUG - agg: [{'_id': None, 'total_bought': 15.92431528}]
2017-11-28 19:56:17,518 - DEBUG - trade_total[bought]: 15.92431528
2017-11-28 19:56:17,518 - DEBUG - rate_avg: 0.06163462
2017-11-28 19:56:17,518 - DEBUG - base_price: 0.06163462
2017-11-28 19:56:17,518 - INFO - Base Price: 0.061635
2017-11-28 19:56:17,518 - DEBUG - base_price_target: 0.06148054
2017-11-28 19:56:17,518 - INFO - Base Price Target: 0.061481
2017-11-28 19:56:17,762 - INFO - Balance STR:  15.9243
2017-11-28 19:56:17,762 - INFO - Balance USDT: 25.7119
2017-11-28 19:56:17,763 - DEBUG - agg: [{'_id': None, 'total_bought': 15.92431528}]
2017-11-28 19:56:17,763 - DEBUG - trade_total[bought]: 15.92431528
2017-11-28 19:56:17,763 - INFO - Total STR Bought: 15.9243
2017-11-28 19:56:17,764 - DEBUG - trade_total[spent]: 0.98148918
2017-11-28 19:56:17,764 - INFO - Total USDT Spent: 0.9815
2017-11-28 19:56:17,764 - INFO - Total Buy Count: 1
2017-11-28 19:56:17,765 - DEBUG - agg: [{'_id': None, 'total_bought': 15.92431528}]
2017-11-28 19:56:17,765 - DEBUG - trade_total[bought]: 15.92431528
2017-11-28 19:56:17,766 - DEBUG - trade_total[spent]: 0.98148918
2017-11-28 19:56:17,766 - DEBUG - trade_usdt_remaining: 24.01851082
2017-11-28 19:56:17,766 - DEBUG - trade_usdt_remaining: 24.01851082
2017-11-28 19:56:17,766 - INFO - Tradable USDT Remaining: 24.0185
2017-11-28 19:56:17,855 - DEBUG - Reverse lookup (amount) in calc_limit_price().
2017-11-28 19:56:17,855 - DEBUG - actual: 305.15021598
2017-11-28 19:56:17,855 - DEBUG - book_tot: 0.00
2017-11-28 19:56:17,855 - DEBUG - calc_limit_price() successful within limits (depth=40).
2017-11-28 19:56:17,855 - DEBUG - Adding fees to calc_limit_price() return value.
2017-11-28 19:56:17,855 - DEBUG - [buy]price_actual[+FEES]: 305.91309152
2017-11-28 19:56:17,855 - DEBUG - buy_amount_max: 305.91309152
2017-11-28 19:56:17,855 - DEBUG - trade_check_ready: True
2017-11-28 19:56:18,019 - DEBUG - Regular lookup (price) in calc_limit_price().
2017-11-28 19:56:18,019 - DEBUG - actual: 0.07871045
2017-11-28 19:56:18,019 - DEBUG - book_tot: 24521.75
2017-11-28 19:56:18,019 - DEBUG - actual: 0.07871045
2017-11-28 19:56:18,019 - DEBUG - book_tot: 24521.75
2017-11-28 19:56:18,019 - DEBUG - calc_limit_price() successful within limits (depth=40).
2017-11-28 19:56:18,019 - DEBUG - Adding fees to calc_limit_price() return value.
2017-11-28 19:56:18,019 - DEBUG - [buy]price_actual[+FEES]: 0.07890723
2017-11-28 19:56:18,019 - DEBUG - diff: -0.283450
2017-11-28 19:56:18,020 - INFO - Price Difference from Base: -28.3450%
2017-11-28 19:56:18,020 - DEBUG - Calculating trade amount.
2017-11-28 19:56:18,020 - DEBUG - diff < 0
2017-11-28 19:56:18,020 - DEBUG - [DYNAMIC] amount: 15.88099166
2017-11-28 19:56:18,020 - DEBUG - buy_amount_current: 15.88099166
2017-11-28 19:56:18,020 - INFO - Current Buy Amount: 15.8810
2017-11-28 19:56:18,264 - DEBUG - Regular lookup (price) in calc_limit_price().
2017-11-28 19:56:18,264 - DEBUG - actual: 0.07871045
2017-11-28 19:56:18,264 - DEBUG - book_tot: 24521.75
2017-11-28 19:56:18,264 - DEBUG - actual: 0.07871045
2017-11-28 19:56:18,264 - DEBUG - book_tot: 24521.75
2017-11-28 19:56:18,264 - DEBUG - calc_limit_price() successful within limits (depth=40).
2017-11-28 19:56:18,264 - DEBUG - Adding fees to calc_limit_price() return value.
2017-11-28 19:56:18,264 - DEBUG - [buy]price_actual[+FEES]: 0.07890723
2017-11-28 19:56:18,264 - DEBUG - low_ask_actual: 0.07890723
2017-11-28 19:56:18,264 - INFO - Low Ask (Actual): 0.0789
2017-11-28 19:56:18,265 - DEBUG - agg: [{'_id': None, 'total_bought': 15.92431528}]
2017-11-28 19:56:18,265 - DEBUG - trade_total[bought]: 15.92431528
2017-11-28 19:56:18,265 - DEBUG - sell_amount_current: 15.92431528
2017-11-28 19:56:18,265 - INFO - Current Sell Amount: 15.9243
2017-11-28 19:56:18,421 - DEBUG - Regular lookup (price) in calc_limit_price().
2017-11-28 19:56:18,421 - DEBUG - actual: 0.07862044
2017-11-28 19:56:18,421 - DEBUG - book_tot: 4000.00
2017-11-28 19:56:18,421 - DEBUG - actual: 0.07862044
2017-11-28 19:56:18,421 - DEBUG - book_tot: 4000.00
2017-11-28 19:56:18,421 - DEBUG - calc_limit_price() successful within limits (depth=40).
2017-11-28 19:56:18,421 - DEBUG - Adding fees to calc_limit_price() return value.
2017-11-28 19:56:18,421 - DEBUG - [sell]price_actual[+FEES]: 0.07842389
2017-11-28 19:56:18,421 - DEBUG - high_bid_actual: 0.07842389
2017-11-28 19:56:18,421 - INFO - High Bid (Actual): 0.0784
2017-11-28 19:56:18,422 - DEBUG - sell_price_target: 0.06487044
2017-11-28 19:56:18,422 - INFO - Sell Target: 0.0649
2017-11-28 19:56:18,422 - INFO - TRADE CONDITIONS MET --> SELLING
2017-11-28 19:56:18,422 - DEBUG - Entering base_price calculation.
2017-11-28 19:56:18,422 - DEBUG - db[coll_current].count(): 1
2017-11-28 19:56:18,423 - DEBUG - calc_base_initialized: True
2017-11-28 19:56:18,423 - DEBUG - trade_total[spent]: 0.98148918
2017-11-28 19:56:18,424 - DEBUG - agg: [{'_id': None, 'total_bought': 15.92431528}]
2017-11-28 19:56:18,424 - DEBUG - trade_total[bought]: 15.92431528
2017-11-28 19:56:18,425 - DEBUG - trade_total[spent]: 0.98148918
2017-11-28 19:56:18,425 - DEBUG - agg: [{'_id': None, 'total_bought': 15.92431528}]
2017-11-28 19:56:18,425 - DEBUG - trade_total[bought]: 15.92431528
2017-11-28 19:56:18,426 - DEBUG - rate_avg: 0.06163462
2017-11-28 19:56:19,303 - DEBUG - [SELL] trade_response: {'orderNumber': '40381642061', 'resultingTrades': [{'amount': '15.92431528', 'date': '2017-11-29 00:56:17', 'rate': '0.07862044', 'total': '1.25197667', 'tradeID': '1902233', 'type': 'sell'}], 'amountUnfilled': '0.00000000'}
2017-11-28 19:56:19,303 - DEBUG - amount_unfilled: 0.0000
2017-11-28 19:56:19,507 - DEBUG - returnOrderTrades: [{'globalTradeID': 272446617, 'tradeID': 1902233, 'currencyPair': 'USDT_STR', 'type': 'sell', 'rate': '0.07862044', 'amount': '15.92431528', 'total': '1.25197667', 'fee': '0.00250000', 'date': '2017-11-29 00:56:17'}]
2017-11-28 19:56:19,507 - DEBUG - trade_date: 2017-11-29 00:56:17
2017-11-28 19:56:19,507 - DEBUG - len(order_trades): 1
2017-11-28 19:56:19,507 - DEBUG - len(order_list): 1
2017-11-28 19:56:19,507 - DEBUG - order_list: [[Decimal('15.92431528'), Decimal('0.0784238889000000')]]
2017-11-28 19:56:19,508 - DEBUG - rate_calc_total: 1.24884673
2017-11-28 19:56:19,508 - DEBUG - amount_total: 15.92431528
2017-11-28 19:56:19,508 - DEBUG - order_average_rate: 0.07842389
2017-11-28 19:56:19,508 - DEBUG - [SELL] order_details: {'date': '2017-11-29 00:56:17', 'amount': Decimal('15.92431528'), 'rate': Decimal('0.0784238889000000')}
2017-11-28 19:56:19,508 - DEBUG - [SELL] mongo_response: <pymongo.results.InsertOneResult object at 0x7f73f02cec88>
2017-11-28 19:56:19,508 - INFO - Sell logged to MongoDB database collection 11282017_195617
2017-11-28 19:56:19,522 - INFO - Created new collection: 11282017_195619
2017-11-28 19:56:19,523 - DEBUG - Sell completely filled. New collection starting empty.
2017-11-28 19:56:19,523 - DEBUG - calc_base_initialized: False
2017-11-28 19:56:19,523 - INFO - Resetting STR trade amount and USDT allotment to initial values.
2017-11-28 19:56:19,523 - DEBUG - trade_usdt_max: 25.00000000
2017-11-28 19:56:19,523 - DEBUG - No documents found in collection. Setting total to 0.
2017-11-28 19:56:19,523 - DEBUG - trade_total[spent]: 0.00000000
2017-11-28 19:56:19,523 - DEBUG - trade_usdt_remaining: 25.00000000
2017-11-28 19:56:19,611 - DEBUG - trade_amount: 15.88099166
2017-11-28 19:56:19,611 - DEBUG - Entering base_price calculation.
2017-11-28 19:56:19,611 - DEBUG - db[coll_current].count(): 0
2017-11-28 19:56:19,611 - INFO - No trade log found. Making entry buy.
2017-11-28 19:56:19,612 - DEBUG - trade_amount[CALC]: 15.88
2017-11-28 19:56:19,811 - DEBUG - Regular lookup (price) in calc_limit_price().
2017-11-28 19:56:19,811 - DEBUG - actual: 0.07875074
2017-11-28 19:56:19,811 - DEBUG - book_tot: 588.79
2017-11-28 19:56:19,811 - DEBUG - actual: 0.07875074
2017-11-28 19:56:19,811 - DEBUG - book_tot: 588.79
2017-11-28 19:56:19,812 - DEBUG - calc_limit_price() successful within limits (depth=40).
2017-11-28 19:56:19,812 - DEBUG - trade_price_initial[CALC]: 0.08
2017-11-28 19:56:19,812 - INFO - Entry trade amount: 15.8810
2017-11-28 19:56:19,812 - DEBUG - trade_price_initial: 0.07875074
2017-11-28 19:56:20,197 - DEBUG - [BUY] trade_response: {'orderNumber': '40381651052', 'resultingTrades': [{'amount': '15.36641800', 'date': '2017-11-29 00:56:18', 'rate': '0.07872512', 'total': '1.20972310', 'tradeID': '1902235', 'type': 'buy'}, {'amount': '0.51457365', 'date': '2017-11-29 00:56:18', 'rate': '0.07875074', 'total': '0.04052305', 'tradeID': '1902236', 'type': 'buy'}], 'amountUnfilled': '0.00000000'}
2017-11-28 19:56:20,456 - DEBUG - returnOrderTrades: [{'globalTradeID': 272446635, 'tradeID': 1902236, 'currencyPair': 'USDT_STR', 'type': 'buy', 'rate': '0.07875074', 'amount': '0.51457365', 'total': '0.04052305', 'fee': '0.00250000', 'date': '2017-11-29 00:56:18'}, {'globalTradeID': 272446634, 'tradeID': 1902235, 'currencyPair': 'USDT_STR', 'type': 'buy', 'rate': '0.07872512', 'amount': '15.36641800', 'total': '1.20972310', 'fee': '0.00250000', 'date': '2017-11-29 00:56:18'}]
2017-11-28 19:56:20,456 - DEBUG - trade_date: 2017-11-29 00:56:18
2017-11-28 19:56:20,456 - DEBUG - len(order_trades): 2
2017-11-28 19:56:20,456 - DEBUG - len(order_list): 2
2017-11-28 19:56:20,456 - DEBUG - order_list: [[Decimal('0.5132872158750000'), Decimal('0.07875074')], [Decimal('15.3280019550000000'), Decimal('0.07872512')]]
2017-11-28 19:56:20,456 - DEBUG - rate_calc_total: 1.24712054
2017-11-28 19:56:20,456 - DEBUG - amount_total: 15.84128917
2017-11-28 19:56:20,457 - DEBUG - order_average_rate: 0.07872595
2017-11-28 19:56:20,457 - DEBUG - [BUY] order_details: {'date': '2017-11-29 00:56:18', 'amount': Decimal('15.8412891708750000'), 'rate': Decimal('0.07872595013562399297653430855')}
2017-11-28 19:56:20,457 - DEBUG - [BUY] mongo_response: <pymongo.results.InsertOneResult object at 0x7f73eee9e5c8>
2017-11-28 19:56:20,457 - INFO - Buy logged to MongoDB database collection 11282017_195619
2017-11-28 19:56:20,458 - DEBUG - Entering base_price calculation.
2017-11-28 19:56:20,458 - DEBUG - db[coll_current].count(): 1
2017-11-28 19:56:20,458 - DEBUG - calc_base_initialized: True
2017-11-28 19:56:20,459 - DEBUG - trade_total[spent]: 1.24712054
2017-11-28 19:56:20,460 - DEBUG - agg: [{'_id': None, 'total_bought': 15.841289170875}]
2017-11-28 19:56:20,460 - DEBUG - trade_total[bought]: 15.84128917
2017-11-28 19:56:20,460 - DEBUG - trade_total[spent]: 1.24712054
2017-11-28 19:56:20,461 - DEBUG - agg: [{'_id': None, 'total_bought': 15.841289170875}]
2017-11-28 19:56:20,461 - DEBUG - trade_total[bought]: 15.84128917
2017-11-28 19:56:20,461 - DEBUG - rate_avg: 0.07872595
2017-11-28 19:56:20,461 - DEBUG - csv_list: ['2017-11-29 00:56:18', 'buy', '15.84128917', '0.07872595', '0.00000000', '0.07872595']
2017-11-28 19:56:20,461 - INFO - Logging trade details to csv file.
2017-11-28 19:56:20,461 - INFO - No users connected to Telegram. Skipping alert.
2017-11-28 19:56:20,462 - DEBUG - calc_base_initialized: True
2017-11-28 19:56:20,462 - DEBUG - trade_total[spent]: 1.24712054
2017-11-28 19:56:20,463 - DEBUG - agg: [{'_id': None, 'total_bought': 15.841289170875}]
2017-11-28 19:56:20,463 - DEBUG - trade_total[bought]: 15.84128917
2017-11-28 19:56:20,464 - DEBUG - trade_total[spent]: 1.24712054
2017-11-28 19:56:20,464 - DEBUG - agg: [{'_id': None, 'total_bought': 15.841289170875}]
2017-11-28 19:56:20,464 - DEBUG - trade_total[bought]: 15.84128917
2017-11-28 19:56:20,465 - DEBUG - rate_avg: 0.07872595
2017-11-28 19:56:20,465 - DEBUG - csv_list: ['2017-11-29 00:56:17', 'sell', '15.92431528', '0.07842389', '0.06163462', '0.07872595']
2017-11-28 19:56:20,465 - INFO - Logging trade details to csv file.
2017-11-28 19:56:20,465 - INFO - No users connected to Telegram. Skipping alert.
2017-11-28 19:56:20,465 - DEBUG - diff: -0.280242
2017-11-28 19:56:20,465 - INFO - Price Difference from Base: -28.0242%
2017-11-28 19:56:20,465 - DEBUG - Calculating loop time.
2017-11-28 19:56:20,465 - DEBUG - diff <= 0
2017-11-28 19:56:20,465 - DEBUG - lt: 30.00
2017-11-28 19:56:20,465 - INFO - Trade loop complete. Sleeping for 30.00 seconds.
2017-11-28 19:56:20,466 - INFO - ----[LOOP END]----
2017-11-28 19:56:50,469 - INFO - ----[LOOP START]----
2017-11-28 19:56:50,469 - DEBUG - Entering base_price calculation.
2017-11-28 19:56:50,470 - DEBUG - db[coll_current].count(): 1
2017-11-28 19:56:50,470 - DEBUG - calc_base_initialized: True
2017-11-28 19:56:50,471 - DEBUG - trade_total[spent]: 1.24712054
2017-11-28 19:56:50,471 - DEBUG - agg: [{'_id': None, 'total_bought': 15.841289170875}]
2017-11-28 19:56:50,472 - DEBUG - trade_total[bought]: 15.84128917
2017-11-28 19:56:50,472 - DEBUG - trade_total[spent]: 1.24712054
2017-11-28 19:56:50,473 - DEBUG - agg: [{'_id': None, 'total_bought': 15.841289170875}]
2017-11-28 19:56:50,473 - DEBUG - trade_total[bought]: 15.84128917
2017-11-28 19:56:50,473 - DEBUG - rate_avg: 0.07872595
2017-11-28 19:56:50,473 - DEBUG - base_price: 0.07872595
2017-11-28 19:56:50,473 - INFO - Base Price: 0.078726
2017-11-28 19:56:50,473 - DEBUG - base_price_target: 0.07852914
2017-11-28 19:56:50,473 - INFO - Base Price Target: 0.078529
2017-11-28 19:56:50,655 - INFO - Balance STR:  15.8413
2017-11-28 19:56:50,655 - INFO - Balance USDT: 25.7105
2017-11-28 19:56:50,656 - DEBUG - agg: [{'_id': None, 'total_bought': 15.841289170875}]
2017-11-28 19:56:50,656 - DEBUG - trade_total[bought]: 15.84128917
2017-11-28 19:56:50,656 - INFO - Total STR Bought: 15.8413
2017-11-28 19:56:50,657 - DEBUG - trade_total[spent]: 1.24712054
2017-11-28 19:56:50,657 - INFO - Total USDT Spent: 1.2471
2017-11-28 19:56:50,658 - INFO - Total Buy Count: 1
2017-11-28 19:56:50,658 - DEBUG - agg: [{'_id': None, 'total_bought': 15.841289170875}]
2017-11-28 19:56:50,659 - DEBUG - trade_total[bought]: 15.84128917
2017-11-28 19:56:50,659 - DEBUG - trade_total[spent]: 1.24712054
2017-11-28 19:56:50,659 - DEBUG - trade_usdt_remaining: 23.75287946
2017-11-28 19:56:50,659 - DEBUG - trade_usdt_remaining: 23.75287946
2017-11-28 19:56:50,659 - INFO - Tradable USDT Remaining: 23.7529
2017-11-28 19:56:50,855 - DEBUG - Reverse lookup (amount) in calc_limit_price().
2017-11-28 19:56:50,856 - DEBUG - actual: 301.73881426
2017-11-28 19:56:50,856 - DEBUG - book_tot: 0.00
2017-11-28 19:56:50,856 - DEBUG - calc_limit_price() successful within limits (depth=40).
2017-11-28 19:56:50,856 - DEBUG - Adding fees to calc_limit_price() return value.
2017-11-28 19:56:50,856 - DEBUG - [buy]price_actual[+FEES]: 302.49316130
2017-11-28 19:56:50,856 - DEBUG - buy_amount_max: 302.49316130
2017-11-28 19:56:50,856 - DEBUG - trade_check_ready: True
2017-11-28 19:56:51,318 - DEBUG - Regular lookup (price) in calc_limit_price().
2017-11-28 19:56:51,318 - DEBUG - actual: 0.07872000
2017-11-28 19:56:51,318 - DEBUG - book_tot: 71866.12
2017-11-28 19:56:51,318 - DEBUG - actual: 0.07872000
2017-11-28 19:56:51,318 - DEBUG - book_tot: 71866.12
2017-11-28 19:56:51,318 - DEBUG - calc_limit_price() successful within limits (depth=40).
2017-11-28 19:56:51,318 - DEBUG - Adding fees to calc_limit_price() return value.
2017-11-28 19:56:51,319 - DEBUG - [buy]price_actual[+FEES]: 0.07891680
2017-11-28 19:56:51,319 - DEBUG - diff: -0.004937
2017-11-28 19:56:51,319 - INFO - Price Difference from Base: -0.4937%
2017-11-28 19:56:51,319 - DEBUG - Calculating trade amount.
2017-11-28 19:56:51,319 - DEBUG - diff < 0
2017-11-28 19:56:51,319 - DEBUG - [DYNAMIC] amount: 15.88099166
2017-11-28 19:56:51,319 - DEBUG - buy_amount_current: 15.88099166
2017-11-28 19:56:51,319 - INFO - Current Buy Amount: 15.8810
2017-11-28 19:56:51,601 - DEBUG - Regular lookup (price) in calc_limit_price().
2017-11-28 19:56:51,601 - DEBUG - actual: 0.07872000
2017-11-28 19:56:51,601 - DEBUG - book_tot: 71866.12
2017-11-28 19:56:51,602 - DEBUG - actual: 0.07872000
2017-11-28 19:56:51,602 - DEBUG - book_tot: 71866.12
2017-11-28 19:56:51,602 - DEBUG - calc_limit_price() successful within limits (depth=40).
2017-11-28 19:56:51,602 - DEBUG - Adding fees to calc_limit_price() return value.
2017-11-28 19:56:51,602 - DEBUG - [buy]price_actual[+FEES]: 0.07891680
2017-11-28 19:56:51,602 - DEBUG - low_ask_actual: 0.07891680
2017-11-28 19:56:51,602 - INFO - Low Ask (Actual): 0.0789
2017-11-28 19:56:51,603 - DEBUG - agg: [{'_id': None, 'total_bought': 15.841289170875}]
2017-11-28 19:56:51,603 - DEBUG - trade_total[bought]: 15.84128917
2017-11-28 19:56:51,603 - DEBUG - sell_amount_current: 15.84128917
2017-11-28 19:56:51,603 - INFO - Current Sell Amount: 15.8413
2017-11-28 19:56:51,712 - DEBUG - Regular lookup (price) in calc_limit_price().
2017-11-28 19:56:51,712 - DEBUG - actual: 0.07871045
2017-11-28 19:56:51,712 - DEBUG - book_tot: 27656.39
2017-11-28 19:56:51,712 - DEBUG - actual: 0.07871045
2017-11-28 19:56:51,712 - DEBUG - book_tot: 27656.39
2017-11-28 19:56:51,712 - DEBUG - calc_limit_price() successful within limits (depth=40).
2017-11-28 19:56:51,712 - DEBUG - Adding fees to calc_limit_price() return value.
2017-11-28 19:56:51,712 - DEBUG - [sell]price_actual[+FEES]: 0.07851367
2017-11-28 19:56:51,712 - DEBUG - high_bid_actual: 0.07851367
2017-11-28 19:56:51,712 - INFO - High Bid (Actual): 0.0785
2017-11-28 19:56:51,713 - DEBUG - sell_price_target: 0.08285906
2017-11-28 19:56:51,713 - INFO - Sell Target: 0.0829
2017-11-28 19:56:51,713 - DEBUG - diff: -0.002424
2017-11-28 19:56:51,713 - INFO - Price Difference from Base: -0.2424%
2017-11-28 19:56:51,713 - DEBUG - Calculating loop time.
2017-11-28 19:56:51,713 - DEBUG - diff <= 0
2017-11-28 19:56:51,713 - DEBUG - lt: 30.00
2017-11-28 19:56:51,713 - INFO - Trade loop complete. Sleeping for 30.00 seconds.
2017-11-28 19:56:51,713 - INFO - ----[LOOP END]----
2017-11-28 19:56:57,438 - INFO - Exit signal received.
2017-11-28 19:56:57,439 - INFO - Mongo write errors: 0
2017-11-28 19:56:57,439 - INFO - Buy trades skipped: 0
2017-11-28 19:56:57,439 - INFO - Buy trades failed: 0
2017-11-28 19:56:57,439 - INFO - Sell trades skipped: 0
2017-11-28 19:56:57,439 - INFO - Sell trades failed: 0
2017-11-28 19:56:57,439 - INFO - CSV write errors: 0
2017-11-28 19:56:57,439 - INFO - Telegram sends failed: 0
