2017-11-24 15:53:22,981 - DEBUG - Parsing arguments.
2017-11-24 15:53:22,982 - DEBUG - Activated debug logging.
2017-11-24 15:53:22,982 - DEBUG - clean_collections: False
2017-11-24 15:53:22,982 - DEBUG - trade_amount: 10.00
2017-11-24 15:53:22,983 - DEBUG - amount_dynamic: True
2017-11-24 15:53:22,983 - DEBUG - trade_proportion_initial: 0.05
2017-11-24 15:53:22,983 - DEBUG - trade_usdt_max: 1.00
2017-11-24 15:53:22,983 - DEBUG - profit_threshold: 0.05
2017-11-24 15:53:22,983 - DEBUG - loop_time: 20
2017-11-24 15:53:22,983 - DEBUG - loop_dynamic: True
2017-11-24 15:53:22,984 - DEBUG - live_trading: True
2017-11-24 15:53:22,984 - DEBUG - csv_logging: True
2017-11-24 15:53:22,984 - WARNING - Total STR trade amount set to a high value. Confirm before continuing.
2017-11-24 15:53:24,785 - INFO - STR trade amount confirmed.
2017-11-24 15:53:24,786 - INFO - Dynamic loop time calculation activated. Base loop time set to 20 seconds.
2017-11-24 15:53:24,786 - INFO - CSV log file path: logs/lorenzbot_log_11242017-155324.csv
2017-11-24 15:53:24,800 - INFO - Found existing collection: 11242017_154931
2017-11-24 15:53:24,800 - INFO - Found config file: ".config.ini"
2017-11-24 15:53:24,819 - WARNING - Live trading ENABLED.
2017-11-24 15:53:25,194 - INFO - Current Maker Fee: 0.0015
2017-11-24 15:53:25,195 - INFO - Current Taker Fee: 0.0025
2017-11-24 15:53:25,512 - INFO - Balance STR:  0.00
2017-11-24 15:53:25,512 - INFO - Balance USDT: 40.37
2017-11-24 15:53:25,514 - INFO - Collection empty. Setting tradable balance remaining to allowed maximum.
2017-11-24 15:53:25,514 - DEBUG - trade_usdt_remaining: 1.00
2017-11-24 15:53:25,515 - INFO - Tradable USDT Remaining: 1.00
2017-11-24 15:53:25,515 - DEBUG - ----[LOOP START]----
2017-11-24 15:53:25,515 - INFO - ----
2017-11-24 15:53:25,516 - DEBUG - Entering base_price calculation.
2017-11-24 15:53:25,517 - DEBUG - MongoDB collection length: 0
2017-11-24 15:53:25,517 - DEBUG - trade_prop: 0.05000000
2017-11-24 15:53:25,772 - DEBUG - {'asks': [['0.04060010', '28.26401205'], ['0.04072985', '109704.9679991'], ['0.04072986', '150965.157'], ['0.04072987', '10182.65426333'], ['0.04073000', '2430.8225197'], ['0.04073500', '25.50619691'], ['0.04073618', '5590.87393007'], ['0.04081461', '290894.7'], ['0.04081462', '7.45794595'], ['0.04100000', '0.03415049'], ['0.04101286', '1706462.39989'], ['0.04101287', '73.79002101'], ['0.04108492', '3638.10684883'], ['0.04111310', '7445.81178498'], ['0.04114298', '1278.74796207'], ['0.04119799', '87.23925036'], ['0.04119899', '1420.21082342'], ['0.04120000', '67238.52976936'], ['0.04129999', '1101.10122088'], ['0.04130000', '24967.61819689']], 'bids': [['0.04060000', '511.05820542'], ['0.04046124', '24480.63624829'], ['0.04046119', '1.90014867'], ['0.04043807', '2.102209'], ['0.04042700', '1628.20964257'], ['0.04040000', '2475.24752475'], ['0.04038941', '103.98765431'], ['0.04038001', '12565.70962545'], ['0.04038000', '104903.48817261'], ['0.04037449', '1.72649429'], ['0.04036000', '115.85059499'], ['0.04035000', '15438.1634518'], ['0.04033000', '12.39771881'], ['0.04032000', '16.01781969'], ['0.04031700', '10077.47280849'], ['0.04030595', '7.87841919'], ['0.04030400', '16.02401841'], ['0.04030000', '1042.95674119'], ['0.04028800', '16.03043553'], ['0.04027200', '16.03685802']], 'isFrozen': '0', 'seq': 46059910}
2017-11-24 15:53:25,776 - DEBUG - actual: 28.22
2017-11-24 15:53:25,777 - DEBUG - calc_limit_price() successful within limits (depth=20).
2017-11-24 15:53:25,777 - DEBUG - [buy]actual: 28.21945256
2017-11-24 15:53:25,777 - DEBUG - trade_amount_initial[CALC]: 28.22
