2017-11-24 16:00:40,057 - DEBUG - Parsing arguments.
2017-11-24 16:00:40,075 - DEBUG - Activated debug logging.
2017-11-24 16:00:40,076 - DEBUG - clean_collections: False
2017-11-24 16:00:40,076 - DEBUG - trade_amount: 10.00
2017-11-24 16:00:40,076 - DEBUG - amount_dynamic: True
2017-11-24 16:00:40,077 - DEBUG - trade_proportion_initial: 0.05
2017-11-24 16:00:40,078 - DEBUG - trade_usdt_max: 1.00
2017-11-24 16:00:40,078 - DEBUG - profit_threshold: 0.05
2017-11-24 16:00:40,079 - DEBUG - loop_time: 20
2017-11-24 16:00:40,081 - DEBUG - loop_dynamic: True
2017-11-24 16:00:40,083 - DEBUG - live_trading: True
2017-11-24 16:00:40,084 - DEBUG - csv_logging: True
2017-11-24 16:00:40,089 - WARNING - Total STR trade amount set to a high value. Confirm before continuing.
2017-11-24 16:00:42,356 - INFO - STR trade amount confirmed.
2017-11-24 16:00:42,357 - INFO - Dynamic loop time calculation activated. Base loop time set to 20 seconds.
2017-11-24 16:00:42,357 - INFO - CSV log file path: logs/lorenzbot_log_11242017-160042.csv
2017-11-24 16:00:42,383 - INFO - Found existing collection: 11242017_155943
2017-11-24 16:00:42,384 - INFO - Found config file: ".config.ini"
2017-11-24 16:00:42,411 - WARNING - Live trading ENABLED.
2017-11-24 16:00:42,770 - INFO - Current Maker Fee: 0.0015
2017-11-24 16:00:42,771 - INFO - Current Taker Fee: 0.0025
2017-11-24 16:00:42,963 - INFO - Balance STR:  0.00
2017-11-24 16:00:42,964 - INFO - Balance USDT: 40.37
2017-11-24 16:00:42,972 - INFO - Collection empty. Setting tradable balance remaining to allowed maximum.
2017-11-24 16:00:42,972 - DEBUG - trade_usdt_remaining: 1.00
2017-11-24 16:00:42,972 - INFO - Tradable USDT Remaining: 1.00
2017-11-24 16:00:42,973 - DEBUG - ----[LOOP START]----
2017-11-24 16:00:42,973 - INFO - ----
2017-11-24 16:00:42,973 - DEBUG - Entering base_price calculation.
2017-11-24 16:00:42,975 - DEBUG - MongoDB collection length: 0
2017-11-24 16:00:42,975 - DEBUG - trade_prop: 0.05000000
2017-11-24 16:00:43,205 - DEBUG - book_total(before): 0.23146230
2017-11-24 16:00:43,206 - DEBUG - book_total(after): 0.00000000
2017-11-24 16:00:43,206 - DEBUG - less_amt: -0.00202978
2017-11-24 16:00:43,206 - DEBUG - actual: 5.70
2017-11-24 16:00:43,206 - DEBUG - calc_limit_price() successful within limits (depth=20).
2017-11-24 16:00:43,206 - DEBUG - [buy]actual: 5.70370216
2017-11-24 16:00:43,207 - DEBUG - trade_amount_initial[CALC]: 5.70
