2017-11-24 15:49:20,288 - DEBUG - Parsing arguments.
2017-11-24 15:49:20,289 - DEBUG - Activated debug logging.
2017-11-24 15:49:20,289 - DEBUG - clean_collections: True
2017-11-24 15:49:20,289 - DEBUG - trade_amount: 10.00
2017-11-24 15:49:20,290 - DEBUG - amount_dynamic: True
2017-11-24 15:49:20,291 - DEBUG - trade_proportion_initial: 0.05
2017-11-24 15:49:20,291 - DEBUG - trade_usdt_max: 1.00
2017-11-24 15:49:20,291 - DEBUG - profit_threshold: 0.05
2017-11-24 15:49:20,291 - DEBUG - loop_time: 20
2017-11-24 15:49:20,291 - DEBUG - loop_dynamic: True
2017-11-24 15:49:20,291 - DEBUG - live_trading: True
2017-11-24 15:49:20,292 - DEBUG - csv_logging: True
2017-11-24 15:49:20,292 - WARNING - Total STR trade amount set to a high value. Confirm before continuing.
2017-11-24 15:49:21,571 - INFO - STR trade amount confirmed.
2017-11-24 15:49:21,572 - INFO - Dynamic loop time calculation activated. Base loop time set to 20 seconds.
2017-11-24 15:49:21,572 - INFO - CSV log file path: logs/lorenzbot_log_11242017-154921.csv
2017-11-24 15:49:21,578 - WARNING - Option to delete all existing collections selected.
2017-11-24 15:49:26,943 - INFO - Confirmed. Deleting all collections
2017-11-24 15:49:26,943 - INFO - Dropping all collections from database.
2017-11-24 15:49:27,082 - DEBUG - Dropped collection: 11242017_153922
2017-11-24 15:49:27,083 - INFO - Process complete. Restart program without boolean switch.
