2017-11-24 16:13:43,011 - DEBUG - Parsing arguments.
2017-11-24 16:13:43,012 - DEBUG - Activated debug logging.
2017-11-24 16:13:43,034 - DEBUG - clean_collections: True
2017-11-24 16:13:43,035 - DEBUG - trade_amount: 10.00
2017-11-24 16:13:43,035 - DEBUG - amount_dynamic: True
2017-11-24 16:13:43,036 - DEBUG - trade_proportion_initial: 0.05
2017-11-24 16:13:43,036 - DEBUG - trade_usdt_max: 1.00
2017-11-24 16:13:43,037 - DEBUG - profit_threshold: 0.05
2017-11-24 16:13:43,044 - DEBUG - loop_time: 20
2017-11-24 16:13:43,048 - DEBUG - loop_dynamic: True
2017-11-24 16:13:43,050 - DEBUG - live_trading: True
2017-11-24 16:13:43,050 - DEBUG - csv_logging: True
2017-11-24 16:13:43,051 - WARNING - Total STR trade amount set to a high value. Confirm before continuing.
2017-11-24 16:13:43,974 - INFO - STR trade amount confirmed.
2017-11-24 16:13:43,974 - INFO - Dynamic loop time calculation activated. Base loop time set to 20 seconds.
2017-11-24 16:13:43,974 - INFO - CSV log file path: logs/lorenzbot_log_11242017-161343.csv
2017-11-24 16:13:43,978 - WARNING - Option to delete all existing collections selected.
2017-11-24 16:13:45,797 - INFO - Confirmed. Deleting all collections
2017-11-24 16:13:45,798 - INFO - Dropping all collections from database.
2017-11-24 16:13:45,929 - DEBUG - Dropped collection: 11242017_155943
2017-11-24 16:13:45,930 - INFO - Process complete. Restart program without boolean switch.
