2017-11-24 15:39:22,312 - DEBUG - Parsing arguments.
2017-11-24 15:39:22,313 - DEBUG - Activated debug logging.
2017-11-24 15:39:22,313 - DEBUG - clean_collections: False
2017-11-24 15:39:22,314 - DEBUG - trade_amount: 0.10
2017-11-24 15:39:22,315 - DEBUG - amount_dynamic: True
2017-11-24 15:39:22,315 - DEBUG - trade_proportion_initial: 0.05
2017-11-24 15:39:22,316 - DEBUG - trade_usdt_max: 1.00
2017-11-24 15:39:22,316 - DEBUG - profit_threshold: 0.05
2017-11-24 15:39:22,316 - DEBUG - loop_time: 20
2017-11-24 15:39:22,316 - DEBUG - loop_dynamic: True
2017-11-24 15:39:22,316 - DEBUG - live_trading: True
2017-11-24 15:39:22,316 - DEBUG - csv_logging: True
2017-11-24 15:39:22,317 - INFO - Dynamic loop time calculation activated. Base loop time set to 20 seconds.
2017-11-24 15:39:22,317 - INFO - CSV log file path: logs/lorenzbot_log_11242017-153922.csv
2017-11-24 15:39:22,325 - INFO - No collections found in database. Creating new...
2017-11-24 15:39:22,826 - INFO - Created new collection: 11242017_153922
2017-11-24 15:39:22,826 - INFO - Found config file: ".config.ini"
2017-11-24 15:39:22,849 - WARNING - Live trading ENABLED.
2017-11-24 15:39:23,976 - INFO - Current Maker Fee: 0.0015
2017-11-24 15:39:23,976 - INFO - Current Taker Fee: 0.0025
2017-11-24 15:39:24,158 - INFO - Balance STR:  10.07
2017-11-24 15:39:24,158 - INFO - Balance USDT: 39.96
2017-11-24 15:39:24,161 - INFO - Collection empty. Setting tradable balance remaining to allowed maximum.
2017-11-24 15:39:24,161 - DEBUG - trade_usdt_remaining: 1.00
2017-11-24 15:39:24,161 - INFO - Tradable USDT Remaining: 1.00
2017-11-24 15:39:24,161 - DEBUG - ----[LOOP START]----
2017-11-24 15:39:24,161 - INFO - ----
2017-11-24 15:39:24,162 - DEBUG - Entering base_price calculation.
2017-11-24 15:39:24,163 - DEBUG - MongoDB collection length: 0
2017-11-24 15:39:24,164 - DEBUG - trade_prop: 0.05000000
2017-11-24 15:39:24,378 - DEBUG - actual: 70.38
2017-11-24 15:39:24,378 - DEBUG - calc_limit_price() successful within limits (depth=20).
2017-11-24 15:39:24,378 - DEBUG - [buy]actual: 70.38192159
2017-11-24 15:39:24,378 - DEBUG - trade_amount_initial[CALC]: 70.38
