2017-11-24 16:14:37,498 - DEBUG - Parsing arguments.
2017-11-24 16:14:37,499 - DEBUG - Activated debug logging.
2017-11-24 16:14:37,502 - DEBUG - clean_collections: False
2017-11-24 16:14:37,503 - DEBUG - trade_amount: 10.00
2017-11-24 16:14:37,503 - DEBUG - amount_dynamic: True
2017-11-24 16:14:37,504 - DEBUG - trade_proportion_initial: 0.05
2017-11-24 16:14:37,504 - DEBUG - trade_usdt_max: 10.00
2017-11-24 16:14:37,504 - DEBUG - profit_threshold: 0.05
2017-11-24 16:14:37,504 - DEBUG - loop_time: 20
2017-11-24 16:14:37,504 - DEBUG - loop_dynamic: True
2017-11-24 16:14:37,505 - DEBUG - live_trading: True
2017-11-24 16:14:37,505 - DEBUG - csv_logging: True
2017-11-24 16:14:37,506 - WARNING - Total USDT trade amount set to a high value. Confirm before continuing.
2017-11-24 16:14:40,687 - INFO - USDT trade amount confirmed.
2017-11-24 16:14:40,687 - WARNING - Total STR trade amount set to a high value. Confirm before continuing.
2017-11-24 16:14:41,975 - INFO - STR trade amount confirmed.
2017-11-24 16:14:41,976 - INFO - Dynamic loop time calculation activated. Base loop time set to 20 seconds.
2017-11-24 16:14:41,976 - INFO - CSV log file path: logs/lorenzbot_log_11242017-161441.csv
2017-11-24 16:14:41,988 - INFO - No collections found in database. Creating new...
2017-11-24 16:14:42,370 - INFO - Created new collection: 11242017_161441
2017-11-24 16:14:42,370 - INFO - Found config file: ".config.ini"
2017-11-24 16:14:42,371 - WARNING - Live trading ENABLED.
2017-11-24 16:14:42,740 - INFO - Current Maker Fee: 0.0015
2017-11-24 16:14:42,740 - INFO - Current Taker Fee: 0.0025
2017-11-24 16:14:42,971 - INFO - Balance STR:  0.00
2017-11-24 16:14:42,971 - INFO - Balance USDT: 40.37
2017-11-24 16:14:42,972 - INFO - Collection empty. Setting tradable balance remaining to allowed maximum.
2017-11-24 16:14:42,973 - DEBUG - trade_usdt_remaining: 10.00
2017-11-24 16:14:42,974 - INFO - Tradable USDT Remaining: 10.00
2017-11-24 16:14:42,974 - DEBUG - ----[LOOP START]----
2017-11-24 16:14:42,975 - INFO - ----
2017-11-24 16:14:42,975 - DEBUG - Entering base_price calculation.
2017-11-24 16:14:42,976 - DEBUG - MongoDB collection length: 0
2017-11-24 16:14:42,976 - DEBUG - trade_prop: 0.50000000
2017-11-24 16:14:43,195 - DEBUG - actual: 12.00000000
2017-11-24 16:14:43,195 - DEBUG - calc_limit_price() successful within limits (depth=20).
2017-11-24 16:14:43,195 - DEBUG - [buy]actual: 12.00000000
2017-11-24 16:14:43,195 - DEBUG - trade_amount_initial[CALC]: 12.00
