2017-11-24 15:54:42,921 - DEBUG - Parsing arguments.
2017-11-24 15:54:42,922 - DEBUG - Activated debug logging.
2017-11-24 15:54:42,922 - DEBUG - clean_collections: False
2017-11-24 15:54:42,922 - DEBUG - trade_amount: 10.00
2017-11-24 15:54:42,923 - DEBUG - amount_dynamic: True
2017-11-24 15:54:42,923 - DEBUG - trade_proportion_initial: 0.05
2017-11-24 15:54:42,923 - DEBUG - trade_usdt_max: 1.00
2017-11-24 15:54:42,923 - DEBUG - profit_threshold: 0.05
2017-11-24 15:54:42,924 - DEBUG - loop_time: 20
2017-11-24 15:54:42,924 - DEBUG - loop_dynamic: True
2017-11-24 15:54:42,924 - DEBUG - live_trading: True
2017-11-24 15:54:42,924 - DEBUG - csv_logging: True
2017-11-24 15:54:42,925 - WARNING - Total STR trade amount set to a high value. Confirm before continuing.
2017-11-24 15:54:44,431 - INFO - STR trade amount confirmed.
2017-11-24 15:54:44,431 - INFO - Dynamic loop time calculation activated. Base loop time set to 20 seconds.
2017-11-24 15:54:44,432 - INFO - CSV log file path: logs/lorenzbot_log_11242017-155444.csv
2017-11-24 15:54:44,447 - INFO - Found existing collection: 11242017_155424
2017-11-24 15:54:44,447 - INFO - Found config file: ".config.ini"
2017-11-24 15:54:44,449 - WARNING - Live trading ENABLED.
2017-11-24 15:54:44,815 - INFO - Current Maker Fee: 0.0015
2017-11-24 15:54:44,815 - INFO - Current Taker Fee: 0.0025
2017-11-24 15:54:45,146 - INFO - Balance STR:  0.00
2017-11-24 15:54:45,146 - INFO - Balance USDT: 40.37
2017-11-24 15:54:45,148 - INFO - Collection empty. Setting tradable balance remaining to allowed maximum.
2017-11-24 15:54:45,148 - DEBUG - trade_usdt_remaining: 1.00
2017-11-24 15:54:45,148 - INFO - Tradable USDT Remaining: 1.00
2017-11-24 15:54:45,148 - DEBUG - ----[LOOP START]----
2017-11-24 15:54:45,148 - INFO - ----
2017-11-24 15:54:45,149 - DEBUG - Entering base_price calculation.
2017-11-24 15:54:45,150 - DEBUG - MongoDB collection length: 0
2017-11-24 15:54:45,150 - DEBUG - trade_prop: 0.05000000
2017-11-24 15:54:45,384 - DEBUG - {'asks': [['0.04030400', '103856.16505088'], ['0.04060000', '99.73'], ['0.04060010', '26.37643606'], ['0.04072916', '112773.32167193'], ['0.04072919', '73188.157'], ['0.04072928', '13248.74704821'], ['0.04073000', '2430.8225197'], ['0.04073500', '25.50619691'], ['0.04073618', '5590.87393007'], ['0.04081462', '7.45794595'], ['0.04099999', '290894.7'], ['0.04100000', '0.03415049'], ['0.04100610', '2850.27974294'], ['0.04101286', '1706462.39989'], ['0.04101287', '73.79002101'], ['0.04108492', '3638.10684883'], ['0.04111310', '7445.81178498'], ['0.04119799', '87.23925036'], ['0.04119899', '1420.21082342'], ['0.04120000', '67238.52976936']], 'bids': [['0.04030001', '11993.83680017'], ['0.04030000', '1042.95674119'], ['0.04028800', '16.03043553'], ['0.04027200', '16.03685802'], ['0.04026794', '1.73309659'], ['0.04026115', '202.88640978'], ['0.04025600', '16.04307142'], ['0.04025000', '28866.53205888'], ['0.04024590', '4523.16416991'], ['0.04024000', '16.04907578'], ['0.04022487', '7.90861062'], ['0.04022400', '16.05551336'], ['0.04022191', '1.7641743'], ['0.04020800', '16.06195576'], ['0.04020000', 20000], ['0.04019995', '961.151889'], ['0.04019597', '1450.92333533'], ['0.04019200', '16.06840358'], ['0.04018000', '388.30802463'], ['0.04017600', '16.07485625']], 'isFrozen': '0', 'seq': 46060193}
2017-11-24 15:54:45,385 - DEBUG - actual: 103687.46
2017-11-24 15:54:45,385 - DEBUG - calc_limit_price() successful within limits (depth=20).
2017-11-24 15:54:45,385 - DEBUG - [buy]actual: 103687.46182209
2017-11-24 15:54:45,390 - DEBUG - trade_amount_initial[CALC]: 103687.46
