2017-11-24 15:37:55,342 - DEBUG - Parsing arguments.
2017-11-24 15:37:55,344 - DEBUG - Activated debug logging.
2017-11-24 15:37:55,344 - DEBUG - clean_collections: False
2017-11-24 15:37:55,344 - DEBUG - trade_amount: 0.10
2017-11-24 15:37:55,346 - DEBUG - amount_dynamic: True
2017-11-24 15:37:55,346 - DEBUG - trade_proportion_initial: 0.05
2017-11-24 15:37:55,346 - DEBUG - trade_usdt_max: 1.00
2017-11-24 15:37:55,346 - DEBUG - profit_threshold: 0.05
2017-11-24 15:37:55,346 - DEBUG - loop_time: 20
2017-11-24 15:37:55,347 - DEBUG - loop_dynamic: True
2017-11-24 15:37:55,347 - DEBUG - live_trading: True
2017-11-24 15:37:55,347 - DEBUG - csv_logging: True
2017-11-24 15:37:55,347 - INFO - Dynamic loop time calculation activated. Base loop time set to 20 seconds.
2017-11-24 15:37:55,347 - INFO - CSV log file path: logs/lorenzbot_log_11242017-153755.csv
2017-11-24 15:37:55,353 - INFO - No collections found in database. Creating new...
2017-11-24 15:37:55,812 - INFO - Created new collection: 11242017_153755
2017-11-24 15:37:55,812 - INFO - Found config file: ".config.ini"
2017-11-24 15:37:55,813 - WARNING - Live trading ENABLED.
2017-11-24 15:37:56,096 - INFO - Current Maker Fee: 0.0015
2017-11-24 15:37:56,096 - INFO - Current Taker Fee: 0.0025
2017-11-24 15:37:56,415 - INFO - Balance STR:  10.07
2017-11-24 15:37:56,415 - INFO - Balance USDT: 39.96
2017-11-24 15:37:56,417 - INFO - Collection empty. Setting tradable balance remaining to allowed maximum.
2017-11-24 15:37:56,417 - DEBUG - trade_usdt_remaining: 1.00
2017-11-24 15:37:56,417 - INFO - Tradable USDT Remaining: 1.00
2017-11-24 15:37:56,417 - DEBUG - ----[LOOP START]----
2017-11-24 15:37:56,417 - INFO - ----
2017-11-24 15:37:56,418 - DEBUG - Entering base_price calculation.
2017-11-24 15:37:56,418 - DEBUG - MongoDB collection length: 0
2017-11-24 15:37:56,419 - DEBUG - trade_prop: 0.05000000
