2017-11-24 16:16:52,264 - DEBUG - Parsing arguments.
2017-11-24 16:16:52,280 - DEBUG - Activated debug logging.
2017-11-24 16:16:52,282 - DEBUG - clean_collections: False
2017-11-24 16:16:52,282 - DEBUG - trade_amount: 10.00
2017-11-24 16:16:52,283 - DEBUG - amount_dynamic: True
2017-11-24 16:16:52,283 - DEBUG - trade_proportion_initial: 0.05
2017-11-24 16:16:52,284 - DEBUG - trade_usdt_max: 10.00
2017-11-24 16:16:52,284 - DEBUG - profit_threshold: 0.05
2017-11-24 16:16:52,285 - DEBUG - loop_time: 20
2017-11-24 16:16:52,285 - DEBUG - loop_dynamic: True
2017-11-24 16:16:52,286 - DEBUG - live_trading: True
2017-11-24 16:16:52,288 - DEBUG - csv_logging: True
2017-11-24 16:16:52,289 - WARNING - Total USDT trade amount set to a high value. Confirm before continuing.
2017-11-24 16:16:53,820 - INFO - USDT trade amount confirmed.
2017-11-24 16:16:53,821 - WARNING - Total STR trade amount set to a high value. Confirm before continuing.
2017-11-24 16:16:54,908 - INFO - STR trade amount confirmed.
2017-11-24 16:16:54,908 - INFO - Dynamic loop time calculation activated. Base loop time set to 20 seconds.
2017-11-24 16:16:54,908 - INFO - CSV log file path: logs/lorenzbot_log_11242017-161654.csv
2017-11-24 16:16:54,919 - INFO - Found existing collection: 11242017_161441
2017-11-24 16:16:54,920 - INFO - Found config file: ".config.ini"
2017-11-24 16:16:54,939 - WARNING - Live trading ENABLED.
2017-11-24 16:16:55,433 - INFO - Current Maker Fee: 0.0015
2017-11-24 16:16:55,433 - INFO - Current Taker Fee: 0.0025
2017-11-24 16:16:55,599 - INFO - Balance STR:  0.00
2017-11-24 16:16:55,599 - INFO - Balance USDT: 40.37
2017-11-24 16:16:55,602 - INFO - Collection empty. Setting tradable balance remaining to allowed maximum.
2017-11-24 16:16:55,603 - DEBUG - trade_usdt_remaining: 10.00
2017-11-24 16:16:55,603 - INFO - Tradable USDT Remaining: 10.00
2017-11-24 16:16:55,603 - DEBUG - ----[LOOP START]----
2017-11-24 16:16:55,604 - INFO - ----
2017-11-24 16:16:55,604 - DEBUG - Entering base_price calculation.
2017-11-24 16:16:55,608 - DEBUG - MongoDB collection length: 0
2017-11-24 16:16:55,608 - DEBUG - trade_prop: 0.50000000
2017-11-24 16:16:55,887 - DEBUG - actual: 12.00000000
2017-11-24 16:16:55,887 - DEBUG - book_tot: 0.53
2017-11-24 16:16:55,887 - DEBUG - calc_limit_price() successful within limits (depth=20).
2017-11-24 16:16:55,888 - DEBUG - trade_amount_initial[CALC]: 12.00
