2017-11-24 15:59:32,867 - DEBUG - Parsing arguments.
2017-11-24 15:59:32,868 - DEBUG - Activated debug logging.
2017-11-24 15:59:32,868 - DEBUG - clean_collections: True
2017-11-24 15:59:32,869 - DEBUG - trade_amount: 10.00
2017-11-24 15:59:32,869 - DEBUG - amount_dynamic: True
2017-11-24 15:59:32,869 - DEBUG - trade_proportion_initial: 0.05
2017-11-24 15:59:32,869 - DEBUG - trade_usdt_max: 1.00
2017-11-24 15:59:32,869 - DEBUG - profit_threshold: 0.05
2017-11-24 15:59:32,870 - DEBUG - loop_time: 20
2017-11-24 15:59:32,870 - DEBUG - loop_dynamic: True
2017-11-24 15:59:32,870 - DEBUG - live_trading: True
2017-11-24 15:59:32,870 - DEBUG - csv_logging: True
2017-11-24 15:59:32,870 - WARNING - Total STR trade amount set to a high value. Confirm before continuing.
2017-11-24 15:59:33,737 - INFO - STR trade amount confirmed.
2017-11-24 15:59:33,738 - INFO - Dynamic loop time calculation activated. Base loop time set to 20 seconds.
2017-11-24 15:59:33,738 - INFO - CSV log file path: logs/lorenzbot_log_11242017-155933.csv
2017-11-24 15:59:33,768 - WARNING - Option to delete all existing collections selected.
2017-11-24 15:59:35,959 - INFO - Confirmed. Deleting all collections
2017-11-24 15:59:35,959 - INFO - Dropping all collections from database.
2017-11-24 15:59:36,128 - DEBUG - Dropped collection: 11242017_155424
2017-11-24 15:59:36,129 - INFO - Process complete. Restart program without boolean switch.
