2017-11-24 15:56:58,673 - DEBUG - Parsing arguments.
2017-11-24 15:56:58,674 - DEBUG - Activated debug logging.
2017-11-24 15:56:58,674 - DEBUG - clean_collections: False
2017-11-24 15:56:58,675 - DEBUG - trade_amount: 10.00
2017-11-24 15:56:58,675 - DEBUG - amount_dynamic: True
2017-11-24 15:56:58,675 - DEBUG - trade_proportion_initial: 0.05
2017-11-24 15:56:58,675 - DEBUG - trade_usdt_max: 1.00
2017-11-24 15:56:58,675 - DEBUG - profit_threshold: 0.05
2017-11-24 15:56:58,676 - DEBUG - loop_time: 20
2017-11-24 15:56:58,676 - DEBUG - loop_dynamic: True
2017-11-24 15:56:58,676 - DEBUG - live_trading: True
2017-11-24 15:56:58,676 - DEBUG - csv_logging: True
2017-11-24 15:56:58,676 - WARNING - Total STR trade amount set to a high value. Confirm before continuing.
2017-11-24 15:57:00,173 - INFO - STR trade amount confirmed.
2017-11-24 15:57:00,174 - INFO - Dynamic loop time calculation activated. Base loop time set to 20 seconds.
2017-11-24 15:57:00,174 - INFO - CSV log file path: logs/lorenzbot_log_11242017-155700.csv
2017-11-24 15:57:00,191 - INFO - Found existing collection: 11242017_155424
2017-11-24 15:57:00,191 - INFO - Found config file: ".config.ini"
2017-11-24 15:57:00,209 - WARNING - Live trading ENABLED.
2017-11-24 15:57:00,752 - INFO - Current Maker Fee: 0.0015
2017-11-24 15:57:00,752 - INFO - Current Taker Fee: 0.0025
2017-11-24 15:57:00,912 - INFO - Balance STR:  0.00
2017-11-24 15:57:00,913 - INFO - Balance USDT: 40.37
2017-11-24 15:57:00,914 - INFO - Collection empty. Setting tradable balance remaining to allowed maximum.
2017-11-24 15:57:00,914 - DEBUG - trade_usdt_remaining: 1.00
2017-11-24 15:57:00,915 - INFO - Tradable USDT Remaining: 1.00
2017-11-24 15:57:00,915 - DEBUG - ----[LOOP START]----
2017-11-24 15:57:00,915 - INFO - ----
2017-11-24 15:57:00,915 - DEBUG - Entering base_price calculation.
2017-11-24 15:57:00,916 - DEBUG - MongoDB collection length: 0
2017-11-24 15:57:00,916 - DEBUG - trade_prop: 0.05000000
2017-11-24 15:57:00,916 - DEBUG - amount[PASSED]: 0.05
2017-11-24 15:57:01,184 - DEBUG - {'asks': [['0.04001610', '1432.73375133'], ['0.04003199', '99.22773796'], ['0.04007219', '378.24629871'], ['0.04020800', '164.63592233'], ['0.04024020', '4.99'], ['0.04037369', '404.86100815'], ['0.04059875', '112280.18763414'], ['0.04059876', '74743.697'], ['0.04059892', '13433.27354817'], ['0.04059896', '12699.995'], ['0.04059898', '12326.466'], ['0.04060010', '26.37643606'], ['0.04062250', '23.62236743'], ['0.04067519', '432.11827542'], ['0.04068284', '5.175'], ['0.04073000', '2430.8225197'], ['0.04073500', '25.50619691'], ['0.04087354', '290894.7'], ['0.04087355', '5127.42187281'], ['0.04089585', '6452.83828265']], 'bids': [['0.04001600', '16.13810786'], ['0.04000131', '371202.43519798'], ['0.04000130', '79083.935'], ['0.04000128', '85218.36827477'], ['0.04000126', '22083.24'], ['0.04000111', '15659.98300184'], ['0.04000000', '51072.87423606'], ['0.03998400', '16.15113124'], ['0.03997259', '148.31963615'], ['0.03996800', '16.15765061'], ['0.03995939', 600], ['0.03995200', '16.16385222'], ['0.03994354', 1000], ['0.03993786', '8.76601175'], ['0.03993600', '16.1702202'], ['0.03993540', 2000], ['0.03992023', '24.43922272'], ['0.03992000', '16.17675506'], ['0.03991995', '54.629607'], ['0.03991755', '751.54913065']], 'isFrozen': '0', 'seq': 46061038}
2017-11-24 15:57:01,186 - DEBUG - actual: 1430.44
2017-11-24 15:57:01,186 - DEBUG - calc_limit_price() successful within limits (depth=20).
2017-11-24 15:57:01,186 - DEBUG - [buy]actual: 1430.44153240
2017-11-24 15:57:01,186 - DEBUG - trade_amount_initial[CALC]: 1430.44
