2017-11-24 15:56:44,908 - DEBUG - Parsing arguments.
2017-11-24 15:56:44,915 - DEBUG - Activated debug logging.
2017-11-24 15:56:44,916 - DEBUG - clean_collections: False
2017-11-24 15:56:44,920 - DEBUG - trade_amount: 10.00
2017-11-24 15:56:44,921 - DEBUG - amount_dynamic: True
2017-11-24 15:56:44,921 - DEBUG - trade_proportion_initial: 0.05
2017-11-24 15:56:44,922 - DEBUG - trade_usdt_max: 1.00
2017-11-24 15:56:44,922 - DEBUG - profit_threshold: 0.05
2017-11-24 15:56:44,923 - DEBUG - loop_time: 20
2017-11-24 15:56:44,924 - DEBUG - loop_dynamic: True
2017-11-24 15:56:44,925 - DEBUG - live_trading: True
2017-11-24 15:56:44,925 - DEBUG - csv_logging: True
2017-11-24 15:56:44,926 - WARNING - Total STR trade amount set to a high value. Confirm before continuing.
2017-11-24 15:56:45,764 - INFO - STR trade amount confirmed.
2017-11-24 15:56:45,764 - INFO - Dynamic loop time calculation activated. Base loop time set to 20 seconds.
2017-11-24 15:56:45,767 - INFO - CSV log file path: logs/lorenzbot_log_11242017-155645.csv
2017-11-24 15:56:45,787 - INFO - Found existing collection: 11242017_155424
2017-11-24 15:56:45,788 - INFO - Found config file: ".config.ini"
2017-11-24 15:56:45,808 - WARNING - Live trading ENABLED.
2017-11-24 15:56:46,181 - INFO - Current Maker Fee: 0.0015
2017-11-24 15:56:46,182 - INFO - Current Taker Fee: 0.0025
2017-11-24 15:56:46,570 - INFO - Balance STR:  0.00
2017-11-24 15:56:46,570 - INFO - Balance USDT: 40.37
2017-11-24 15:56:46,574 - INFO - Collection empty. Setting tradable balance remaining to allowed maximum.
2017-11-24 15:56:46,575 - DEBUG - trade_usdt_remaining: 1.00
2017-11-24 15:56:46,575 - INFO - Tradable USDT Remaining: 1.00
2017-11-24 15:56:46,575 - DEBUG - ----[LOOP START]----
2017-11-24 15:56:46,575 - INFO - ----
2017-11-24 15:56:46,576 - DEBUG - Entering base_price calculation.
2017-11-24 15:56:46,577 - DEBUG - MongoDB collection length: 0
2017-11-24 15:56:46,577 - DEBUG - trade_prop: 0.05000000
2017-11-24 15:56:46,577 - DEBUG - amount[PASSED]: 0.05
2017-11-24 15:56:46,744 - DEBUG - {'asks': [['0.04003199', '99.22773796'], ['0.04007219', '378.24629871'], ['0.04020800', '164.63592233'], ['0.04024020', '4.99'], ['0.04030001', '1434.33999181'], ['0.04037369', '404.86100815'], ['0.04059896', '88921.455'], ['0.04059897', '111684.99743454'], ['0.04059898', '87147.94'], ['0.04059929', '13433.27354817'], ['0.04060010', '26.37643606'], ['0.04062250', '23.62236743'], ['0.04067519', '432.11827542'], ['0.04068284', '5.175'], ['0.04073000', '2430.8225197'], ['0.04073499', '290894.7'], ['0.04073500', '25.50619691'], ['0.04087355', '5127.42187281'], ['0.04089585', '6452.83828265'], ['0.04097669', '461.21063821']], 'bids': [['0.04001610', '1.60624048'], ['0.04001600', '16.13810786'], ['0.04000106', '20547.8'], ['0.04000105', '380699.8500587'], ['0.04000104', '96307.61'], ['0.04000098', '64885.81904176'], ['0.04000072', '16459.52411304'], ['0.04000000', '51072.87423606'], ['0.03998400', '16.15113124'], ['0.03997259', '148.31963615'], ['0.03996800', '16.15765061'], ['0.03995939', 600], ['0.03995200', '16.16385222'], ['0.03994354', 1000], ['0.03993786', '8.76601175'], ['0.03993600', '16.1702202'], ['0.03993540', 2000], ['0.03992023', '24.43922272'], ['0.03992000', '16.17675506'], ['0.03991995', '54.629607']], 'isFrozen': '0', 'seq': 46060924}
2017-11-24 15:56:46,745 - DEBUG - actual: 99.07
2017-11-24 15:56:46,746 - DEBUG - calc_limit_price() successful within limits (depth=20).
2017-11-24 15:56:46,746 - DEBUG - [buy]actual: 99.07072113
2017-11-24 15:56:46,748 - DEBUG - trade_amount_initial[CALC]: 99.07
