2017-11-24 15:54:23,306 - DEBUG - Parsing arguments.
2017-11-24 15:54:23,307 - DEBUG - Activated debug logging.
2017-11-24 15:54:23,307 - DEBUG - clean_collections: False
2017-11-24 15:54:23,307 - DEBUG - trade_amount: 10.00
2017-11-24 15:54:23,308 - DEBUG - amount_dynamic: True
2017-11-24 15:54:23,308 - DEBUG - trade_proportion_initial: 0.05
2017-11-24 15:54:23,308 - DEBUG - trade_usdt_max: 1.00
2017-11-24 15:54:23,308 - DEBUG - profit_threshold: 0.05
2017-11-24 15:54:23,308 - DEBUG - loop_time: 20
2017-11-24 15:54:23,308 - DEBUG - loop_dynamic: True
2017-11-24 15:54:23,309 - DEBUG - live_trading: True
2017-11-24 15:54:23,309 - DEBUG - csv_logging: True
2017-11-24 15:54:23,309 - WARNING - Total STR trade amount set to a high value. Confirm before continuing.
2017-11-24 15:54:24,751 - INFO - STR trade amount confirmed.
2017-11-24 15:54:24,751 - INFO - Dynamic loop time calculation activated. Base loop time set to 20 seconds.
2017-11-24 15:54:24,751 - INFO - CSV log file path: logs/lorenzbot_log_11242017-155424.csv
2017-11-24 15:54:24,763 - INFO - No collections found in database. Creating new...
2017-11-24 15:54:25,333 - INFO - Created new collection: 11242017_155424
2017-11-24 15:54:25,334 - INFO - Found config file: ".config.ini"
2017-11-24 15:54:25,376 - WARNING - Live trading ENABLED.
2017-11-24 15:54:25,842 - INFO - Current Maker Fee: 0.0015
2017-11-24 15:54:25,842 - INFO - Current Taker Fee: 0.0025
2017-11-24 15:54:26,157 - INFO - Balance STR:  0.00
2017-11-24 15:54:26,158 - INFO - Balance USDT: 40.37
2017-11-24 15:54:26,164 - INFO - Collection empty. Setting tradable balance remaining to allowed maximum.
2017-11-24 15:54:26,165 - DEBUG - trade_usdt_remaining: 1.00
2017-11-24 15:54:26,165 - INFO - Tradable USDT Remaining: 1.00
2017-11-24 15:54:26,166 - DEBUG - ----[LOOP START]----
2017-11-24 15:54:26,166 - INFO - ----
2017-11-24 15:54:26,167 - DEBUG - Entering base_price calculation.
2017-11-24 15:54:26,172 - DEBUG - MongoDB collection length: 0
2017-11-24 15:54:26,173 - DEBUG - trade_prop: 0.05000000
2017-11-24 15:54:26,359 - DEBUG - {'asks': [['0.04038000', '135685.90437472'], ['0.04060000', '99.74'], ['0.04060010', '26.37643606'], ['0.04072932', '109304.98019661'], ['0.04072933', '7911.63278771'], ['0.04073000', '2430.8225197'], ['0.04073500', '25.50619691'], ['0.04073618', '5590.87393007'], ['0.04081462', '7.45794595'], ['0.04099999', '290894.7'], ['0.04100000', '0.03415049'], ['0.04100610', '5174.09032058'], ['0.04101286', '1706462.39989'], ['0.04101287', '73.79002101'], ['0.04108492', '3638.10684883'], ['0.04111310', '7445.81178498'], ['0.04119799', '87.23925036'], ['0.04119899', '1420.21082342'], ['0.04120000', '67238.52976936'], ['0.04129999', '1101.10122088']], 'bids': [['0.04037449', '1.72649429'], ['0.04036000', '115.85059499'], ['0.04035000', '15438.1634518'], ['0.04033000', '12.39771881'], ['0.04032000', '16.01781969'], ['0.04031700', '10077.47280849'], ['0.04030595', '7.87841919'], ['0.04030400', '16.02401841'], ['0.04030000', '1042.95674119'], ['0.04028800', '16.03043553'], ['0.04027200', '16.03685802'], ['0.04026794', '1.73309659'], ['0.04026115', '202.88640978'], ['0.04025600', '16.04307142'], ['0.04025000', '28866.53205888'], ['0.04024590', '4523.16416991'], ['0.04024000', '16.04907578'], ['0.04022487', '7.90861062'], ['0.04022400', '16.05551336'], ['0.04022191', '1.7641743']], 'isFrozen': '0', 'seq': 46060120}
2017-11-24 15:54:26,361 - DEBUG - actual: 135464.66
2017-11-24 15:54:26,361 - DEBUG - calc_limit_price() successful within limits (depth=20).
2017-11-24 15:54:26,362 - DEBUG - [buy]actual: 135464.66450218
2017-11-24 15:54:26,362 - DEBUG - trade_amount_initial[CALC]: 135464.66
