2017-11-24 21:11:09,586 - DEBUG - Parsing arguments.
2017-11-24 21:11:09,587 - DEBUG - clean_collections: False
2017-11-24 21:11:09,587 - DEBUG - trade_amount: 10.00
2017-11-24 21:11:09,587 - DEBUG - amount_dynamic: False
2017-11-24 21:11:09,587 - DEBUG - trade_proportion_initial: 0.05
2017-11-24 21:11:09,587 - DEBUG - trade_usdt_max: 20.00
2017-11-24 21:11:09,587 - DEBUG - profit_threshold: 0.05
2017-11-24 21:11:09,587 - DEBUG - loop_time: 30
2017-11-24 21:11:09,587 - DEBUG - loop_dynamic: True
2017-11-24 21:11:09,587 - DEBUG - live_trading: True
2017-11-24 21:11:09,587 - DEBUG - csv_logging: True
2017-11-24 21:11:09,587 - WARNING - Total USDT trade amount set to a high value. Confirm before continuing.
2017-11-24 21:11:09,587 - INFO - Dynamic loop time calculation activated. Base loop time set to 30 seconds.
2017-11-24 21:11:09,587 - INFO - CSV log file path: logs/lorenzbot_log_11242017-211109.csv
2017-11-24 21:11:09,590 - INFO - No collections found in database. Creating new...
2017-11-24 21:11:09,604 - INFO - Created new collection: 11242017_211109
2017-11-24 21:11:09,604 - INFO - Found config file: ".config.ini"
2017-11-24 21:11:09,604 - WARNING - Live trading ENABLED.
2017-11-24 21:11:09,916 - INFO - Current Maker Fee: 0.0015
2017-11-24 21:11:09,917 - INFO - Current Taker Fee: 0.0025
2017-11-24 21:11:10,059 - INFO - Balance STR:  0.00
2017-11-24 21:11:10,060 - INFO - Balance USDT: 40.38
2017-11-24 21:11:10,060 - INFO - Collection empty. Setting tradable balance remaining to allowed maximum.
2017-11-24 21:11:10,060 - DEBUG - trade_usdt_remaining: 20.00
2017-11-24 21:11:10,060 - INFO - Tradable USDT Remaining: 20.00
2017-11-24 21:11:10,061 - DEBUG - ----[LOOP START]----
2017-11-24 21:11:10,061 - INFO - ----
2017-11-24 21:11:10,061 - DEBUG - Entering base_price calculation.
2017-11-24 21:11:10,061 - DEBUG - MongoDB collection length: 0
2017-11-24 21:11:10,061 - DEBUG - trade_amount_initial[STATIC]: 10.00
2017-11-24 21:11:10,061 - INFO - No trade log found. Making entry buy.
2017-11-24 21:11:10,129 - DEBUG - actual: 0.04128693
2017-11-24 21:11:10,129 - DEBUG - book_tot: 2403.84
2017-11-24 21:11:10,130 - DEBUG - calc_limit_price() successful within limits (depth=20).
2017-11-24 21:11:10,130 - DEBUG - [buy]actual: 0.04128693
2017-11-24 21:11:10,130 - DEBUG - limit_price: 0.04128693
2017-11-24 21:11:10,403 - DEBUG - [BUY] trade_response: {'orderNumber': '39652059374', 'resultingTrades': [{'amount': '10.00000000', 'date': '2017-11-24 21:11:09', 'rate': '0.04128693', 'total': '0.41286930', 'tradeID': '1741375', 'type': 'buy'}], 'amountUnfilled': '0.00000000'}
2017-11-24 21:11:10,530 - DEBUG - returnOrderTrades: [{'globalTradeID': 268547139, 'tradeID': 1741375, 'currencyPair': 'USDT_STR', 'type': 'buy', 'rate': '0.04128693', 'amount': '10.00000000', 'total': '0.41286930', 'fee': '0.00250000', 'date': '2017-11-24 21:11:09'}]
2017-11-24 21:11:10,530 - DEBUG - trade_date: 2017-11-24 21:11:09
2017-11-24 21:11:10,530 - DEBUG - len(order_trades): 1
2017-11-24 21:11:10,530 - DEBUG - len(order_list): 1
2017-11-24 21:11:10,530 - DEBUG - order_list: [[Decimal('9.9750000000000000'), Decimal('0.04128693')]]
2017-11-24 21:11:10,530 - DEBUG - rate_calc_total:    0.41183713
2017-11-24 21:11:10,530 - DEBUG - amount_total:       9.97500000
2017-11-24 21:11:10,530 - DEBUG - order_average_rate: 0.04128693
2017-11-24 21:11:10,530 - DEBUG - Calc. Error Margin: 0.02
2017-11-24 21:11:10,530 - DEBUG - [BUY] order_details: {'date': '2017-11-24 21:11:09', 'amount': Decimal('9.9750000000000000'), 'rate': Decimal('0.04128693')}
2017-11-24 21:11:10,531 - DEBUG - [BUY] mongo_response: <pymongo.results.InsertOneResult object at 0x7fe1e1fc1688>
2017-11-24 21:11:10,531 - DEBUG - Entering base_price calculation.
2017-11-24 21:11:10,531 - DEBUG - MongoDB collection length: 1
2017-11-24 21:11:10,532 - DEBUG - trade_total[spent]: 0.41183713
2017-11-24 21:11:10,532 - DEBUG - agg: [{'_id': None, 'total_bought': 9.975}]
2017-11-24 21:11:10,532 - DEBUG - trade_total[bought]: 9.97500000
2017-11-24 21:11:10,532 - DEBUG - rate_avg: 0.04128693
2017-11-24 21:11:10,532 - DEBUG - csv_list: ['2017-11-24 21:11:09', 'buy', '9.97500000', '0.04128693', '0.00000000', '0.04128693']
2017-11-24 21:11:10,532 - INFO - Logging trade details to csv file.
2017-11-24 21:11:10,533 - DEBUG - MongoDB collection length: 1
2017-11-24 21:11:10,533 - DEBUG - trade_total[spent]: 0.41183713
2017-11-24 21:11:10,534 - DEBUG - agg: [{'_id': None, 'total_bought': 9.975}]
2017-11-24 21:11:10,534 - DEBUG - trade_total[bought]: 9.97500000
2017-11-24 21:11:10,534 - DEBUG - rate_avg: 0.04128693
2017-11-24 21:11:10,534 - DEBUG - base_price: 0.04128693
2017-11-24 21:11:10,534 - INFO - Base Price: 0.04128693
2017-11-24 21:11:10,534 - DEBUG - base_price_target: 0.04118371
2017-11-24 21:11:10,534 - INFO - Base Price Target: 0.04118371
2017-11-24 21:11:10,822 - INFO - Balance STR:  9.97500000
2017-11-24 21:11:10,823 - INFO - Balance USDT: 39.97
2017-11-24 21:11:10,823 - DEBUG - agg: [{'_id': None, 'total_bought': 9.975}]
2017-11-24 21:11:10,823 - DEBUG - trade_total[bought]: 9.97500000
2017-11-24 21:11:10,824 - DEBUG - total_bought_str: 9.97500000
2017-11-24 21:11:10,824 - INFO - Total STR Bought: 9.97500000
2017-11-24 21:11:10,824 - DEBUG - trade_total[spent]: 0.41183713
2017-11-24 21:11:10,824 - DEBUG - total_spent_usdt: 0.41183713
2017-11-24 21:11:10,824 - INFO - Total USDT Spent: 0.41
2017-11-24 21:11:10,824 - DEBUG - trade_usdt_remaining: 19.59
2017-11-24 21:11:10,824 - INFO - Tradable USDT Remaining: 19.59
2017-11-24 21:11:10,825 - DEBUG - sell_volume: 9.97500000
2017-11-24 21:11:10,825 - DEBUG - sell_price_target:    0.04345449
2017-11-24 21:11:10,825 - INFO - Sell Target: 0.04345449
2017-11-24 21:11:10,895 - DEBUG - actual: 0.04128693
2017-11-24 21:11:10,896 - DEBUG - book_tot: 2260.63
2017-11-24 21:11:10,896 - DEBUG - calc_limit_price() successful within limits (depth=20).
2017-11-24 21:11:10,896 - DEBUG - [buy]actual: 0.04128693
2017-11-24 21:11:10,896 - DEBUG - Adding fees to calc_limit_price() return value.
2017-11-24 21:11:10,896 - DEBUG - [buy]price_actual[+FEES]: 0.04139015
2017-11-24 21:11:10,896 - DEBUG - low_ask_actual: 0.04139015
2017-11-24 21:11:10,896 - INFO - Low Ask (Actual): 0.04139015
2017-11-24 21:11:11,035 - DEBUG - actual: 0.04115211
2017-11-24 21:11:11,035 - DEBUG - book_tot: 158.68
2017-11-24 21:11:11,035 - DEBUG - calc_limit_price() successful within limits (depth=20).
2017-11-24 21:11:11,036 - DEBUG - [sell]actual: 0.04115211
2017-11-24 21:11:11,036 - DEBUG - Adding fees to calc_limit_price() return value.
2017-11-24 21:11:11,036 - DEBUG - [sell]price_actual[+FEES]: 0.04104923
2017-11-24 21:11:11,036 - DEBUG - high_bid_actual: 0.04104923
2017-11-24 21:11:11,036 - INFO - High Bid (Actual): 0.04104923
2017-11-24 21:11:11,036 - DEBUG - diff: -0.2500 %
2017-11-24 21:11:11,036 - INFO - Price Difference from Base: -0.0025%
2017-11-24 21:11:11,036 - DEBUG - [STATIC]amount: 10.00000000
2017-11-24 21:11:11,036 - INFO - Current Trade Amount: 10.00
2017-11-24 21:11:11,036 - INFO - ----
2017-11-24 21:11:11,036 - DEBUG - diff: -0.2500 %
2017-11-24 21:11:11,036 - INFO - Price Difference from Base: -0.0025%
2017-11-24 21:11:11,037 - DEBUG - Calculating loop time.
2017-11-24 21:11:11,037 - DEBUG - diff <= 0
2017-11-24 21:11:11,037 - DEBUG - lt: 30.00
2017-11-24 21:11:11,037 - INFO - Trade loop complete. Sleeping for 30.00 seconds.
2017-11-24 21:11:11,037 - DEBUG - ----[LOOP END]----
2017-11-24 21:11:41,040 - DEBUG - ----[LOOP START]----
2017-11-24 21:11:41,040 - INFO - ----
2017-11-24 21:11:41,040 - DEBUG - Entering base_price calculation.
2017-11-24 21:11:41,041 - DEBUG - MongoDB collection length: 1
2017-11-24 21:11:41,042 - DEBUG - trade_total[spent]: 0.41183713
2017-11-24 21:11:41,042 - DEBUG - agg: [{'_id': None, 'total_bought': 9.975}]
2017-11-24 21:11:41,042 - DEBUG - trade_total[bought]: 9.97500000
2017-11-24 21:11:41,042 - DEBUG - rate_avg: 0.04128693
2017-11-24 21:11:41,042 - DEBUG - base_price: 0.04128693
2017-11-24 21:11:41,042 - INFO - Base Price: 0.04128693
2017-11-24 21:11:41,042 - DEBUG - base_price_target: 0.04118371
2017-11-24 21:11:41,042 - INFO - Base Price Target: 0.04118371
2017-11-24 21:11:41,374 - INFO - Balance STR:  9.97500000
2017-11-24 21:11:41,374 - INFO - Balance USDT: 39.97
2017-11-24 21:11:41,375 - DEBUG - agg: [{'_id': None, 'total_bought': 9.975}]
2017-11-24 21:11:41,375 - DEBUG - trade_total[bought]: 9.97500000
2017-11-24 21:11:41,375 - DEBUG - total_bought_str: 9.97500000
2017-11-24 21:11:41,375 - INFO - Total STR Bought: 9.97500000
2017-11-24 21:11:41,375 - DEBUG - trade_total[spent]: 0.41183713
2017-11-24 21:11:41,375 - DEBUG - total_spent_usdt: 0.41183713
2017-11-24 21:11:41,376 - INFO - Total USDT Spent: 0.41
2017-11-24 21:11:41,376 - DEBUG - trade_usdt_remaining: 19.59
2017-11-24 21:11:41,376 - INFO - Tradable USDT Remaining: 19.59
2017-11-24 21:11:41,376 - DEBUG - sell_volume: 9.97500000
2017-11-24 21:11:41,376 - DEBUG - sell_price_target:    0.04345449
2017-11-24 21:11:41,376 - INFO - Sell Target: 0.04345449
2017-11-24 21:11:41,444 - DEBUG - actual: 0.04128693
2017-11-24 21:11:41,444 - DEBUG - book_tot: 2260.62
2017-11-24 21:11:41,445 - DEBUG - calc_limit_price() successful within limits (depth=20).
2017-11-24 21:11:41,445 - DEBUG - [buy]actual: 0.04128693
2017-11-24 21:11:41,445 - DEBUG - Adding fees to calc_limit_price() return value.
2017-11-24 21:11:41,445 - DEBUG - [buy]price_actual[+FEES]: 0.04139015
2017-11-24 21:11:41,445 - DEBUG - low_ask_actual: 0.04139015
2017-11-24 21:11:41,445 - INFO - Low Ask (Actual): 0.04139015
2017-11-24 21:11:41,555 - DEBUG - actual: 0.04115211
2017-11-24 21:11:41,555 - DEBUG - book_tot: 158.69
2017-11-24 21:11:41,555 - DEBUG - calc_limit_price() successful within limits (depth=20).
2017-11-24 21:11:41,555 - DEBUG - [sell]actual: 0.04115211
2017-11-24 21:11:41,555 - DEBUG - Adding fees to calc_limit_price() return value.
2017-11-24 21:11:41,555 - DEBUG - [sell]price_actual[+FEES]: 0.04104923
2017-11-24 21:11:41,555 - DEBUG - high_bid_actual: 0.04104923
2017-11-24 21:11:41,555 - INFO - High Bid (Actual): 0.04104923
2017-11-24 21:11:41,555 - DEBUG - diff: -0.2500 %
2017-11-24 21:11:41,555 - INFO - Price Difference from Base: -0.0025%
2017-11-24 21:11:41,556 - DEBUG - [STATIC]amount: 10.00000000
2017-11-24 21:11:41,556 - INFO - Current Trade Amount: 10.00
2017-11-24 21:11:41,556 - INFO - ----
2017-11-24 21:11:41,556 - DEBUG - diff: -0.2500 %
2017-11-24 21:11:41,556 - INFO - Price Difference from Base: -0.0025%
2017-11-24 21:11:41,556 - DEBUG - Calculating loop time.
2017-11-24 21:11:41,556 - DEBUG - diff <= 0
2017-11-24 21:11:41,556 - DEBUG - lt: 30.00
2017-11-24 21:11:41,556 - INFO - Trade loop complete. Sleeping for 30.00 seconds.
2017-11-24 21:11:41,556 - DEBUG - ----[LOOP END]----
2017-11-24 21:12:11,563 - DEBUG - ----[LOOP START]----
2017-11-24 21:12:11,563 - INFO - ----
2017-11-24 21:12:11,563 - DEBUG - Entering base_price calculation.
2017-11-24 21:12:11,564 - DEBUG - MongoDB collection length: 1
2017-11-24 21:12:11,564 - DEBUG - trade_total[spent]: 0.41183713
2017-11-24 21:12:11,564 - DEBUG - agg: [{'_id': None, 'total_bought': 9.975}]
2017-11-24 21:12:11,565 - DEBUG - trade_total[bought]: 9.97500000
2017-11-24 21:12:11,565 - DEBUG - rate_avg: 0.04128693
2017-11-24 21:12:11,565 - DEBUG - base_price: 0.04128693
2017-11-24 21:12:11,565 - INFO - Base Price: 0.04128693
2017-11-24 21:12:11,565 - DEBUG - base_price_target: 0.04118371
2017-11-24 21:12:11,565 - INFO - Base Price Target: 0.04118371
2017-11-24 21:12:11,735 - INFO - Balance STR:  9.97500000
2017-11-24 21:12:11,735 - INFO - Balance USDT: 39.97
2017-11-24 21:12:11,736 - DEBUG - agg: [{'_id': None, 'total_bought': 9.975}]
2017-11-24 21:12:11,736 - DEBUG - trade_total[bought]: 9.97500000
2017-11-24 21:12:11,736 - DEBUG - total_bought_str: 9.97500000
2017-11-24 21:12:11,736 - INFO - Total STR Bought: 9.97500000
2017-11-24 21:12:11,737 - DEBUG - trade_total[spent]: 0.41183713
2017-11-24 21:12:11,737 - DEBUG - total_spent_usdt: 0.41183713
2017-11-24 21:12:11,737 - INFO - Total USDT Spent: 0.41
2017-11-24 21:12:11,737 - DEBUG - trade_usdt_remaining: 19.59
2017-11-24 21:12:11,737 - INFO - Tradable USDT Remaining: 19.59
2017-11-24 21:12:11,737 - DEBUG - sell_volume: 9.97500000
2017-11-24 21:12:11,737 - DEBUG - sell_price_target:    0.04345449
2017-11-24 21:12:11,737 - INFO - Sell Target: 0.04345449
2017-11-24 21:12:11,800 - DEBUG - actual: 0.04128693
2017-11-24 21:12:11,800 - DEBUG - book_tot: 2260.62
2017-11-24 21:12:11,800 - DEBUG - calc_limit_price() successful within limits (depth=20).
2017-11-24 21:12:11,800 - DEBUG - [buy]actual: 0.04128693
2017-11-24 21:12:11,800 - DEBUG - Adding fees to calc_limit_price() return value.
2017-11-24 21:12:11,800 - DEBUG - [buy]price_actual[+FEES]: 0.04139015
2017-11-24 21:12:11,800 - DEBUG - low_ask_actual: 0.04139015
2017-11-24 21:12:11,800 - INFO - Low Ask (Actual): 0.04139015
2017-11-24 21:12:11,875 - DEBUG - actual: 0.04115211
2017-11-24 21:12:11,875 - DEBUG - book_tot: 158.69
2017-11-24 21:12:11,875 - DEBUG - calc_limit_price() successful within limits (depth=20).
2017-11-24 21:12:11,875 - DEBUG - [sell]actual: 0.04115211
2017-11-24 21:12:11,875 - DEBUG - Adding fees to calc_limit_price() return value.
2017-11-24 21:12:11,875 - DEBUG - [sell]price_actual[+FEES]: 0.04104923
2017-11-24 21:12:11,875 - DEBUG - high_bid_actual: 0.04104923
2017-11-24 21:12:11,875 - INFO - High Bid (Actual): 0.04104923
2017-11-24 21:12:11,875 - DEBUG - diff: -0.2500 %
2017-11-24 21:12:11,875 - INFO - Price Difference from Base: -0.0025%
2017-11-24 21:12:11,875 - DEBUG - [STATIC]amount: 10.00000000
2017-11-24 21:12:11,876 - INFO - Current Trade Amount: 10.00
2017-11-24 21:12:11,876 - INFO - ----
2017-11-24 21:12:11,876 - DEBUG - diff: -0.2500 %
2017-11-24 21:12:11,876 - INFO - Price Difference from Base: -0.0025%
2017-11-24 21:12:11,876 - DEBUG - Calculating loop time.
2017-11-24 21:12:11,876 - DEBUG - diff <= 0
2017-11-24 21:12:11,876 - DEBUG - lt: 30.00
2017-11-24 21:12:11,876 - INFO - Trade loop complete. Sleeping for 30.00 seconds.
2017-11-24 21:12:11,876 - DEBUG - ----[LOOP END]----
2017-11-24 21:12:41,881 - DEBUG - ----[LOOP START]----
2017-11-24 21:12:41,882 - INFO - ----
2017-11-24 21:12:41,882 - DEBUG - Entering base_price calculation.
2017-11-24 21:12:41,882 - DEBUG - MongoDB collection length: 1
2017-11-24 21:12:41,883 - DEBUG - trade_total[spent]: 0.41183713
2017-11-24 21:12:41,883 - DEBUG - agg: [{'_id': None, 'total_bought': 9.975}]
2017-11-24 21:12:41,883 - DEBUG - trade_total[bought]: 9.97500000
2017-11-24 21:12:41,883 - DEBUG - rate_avg: 0.04128693
2017-11-24 21:12:41,883 - DEBUG - base_price: 0.04128693
2017-11-24 21:12:41,883 - INFO - Base Price: 0.04128693
2017-11-24 21:12:41,884 - DEBUG - base_price_target: 0.04118371
2017-11-24 21:12:41,884 - INFO - Base Price Target: 0.04118371
2017-11-24 21:12:42,142 - INFO - Balance STR:  9.97500000
2017-11-24 21:12:42,142 - INFO - Balance USDT: 39.97
2017-11-24 21:12:42,143 - DEBUG - agg: [{'_id': None, 'total_bought': 9.975}]
2017-11-24 21:12:42,143 - DEBUG - trade_total[bought]: 9.97500000
2017-11-24 21:12:42,143 - DEBUG - total_bought_str: 9.97500000
2017-11-24 21:12:42,143 - INFO - Total STR Bought: 9.97500000
2017-11-24 21:12:42,144 - DEBUG - trade_total[spent]: 0.41183713
2017-11-24 21:12:42,144 - DEBUG - total_spent_usdt: 0.41183713
2017-11-24 21:12:42,144 - INFO - Total USDT Spent: 0.41
2017-11-24 21:12:42,144 - DEBUG - trade_usdt_remaining: 19.59
2017-11-24 21:12:42,144 - INFO - Tradable USDT Remaining: 19.59
2017-11-24 21:12:42,144 - DEBUG - sell_volume: 9.97500000
2017-11-24 21:12:42,144 - DEBUG - sell_price_target:    0.04345449
2017-11-24 21:12:42,144 - INFO - Sell Target: 0.04345449
2017-11-24 21:12:42,216 - DEBUG - actual: 0.04128693
2017-11-24 21:12:42,216 - DEBUG - book_tot: 2260.62
2017-11-24 21:12:42,216 - DEBUG - calc_limit_price() successful within limits (depth=20).
2017-11-24 21:12:42,216 - DEBUG - [buy]actual: 0.04128693
2017-11-24 21:12:42,216 - DEBUG - Adding fees to calc_limit_price() return value.
2017-11-24 21:12:42,216 - DEBUG - [buy]price_actual[+FEES]: 0.04139015
2017-11-24 21:12:42,216 - DEBUG - low_ask_actual: 0.04139015
2017-11-24 21:12:42,216 - INFO - Low Ask (Actual): 0.04139015
2017-11-24 21:12:42,283 - DEBUG - actual: 0.04115211
2017-11-24 21:12:42,284 - DEBUG - book_tot: 164.75
2017-11-24 21:12:42,284 - DEBUG - calc_limit_price() successful within limits (depth=20).
2017-11-24 21:12:42,284 - DEBUG - [sell]actual: 0.04115211
2017-11-24 21:12:42,284 - DEBUG - Adding fees to calc_limit_price() return value.
2017-11-24 21:12:42,284 - DEBUG - [sell]price_actual[+FEES]: 0.04104923
2017-11-24 21:12:42,284 - DEBUG - high_bid_actual: 0.04104923
2017-11-24 21:12:42,284 - INFO - High Bid (Actual): 0.04104923
2017-11-24 21:12:42,284 - DEBUG - diff: -0.2500 %
2017-11-24 21:12:42,284 - INFO - Price Difference from Base: -0.0025%
2017-11-24 21:12:42,284 - DEBUG - [STATIC]amount: 10.00000000
2017-11-24 21:12:42,284 - INFO - Current Trade Amount: 10.00
2017-11-24 21:12:42,284 - INFO - ----
2017-11-24 21:12:42,285 - DEBUG - diff: -0.2500 %
2017-11-24 21:12:42,285 - INFO - Price Difference from Base: -0.0025%
2017-11-24 21:12:42,285 - DEBUG - Calculating loop time.
2017-11-24 21:12:42,285 - DEBUG - diff <= 0
2017-11-24 21:12:42,285 - DEBUG - lt: 30.00
2017-11-24 21:12:42,285 - INFO - Trade loop complete. Sleeping for 30.00 seconds.
2017-11-24 21:12:42,285 - DEBUG - ----[LOOP END]----
2017-11-24 21:12:47,605 - INFO - Exit signal received.
2017-11-24 21:12:47,605 - INFO - Mongo write errors: 0
2017-11-24 21:12:47,605 - INFO - CSV write errors: 0
