2017-11-24 21:07:11,923 - DEBUG - Parsing arguments.
2017-11-24 21:07:11,924 - DEBUG - clean_collections: False
2017-11-24 21:07:11,924 - DEBUG - trade_amount: 10.00
2017-11-24 21:07:11,924 - DEBUG - amount_dynamic: False
2017-11-24 21:07:11,924 - DEBUG - trade_proportion_initial: 0.05
2017-11-24 21:07:11,924 - DEBUG - trade_usdt_max: 20.00
2017-11-24 21:07:11,924 - DEBUG - profit_threshold: 0.05
2017-11-24 21:07:11,924 - DEBUG - loop_time: 30
2017-11-24 21:07:11,924 - DEBUG - loop_dynamic: True
2017-11-24 21:07:11,924 - DEBUG - live_trading: True
2017-11-24 21:07:11,924 - DEBUG - csv_logging: True
2017-11-24 21:07:11,924 - WARNING - Total USDT trade amount set to a high value. Confirm before continuing.
2017-11-24 21:07:11,924 - INFO - Dynamic loop time calculation activated. Base loop time set to 30 seconds.
2017-11-24 21:07:11,924 - INFO - CSV log file path: logs/lorenzbot_log_11242017-210711.csv
2017-11-24 21:07:11,927 - INFO - No collections found in database. Creating new...
2017-11-24 21:07:11,941 - INFO - Created new collection: 11242017_210711
2017-11-24 21:07:11,941 - INFO - Found config file: ".config.ini"
2017-11-24 21:07:11,942 - WARNING - Live trading ENABLED.
2017-11-24 21:07:12,138 - INFO - Current Maker Fee: 0.0015
2017-11-24 21:07:12,138 - INFO - Current Taker Fee: 0.0025
2017-11-24 21:07:12,270 - INFO - Balance STR:  0.00
2017-11-24 21:07:12,271 - INFO - Balance USDT: 40.38
2017-11-24 21:07:12,271 - INFO - Collection empty. Setting tradable balance remaining to allowed maximum.
2017-11-24 21:07:12,271 - DEBUG - trade_usdt_remaining: 20.00
2017-11-24 21:07:12,272 - INFO - Tradable USDT Remaining: 20.00
2017-11-24 21:07:12,272 - DEBUG - ----[LOOP START]----
2017-11-24 21:07:12,272 - INFO - ----
2017-11-24 21:07:12,272 - DEBUG - Entering base_price calculation.
2017-11-24 21:07:12,272 - DEBUG - MongoDB collection length: 0
2017-11-24 21:07:12,272 - DEBUG - trade_amount_initial[STATIC]: 10.00
2017-11-24 21:07:12,272 - INFO - No trade log found. Making entry buy.
2017-11-24 21:07:12,536 - DEBUG - actual: 0.04122886
2017-11-24 21:07:12,536 - DEBUG - book_tot: 70392.41
2017-11-24 21:07:12,537 - DEBUG - calc_limit_price() successful within limits (depth=20).
2017-11-24 21:07:12,537 - DEBUG - [buy]actual: 0.04122886
2017-11-24 21:07:12,537 - DEBUG - limit_price: 0.04122886
2017-11-24 21:07:12,841 - DEBUG - [BUY] trade_response: {'orderNumber': '39651272162', 'resultingTrades': [{'amount': '4.22252164', 'date': '2017-11-24 21:07:11', 'rate': '0.04122214', 'total': '0.17406137', 'tradeID': '1741173', 'type': 'buy'}, {'amount': '5.77747836', 'date': '2017-11-24 21:07:11', 'rate': '0.04122886', 'total': '0.23819884', 'tradeID': '1741174', 'type': 'buy'}], 'amountUnfilled': '0.00000000'}
2017-11-24 21:07:12,973 - DEBUG - returnOrderTrades: [{'globalTradeID': 268544935, 'tradeID': 1741174, 'currencyPair': 'USDT_STR', 'type': 'buy', 'rate': '0.04122886', 'amount': '5.77747836', 'total': '0.23819884', 'fee': '0.00250000', 'date': '2017-11-24 21:07:11'}, {'globalTradeID': 268544934, 'tradeID': 1741173, 'currencyPair': 'USDT_STR', 'type': 'buy', 'rate': '0.04122214', 'amount': '4.22252164', 'total': '0.17406137', 'fee': '0.00250000', 'date': '2017-11-24 21:07:11'}]
2017-11-24 21:07:12,973 - DEBUG - trade_date: 2017-11-24 21:07:11
2017-11-24 21:07:12,973 - DEBUG - len(order_trades): 2
2017-11-24 21:07:12,973 - DEBUG - len(order_list): 2
2017-11-24 21:07:12,973 - DEBUG - order_list: [[Decimal('5.7630346641000000'), Decimal('0.04122886')], [Decimal('4.2119653359000000'), Decimal('0.04122214')]]
2017-11-24 21:07:12,973 - DEBUG - rate_calc_total:    0.41122957
2017-11-24 21:07:12,973 - DEBUG - amount_total:       9.97500000
2017-11-24 21:07:12,973 - DEBUG - order_average_rate: 0.04122602
2017-11-24 21:07:12,973 - DEBUG - Calc. Error Margin: 0.02
2017-11-24 21:07:12,973 - DEBUG - [BUY] order_details: {'date': '2017-11-24 21:07:11', 'amount': Decimal('9.9750000000000000'), 'rate': Decimal('0.04122602246545792')}
2017-11-24 21:07:12,974 - DEBUG - [BUY] mongo_response: <pymongo.results.InsertOneResult object at 0x7fb3d9a35948>
2017-11-24 21:07:12,974 - DEBUG - Entering base_price calculation.
2017-11-24 21:07:12,974 - DEBUG - MongoDB collection length: 1
2017-11-24 21:07:12,975 - DEBUG - trade_total[spent]: 0.41122957
2017-11-24 21:07:12,975 - DEBUG - agg: [{'_id': None, 'total_bought': 9.975}]
2017-11-24 21:07:12,975 - DEBUG - trade_total[bought]: 9.97500000
2017-11-24 21:07:12,975 - DEBUG - rate_avg: 0.04122602
2017-11-24 21:07:12,975 - DEBUG - csv_list: ['2017-11-24 21:07:11', 'buy', '9.97500000', '0.04122602', '0.00000000', '0.04122602']
2017-11-24 21:07:12,975 - INFO - Logging trade details to csv file.
2017-11-24 21:07:12,976 - DEBUG - MongoDB collection length: 1
2017-11-24 21:07:12,976 - DEBUG - trade_total[spent]: 0.41122957
2017-11-24 21:07:12,977 - DEBUG - agg: [{'_id': None, 'total_bought': 9.975}]
2017-11-24 21:07:12,977 - DEBUG - trade_total[bought]: 9.97500000
2017-11-24 21:07:12,977 - DEBUG - rate_avg: 0.04122602
2017-11-24 21:07:12,977 - DEBUG - base_price: 0.04122602
2017-11-24 21:07:12,977 - INFO - Base Price: 0.04122602
2017-11-24 21:07:12,977 - DEBUG - base_price_target: 0.04112296
2017-11-24 21:07:12,977 - INFO - Base Price Target: 0.04112296
2017-11-24 21:07:13,150 - INFO - Balance STR:  9.97500001
2017-11-24 21:07:13,150 - INFO - Balance USDT: 39.97
2017-11-24 21:07:13,151 - DEBUG - agg: [{'_id': None, 'total_bought': 9.975}]
2017-11-24 21:07:13,151 - DEBUG - trade_total[bought]: 9.97500000
2017-11-24 21:07:13,151 - DEBUG - total_bought_str: 9.97500000
2017-11-24 21:07:13,151 - INFO - Total STR Bought: 9.97500000
2017-11-24 21:07:13,152 - DEBUG - trade_total[spent]: 0.41122957
2017-11-24 21:07:13,152 - DEBUG - total_spent_usdt: 0.41122957
2017-11-24 21:07:13,152 - INFO - Total USDT Spent: 0.41
2017-11-24 21:07:13,152 - DEBUG - trade_usdt_remaining: 19.59
2017-11-24 21:07:13,152 - INFO - Tradable USDT Remaining: 19.59
2017-11-24 21:07:13,152 - DEBUG - sell_volume: 9.97500000
2017-11-24 21:07:13,152 - DEBUG - sell_price_target:    0.04339039
2017-11-24 21:07:13,152 - INFO - Sell Target: 0.04339039
2017-11-24 21:07:13,233 - DEBUG - actual: 0.04122884
2017-11-24 21:07:13,234 - DEBUG - book_tot: 72799.27
2017-11-24 21:07:13,234 - DEBUG - calc_limit_price() successful within limits (depth=20).
2017-11-24 21:07:13,234 - DEBUG - [buy]actual: 0.04122884
2017-11-24 21:07:13,234 - DEBUG - Adding fees to calc_limit_price() return value.
2017-11-24 21:07:13,234 - DEBUG - [buy]price_actual[+FEES]: 0.04133191
2017-11-24 21:07:13,234 - DEBUG - low_ask_actual: 0.04133191
2017-11-24 21:07:13,234 - INFO - Low Ask (Actual): 0.04133191
2017-11-24 21:07:13,319 - DEBUG - actual: 0.04115211
2017-11-24 21:07:13,320 - DEBUG - book_tot: 486.05
2017-11-24 21:07:13,320 - DEBUG - calc_limit_price() successful within limits (depth=20).
2017-11-24 21:07:13,320 - DEBUG - [sell]actual: 0.04115211
2017-11-24 21:07:13,320 - DEBUG - Adding fees to calc_limit_price() return value.
2017-11-24 21:07:13,320 - DEBUG - [sell]price_actual[+FEES]: 0.04104923
2017-11-24 21:07:13,320 - DEBUG - high_bid_actual: 0.04104923
2017-11-24 21:07:13,320 - INFO - High Bid (Actual): 0.04104923
2017-11-24 21:07:13,320 - DEBUG - diff: -0.2569 %
2017-11-24 21:07:13,320 - INFO - Price Difference from Base: -0.00%
2017-11-24 21:07:13,320 - DEBUG - [STATIC]amount: 10.00000000
2017-11-24 21:07:13,320 - INFO - Current Trade Amount: 10.00
2017-11-24 21:07:13,320 - INFO - ----
2017-11-24 21:07:13,321 - DEBUG - diff: -0.2569 %
2017-11-24 21:07:13,321 - INFO - Price Difference from Base: -0.00%
2017-11-24 21:07:13,321 - DEBUG - Calculating loop time.
2017-11-24 21:07:13,321 - DEBUG - diff <= 0
2017-11-24 21:07:13,321 - DEBUG - lt: 30.00
2017-11-24 21:07:13,321 - INFO - Trade loop complete. Sleeping for 30.00 seconds.
2017-11-24 21:07:13,321 - DEBUG - ----[LOOP END]----
2017-11-24 21:07:22,574 - INFO - Exit signal received.
2017-11-24 21:07:22,574 - INFO - Mongo write errors: 0
2017-11-24 21:07:22,574 - INFO - CSV write errors: 0
