2017-11-24 15:59:39,963 - DEBUG - Parsing arguments.
2017-11-24 15:59:39,964 - DEBUG - Activated debug logging.
2017-11-24 15:59:39,965 - DEBUG - clean_collections: False
2017-11-24 15:59:39,965 - DEBUG - trade_amount: 10.00
2017-11-24 15:59:39,966 - DEBUG - amount_dynamic: True
2017-11-24 15:59:39,972 - DEBUG - trade_proportion_initial: 0.05
2017-11-24 15:59:39,973 - DEBUG - trade_usdt_max: 1.00
2017-11-24 15:59:39,973 - DEBUG - profit_threshold: 0.05
2017-11-24 15:59:39,974 - DEBUG - loop_time: 20
2017-11-24 15:59:39,974 - DEBUG - loop_dynamic: True
2017-11-24 15:59:39,975 - DEBUG - live_trading: True
2017-11-24 15:59:39,975 - DEBUG - csv_logging: True
2017-11-24 15:59:40,055 - WARNING - Total STR trade amount set to a high value. Confirm before continuing.
2017-11-24 15:59:43,209 - INFO - STR trade amount confirmed.
2017-11-24 15:59:43,209 - INFO - Dynamic loop time calculation activated. Base loop time set to 20 seconds.
2017-11-24 15:59:43,210 - INFO - CSV log file path: logs/lorenzbot_log_11242017-155943.csv
2017-11-24 15:59:43,219 - INFO - No collections found in database. Creating new...
2017-11-24 15:59:43,598 - INFO - Created new collection: 11242017_155943
2017-11-24 15:59:43,598 - INFO - Found config file: ".config.ini"
2017-11-24 15:59:43,640 - WARNING - Live trading ENABLED.
2017-11-24 15:59:44,415 - INFO - Current Maker Fee: 0.0015
2017-11-24 15:59:44,415 - INFO - Current Taker Fee: 0.0025
2017-11-24 15:59:45,086 - INFO - Balance STR:  0.00
2017-11-24 15:59:45,086 - INFO - Balance USDT: 40.37
2017-11-24 15:59:45,087 - INFO - Collection empty. Setting tradable balance remaining to allowed maximum.
2017-11-24 15:59:45,088 - DEBUG - trade_usdt_remaining: 1.00
2017-11-24 15:59:45,088 - INFO - Tradable USDT Remaining: 1.00
2017-11-24 15:59:45,088 - DEBUG - ----[LOOP START]----
2017-11-24 15:59:45,088 - INFO - ----
2017-11-24 15:59:45,088 - DEBUG - Entering base_price calculation.
2017-11-24 15:59:45,090 - DEBUG - MongoDB collection length: 0
2017-11-24 15:59:45,090 - DEBUG - trade_prop: 0.05000000
2017-11-24 15:59:45,328 - DEBUG - actual: 404.19
2017-11-24 15:59:45,328 - DEBUG - calc_limit_price() successful within limits (depth=20).
2017-11-24 15:59:45,328 - DEBUG - [buy]actual: 404.19310558
2017-11-24 15:59:45,328 - DEBUG - trade_amount_initial[CALC]: 404.19
