2017-11-24 15:54:12,982 - DEBUG - Parsing arguments.
2017-11-24 15:54:12,984 - DEBUG - Activated debug logging.
2017-11-24 15:54:12,984 - DEBUG - clean_collections: True
2017-11-24 15:54:12,984 - DEBUG - trade_amount: 10.00
2017-11-24 15:54:12,984 - DEBUG - amount_dynamic: True
2017-11-24 15:54:12,984 - DEBUG - trade_proportion_initial: 0.05
2017-11-24 15:54:12,984 - DEBUG - trade_usdt_max: 1.00
2017-11-24 15:54:12,985 - DEBUG - profit_threshold: 0.05
2017-11-24 15:54:12,985 - DEBUG - loop_time: 20
2017-11-24 15:54:12,985 - DEBUG - loop_dynamic: True
2017-11-24 15:54:12,985 - DEBUG - live_trading: True
2017-11-24 15:54:12,985 - DEBUG - csv_logging: True
2017-11-24 15:54:12,985 - WARNING - Total STR trade amount set to a high value. Confirm before continuing.
2017-11-24 15:54:16,143 - INFO - STR trade amount confirmed.
2017-11-24 15:54:16,151 - INFO - Dynamic loop time calculation activated. Base loop time set to 20 seconds.
2017-11-24 15:54:16,151 - INFO - CSV log file path: logs/lorenzbot_log_11242017-155416.csv
2017-11-24 15:54:16,157 - WARNING - Option to delete all existing collections selected.
2017-11-24 15:54:17,400 - INFO - Confirmed. Deleting all collections
2017-11-24 15:54:17,400 - INFO - Dropping all collections from database.
2017-11-24 15:54:17,521 - DEBUG - Dropped collection: 11242017_154931
2017-11-24 15:54:17,521 - INFO - Process complete. Restart program without boolean switch.
