2017-11-24 16:34:27,131 - DEBUG - Parsing arguments.
2017-11-24 16:34:27,131 - DEBUG - Activated debug logging.
2017-11-24 16:34:27,132 - DEBUG - clean_collections: False
2017-11-24 16:34:27,132 - DEBUG - trade_amount: 0.10
2017-11-24 16:34:27,132 - DEBUG - amount_dynamic: True
2017-11-24 16:34:27,132 - DEBUG - trade_proportion_initial: 0.05
2017-11-24 16:34:27,132 - DEBUG - trade_usdt_max: 10.00
2017-11-24 16:34:27,132 - DEBUG - profit_threshold: 0.05
2017-11-24 16:34:27,133 - DEBUG - loop_time: 20
2017-11-24 16:34:27,133 - DEBUG - loop_dynamic: True
2017-11-24 16:34:27,133 - DEBUG - live_trading: True
2017-11-24 16:34:27,133 - DEBUG - csv_logging: True
2017-11-24 16:34:27,133 - WARNING - Total USDT trade amount set to a high value. Confirm before continuing.
2017-11-24 16:34:29,286 - INFO - USDT trade amount confirmed.
2017-11-24 16:34:29,286 - INFO - Dynamic loop time calculation activated. Base loop time set to 20 seconds.
2017-11-24 16:34:29,287 - INFO - CSV log file path: logs/lorenzbot_log_11242017-163429.csv
2017-11-24 16:34:29,298 - INFO - No collections found in database. Creating new...
2017-11-24 16:34:29,640 - INFO - Created new collection: 11242017_163429
2017-11-24 16:34:29,641 - INFO - Found config file: ".config.ini"
2017-11-24 16:34:29,670 - WARNING - Live trading ENABLED.
2017-11-24 16:34:30,248 - INFO - Current Maker Fee: 0.0015
2017-11-24 16:34:30,248 - INFO - Current Taker Fee: 0.0025
2017-11-24 16:34:30,407 - INFO - Balance STR:  35.91
2017-11-24 16:34:30,408 - INFO - Balance USDT: 38.91
2017-11-24 16:34:30,409 - INFO - Collection empty. Setting tradable balance remaining to allowed maximum.
2017-11-24 16:34:30,410 - DEBUG - trade_usdt_remaining: 10.00
2017-11-24 16:34:30,410 - INFO - Tradable USDT Remaining: 10.00
2017-11-24 16:34:30,410 - DEBUG - ----[LOOP START]----
2017-11-24 16:34:30,411 - DEBUG - Entering base_price calculation.
2017-11-24 16:34:30,412 - DEBUG - MongoDB collection length: 0
2017-11-24 16:34:30,412 - DEBUG - trade_prop: 0.50000000
2017-11-24 16:34:30,684 - DEBUG - actual: 12.00000000
2017-11-24 16:34:30,684 - DEBUG - book_tot: 0.53
2017-11-24 16:34:30,684 - DEBUG - calc_limit_price() successful within limits (depth=20).
2017-11-24 16:34:30,684 - DEBUG - trade_amount_initial[CALC]: 12.00
2017-11-24 16:34:30,685 - INFO - No trade log found. Making entry buy.
2017-11-24 16:34:30,685 - INFO - Entry trade amount: 12.00000000
2017-11-24 16:34:31,036 - DEBUG - actual: 0.04086990
2017-11-24 16:34:31,036 - DEBUG - book_tot: 677.14
2017-11-24 16:34:31,036 - DEBUG - actual: 0.04086990
2017-11-24 16:34:31,036 - DEBUG - book_tot: 677.14
2017-11-24 16:34:31,037 - DEBUG - calc_limit_price() successful within limits (depth=20).
2017-11-24 16:34:31,037 - DEBUG - limit_price: 0.04086990
2017-11-24 16:34:31,687 - DEBUG - [BUY] trade_response: {'orderNumber': '39665606813', 'resultingTrades': [{'amount': '12.00000000', 'date': '2017-11-24 22:34:30', 'rate': '0.04086990', 'total': '0.49043880', 'tradeID': '1742303', 'type': 'buy'}], 'amountUnfilled': '0.00000000'}
2017-11-24 16:34:31,846 - DEBUG - returnOrderTrades: [{'globalTradeID': 268594452, 'tradeID': 1742303, 'currencyPair': 'USDT_STR', 'type': 'buy', 'rate': '0.04086990', 'amount': '12.00000000', 'total': '0.49043880', 'fee': '0.00250000', 'date': '2017-11-24 22:34:30'}]
2017-11-24 16:34:31,846 - DEBUG - trade_date: 2017-11-24 22:34:30
2017-11-24 16:34:31,846 - DEBUG - len(order_trades): 1
2017-11-24 16:34:31,847 - DEBUG - len(order_list): 1
2017-11-24 16:34:31,847 - DEBUG - order_list: [[Decimal('11.9700000000000000'), Decimal('0.04086990')]]
2017-11-24 16:34:31,847 - DEBUG - rate_calc_total:    0.48921270
2017-11-24 16:34:31,847 - DEBUG - amount_total:       11.97000000
2017-11-24 16:34:31,847 - DEBUG - order_average_rate: 0.04086990
2017-11-24 16:34:31,848 - DEBUG - Calc. Error Margin: -11.87
2017-11-24 16:34:31,848 - DEBUG - [BUY] order_details: {'date': '2017-11-24 22:34:30', 'amount': Decimal('11.9700000000000000'), 'rate': Decimal('0.04086990')}
2017-11-24 16:34:31,849 - DEBUG - [BUY] mongo_response: <pymongo.results.InsertOneResult object at 0x110b896c8>
2017-11-24 16:34:31,851 - DEBUG - Entering base_price calculation.
2017-11-24 16:34:31,852 - DEBUG - MongoDB collection length: 1
2017-11-24 16:34:31,854 - DEBUG - trade_total[spent]: 0.48921270
2017-11-24 16:34:31,856 - DEBUG - agg: [{'_id': None, 'total_bought': 11.97}]
2017-11-24 16:34:31,856 - DEBUG - trade_total[bought]: 11.97000000
2017-11-24 16:34:31,856 - DEBUG - rate_avg: 0.04086990
2017-11-24 16:34:31,856 - DEBUG - csv_list: ['2017-11-24 22:34:30', 'buy', '11.97000000', '0.04086990', '0.00000000', '0.04086990']
2017-11-24 16:34:31,857 - INFO - Logging trade details to csv file.
2017-11-24 16:34:31,859 - DEBUG - MongoDB collection length: 1
2017-11-24 16:34:31,860 - DEBUG - trade_total[spent]: 0.48921270
2017-11-24 16:34:31,861 - DEBUG - agg: [{'_id': None, 'total_bought': 11.97}]
2017-11-24 16:34:31,861 - DEBUG - trade_total[bought]: 11.97000000
2017-11-24 16:34:31,861 - DEBUG - rate_avg: 0.04086990
2017-11-24 16:34:31,861 - DEBUG - base_price: 0.04086990
2017-11-24 16:34:31,861 - INFO - Base Price: 0.04086990
2017-11-24 16:34:31,861 - DEBUG - base_price_target: 0.04076773
2017-11-24 16:34:31,862 - INFO - Base Price Target: 0.04076773
2017-11-24 16:34:32,059 - INFO - Balance STR:  47.88000000
2017-11-24 16:34:32,059 - INFO - Balance USDT: 38.42
2017-11-24 16:34:32,060 - DEBUG - agg: [{'_id': None, 'total_bought': 11.97}]
2017-11-24 16:34:32,060 - DEBUG - trade_total[bought]: 11.97000000
2017-11-24 16:34:32,061 - DEBUG - total_bought_str: 11.97000000
2017-11-24 16:34:32,061 - INFO - Total STR Bought: 11.97000000
2017-11-24 16:34:32,062 - DEBUG - trade_total[spent]: 0.48921270
2017-11-24 16:34:32,063 - DEBUG - total_spent_usdt: 0.48921270
2017-11-24 16:34:32,064 - INFO - Total USDT Spent: 0.49
2017-11-24 16:34:32,064 - DEBUG - trade_usdt_remaining: 9.51
2017-11-24 16:34:32,065 - INFO - Tradable USDT Remaining: 9.51
2017-11-24 16:34:32,065 - DEBUG - sell_volume: 11.97000000
2017-11-24 16:34:32,065 - DEBUG - sell_price_target:    0.04301557
2017-11-24 16:34:32,065 - INFO - Sell Target: 0.04301557
2017-11-24 16:34:32,296 - DEBUG - actual: 0.04086990
2017-11-24 16:34:32,296 - DEBUG - book_tot: 665.14
2017-11-24 16:34:32,297 - DEBUG - actual: 0.04086990
2017-11-24 16:34:32,297 - DEBUG - book_tot: 665.14
2017-11-24 16:34:32,297 - DEBUG - calc_limit_price() successful within limits (depth=20).
2017-11-24 16:34:32,297 - DEBUG - Adding fees to calc_limit_price() return value.
2017-11-24 16:34:32,297 - DEBUG - [buy]price_actual[+FEES]: 0.04097207
2017-11-24 16:34:32,298 - DEBUG - low_ask_actual: 0.04097207
2017-11-24 16:34:32,298 - INFO - Low Ask (Actual): 0.04097207
2017-11-24 16:34:32,515 - DEBUG - actual: 0.04059128
2017-11-24 16:34:32,516 - DEBUG - book_tot: 1065.68
2017-11-24 16:34:32,517 - DEBUG - actual: 0.04059128
2017-11-24 16:34:32,518 - DEBUG - book_tot: 1065.68
2017-11-24 16:34:32,518 - DEBUG - calc_limit_price() successful within limits (depth=20).
2017-11-24 16:34:32,519 - DEBUG - Adding fees to calc_limit_price() return value.
2017-11-24 16:34:32,519 - DEBUG - [sell]price_actual[+FEES]: 0.04048980
2017-11-24 16:34:32,520 - DEBUG - high_bid_actual: 0.04048980
2017-11-24 16:34:32,520 - INFO - High Bid (Actual): 0.04048980
2017-11-24 16:34:32,524 - DEBUG - diff: -0.2500 %
2017-11-24 16:34:32,524 - INFO - Price Difference from Base: -0.0025%
2017-11-24 16:34:32,524 - DEBUG - trade_proportion_low: 0.05
2017-11-24 16:34:32,525 - DEBUG - trade_proportion_high: 0.50
2017-11-24 16:34:32,525 - DEBUG - trade_proportion_adj: 0.05
2017-11-24 16:34:32,525 - DEBUG - trade_usdt_remaining: 9.51
2017-11-24 16:34:32,525 - DEBUG - [DYNAMIC]amount: 0.46483973
2017-11-24 16:34:32,745 - DEBUG - actual: 11.00000000
2017-11-24 16:34:32,745 - DEBUG - book_tot: 0.49
2017-11-24 16:34:32,746 - DEBUG - calc_limit_price() successful within limits (depth=20).
2017-11-24 16:34:32,746 - INFO - Current Trade Amount: 11.00
2017-11-24 16:34:32,746 - DEBUG - diff: -0.2500 %
2017-11-24 16:34:32,746 - INFO - Price Difference from Base: -0.0025%
2017-11-24 16:34:32,746 - DEBUG - Calculating loop time.
2017-11-24 16:34:32,747 - DEBUG - diff <= 0
2017-11-24 16:34:32,747 - DEBUG - lt: 20.00
2017-11-24 16:34:32,747 - INFO - Trade loop complete. Sleeping for 20.00 seconds.
2017-11-24 16:34:32,748 - DEBUG - ----[LOOP END]----
2017-11-24 16:34:52,751 - DEBUG - ----[LOOP START]----
2017-11-24 16:34:52,752 - DEBUG - Entering base_price calculation.
2017-11-24 16:34:52,753 - DEBUG - MongoDB collection length: 1
2017-11-24 16:34:52,754 - DEBUG - trade_total[spent]: 0.48921270
2017-11-24 16:34:52,755 - DEBUG - agg: [{'_id': None, 'total_bought': 11.97}]
2017-11-24 16:34:52,755 - DEBUG - trade_total[bought]: 11.97000000
2017-11-24 16:34:52,755 - DEBUG - rate_avg: 0.04086990
2017-11-24 16:34:52,756 - DEBUG - base_price: 0.04086990
2017-11-24 16:34:52,756 - INFO - Base Price: 0.04086990
2017-11-24 16:34:52,756 - DEBUG - base_price_target: 0.04076773
2017-11-24 16:34:52,756 - INFO - Base Price Target: 0.04076773
2017-11-24 16:34:53,101 - INFO - Balance STR:  47.88000000
2017-11-24 16:34:53,101 - INFO - Balance USDT: 38.42
2017-11-24 16:34:53,103 - DEBUG - agg: [{'_id': None, 'total_bought': 11.97}]
2017-11-24 16:34:53,103 - DEBUG - trade_total[bought]: 11.97000000
2017-11-24 16:34:53,104 - DEBUG - total_bought_str: 11.97000000
2017-11-24 16:34:53,104 - INFO - Total STR Bought: 11.97000000
2017-11-24 16:34:53,105 - DEBUG - trade_total[spent]: 0.48921270
2017-11-24 16:34:53,105 - DEBUG - total_spent_usdt: 0.48921270
2017-11-24 16:34:53,105 - INFO - Total USDT Spent: 0.49
2017-11-24 16:34:53,106 - DEBUG - trade_usdt_remaining: 9.51
2017-11-24 16:34:53,106 - INFO - Tradable USDT Remaining: 9.51
2017-11-24 16:34:53,106 - DEBUG - sell_volume: 11.97000000
2017-11-24 16:34:53,106 - DEBUG - sell_price_target:    0.04301557
2017-11-24 16:34:53,106 - INFO - Sell Target: 0.04301557
2017-11-24 16:34:53,246 - DEBUG - actual: 0.04086990
2017-11-24 16:34:53,247 - DEBUG - book_tot: 6888.28
2017-11-24 16:34:53,247 - DEBUG - actual: 0.04086990
2017-11-24 16:34:53,247 - DEBUG - book_tot: 6888.28
2017-11-24 16:34:53,247 - DEBUG - calc_limit_price() successful within limits (depth=20).
2017-11-24 16:34:53,247 - DEBUG - Adding fees to calc_limit_price() return value.
2017-11-24 16:34:53,248 - DEBUG - [buy]price_actual[+FEES]: 0.04097207
2017-11-24 16:34:53,248 - DEBUG - low_ask_actual: 0.04097207
2017-11-24 16:34:53,248 - INFO - Low Ask (Actual): 0.04097207
2017-11-24 16:34:53,402 - DEBUG - actual: 0.04059128
2017-11-24 16:34:53,402 - DEBUG - book_tot: 1065.68
2017-11-24 16:34:53,402 - DEBUG - actual: 0.04059128
2017-11-24 16:34:53,403 - DEBUG - book_tot: 1065.68
2017-11-24 16:34:53,403 - DEBUG - calc_limit_price() successful within limits (depth=20).
2017-11-24 16:34:53,403 - DEBUG - Adding fees to calc_limit_price() return value.
2017-11-24 16:34:53,403 - DEBUG - [sell]price_actual[+FEES]: 0.04048980
2017-11-24 16:34:53,404 - DEBUG - high_bid_actual: 0.04048980
2017-11-24 16:34:53,404 - INFO - High Bid (Actual): 0.04048980
2017-11-24 16:34:53,404 - DEBUG - diff: -0.2500 %
2017-11-24 16:34:53,404 - INFO - Price Difference from Base: -0.0025%
2017-11-24 16:34:53,404 - DEBUG - trade_proportion_low: 0.05
2017-11-24 16:34:53,405 - DEBUG - trade_proportion_high: 0.50
2017-11-24 16:34:53,405 - DEBUG - trade_proportion_adj: 0.05
2017-11-24 16:34:53,405 - DEBUG - trade_usdt_remaining: 9.51
2017-11-24 16:34:53,405 - DEBUG - [DYNAMIC]amount: 0.46483973
2017-11-24 16:34:53,613 - DEBUG - actual: 11.00000000
2017-11-24 16:34:53,614 - DEBUG - book_tot: 0.49
2017-11-24 16:34:53,614 - DEBUG - calc_limit_price() successful within limits (depth=20).
2017-11-24 16:34:53,614 - INFO - Current Trade Amount: 11.00
2017-11-24 16:34:53,614 - DEBUG - diff: -0.2500 %
2017-11-24 16:34:53,614 - INFO - Price Difference from Base: -0.0025%
2017-11-24 16:34:53,614 - DEBUG - Calculating loop time.
2017-11-24 16:34:53,614 - DEBUG - diff <= 0
2017-11-24 16:34:53,615 - DEBUG - lt: 20.00
2017-11-24 16:34:53,615 - INFO - Trade loop complete. Sleeping for 20.00 seconds.
2017-11-24 16:34:53,615 - DEBUG - ----[LOOP END]----
2017-11-24 16:35:00,279 - INFO - Exit signal received.
2017-11-24 16:35:00,286 - INFO - Mongo write errors: 0
2017-11-24 16:35:00,321 - INFO - CSV write errors: 0
