2017-11-24 16:13:49,759 - DEBUG - Parsing arguments.
2017-11-24 16:13:49,760 - DEBUG - Activated debug logging.
2017-11-24 16:13:49,760 - DEBUG - clean_collections: False
2017-11-24 16:13:49,761 - DEBUG - trade_amount: 10.00
2017-11-24 16:13:49,761 - DEBUG - amount_dynamic: True
2017-11-24 16:13:49,761 - DEBUG - trade_proportion_initial: 0.05
2017-11-24 16:13:49,761 - DEBUG - trade_usdt_max: 1.00
2017-11-24 16:13:49,761 - DEBUG - profit_threshold: 0.05
2017-11-24 16:13:49,761 - DEBUG - loop_time: 20
2017-11-24 16:13:49,761 - DEBUG - loop_dynamic: True
2017-11-24 16:13:49,762 - DEBUG - live_trading: True
2017-11-24 16:13:49,762 - DEBUG - csv_logging: True
2017-11-24 16:13:49,762 - WARNING - Total STR trade amount set to a high value. Confirm before continuing.
2017-11-24 16:13:52,516 - INFO - STR trade amount confirmed.
2017-11-24 16:13:52,517 - INFO - Dynamic loop time calculation activated. Base loop time set to 20 seconds.
2017-11-24 16:13:52,518 - INFO - CSV log file path: logs/lorenzbot_log_11242017-161352.csv
2017-11-24 16:13:52,529 - INFO - No collections found in database. Creating new...
2017-11-24 16:13:52,986 - INFO - Created new collection: 11242017_161352
2017-11-24 16:13:52,986 - INFO - Found config file: ".config.ini"
2017-11-24 16:13:53,008 - WARNING - Live trading ENABLED.
2017-11-24 16:13:53,503 - INFO - Current Maker Fee: 0.0015
2017-11-24 16:13:53,504 - INFO - Current Taker Fee: 0.0025
2017-11-24 16:13:53,674 - INFO - Balance STR:  0.00
2017-11-24 16:13:53,674 - INFO - Balance USDT: 40.37
2017-11-24 16:13:53,675 - INFO - Collection empty. Setting tradable balance remaining to allowed maximum.
2017-11-24 16:13:53,676 - DEBUG - trade_usdt_remaining: 1.00
2017-11-24 16:13:53,676 - INFO - Tradable USDT Remaining: 1.00
2017-11-24 16:13:53,676 - DEBUG - ----[LOOP START]----
2017-11-24 16:13:53,677 - INFO - ----
2017-11-24 16:13:53,677 - DEBUG - Entering base_price calculation.
2017-11-24 16:13:53,678 - DEBUG - MongoDB collection length: 0
2017-11-24 16:13:53,678 - DEBUG - trade_prop: 0.05000000
2017-11-24 16:13:53,912 - DEBUG - actual: 1.00000000
2017-11-24 16:13:53,912 - DEBUG - calc_limit_price() successful within limits (depth=20).
2017-11-24 16:13:53,912 - DEBUG - [buy]actual: 1.00000000
2017-11-24 16:13:53,912 - DEBUG - trade_amount_initial[CALC]: 1.00
