2017-11-24 21:29:18,846 - DEBUG - Parsing arguments.
2017-11-24 21:29:18,847 - DEBUG - clean_collections: True
2017-11-24 21:29:18,847 - DEBUG - trade_amount: 10.00
2017-11-24 21:29:18,847 - DEBUG - amount_dynamic: False
2017-11-24 21:29:18,847 - DEBUG - trade_proportion_initial: 0.05
2017-11-24 21:29:18,847 - DEBUG - trade_usdt_max: 20.00
2017-11-24 21:29:18,847 - DEBUG - profit_threshold: 0.05
2017-11-24 21:29:18,847 - DEBUG - loop_time: 30
2017-11-24 21:29:18,847 - DEBUG - loop_dynamic: True
2017-11-24 21:29:18,847 - DEBUG - live_trading: True
2017-11-24 21:29:18,847 - DEBUG - csv_logging: True
2017-11-24 21:29:18,847 - WARNING - Total USDT trade amount set to a high value. Confirm before continuing.
2017-11-24 21:29:18,847 - WARNING - Total STR trade amount set to a high value. Confirm before continuing.
2017-11-24 21:29:21,317 - INFO - Confirmed. Starting program.
2017-11-24 21:29:21,317 - INFO - Dynamic loop time calculation activated. Base loop time set to 30 seconds.
2017-11-24 21:29:21,317 - INFO - CSV log file path: logs/lorenzbot_log_11242017-212921.csv
2017-11-24 21:29:21,319 - WARNING - Option to delete all existing collections selected.
2017-11-24 21:29:25,012 - INFO - Confirmed. Deleting all collections
2017-11-24 21:29:25,012 - INFO - Dropping all collections from database.
2017-11-24 21:29:25,014 - DEBUG - Dropped collection: 11242017_211109
2017-11-24 21:29:25,014 - INFO - Process complete. Restart program without boolean switch.
