2017-11-24 21:31:30,536 - DEBUG - Parsing arguments.
2017-11-24 21:31:30,537 - DEBUG - clean_collections: True
2017-11-24 21:31:30,537 - DEBUG - trade_amount: 10.00
2017-11-24 21:31:30,537 - DEBUG - amount_dynamic: False
2017-11-24 21:31:30,537 - DEBUG - trade_proportion_initial: 0.05
2017-11-24 21:31:30,537 - DEBUG - trade_usdt_max: 20.00
2017-11-24 21:31:30,537 - DEBUG - profit_threshold: 0.05
2017-11-24 21:31:30,537 - DEBUG - loop_time: 30
2017-11-24 21:31:30,537 - DEBUG - loop_dynamic: True
2017-11-24 21:31:30,537 - DEBUG - live_trading: True
2017-11-24 21:31:30,537 - DEBUG - csv_logging: True
2017-11-24 21:31:30,537 - WARNING - Total USDT trade amount set to a high value. Confirm before continuing.
2017-11-24 21:31:32,258 - INFO - Confirmed. Starting program.
2017-11-24 21:31:32,258 - WARNING - Total STR trade amount set to a high value. Confirm before continuing.
2017-11-24 21:31:37,065 - INFO - Confirmed. Starting program.
2017-11-24 21:31:37,066 - INFO - Dynamic loop time calculation activated. Base loop time set to 30 seconds.
2017-11-24 21:31:37,066 - INFO - CSV log file path: logs/lorenzbot_log_11242017-213137.csv
2017-11-24 21:31:37,068 - WARNING - Option to delete all existing collections selected.
2017-11-24 21:31:41,913 - INFO - Confirmed. Deleting all collections
2017-11-24 21:31:41,913 - INFO - Dropping all collections from database.
2017-11-24 21:31:41,915 - INFO - Process complete. Restart program without boolean switch.
