2017-11-24 16:03:35,875 - DEBUG - Parsing arguments.
2017-11-24 16:03:35,877 - DEBUG - Activated debug logging.
2017-11-24 16:03:35,878 - DEBUG - clean_collections: False
2017-11-24 16:03:35,878 - DEBUG - trade_amount: 10.00
2017-11-24 16:03:35,879 - DEBUG - amount_dynamic: True
2017-11-24 16:03:35,879 - DEBUG - trade_proportion_initial: 0.05
2017-11-24 16:03:35,879 - DEBUG - trade_usdt_max: 1.00
2017-11-24 16:03:35,879 - DEBUG - profit_threshold: 0.05
2017-11-24 16:03:35,879 - DEBUG - loop_time: 20
2017-11-24 16:03:35,880 - DEBUG - loop_dynamic: True
2017-11-24 16:03:35,880 - DEBUG - live_trading: True
2017-11-24 16:03:35,880 - DEBUG - csv_logging: True
2017-11-24 16:03:35,880 - WARNING - Total STR trade amount set to a high value. Confirm before continuing.
2017-11-24 16:03:37,979 - INFO - STR trade amount confirmed.
2017-11-24 16:03:37,980 - INFO - Dynamic loop time calculation activated. Base loop time set to 20 seconds.
2017-11-24 16:03:37,980 - INFO - CSV log file path: logs/lorenzbot_log_11242017-160337.csv
2017-11-24 16:03:37,991 - INFO - Found existing collection: 11242017_155943
2017-11-24 16:03:37,992 - INFO - Found config file: ".config.ini"
2017-11-24 16:03:38,009 - WARNING - Live trading ENABLED.
2017-11-24 16:03:38,591 - INFO - Current Maker Fee: 0.0015
2017-11-24 16:03:38,591 - INFO - Current Taker Fee: 0.0025
2017-11-24 16:03:38,864 - INFO - Balance STR:  0.00
2017-11-24 16:03:38,865 - INFO - Balance USDT: 40.37
2017-11-24 16:03:38,866 - INFO - Collection empty. Setting tradable balance remaining to allowed maximum.
2017-11-24 16:03:38,866 - DEBUG - trade_usdt_remaining: 1.00
2017-11-24 16:03:38,866 - INFO - Tradable USDT Remaining: 1.00
2017-11-24 16:03:38,866 - DEBUG - ----[LOOP START]----
2017-11-24 16:03:38,867 - INFO - ----
2017-11-24 16:03:38,867 - DEBUG - Entering base_price calculation.
2017-11-24 16:03:38,868 - DEBUG - MongoDB collection length: 0
2017-11-24 16:03:38,868 - DEBUG - trade_prop: 0.05000000
2017-11-24 16:03:38,995 - DEBUG - book_total(before): 3443.76676109
2017-11-24 16:03:38,995 - DEBUG - book_total(after): 0.00000000
2017-11-24 16:03:38,995 - DEBUG - amount: 0.05000000
2017-11-24 16:03:38,995 - DEBUG - less_amt: -0.00202000
2017-11-24 16:03:38,995 - DEBUG - actual: 85241.73
2017-11-24 16:03:38,995 - DEBUG - calc_limit_price() successful within limits (depth=20).
2017-11-24 16:03:38,996 - DEBUG - [buy]actual: 85241.73243263
2017-11-24 16:03:38,996 - DEBUG - trade_amount_initial[CALC]: 85241.73
