2017-11-24 15:01:20,028 - DEBUG - Parsing arguments.
2017-11-24 15:01:20,028 - DEBUG - clean_collections: False
2017-11-24 15:01:20,029 - DEBUG - trade_amount: 0.10
2017-11-24 15:01:20,029 - DEBUG - amount_dynamic: False
2017-11-24 15:01:20,029 - DEBUG - trade_proportion_initial: 0.05
2017-11-24 15:01:20,029 - DEBUG - trade_usdt_max: 1.00
2017-11-24 15:01:20,029 - DEBUG - profit_threshold: 0.05
2017-11-24 15:01:20,029 - DEBUG - loop_time: 60
2017-11-24 15:01:20,029 - DEBUG - loop_dynamic: False
2017-11-24 15:01:20,029 - DEBUG - live_trading: False
2017-11-24 15:01:20,030 - DEBUG - csv_logging: True
2017-11-24 15:01:20,030 - INFO - Using fixed loop time of 60 seconds.
2017-11-24 15:01:20,031 - INFO - CSV log file path: logs/lorenzbot_log_11242017-150120.csv
2017-11-24 15:01:20,037 - INFO - No collections found in database. Creating new...
2017-11-24 15:01:20,580 - INFO - Created new collection: 11242017_150120
2017-11-24 15:01:20,581 - INFO - Found config file: ".config.ini"
2017-11-24 15:01:20,613 - INFO - Live trading disabled.
2017-11-24 15:01:21,208 - INFO - Current Maker Fee: 0.0015
2017-11-24 15:01:21,209 - INFO - Current Taker Fee: 0.0025
2017-11-24 15:01:22,173 - INFO - Balance STR:  19.95
2017-11-24 15:01:22,174 - INFO - Balance USDT: 39.56
2017-11-24 15:01:22,176 - INFO - Collection empty. Setting tradable balance remaining to allowed maximum.
2017-11-24 15:01:22,177 - DEBUG - trade_usdt_remaining: 1.00
2017-11-24 15:01:22,177 - INFO - Tradable USDT Remaining: 1.00
2017-11-24 15:01:22,177 - DEBUG - ----[LOOP START]----
2017-11-24 15:01:22,177 - INFO - ----
2017-11-24 15:01:22,177 - DEBUG - Entering base_price calculation.
2017-11-24 15:01:22,181 - DEBUG - MongoDB collection length: 0
2017-11-24 15:01:22,182 - DEBUG - trade_amount_initial[STATIC]: 0.10
2017-11-24 15:01:22,182 - INFO - No trade log found. Making entry buy.
2017-11-24 15:01:22,312 - DEBUG - actual: 0.04108973
2017-11-24 15:01:22,312 - DEBUG - book_tot: 4561.21
2017-11-24 15:01:22,312 - DEBUG - calc_limit_price() successful within limits (depth=20).
2017-11-24 15:01:22,312 - DEBUG - [buy]actual: 0.04108973
2017-11-24 15:01:22,312 - DEBUG - limit_price: 0.04108973
2017-11-24 15:01:22,476 - ERROR - Entry buy failed. Exiting.
Traceback (most recent call last):
  File "lorenzbot_dyn_amt.py", line 185, in calc_base
    exec_trade('buy', limit_price, trade_amount_initial)
  File "lorenzbot_dyn_amt.py", line 316, in exec_trade
    trade_response = polo.buy('USDT_STR', limit, amount, 'immediateOrCancel')
  File "/Users/hunterallen/Documents/crypto/lorenzbot/env/lib/python3.6/site-packages/poloniex/__init__.py", line 430, in buy
    return self.__call__('buy', args)
  File "/Users/hunterallen/Documents/crypto/lorenzbot/env/lib/python3.6/site-packages/poloniex/__init__.py", line 143, in retrying
    return func(*args, **kwargs)
  File "/Users/hunterallen/Documents/crypto/lorenzbot/env/lib/python3.6/site-packages/poloniex/__init__.py", line 203, in __call__
    return self.handleReturned(ret.text)
  File "/Users/hunterallen/Documents/crypto/lorenzbot/env/lib/python3.6/site-packages/poloniex/__init__.py", line 270, in handleReturned
    raise PoloniexError(out['error'])
poloniex.PoloniexError: This API key does not have permission to trade.
