2017-11-24 16:20:27,712 - DEBUG - Parsing arguments.
2017-11-24 16:20:27,713 - DEBUG - Activated debug logging.
2017-11-24 16:20:27,713 - DEBUG - clean_collections: True
2017-11-24 16:20:27,714 - DEBUG - trade_amount: 0.10
2017-11-24 16:20:27,714 - DEBUG - amount_dynamic: True
2017-11-24 16:20:27,714 - DEBUG - trade_proportion_initial: 0.05
2017-11-24 16:20:27,714 - DEBUG - trade_usdt_max: 10.00
2017-11-24 16:20:27,714 - DEBUG - profit_threshold: 0.05
2017-11-24 16:20:27,715 - DEBUG - loop_time: 20
2017-11-24 16:20:27,715 - DEBUG - loop_dynamic: True
2017-11-24 16:20:27,715 - DEBUG - live_trading: True
2017-11-24 16:20:27,715 - DEBUG - csv_logging: True
2017-11-24 16:20:27,715 - WARNING - Total USDT trade amount set to a high value. Confirm before continuing.
2017-11-24 16:20:29,056 - INFO - USDT trade amount confirmed.
2017-11-24 16:20:29,057 - INFO - Dynamic loop time calculation activated. Base loop time set to 20 seconds.
2017-11-24 16:20:29,057 - INFO - CSV log file path: logs/lorenzbot_log_11242017-162029.csv
2017-11-24 16:20:29,064 - WARNING - Option to delete all existing collections selected.
2017-11-24 16:20:29,698 - INFO - Confirmed. Deleting all collections
2017-11-24 16:20:29,698 - INFO - Dropping all collections from database.
2017-11-24 16:20:29,745 - DEBUG - Dropped collection: 11242017_161852
2017-11-24 16:20:29,745 - INFO - Process complete. Restart program without boolean switch.
