2017-11-24 16:14:31,040 - DEBUG - Parsing arguments.
2017-11-24 16:14:31,041 - DEBUG - Activated debug logging.
2017-11-24 16:14:31,042 - DEBUG - clean_collections: True
2017-11-24 16:14:31,043 - DEBUG - trade_amount: 10.00
2017-11-24 16:14:31,043 - DEBUG - amount_dynamic: True
2017-11-24 16:14:31,043 - DEBUG - trade_proportion_initial: 0.05
2017-11-24 16:14:31,044 - DEBUG - trade_usdt_max: 10.00
2017-11-24 16:14:31,044 - DEBUG - profit_threshold: 0.05
2017-11-24 16:14:31,045 - DEBUG - loop_time: 20
2017-11-24 16:14:31,045 - DEBUG - loop_dynamic: True
2017-11-24 16:14:31,046 - DEBUG - live_trading: True
2017-11-24 16:14:31,047 - DEBUG - csv_logging: True
2017-11-24 16:14:31,047 - WARNING - Total USDT trade amount set to a high value. Confirm before continuing.
2017-11-24 16:14:32,143 - INFO - USDT trade amount confirmed.
2017-11-24 16:14:32,152 - WARNING - Total STR trade amount set to a high value. Confirm before continuing.
2017-11-24 16:14:32,922 - INFO - STR trade amount confirmed.
2017-11-24 16:14:32,922 - INFO - Dynamic loop time calculation activated. Base loop time set to 20 seconds.
2017-11-24 16:14:32,922 - INFO - CSV log file path: logs/lorenzbot_log_11242017-161432.csv
2017-11-24 16:14:32,937 - WARNING - Option to delete all existing collections selected.
2017-11-24 16:14:33,897 - INFO - Confirmed. Deleting all collections
2017-11-24 16:14:33,906 - INFO - Dropping all collections from database.
2017-11-24 16:14:33,989 - DEBUG - Dropped collection: 11242017_161352
2017-11-24 16:14:33,990 - INFO - Process complete. Restart program without boolean switch.
