2017-11-25 16:04:07,328 - DEBUG - Parsing arguments.
2017-11-25 16:04:07,329 - DEBUG - Activated debug logging.
2017-11-25 16:04:07,329 - DEBUG - clean_collections: True
2017-11-25 16:04:07,330 - DEBUG - trade_amount: 1.00
2017-11-25 16:04:07,330 - DEBUG - amount_dynamic: True
2017-11-25 16:04:07,330 - DEBUG - trade_proportion_initial: 0.05
2017-11-25 16:04:07,330 - DEBUG - trade_usdt_max: 1.00
2017-11-25 16:04:07,331 - DEBUG - profit_threshold: 0.05
2017-11-25 16:04:07,331 - DEBUG - loop_time: 20
2017-11-25 16:04:07,331 - DEBUG - loop_dynamic: True
2017-11-25 16:04:07,331 - DEBUG - live_trading: True
2017-11-25 16:04:07,331 - DEBUG - csv_logging: True
2017-11-25 16:04:07,332 - DEBUG - telegram_active: True
2017-11-25 16:04:07,332 - DEBUG - mongo_alt: False
2017-11-25 16:04:07,334 - INFO - Using default MongoDB database 'lorenzbot'.
2017-11-25 16:04:07,334 - WARNING - Option to delete all existing collections selected.
2017-11-25 16:04:10,003 - INFO - Confirmed. Deleting all collections
2017-11-25 16:04:10,003 - INFO - Dropping all collections from database.
2017-11-25 16:04:10,131 - DEBUG - Dropped collection: 11252017_155920
2017-11-25 16:04:10,132 - INFO - Process complete. Restart program without boolean switch.
