2017-11-25 01:57:55,436 - DEBUG - Parsing arguments.
2017-11-25 01:57:55,437 - DEBUG - Activated debug logging.
2017-11-25 01:57:55,437 - DEBUG - clean_collections: True
2017-11-25 01:57:55,437 - DEBUG - trade_amount: 0.10
2017-11-25 01:57:55,438 - DEBUG - amount_dynamic: True
2017-11-25 01:57:55,438 - DEBUG - trade_proportion_initial: 0.05
2017-11-25 01:57:55,438 - DEBUG - trade_usdt_max: 1.00
2017-11-25 01:57:55,438 - DEBUG - profit_threshold: 0.05
2017-11-25 01:57:55,438 - DEBUG - loop_time: 20
2017-11-25 01:57:55,438 - DEBUG - loop_dynamic: True
2017-11-25 01:57:55,439 - DEBUG - live_trading: True
2017-11-25 01:57:55,439 - DEBUG - csv_logging: True
2017-11-25 01:57:55,439 - DEBUG - telegram_active: True
2017-11-25 01:57:55,439 - DEBUG - mongo_alt: False
2017-11-25 01:57:55,441 - INFO - Using default MongoDB database 'lorenzbot'.
2017-11-25 01:57:55,441 - WARNING - Option to delete all existing collections selected.
2017-11-25 01:57:57,082 - INFO - Confirmed. Deleting all collections
2017-11-25 01:57:57,083 - INFO - Dropping all collections from database.
2017-11-25 01:57:57,093 - DEBUG - Dropped collection: 11252017_015644
2017-11-25 01:57:57,094 - INFO - Process complete. Restart program without boolean switch.
