2017-11-25 16:32:07,745 - DEBUG - Parsing arguments.
2017-11-25 16:32:07,745 - DEBUG - clean_collections: False
2017-11-25 16:32:07,746 - DEBUG - trade_amount: 10.00
2017-11-25 16:32:07,746 - DEBUG - amount_dynamic: True
2017-11-25 16:32:07,746 - DEBUG - trade_proportion_initial: 0.05
2017-11-25 16:32:07,746 - DEBUG - trade_usdt_max: 1.00
2017-11-25 16:32:07,746 - DEBUG - profit_threshold: 0.05
2017-11-25 16:32:07,746 - DEBUG - loop_time: 20
2017-11-25 16:32:07,746 - DEBUG - loop_dynamic: True
2017-11-25 16:32:07,746 - DEBUG - live_trading: True
2017-11-25 16:32:07,746 - DEBUG - csv_logging: True
2017-11-25 16:32:07,746 - DEBUG - telegram_active: True
2017-11-25 16:32:07,746 - DEBUG - mongo_alt: False
2017-11-25 16:32:07,747 - WARNING - Total STR trade amount set to a high value. Confirm before continuing.
2017-11-25 16:32:09,182 - INFO - STR trade amount confirmed.
2017-11-25 16:32:09,190 - INFO - Dynamic loop time calculation activated. Base loop time set to 20 seconds.
2017-11-25 16:32:09,190 - INFO - CSV log file path: logs/lorenzbot_log_11252017-163209.csv
2017-11-25 16:32:09,194 - INFO - Using default MongoDB database 'lorenzbot'.
2017-11-25 16:32:09,209 - INFO - No collections found in database. Creating new...
2017-11-25 16:32:09,564 - INFO - Created new collection: 11252017_163209
2017-11-25 16:32:09,565 - INFO - Found Telegram config file.
2017-11-25 16:32:09,582 - DEBUG - telegram_token: 411687950:AAFOIzovAmjDoy_0qJeBfdtzTFkM74BI0Fs
2017-11-25 16:32:09,584 - INFO - Found Poloniex config file.
2017-11-25 16:32:09,624 - WARNING - Live trading ENABLED.
2017-11-25 16:32:10,214 - INFO - Current Maker Fee: 0.0015
2017-11-25 16:32:10,215 - INFO - Current Taker Fee: 0.0025
2017-11-25 16:32:10,470 - INFO - Balance STR:  1.04
2017-11-25 16:32:10,470 - INFO - Balance USDT: 40.77
2017-11-25 16:32:10,472 - INFO - Collection empty. Setting tradable balance remaining to allowed maximum.
2017-11-25 16:32:10,472 - DEBUG - trade_usdt_remaining: 1.00
2017-11-25 16:32:10,472 - INFO - Tradable USDT Remaining: 1.00
2017-11-25 16:32:10,472 - INFO - --------------------
2017-11-25 16:32:10,472 - DEBUG - Entering base_price calculation.
2017-11-25 16:32:10,473 - DEBUG - MongoDB collection length: 0
2017-11-25 16:32:10,473 - DEBUG - trade_prop: 0.05000000
2017-11-25 16:32:10,716 - DEBUG - actual: 1.10000000
2017-11-25 16:32:10,716 - DEBUG - book_tot: 0.09
2017-11-25 16:32:10,716 - DEBUG - calc_limit_price() successful within limits (depth=20).
2017-11-25 16:32:10,717 - DEBUG - trade_amount_initial[CALC]: 1.10
2017-11-25 16:32:10,717 - INFO - No trade log found. Making entry buy.
2017-11-25 16:32:10,717 - INFO - Entry trade amount: 1.1000
2017-11-25 16:32:11,040 - DEBUG - actual: 0.04382000
2017-11-25 16:32:11,040 - DEBUG - book_tot: 3918.62
2017-11-25 16:32:11,040 - DEBUG - actual: 0.04382000
2017-11-25 16:32:11,040 - DEBUG - book_tot: 3918.62
2017-11-25 16:32:11,040 - DEBUG - calc_limit_price() successful within limits (depth=20).
2017-11-25 16:32:11,040 - DEBUG - limit_price: 0.04382000
2017-11-25 16:32:11,461 - DEBUG - [BUY] trade_response: {'orderNumber': '39817414853', 'resultingTrades': [{'amount': '0.01000000', 'date': '2017-11-25 22:32:10', 'rate': '0.04359900', 'total': '0.00043599', 'tradeID': '1787484', 'type': 'buy'}, {'amount': '0.01000000', 'date': '2017-11-25 22:32:10', 'rate': '0.04360900', 'total': '0.00043609', 'tradeID': '1787485', 'type': 'buy'}, {'amount': '0.01000000', 'date': '2017-11-25 22:32:10', 'rate': '0.04361900', 'total': '0.00043619', 'tradeID': '1787486', 'type': 'buy'}, {'amount': '0.01000000', 'date': '2017-11-25 22:32:10', 'rate': '0.04362900', 'total': '0.00043629', 'tradeID': '1787487', 'type': 'buy'}, {'amount': '0.01000000', 'date': '2017-11-25 22:32:10', 'rate': '0.04363900', 'total': '0.00043639', 'tradeID': '1787488', 'type': 'buy'}, {'amount': '0.01000000', 'date': '2017-11-25 22:32:10', 'rate': '0.04364900', 'total': '0.00043649', 'tradeID': '1787489', 'type': 'buy'}, {'amount': '0.01000000', 'date': '2017-11-25 22:32:10', 'rate': '0.04365900', 'total': '0.00043659', 'tradeID': '1787490', 'type': 'buy'}, {'amount': '0.01000000', 'date': '2017-11-25 22:32:10', 'rate': '0.04366900', 'total': '0.00043669', 'tradeID': '1787491', 'type': 'buy'}, {'amount': '0.01000000', 'date': '2017-11-25 22:32:10', 'rate': '0.04367900', 'total': '0.00043679', 'tradeID': '1787492', 'type': 'buy'}, {'amount': '0.01000000', 'date': '2017-11-25 22:32:10', 'rate': '0.04379000', 'total': '0.00043790', 'tradeID': '1787493', 'type': 'buy'}, {'amount': '1.00000000', 'date': '2017-11-25 22:32:10', 'rate': '0.04382000', 'total': '0.04382000', 'tradeID': '1787494', 'type': 'buy'}], 'amountUnfilled': '0.00000000'}
2017-11-25 16:32:11,767 - DEBUG - returnOrderTrades: [{'globalTradeID': 269493530, 'tradeID': 1787494, 'currencyPair': 'USDT_STR', 'type': 'buy', 'rate': '0.04382000', 'amount': '1.00000000', 'total': '0.04382000', 'fee': '0.00250000', 'date': '2017-11-25 22:32:10'}, {'globalTradeID': 269493529, 'tradeID': 1787493, 'currencyPair': 'USDT_STR', 'type': 'buy', 'rate': '0.04379000', 'amount': '0.01000000', 'total': '0.00043790', 'fee': '0.00250000', 'date': '2017-11-25 22:32:10'}, {'globalTradeID': 269493528, 'tradeID': 1787492, 'currencyPair': 'USDT_STR', 'type': 'buy', 'rate': '0.04367900', 'amount': '0.01000000', 'total': '0.00043679', 'fee': '0.00250000', 'date': '2017-11-25 22:32:10'}, {'globalTradeID': 269493527, 'tradeID': 1787491, 'currencyPair': 'USDT_STR', 'type': 'buy', 'rate': '0.04366900', 'amount': '0.01000000', 'total': '0.00043669', 'fee': '0.00250000', 'date': '2017-11-25 22:32:10'}, {'globalTradeID': 269493526, 'tradeID': 1787490, 'currencyPair': 'USDT_STR', 'type': 'buy', 'rate': '0.04365900', 'amount': '0.01000000', 'total': '0.00043659', 'fee': '0.00250000', 'date': '2017-11-25 22:32:10'}, {'globalTradeID': 269493525, 'tradeID': 1787489, 'currencyPair': 'USDT_STR', 'type': 'buy', 'rate': '0.04364900', 'amount': '0.01000000', 'total': '0.00043649', 'fee': '0.00250000', 'date': '2017-11-25 22:32:10'}, {'globalTradeID': 269493524, 'tradeID': 1787488, 'currencyPair': 'USDT_STR', 'type': 'buy', 'rate': '0.04363900', 'amount': '0.01000000', 'total': '0.00043639', 'fee': '0.00250000', 'date': '2017-11-25 22:32:10'}, {'globalTradeID': 269493523, 'tradeID': 1787487, 'currencyPair': 'USDT_STR', 'type': 'buy', 'rate': '0.04362900', 'amount': '0.01000000', 'total': '0.00043629', 'fee': '0.00250000', 'date': '2017-11-25 22:32:10'}, {'globalTradeID': 269493522, 'tradeID': 1787486, 'currencyPair': 'USDT_STR', 'type': 'buy', 'rate': '0.04361900', 'amount': '0.01000000', 'total': '0.00043619', 'fee': '0.00250000', 'date': '2017-11-25 22:32:10'}, {'globalTradeID': 269493521, 'tradeID': 1787485, 'currencyPair': 'USDT_STR', 'type': 'buy', 'rate': '0.04360900', 'amount': '0.01000000', 'total': '0.00043609', 'fee': '0.00250000', 'date': '2017-11-25 22:32:10'}, {'globalTradeID': 269493520, 'tradeID': 1787484, 'currencyPair': 'USDT_STR', 'type': 'buy', 'rate': '0.04359900', 'amount': '0.01000000', 'total': '0.00043599', 'fee': '0.00250000', 'date': '2017-11-25 22:32:10'}]
2017-11-25 16:32:11,768 - DEBUG - trade_date: 2017-11-25 22:32:10
2017-11-25 16:32:11,768 - DEBUG - len(order_trades): 11
2017-11-25 16:32:11,768 - DEBUG - len(order_list): 11
2017-11-25 16:32:11,768 - DEBUG - order_list: [[Decimal('0.9975000000000000'), Decimal('0.04382000')], [Decimal('0.0099750000000000'), Decimal('0.04379000')], [Decimal('0.0099750000000000'), Decimal('0.04367900')], [Decimal('0.0099750000000000'), Decimal('0.04366900')], [Decimal('0.0099750000000000'), Decimal('0.04365900')], [Decimal('0.0099750000000000'), Decimal('0.04364900')], [Decimal('0.0099750000000000'), Decimal('0.04363900')], [Decimal('0.0099750000000000'), Decimal('0.04362900')], [Decimal('0.0099750000000000'), Decimal('0.04361900')], [Decimal('0.0099750000000000'), Decimal('0.04360900')], [Decimal('0.0099750000000000'), Decimal('0.04359900')]]
2017-11-25 16:32:11,768 - DEBUG - rate_calc_total:    0.04806495
2017-11-25 16:32:11,768 - DEBUG - amount_total:       1.09725000
2017-11-25 16:32:11,768 - DEBUG - order_average_rate: 0.04380492
2017-11-25 16:32:11,768 - DEBUG - Calc. Error Margin: 8.90
2017-11-25 16:32:11,768 - DEBUG - [BUY] order_details: {'date': '2017-11-25 22:32:10', 'amount': Decimal('1.0972500000000000'), 'rate': Decimal('0.04380491818181818181818181818')}
2017-11-25 16:32:11,770 - DEBUG - [BUY] mongo_response: <pymongo.results.InsertOneResult object at 0x107373f88>
2017-11-25 16:32:11,770 - INFO - Buy logged to MongoDB database collection 11252017_163209
2017-11-25 16:32:11,770 - DEBUG - Entering base_price calculation.
2017-11-25 16:32:11,771 - DEBUG - MongoDB collection length: 1
2017-11-25 16:32:11,772 - DEBUG - trade_total[spent]: 0.04806495
2017-11-25 16:32:11,774 - DEBUG - agg: [{'_id': None, 'total_bought': 1.09725}]
2017-11-25 16:32:11,774 - DEBUG - trade_total[bought]: 1.09725000
2017-11-25 16:32:11,774 - DEBUG - rate_avg: 0.04380492
2017-11-25 16:32:11,774 - DEBUG - csv_list: ['2017-11-25 22:32:10', 'buy', '1.09725000', '0.04380492', '0.00000000', '0.04380492']
2017-11-25 16:32:11,774 - INFO - Logging trade details to csv file.
2017-11-25 16:32:11,775 - INFO - Sending Telegram alert.
2017-11-25 16:32:11,776 - DEBUG - trade_message: Bought 1.0972 @ 0.0438
2017-11-25 16:32:11,776 - DEBUG - No Telegram users connected. Skipping alert.
2017-11-25 16:32:11,777 - DEBUG - MongoDB collection length: 1
2017-11-25 16:32:11,778 - DEBUG - trade_total[spent]: 0.04806495
2017-11-25 16:32:11,779 - DEBUG - agg: [{'_id': None, 'total_bought': 1.09725}]
2017-11-25 16:32:11,779 - DEBUG - trade_total[bought]: 1.09725000
2017-11-25 16:32:11,779 - DEBUG - rate_avg: 0.04380492
2017-11-25 16:32:11,779 - DEBUG - base_price: 0.04380492
2017-11-25 16:32:11,779 - INFO - Base Price: 0.0438
2017-11-25 16:32:11,779 - DEBUG - base_price_target: 0.04369541
2017-11-25 16:32:11,780 - INFO - Base Price Target: 0.0437
2017-11-25 16:32:12,067 - INFO - Balance STR:  2.13465000
2017-11-25 16:32:12,068 - INFO - Balance USDT: 40.7202
2017-11-25 16:32:12,089 - DEBUG - agg: [{'_id': None, 'total_bought': 1.09725}]
2017-11-25 16:32:12,090 - DEBUG - trade_total[bought]: 1.09725000
2017-11-25 16:32:12,090 - DEBUG - total_bought_str: 1.09725000
2017-11-25 16:32:12,090 - INFO - Total STR Bought: 1.0973
2017-11-25 16:32:12,092 - DEBUG - trade_total[spent]: 0.04806495
2017-11-25 16:32:12,092 - DEBUG - total_spent_usdt: 0.04806495
2017-11-25 16:32:12,092 - INFO - Total USDT Spent: 0.0481
2017-11-25 16:32:12,092 - DEBUG - trade_usdt_remaining: 0.9519
2017-11-25 16:32:12,242 - DEBUG - actual: 0.04382000
2017-11-25 16:32:12,242 - DEBUG - book_tot: 3917.53
2017-11-25 16:32:12,242 - DEBUG - actual: 0.04382000
2017-11-25 16:32:12,242 - DEBUG - book_tot: 3917.53
2017-11-25 16:32:12,243 - DEBUG - calc_limit_price() successful within limits (depth=20).
2017-11-25 16:32:12,243 - DEBUG - diff: -0.000344
2017-11-25 16:32:12,243 - INFO - Price Difference from Base: -0.0344%
2017-11-25 16:32:12,243 - DEBUG - trade_proportion_low: 0.05
2017-11-25 16:32:12,245 - DEBUG - trade_proportion_high: 0.50
2017-11-25 16:32:12,245 - DEBUG - trade_proportion_adj: 0.05
2017-11-25 16:32:12,245 - DEBUG - trade_usdt_remaining: 0.95
2017-11-25 16:32:12,245 - ERROR - unsupported operand type(s) for *: 'float' and 'decimal.Decimal'
Traceback (most recent call last):
  File "lorenzbot.py", line 837, in <module>
    buy_amount_current = calc_dynamic('amount', base_price, calc_limit_price(trade_amount, 'buy'))
  File "lorenzbot.py", line 605, in calc_dynamic
    amount_usdt = trade_usdt_remaining * trade_proportion_adj  # USDT
TypeError: unsupported operand type(s) for *: 'float' and 'decimal.Decimal'
2017-11-25 16:32:12,247 - INFO - --------------------
2017-11-25 16:32:12,248 - DEBUG - Entering base_price calculation.
2017-11-25 16:32:12,249 - DEBUG - MongoDB collection length: 1
2017-11-25 16:32:12,250 - DEBUG - trade_total[spent]: 0.04806495
2017-11-25 16:32:12,252 - DEBUG - agg: [{'_id': None, 'total_bought': 1.09725}]
2017-11-25 16:32:12,252 - DEBUG - trade_total[bought]: 1.09725000
2017-11-25 16:32:12,252 - DEBUG - rate_avg: 0.04380492
2017-11-25 16:32:12,253 - DEBUG - base_price: 0.04380492
2017-11-25 16:32:12,254 - INFO - Base Price: 0.0438
2017-11-25 16:32:12,254 - DEBUG - base_price_target: 0.04369541
2017-11-25 16:32:12,256 - INFO - Base Price Target: 0.0437
2017-11-25 16:32:12,588 - INFO - Balance STR:  2.13465000
2017-11-25 16:32:12,588 - INFO - Balance USDT: 40.7202
2017-11-25 16:32:12,590 - DEBUG - agg: [{'_id': None, 'total_bought': 1.09725}]
2017-11-25 16:32:12,590 - DEBUG - trade_total[bought]: 1.09725000
2017-11-25 16:32:12,590 - DEBUG - total_bought_str: 1.09725000
2017-11-25 16:32:12,590 - INFO - Total STR Bought: 1.0973
2017-11-25 16:32:12,592 - DEBUG - trade_total[spent]: 0.04806495
2017-11-25 16:32:12,592 - DEBUG - total_spent_usdt: 0.04806495
2017-11-25 16:32:12,592 - INFO - Total USDT Spent: 0.0481
2017-11-25 16:32:12,593 - DEBUG - trade_usdt_remaining: 0.9519
2017-11-25 16:32:12,817 - DEBUG - actual: 0.04382000
2017-11-25 16:32:12,818 - DEBUG - book_tot: 3917.53
2017-11-25 16:32:12,818 - DEBUG - actual: 0.04382000
2017-11-25 16:32:12,818 - DEBUG - book_tot: 3917.53
2017-11-25 16:32:12,818 - DEBUG - calc_limit_price() successful within limits (depth=20).
2017-11-25 16:32:12,818 - DEBUG - diff: -0.000344
2017-11-25 16:32:12,818 - INFO - Price Difference from Base: -0.0344%
2017-11-25 16:32:12,818 - DEBUG - trade_proportion_low: 0.05
2017-11-25 16:32:12,818 - DEBUG - trade_proportion_high: 0.50
2017-11-25 16:32:12,819 - DEBUG - trade_proportion_adj: 0.05
2017-11-25 16:32:12,819 - DEBUG - trade_usdt_remaining: 0.95
2017-11-25 16:32:12,819 - ERROR - unsupported operand type(s) for *: 'float' and 'decimal.Decimal'
Traceback (most recent call last):
  File "lorenzbot.py", line 837, in <module>
    buy_amount_current = calc_dynamic('amount', base_price, calc_limit_price(trade_amount, 'buy'))
  File "lorenzbot.py", line 605, in calc_dynamic
    amount_usdt = trade_usdt_remaining * trade_proportion_adj  # USDT
TypeError: unsupported operand type(s) for *: 'float' and 'decimal.Decimal'
2017-11-25 16:32:12,819 - INFO - --------------------
2017-11-25 16:32:12,819 - DEBUG - Entering base_price calculation.
2017-11-25 16:32:12,821 - DEBUG - MongoDB collection length: 1
2017-11-25 16:32:12,825 - DEBUG - trade_total[spent]: 0.04806495
2017-11-25 16:32:12,827 - DEBUG - agg: [{'_id': None, 'total_bought': 1.09725}]
2017-11-25 16:32:12,827 - DEBUG - trade_total[bought]: 1.09725000
2017-11-25 16:32:12,827 - DEBUG - rate_avg: 0.04380492
2017-11-25 16:32:12,827 - DEBUG - base_price: 0.04380492
2017-11-25 16:32:12,827 - INFO - Base Price: 0.0438
2017-11-25 16:32:12,828 - DEBUG - base_price_target: 0.04369541
2017-11-25 16:32:12,828 - INFO - Base Price Target: 0.0437
2017-11-25 16:32:13,057 - INFO - Balance STR:  2.13465000
2017-11-25 16:32:13,058 - INFO - Balance USDT: 40.7202
2017-11-25 16:32:13,060 - DEBUG - agg: [{'_id': None, 'total_bought': 1.09725}]
2017-11-25 16:32:13,061 - DEBUG - trade_total[bought]: 1.09725000
2017-11-25 16:32:13,061 - DEBUG - total_bought_str: 1.09725000
2017-11-25 16:32:13,061 - INFO - Total STR Bought: 1.0973
2017-11-25 16:32:13,063 - DEBUG - trade_total[spent]: 0.04806495
2017-11-25 16:32:13,064 - DEBUG - total_spent_usdt: 0.04806495
2017-11-25 16:32:13,064 - INFO - Total USDT Spent: 0.0481
2017-11-25 16:32:13,065 - DEBUG - trade_usdt_remaining: 0.9519
2017-11-25 16:32:13,328 - DEBUG - actual: 0.04382000
2017-11-25 16:32:13,328 - DEBUG - book_tot: 3917.53
2017-11-25 16:32:13,328 - DEBUG - actual: 0.04382000
2017-11-25 16:32:13,329 - DEBUG - book_tot: 3917.53
2017-11-25 16:32:13,329 - DEBUG - calc_limit_price() successful within limits (depth=20).
2017-11-25 16:32:13,329 - DEBUG - diff: -0.000344
2017-11-25 16:32:13,329 - INFO - Price Difference from Base: -0.0344%
2017-11-25 16:32:13,330 - DEBUG - trade_proportion_low: 0.05
2017-11-25 16:32:13,330 - DEBUG - trade_proportion_high: 0.50
2017-11-25 16:32:13,330 - DEBUG - trade_proportion_adj: 0.05
2017-11-25 16:32:13,330 - DEBUG - trade_usdt_remaining: 0.95
2017-11-25 16:32:13,330 - ERROR - unsupported operand type(s) for *: 'float' and 'decimal.Decimal'
Traceback (most recent call last):
  File "lorenzbot.py", line 837, in <module>
    buy_amount_current = calc_dynamic('amount', base_price, calc_limit_price(trade_amount, 'buy'))
  File "lorenzbot.py", line 605, in calc_dynamic
    amount_usdt = trade_usdt_remaining * trade_proportion_adj  # USDT
TypeError: unsupported operand type(s) for *: 'float' and 'decimal.Decimal'
2017-11-25 16:32:13,331 - INFO - --------------------
2017-11-25 16:32:13,331 - DEBUG - Entering base_price calculation.
2017-11-25 16:32:13,333 - DEBUG - MongoDB collection length: 1
2017-11-25 16:32:13,335 - DEBUG - trade_total[spent]: 0.04806495
2017-11-25 16:32:13,336 - DEBUG - agg: [{'_id': None, 'total_bought': 1.09725}]
2017-11-25 16:32:13,336 - DEBUG - trade_total[bought]: 1.09725000
2017-11-25 16:32:13,336 - DEBUG - rate_avg: 0.04380492
2017-11-25 16:32:13,337 - DEBUG - base_price: 0.04380492
2017-11-25 16:32:13,337 - INFO - Base Price: 0.0438
2017-11-25 16:32:13,337 - DEBUG - base_price_target: 0.04369541
2017-11-25 16:32:13,337 - INFO - Base Price Target: 0.0437
2017-11-25 16:32:13,808 - INFO - Balance STR:  2.13465000
2017-11-25 16:32:13,808 - INFO - Balance USDT: 40.7202
2017-11-25 16:32:13,818 - DEBUG - agg: [{'_id': None, 'total_bought': 1.09725}]
2017-11-25 16:32:13,818 - DEBUG - trade_total[bought]: 1.09725000
2017-11-25 16:32:13,818 - DEBUG - total_bought_str: 1.09725000
2017-11-25 16:32:13,818 - INFO - Total STR Bought: 1.0973
2017-11-25 16:32:13,820 - DEBUG - trade_total[spent]: 0.04806495
2017-11-25 16:32:13,820 - DEBUG - total_spent_usdt: 0.04806495
2017-11-25 16:32:13,820 - INFO - Total USDT Spent: 0.0481
2017-11-25 16:32:13,820 - DEBUG - trade_usdt_remaining: 0.9519
2017-11-25 16:32:14,039 - DEBUG - actual: 0.04382000
2017-11-25 16:32:14,039 - DEBUG - book_tot: 3917.53
2017-11-25 16:32:14,039 - DEBUG - actual: 0.04382000
2017-11-25 16:32:14,039 - DEBUG - book_tot: 3917.53
2017-11-25 16:32:14,039 - DEBUG - calc_limit_price() successful within limits (depth=20).
2017-11-25 16:32:14,039 - DEBUG - diff: -0.000344
2017-11-25 16:32:14,039 - INFO - Price Difference from Base: -0.0344%
2017-11-25 16:32:14,039 - DEBUG - trade_proportion_low: 0.05
2017-11-25 16:32:14,040 - DEBUG - trade_proportion_high: 0.50
2017-11-25 16:32:14,040 - DEBUG - trade_proportion_adj: 0.05
2017-11-25 16:32:14,040 - DEBUG - trade_usdt_remaining: 0.95
2017-11-25 16:32:14,040 - ERROR - unsupported operand type(s) for *: 'float' and 'decimal.Decimal'
Traceback (most recent call last):
  File "lorenzbot.py", line 837, in <module>
    buy_amount_current = calc_dynamic('amount', base_price, calc_limit_price(trade_amount, 'buy'))
  File "lorenzbot.py", line 605, in calc_dynamic
    amount_usdt = trade_usdt_remaining * trade_proportion_adj  # USDT
TypeError: unsupported operand type(s) for *: 'float' and 'decimal.Decimal'
2017-11-25 16:32:14,040 - INFO - --------------------
2017-11-25 16:32:14,040 - DEBUG - Entering base_price calculation.
2017-11-25 16:32:14,045 - DEBUG - MongoDB collection length: 1
2017-11-25 16:32:14,047 - DEBUG - trade_total[spent]: 0.04806495
2017-11-25 16:32:14,048 - DEBUG - agg: [{'_id': None, 'total_bought': 1.09725}]
2017-11-25 16:32:14,048 - DEBUG - trade_total[bought]: 1.09725000
2017-11-25 16:32:14,048 - DEBUG - rate_avg: 0.04380492
2017-11-25 16:32:14,048 - DEBUG - base_price: 0.04380492
2017-11-25 16:32:14,049 - INFO - Base Price: 0.0438
2017-11-25 16:32:14,049 - DEBUG - base_price_target: 0.04369541
2017-11-25 16:32:14,049 - INFO - Base Price Target: 0.0437
2017-11-25 16:32:14,153 - INFO - Exit signal received.
2017-11-25 16:32:14,153 - INFO - Mongo write errors: 0
2017-11-25 16:32:14,153 - INFO - CSV write errors: 0
