2017-11-25 01:56:44,861 - DEBUG - Parsing arguments.
2017-11-25 01:56:44,861 - DEBUG - Activated debug logging.
2017-11-25 01:56:44,862 - DEBUG - clean_collections: False
2017-11-25 01:56:44,862 - DEBUG - trade_amount: 0.10
2017-11-25 01:56:44,862 - DEBUG - amount_dynamic: True
2017-11-25 01:56:44,862 - DEBUG - trade_proportion_initial: 0.05
2017-11-25 01:56:44,867 - DEBUG - trade_usdt_max: 1.00
2017-11-25 01:56:44,867 - DEBUG - profit_threshold: 0.05
2017-11-25 01:56:44,868 - DEBUG - loop_time: 20
2017-11-25 01:56:44,868 - DEBUG - loop_dynamic: True
2017-11-25 01:56:44,869 - DEBUG - live_trading: True
2017-11-25 01:56:44,869 - DEBUG - csv_logging: True
2017-11-25 01:56:44,869 - DEBUG - telegram_active: True
2017-11-25 01:56:44,870 - DEBUG - mongo_alt: False
2017-11-25 01:56:44,870 - INFO - Dynamic loop time calculation activated. Base loop time set to 20 seconds.
2017-11-25 01:56:44,871 - INFO - CSV log file path: logs/lorenzbot_log_11252017-015644.csv
2017-11-25 01:56:44,878 - INFO - Using default MongoDB database 'lorenzbot'.
2017-11-25 01:56:44,885 - INFO - No collections found in database. Creating new...
2017-11-25 01:56:45,339 - INFO - Created new collection: 11252017_015644
2017-11-25 01:56:45,340 - INFO - Found Telegram config file.
2017-11-25 01:56:45,365 - DEBUG - telegram_token: 411687950:AAFOIzovAmjDoy_0qJeBfdtzTFkM74BI0Fs
2017-11-25 01:56:45,368 - INFO - Found Poloniex config file.
2017-11-25 01:56:45,391 - WARNING - Live trading ENABLED.
2017-11-25 01:56:45,931 - INFO - Current Maker Fee: 0.0015
2017-11-25 01:56:45,932 - INFO - Current Taker Fee: 0.0025
2017-11-25 01:56:46,358 - INFO - Balance STR:  245.38
2017-11-25 01:56:46,358 - INFO - Balance USDT: 30.29
2017-11-25 01:56:46,360 - INFO - Collection empty. Setting tradable balance remaining to allowed maximum.
2017-11-25 01:56:46,360 - DEBUG - trade_usdt_remaining: 1.00
2017-11-25 01:56:46,360 - INFO - Tradable USDT Remaining: 1.00
2017-11-25 01:56:46,360 - DEBUG - ----[LOOP START]----
2017-11-25 01:56:46,361 - DEBUG - Entering base_price calculation.
2017-11-25 01:56:46,362 - DEBUG - MongoDB collection length: 0
2017-11-25 01:56:46,362 - DEBUG - trade_prop: 0.05000000
2017-11-25 01:56:47,228 - DEBUG - actual: 1.00000000
2017-11-25 01:56:47,229 - DEBUG - book_tot: 0.08
2017-11-25 01:56:47,229 - DEBUG - calc_limit_price() successful within limits (depth=20).
2017-11-25 01:56:47,229 - DEBUG - trade_amount_initial[CALC]: 1.00
2017-11-25 01:56:47,229 - INFO - No trade log found. Making entry buy.
2017-11-25 01:56:47,229 - INFO - Entry trade amount: 1.00000000
2017-11-25 01:56:47,556 - DEBUG - actual: 0.04140000
2017-11-25 01:56:47,556 - DEBUG - book_tot: 35891.92
2017-11-25 01:56:47,557 - DEBUG - actual: 0.04140000
2017-11-25 01:56:47,557 - DEBUG - book_tot: 35891.92
2017-11-25 01:56:47,557 - DEBUG - calc_limit_price() successful within limits (depth=20).
2017-11-25 01:56:47,557 - DEBUG - limit_price: 0.04140000
2017-11-25 01:56:48,022 - DEBUG - [BUY] trade_response: {'orderNumber': '39718070297', 'resultingTrades': [{'amount': '1.00000000', 'date': '2017-11-25 07:56:46', 'rate': '0.04140000', 'total': '0.04140000', 'tradeID': '1751587', 'type': 'buy'}], 'amountUnfilled': '0.00000000'}
2017-11-25 01:56:48,281 - DEBUG - returnOrderTrades: [{'globalTradeID': 268939265, 'tradeID': 1751587, 'currencyPair': 'USDT_STR', 'type': 'buy', 'rate': '0.04140000', 'amount': '1.00000000', 'total': '0.04140000', 'fee': '0.00250000', 'date': '2017-11-25 07:56:46'}]
2017-11-25 01:56:48,281 - DEBUG - trade_date: 2017-11-25 07:56:46
2017-11-25 01:56:48,281 - DEBUG - len(order_trades): 1
2017-11-25 01:56:48,282 - DEBUG - len(order_list): 1
2017-11-25 01:56:48,282 - DEBUG - order_list: [[Decimal('0.9975000000000000'), Decimal('0.04140000')]]
2017-11-25 01:56:48,282 - DEBUG - rate_calc_total:    0.04129650
2017-11-25 01:56:48,282 - DEBUG - amount_total:       0.99750000
2017-11-25 01:56:48,282 - DEBUG - order_average_rate: 0.04140000
2017-11-25 01:56:48,283 - DEBUG - Calc. Error Margin: -0.90
2017-11-25 01:56:48,283 - DEBUG - [BUY] order_details: {'date': '2017-11-25 07:56:46', 'amount': Decimal('0.9975000000000000'), 'rate': Decimal('0.04140000')}
2017-11-25 01:56:48,286 - DEBUG - [BUY] mongo_response: <pymongo.results.InsertOneResult object at 0x102d73f88>
2017-11-25 01:56:48,286 - DEBUG - Entering base_price calculation.
2017-11-25 01:56:48,287 - DEBUG - MongoDB collection length: 1
2017-11-25 01:56:48,288 - DEBUG - trade_total[spent]: 0.04129650
2017-11-25 01:56:48,288 - DEBUG - agg: [{'_id': None, 'total_bought': 0.9975}]
2017-11-25 01:56:48,289 - DEBUG - trade_total[bought]: 0.99750000
2017-11-25 01:56:48,289 - DEBUG - rate_avg: 0.04140000
2017-11-25 01:56:48,289 - DEBUG - csv_list: ['2017-11-25 07:56:46', 'buy', '0.99750000', '0.04140000', '0.00000000', '0.04140000']
2017-11-25 01:56:48,289 - INFO - Logging trade details to csv file.
2017-11-25 01:56:48,290 - DEBUG - trade_message: Bought 0.9975 @ 0.0414
2017-11-25 01:56:48,290 - DEBUG - No Telegram users connected. Skipping alert.
2017-11-25 01:56:48,291 - DEBUG - MongoDB collection length: 1
2017-11-25 01:56:48,292 - DEBUG - trade_total[spent]: 0.04129650
2017-11-25 01:56:48,293 - DEBUG - agg: [{'_id': None, 'total_bought': 0.9975}]
2017-11-25 01:56:48,293 - DEBUG - trade_total[bought]: 0.99750000
2017-11-25 01:56:48,293 - DEBUG - rate_avg: 0.04140000
2017-11-25 01:56:48,293 - DEBUG - base_price: 0.04140000
2017-11-25 01:56:48,293 - INFO - Base Price: 0.04140000
2017-11-25 01:56:48,293 - DEBUG - base_price_target: 0.04129650
2017-11-25 01:56:48,294 - INFO - Base Price Target: 0.04129650
2017-11-25 01:56:48,634 - INFO - Balance STR:  246.38250000
2017-11-25 01:56:48,634 - INFO - Balance USDT: 30.25
2017-11-25 01:56:48,635 - DEBUG - agg: [{'_id': None, 'total_bought': 0.9975}]
2017-11-25 01:56:48,635 - DEBUG - trade_total[bought]: 0.99750000
2017-11-25 01:56:48,636 - DEBUG - total_bought_str: 0.99750000
2017-11-25 01:56:48,636 - INFO - Total STR Bought: 0.99750000
2017-11-25 01:56:48,638 - DEBUG - trade_total[spent]: 0.04129650
2017-11-25 01:56:48,638 - DEBUG - total_spent_usdt: 0.04129650
2017-11-25 01:56:48,639 - INFO - Total USDT Spent: 0.04
2017-11-25 01:56:48,639 - DEBUG - trade_usdt_remaining: 0.96
2017-11-25 01:56:48,639 - INFO - Tradable USDT Remaining: 0.96
2017-11-25 01:56:48,639 - DEBUG - sell_volume: 0.99750000
2017-11-25 01:56:48,639 - DEBUG - sell_price_target:    0.04357350
2017-11-25 01:56:48,639 - INFO - Sell Target: 0.04357350
2017-11-25 01:56:49,022 - DEBUG - actual: 0.04140000
2017-11-25 01:56:49,022 - DEBUG - book_tot: 35890.92
2017-11-25 01:56:49,023 - DEBUG - actual: 0.04140000
2017-11-25 01:56:49,023 - DEBUG - book_tot: 35890.92
2017-11-25 01:56:49,023 - DEBUG - calc_limit_price() successful within limits (depth=20).
2017-11-25 01:56:49,023 - DEBUG - Adding fees to calc_limit_price() return value.
2017-11-25 01:56:49,023 - DEBUG - [buy]price_actual[+FEES]: 0.04150350
2017-11-25 01:56:49,023 - DEBUG - low_ask_actual: 0.04150350
2017-11-25 01:56:49,023 - INFO - Low Ask (Actual): 0.04150350
2017-11-25 01:56:49,361 - DEBUG - actual: 0.04132002
2017-11-25 01:56:49,361 - DEBUG - book_tot: 195.14
2017-11-25 01:56:49,361 - DEBUG - actual: 0.04132002
2017-11-25 01:56:49,361 - DEBUG - book_tot: 195.14
2017-11-25 01:56:49,361 - DEBUG - calc_limit_price() successful within limits (depth=20).
2017-11-25 01:56:49,361 - DEBUG - Adding fees to calc_limit_price() return value.
2017-11-25 01:56:49,362 - DEBUG - [sell]price_actual[+FEES]: 0.04121672
2017-11-25 01:56:49,362 - DEBUG - high_bid_actual: 0.04121672
2017-11-25 01:56:49,362 - INFO - High Bid (Actual): 0.04121672
2017-11-25 01:56:49,362 - DEBUG - diff: -0.002500
2017-11-25 01:56:49,362 - INFO - Price Difference from Base: -0.2500%
2017-11-25 01:56:49,362 - DEBUG - trade_proportion_low: 0.05
2017-11-25 01:56:49,362 - DEBUG - trade_proportion_high: 0.50
2017-11-25 01:56:49,363 - DEBUG - trade_proportion_adj: 0.05
2017-11-25 01:56:49,363 - DEBUG - trade_usdt_remaining: 0.96
2017-11-25 01:56:49,363 - DEBUG - [DYNAMIC]amount: 0.04685663
2017-11-25 01:56:49,687 - DEBUG - actual: 1.00000000
2017-11-25 01:56:49,687 - DEBUG - book_tot: 0.08
2017-11-25 01:56:49,687 - DEBUG - calc_limit_price() successful within limits (depth=20).
2017-11-25 01:56:49,688 - INFO - Current Trade Amount: 1.00
2017-11-25 01:56:49,688 - DEBUG - diff: -0.002500
2017-11-25 01:56:49,688 - INFO - Price Difference from Base: -0.2500%
2017-11-25 01:56:49,688 - DEBUG - Calculating loop time.
2017-11-25 01:56:49,689 - DEBUG - diff <= 0
2017-11-25 01:56:49,689 - DEBUG - lt: 20.00
2017-11-25 01:56:49,689 - INFO - Trade loop complete. Sleeping for 20.00 seconds.
2017-11-25 01:56:49,689 - DEBUG - ----[LOOP END]----
2017-11-25 01:56:59,101 - DEBUG - [CONNECT] chat_id: 382606465
2017-11-25 01:56:59,101 - INFO - Telegram user connected: 382606465
2017-11-25 01:57:03,546 - DEBUG - [STATUS] chat_id: 382606465
2017-11-25 01:57:03,547 - INFO - Telegram user requesting status: 382606465
2017-11-25 01:57:03,550 - DEBUG - Entering base_price calculation.
2017-11-25 01:57:03,565 - DEBUG - MongoDB collection length: 1
2017-11-25 01:57:03,570 - DEBUG - trade_total[spent]: 0.04129650
2017-11-25 01:57:03,581 - DEBUG - agg: [{'_id': None, 'total_bought': 0.9975}]
2017-11-25 01:57:03,581 - DEBUG - trade_total[bought]: 0.99750000
2017-11-25 01:57:03,581 - DEBUG - rate_avg: 0.04140000
2017-11-25 01:57:03,583 - DEBUG - trade_total[spent]: 0.04129650
2017-11-25 01:57:03,602 - DEBUG - agg: [{'_id': None, 'total_bought': 0.9975}]
2017-11-25 01:57:03,611 - DEBUG - trade_total[bought]: 0.99750000
2017-11-25 01:57:03,611 - DEBUG - Bought 1.00STR for $0.04 at average rate of $0.04140000.
2017-11-25 01:57:09,694 - DEBUG - ----[LOOP START]----
2017-11-25 01:57:09,695 - DEBUG - Entering base_price calculation.
2017-11-25 01:57:09,696 - DEBUG - MongoDB collection length: 1
2017-11-25 01:57:09,699 - DEBUG - trade_total[spent]: 0.04129650
2017-11-25 01:57:09,700 - DEBUG - agg: [{'_id': None, 'total_bought': 0.9975}]
2017-11-25 01:57:09,700 - DEBUG - trade_total[bought]: 0.99750000
2017-11-25 01:57:09,701 - DEBUG - rate_avg: 0.04140000
2017-11-25 01:57:09,701 - DEBUG - base_price: 0.04140000
2017-11-25 01:57:09,701 - INFO - Base Price: 0.04140000
2017-11-25 01:57:09,701 - DEBUG - base_price_target: 0.04129650
2017-11-25 01:57:09,701 - INFO - Base Price Target: 0.04129650
2017-11-25 01:57:10,019 - INFO - Balance STR:  246.38250000
2017-11-25 01:57:10,019 - INFO - Balance USDT: 30.25
2017-11-25 01:57:10,021 - DEBUG - agg: [{'_id': None, 'total_bought': 0.9975}]
2017-11-25 01:57:10,022 - DEBUG - trade_total[bought]: 0.99750000
2017-11-25 01:57:10,022 - DEBUG - total_bought_str: 0.99750000
2017-11-25 01:57:10,022 - INFO - Total STR Bought: 0.99750000
2017-11-25 01:57:10,026 - DEBUG - trade_total[spent]: 0.04129650
2017-11-25 01:57:10,027 - DEBUG - total_spent_usdt: 0.04129650
2017-11-25 01:57:10,027 - INFO - Total USDT Spent: 0.04
2017-11-25 01:57:10,028 - DEBUG - trade_usdt_remaining: 0.96
2017-11-25 01:57:10,028 - INFO - Tradable USDT Remaining: 0.96
2017-11-25 01:57:10,029 - DEBUG - sell_volume: 0.99750000
2017-11-25 01:57:10,029 - DEBUG - sell_price_target:    0.04357350
2017-11-25 01:57:10,029 - INFO - Sell Target: 0.04357350
2017-11-25 01:57:10,349 - DEBUG - actual: 0.04140000
2017-11-25 01:57:10,349 - DEBUG - book_tot: 23813.63
2017-11-25 01:57:10,349 - DEBUG - actual: 0.04140000
2017-11-25 01:57:10,350 - DEBUG - book_tot: 23813.63
2017-11-25 01:57:10,350 - DEBUG - calc_limit_price() successful within limits (depth=20).
2017-11-25 01:57:10,350 - DEBUG - Adding fees to calc_limit_price() return value.
2017-11-25 01:57:10,350 - DEBUG - [buy]price_actual[+FEES]: 0.04150350
2017-11-25 01:57:10,350 - DEBUG - low_ask_actual: 0.04150350
2017-11-25 01:57:10,350 - INFO - Low Ask (Actual): 0.04150350
2017-11-25 01:57:10,619 - DEBUG - actual: 0.04132002
2017-11-25 01:57:10,619 - DEBUG - book_tot: 195.14
2017-11-25 01:57:10,619 - DEBUG - actual: 0.04132002
2017-11-25 01:57:10,619 - DEBUG - book_tot: 195.14
2017-11-25 01:57:10,619 - DEBUG - calc_limit_price() successful within limits (depth=20).
2017-11-25 01:57:10,620 - DEBUG - Adding fees to calc_limit_price() return value.
2017-11-25 01:57:10,620 - DEBUG - [sell]price_actual[+FEES]: 0.04121672
2017-11-25 01:57:10,620 - DEBUG - high_bid_actual: 0.04121672
2017-11-25 01:57:10,620 - INFO - High Bid (Actual): 0.04121672
2017-11-25 01:57:10,620 - DEBUG - diff: -0.002500
2017-11-25 01:57:10,620 - INFO - Price Difference from Base: -0.2500%
2017-11-25 01:57:10,621 - DEBUG - trade_proportion_low: 0.05
2017-11-25 01:57:10,622 - DEBUG - trade_proportion_high: 0.50
2017-11-25 01:57:10,622 - DEBUG - trade_proportion_adj: 0.05
2017-11-25 01:57:10,622 - DEBUG - trade_usdt_remaining: 0.96
2017-11-25 01:57:10,622 - DEBUG - [DYNAMIC]amount: 0.04685663
2017-11-25 01:57:10,989 - DEBUG - actual: 1.00000000
2017-11-25 01:57:10,989 - DEBUG - book_tot: 0.08
2017-11-25 01:57:10,989 - DEBUG - calc_limit_price() successful within limits (depth=20).
2017-11-25 01:57:10,989 - INFO - Current Trade Amount: 1.00
2017-11-25 01:57:10,990 - DEBUG - diff: -0.002500
2017-11-25 01:57:10,990 - INFO - Price Difference from Base: -0.2500%
2017-11-25 01:57:10,990 - DEBUG - Calculating loop time.
2017-11-25 01:57:10,990 - DEBUG - diff <= 0
2017-11-25 01:57:10,990 - DEBUG - lt: 20.00
2017-11-25 01:57:10,991 - INFO - Trade loop complete. Sleeping for 20.00 seconds.
2017-11-25 01:57:10,991 - DEBUG - ----[LOOP END]----
2017-11-25 01:57:15,165 - INFO - Exit signal received.
2017-11-25 01:57:15,165 - INFO - Mongo write errors: 0
2017-11-25 01:57:15,165 - INFO - CSV write errors: 0
