2017-11-25 08:06:37,099 - DEBUG - Parsing arguments.
2017-11-25 08:06:37,099 - DEBUG - Activated debug logging.
2017-11-25 08:06:37,100 - DEBUG - clean_collections: False
2017-11-25 08:06:37,100 - DEBUG - trade_amount: 0.10
2017-11-25 08:06:37,100 - DEBUG - amount_dynamic: True
2017-11-25 08:06:37,100 - DEBUG - trade_proportion_initial: 0.05
2017-11-25 08:06:37,100 - DEBUG - trade_usdt_max: 20.00
2017-11-25 08:06:37,100 - DEBUG - profit_threshold: 0.05
2017-11-25 08:06:37,100 - DEBUG - loop_time: 30
2017-11-25 08:06:37,101 - DEBUG - loop_dynamic: True
2017-11-25 08:06:37,101 - DEBUG - live_trading: True
2017-11-25 08:06:37,101 - DEBUG - csv_logging: True
2017-11-25 08:06:37,101 - DEBUG - telegram_active: True
2017-11-25 08:06:37,101 - DEBUG - mongo_alt: False
2017-11-25 08:06:37,101 - WARNING - Total USDT trade amount set to a high value. Confirm before continuing.
2017-11-25 08:06:38,922 - INFO - USDT trade amount confirmed.
2017-11-25 08:06:38,923 - INFO - Dynamic loop time calculation activated. Base loop time set to 30 seconds.
2017-11-25 08:06:38,923 - INFO - CSV log file path: logs/lorenzbot_log_11252017-080638.csv
2017-11-25 08:06:38,925 - INFO - Using default MongoDB database 'lorenzbot'.
2017-11-25 08:06:38,926 - INFO - Found existing collection: 11252017_030929
2017-11-25 08:06:38,926 - INFO - Found Telegram config file.
2017-11-25 08:06:38,926 - DEBUG - telegram_token: 411687950:AAFOIzovAmjDoy_0qJeBfdtzTFkM74BI0Fs
2017-11-25 08:06:38,928 - INFO - Found Poloniex config file.
2017-11-25 08:06:38,928 - WARNING - Live trading ENABLED.
2017-11-25 08:06:39,049 - INFO - Current Maker Fee: 0.0015
2017-11-25 08:06:39,049 - INFO - Current Taker Fee: 0.0025
2017-11-25 08:06:39,207 - INFO - Balance STR:  247.38
2017-11-25 08:06:39,207 - INFO - Balance USDT: 30.21
2017-11-25 08:06:39,207 - INFO - Collection not empty. Calculating trade amount remaining.
2017-11-25 08:06:39,208 - DEBUG - agg: [{'_id': None, 'total_bought': 236.4075}]
2017-11-25 08:06:39,208 - DEBUG - trade_total[bought]: 236.40750000
2017-11-25 08:06:39,209 - DEBUG - trade_usdt_remaining: -216.41
2017-11-25 08:06:39,209 - INFO - Tradable USDT Remaining: -216.41
2017-11-25 08:06:39,209 - ERROR - Trade amount remaining less than 0. Try cleaning collections or setting a higher max trade value. Exiting.
