2017-11-25 01:03:46,775 - DEBUG - Parsing arguments.
2017-11-25 01:03:46,776 - DEBUG - Activated debug logging.
2017-11-25 01:03:46,776 - DEBUG - clean_collections: False
2017-11-25 01:03:46,776 - DEBUG - trade_amount: 0.10
2017-11-25 01:03:46,776 - DEBUG - amount_dynamic: True
2017-11-25 01:03:46,777 - DEBUG - trade_proportion_initial: 0.05
2017-11-25 01:03:46,777 - DEBUG - trade_usdt_max: 1.00
2017-11-25 01:03:46,777 - DEBUG - profit_threshold: 0.05
2017-11-25 01:03:46,777 - DEBUG - loop_time: 20
2017-11-25 01:03:46,777 - DEBUG - loop_dynamic: True
2017-11-25 01:03:46,777 - DEBUG - live_trading: True
2017-11-25 01:03:46,778 - DEBUG - csv_logging: True
2017-11-25 01:03:46,778 - DEBUG - telegram_active: True
2017-11-25 01:03:46,778 - INFO - Dynamic loop time calculation activated. Base loop time set to 20 seconds.
2017-11-25 01:03:46,778 - INFO - CSV log file path: logs/lorenzbot_log_11252017-010346.csv
2017-11-25 01:03:46,784 - INFO - Found existing collection: 11252017_010323
2017-11-25 01:03:46,784 - INFO - Found Telegram config file.
2017-11-25 01:03:46,797 - DEBUG - telegram_token: 411687950:AAFOIzovAmjDoy_0qJeBfdtzTFkM74BI0Fs
2017-11-25 01:03:46,809 - INFO - Found Poloniex config file.
2017-11-25 01:03:46,833 - WARNING - Live trading ENABLED.
2017-11-25 01:03:47,608 - INFO - Current Maker Fee: 0.0015
2017-11-25 01:03:47,609 - INFO - Current Taker Fee: 0.0025
2017-11-25 01:03:47,937 - INFO - Balance STR:  236.41
2017-11-25 01:03:47,937 - INFO - Balance USDT: 30.67
2017-11-25 01:03:47,960 - INFO - Collection empty. Setting tradable balance remaining to allowed maximum.
2017-11-25 01:03:47,960 - DEBUG - trade_usdt_remaining: 1.00
2017-11-25 01:03:47,961 - INFO - Tradable USDT Remaining: 1.00
2017-11-25 01:03:47,961 - DEBUG - ----[LOOP START]----
2017-11-25 01:03:47,961 - DEBUG - Entering base_price calculation.
2017-11-25 01:03:47,962 - DEBUG - MongoDB collection length: 0
2017-11-25 01:03:47,962 - DEBUG - trade_prop: 0.05000000
2017-11-25 01:03:48,260 - DEBUG - actual: 1.00000000
2017-11-25 01:03:48,262 - DEBUG - book_tot: 0.08
2017-11-25 01:03:48,262 - DEBUG - calc_limit_price() successful within limits (depth=20).
2017-11-25 01:03:48,262 - DEBUG - trade_amount_initial[CALC]: 1.00
2017-11-25 01:03:48,262 - INFO - No trade log found. Making entry buy.
2017-11-25 01:03:48,263 - INFO - Entry trade amount: 1.00000000
2017-11-25 01:03:48,710 - DEBUG - actual: 0.04157998
2017-11-25 01:03:48,711 - DEBUG - book_tot: 37.00
2017-11-25 01:03:48,711 - DEBUG - actual: 0.04157998
2017-11-25 01:03:48,711 - DEBUG - book_tot: 37.00
2017-11-25 01:03:48,711 - DEBUG - calc_limit_price() successful within limits (depth=20).
2017-11-25 01:03:48,711 - DEBUG - limit_price: 0.04157998
2017-11-25 01:03:49,216 - DEBUG - [BUY] trade_response: {'orderNumber': '39713643728', 'resultingTrades': [{'amount': '1.00000000', 'date': '2017-11-25 07:03:47', 'rate': '0.04157998', 'total': '0.04157998', 'tradeID': '1750685', 'type': 'buy'}], 'amountUnfilled': '0.00000000'}
2017-11-25 01:03:49,558 - DEBUG - returnOrderTrades: [{'globalTradeID': 268907442, 'tradeID': 1750685, 'currencyPair': 'USDT_STR', 'type': 'buy', 'rate': '0.04157998', 'amount': '1.00000000', 'total': '0.04157998', 'fee': '0.00250000', 'date': '2017-11-25 07:03:47'}]
2017-11-25 01:03:49,559 - DEBUG - trade_date: 2017-11-25 07:03:47
2017-11-25 01:03:49,560 - DEBUG - len(order_trades): 1
2017-11-25 01:03:49,560 - DEBUG - len(order_list): 1
2017-11-25 01:03:49,560 - DEBUG - order_list: [[Decimal('0.9975000000000000'), Decimal('0.04157998')]]
2017-11-25 01:03:49,572 - DEBUG - rate_calc_total:    0.04147603
2017-11-25 01:03:49,573 - DEBUG - amount_total:       0.99750000
2017-11-25 01:03:49,573 - DEBUG - order_average_rate: 0.04157998
2017-11-25 01:03:49,573 - DEBUG - Calc. Error Margin: -0.90
2017-11-25 01:03:49,573 - DEBUG - [BUY] order_details: {'date': '2017-11-25 07:03:47', 'amount': Decimal('0.9975000000000000'), 'rate': Decimal('0.04157998')}
2017-11-25 01:03:49,604 - DEBUG - [BUY] mongo_response: <pymongo.results.InsertOneResult object at 0x11193dc08>
2017-11-25 01:03:49,604 - DEBUG - Entering base_price calculation.
2017-11-25 01:03:49,606 - DEBUG - MongoDB collection length: 1
2017-11-25 01:03:49,615 - DEBUG - trade_total[spent]: 0.04147603
2017-11-25 01:03:49,617 - DEBUG - agg: [{'_id': None, 'total_bought': 0.9975}]
2017-11-25 01:03:49,617 - DEBUG - trade_total[bought]: 0.99750000
2017-11-25 01:03:49,617 - DEBUG - rate_avg: 0.04157998
2017-11-25 01:03:49,617 - DEBUG - csv_list: ['2017-11-25 07:03:47', 'buy', '0.99750000', '0.04157998', '0.00000000', '0.04157998']
2017-11-25 01:03:49,617 - INFO - Logging trade details to csv file.
2017-11-25 01:03:49,618 - ERROR - Entry buy failed. Exiting.
Traceback (most recent call last):
  File "lorenzbot_telegram.py", line 211, in calc_base
    exec_trade('buy', limit_price, trade_amount_initial)
  File "lorenzbot_telegram.py", line 425, in exec_trade
    send_telegram_message()
NameError: name 'send_telegram_message' is not defined
