2017-11-25 08:07:03,342 - DEBUG - Parsing arguments.
2017-11-25 08:07:03,342 - DEBUG - Activated debug logging.
2017-11-25 08:07:03,342 - DEBUG - clean_collections: False
2017-11-25 08:07:03,342 - DEBUG - trade_amount: 0.10
2017-11-25 08:07:03,343 - DEBUG - amount_dynamic: True
2017-11-25 08:07:03,343 - DEBUG - trade_proportion_initial: 0.05
2017-11-25 08:07:03,343 - DEBUG - trade_usdt_max: 20.00
2017-11-25 08:07:03,343 - DEBUG - profit_threshold: 0.05
2017-11-25 08:07:03,343 - DEBUG - loop_time: 30
2017-11-25 08:07:03,343 - DEBUG - loop_dynamic: True
2017-11-25 08:07:03,343 - DEBUG - live_trading: True
2017-11-25 08:07:03,344 - DEBUG - csv_logging: True
2017-11-25 08:07:03,344 - DEBUG - telegram_active: True
2017-11-25 08:07:03,344 - DEBUG - mongo_alt: False
2017-11-25 08:07:03,344 - WARNING - Total USDT trade amount set to a high value. Confirm before continuing.
2017-11-25 08:07:05,190 - INFO - USDT trade amount confirmed.
2017-11-25 08:07:05,191 - INFO - Dynamic loop time calculation activated. Base loop time set to 30 seconds.
2017-11-25 08:07:05,191 - INFO - CSV log file path: logs/lorenzbot_log_11252017-080705.csv
2017-11-25 08:07:05,193 - INFO - Using default MongoDB database 'lorenzbot'.
2017-11-25 08:07:05,194 - INFO - Found existing collection: 11252017_030929
2017-11-25 08:07:05,194 - INFO - Found Telegram config file.
2017-11-25 08:07:05,194 - DEBUG - telegram_token: 411687950:AAFOIzovAmjDoy_0qJeBfdtzTFkM74BI0Fs
2017-11-25 08:07:05,196 - INFO - Found Poloniex config file.
2017-11-25 08:07:05,196 - WARNING - Live trading ENABLED.
2017-11-25 08:07:05,512 - INFO - Current Maker Fee: 0.0015
2017-11-25 08:07:05,512 - INFO - Current Taker Fee: 0.0025
2017-11-25 08:07:05,633 - INFO - Balance STR:  247.38
2017-11-25 08:07:05,633 - INFO - Balance USDT: 30.21
2017-11-25 08:07:05,633 - INFO - Collection not empty. Calculating trade amount remaining.
2017-11-25 08:07:05,634 - DEBUG - agg: [{'_id': None, 'total_bought': 236.4075}]
2017-11-25 08:07:05,634 - DEBUG - trade_total[bought]: 236.40750000
2017-11-25 08:07:05,634 - DEBUG - trade_usdt_remaining: -216.41
2017-11-25 08:07:05,635 - INFO - Tradable USDT Remaining: -216.41
2017-11-25 08:07:05,635 - ERROR - Trade amount remaining less than 0. Try cleaning collections or setting a higher max trade value. Exiting.
