2017-11-25 17:18:09,207 - DEBUG - Parsing arguments.
2017-11-25 17:18:09,208 - DEBUG - Activated debug logging.
2017-11-25 17:18:09,208 - DEBUG - clean_collections: False
2017-11-25 17:18:09,210 - DEBUG - trade_amount: 1.00
2017-11-25 17:18:09,211 - DEBUG - amount_dynamic: True
2017-11-25 17:18:09,211 - DEBUG - trade_proportion_initial: 0.05
2017-11-25 17:18:09,212 - DEBUG - trade_usdt_max: 10.00
2017-11-25 17:18:09,212 - DEBUG - profit_threshold: 0.05
2017-11-25 17:18:09,212 - DEBUG - loop_time: 30
2017-11-25 17:18:09,213 - DEBUG - loop_dynamic: True
2017-11-25 17:18:09,213 - DEBUG - live_trading: True
2017-11-25 17:18:09,214 - DEBUG - csv_logging: True
2017-11-25 17:18:09,214 - DEBUG - telegram_active: True
2017-11-25 17:18:09,214 - DEBUG - mongo_alt: False
2017-11-25 17:18:09,215 - WARNING - Total USDT trade amount set to a high value. Confirm before continuing.
2017-11-25 17:18:11,174 - INFO - USDT trade amount confirmed.
2017-11-25 17:18:11,174 - INFO - Dynamic trade amount calculation activated.
2017-11-25 17:18:11,175 - INFO - Dynamic loop time calculation activated. Base loop time set to 30 seconds.
2017-11-25 17:18:11,175 - INFO - CSV log file path: logs/lorenzbot_log_11252017-171811.csv
2017-11-25 17:18:11,175 - INFO - Telegram logging active. Send @lorenzbot_bot '/connect' to receive alerts.
2017-11-25 17:18:11,185 - INFO - Using default MongoDB database 'lorenzbot'.
2017-11-25 17:18:11,189 - INFO - No collections found in database. Creating new.
2017-11-25 17:18:11,548 - INFO - Created new collection: 11252017_171811
2017-11-25 17:18:11,550 - INFO - Found Telegram config file.
2017-11-25 17:18:11,551 - DEBUG - telegram_token: 411687950:AAFOIzovAmjDoy_0qJeBfdtzTFkM74BI0Fs
2017-11-25 17:18:11,553 - INFO - Found Poloniex config file.
2017-11-25 17:18:11,554 - WARNING - Live trading ENABLED.
2017-11-25 17:18:11,863 - INFO - Current Maker Fee: 0.0015
2017-11-25 17:18:11,863 - INFO - Current Taker Fee: 0.0025
2017-11-25 17:18:12,210 - INFO - Balance STR:  0.00
2017-11-25 17:18:12,211 - INFO - Balance USDT: 40.81
2017-11-25 17:18:12,214 - INFO - Collection empty. Setting tradable balance remaining to allowed maximum.
2017-11-25 17:18:12,214 - DEBUG - trade_usdt_remaining: 10.00
2017-11-25 17:18:12,215 - INFO - Tradable USDT Remaining: 10.00
2017-11-25 17:18:12,215 - DEBUG - ----[LOOP START]----
2017-11-25 17:18:12,215 - DEBUG - Entering base_price calculation.
2017-11-25 17:18:12,219 - DEBUG - db[coll_current].count(): 0
2017-11-25 17:18:12,236 - INFO - No trade log found. Making entry buy.
2017-11-25 17:18:12,236 - DEBUG - trade_amount_initial[CALC]: 0.50
2017-11-25 17:18:12,490 - DEBUG - actual: 0.04364700
2017-11-25 17:18:12,491 - DEBUG - book_tot: 11742.76
2017-11-25 17:18:12,491 - DEBUG - actual: 0.04364700
2017-11-25 17:18:12,491 - DEBUG - book_tot: 11742.76
2017-11-25 17:18:12,492 - DEBUG - calc_limit_price() successful within limits (depth=20).
2017-11-25 17:18:12,492 - DEBUG - trade_price_initial[CALC]: 0.04
2017-11-25 17:18:12,492 - INFO - Entry trade amount: 0.5000
2017-11-25 17:18:12,492 - DEBUG - trade_price_initial: 0.04364700
2017-11-25 17:18:12,839 - DEBUG - [BUY] trade_response: {'orderNumber': '39823171091', 'resultingTrades': [{'amount': '0.01000000', 'date': '2017-11-25 23:18:11', 'rate': '0.04361700', 'total': '0.00043617', 'tradeID': '1789273', 'type': 'buy'}, {'amount': '0.01000000', 'date': '2017-11-25 23:18:11', 'rate': '0.04362700', 'total': '0.00043627', 'tradeID': '1789274', 'type': 'buy'}, {'amount': '0.48000000', 'date': '2017-11-25 23:18:11', 'rate': '0.04364700', 'total': '0.02095056', 'tradeID': '1789275', 'type': 'buy'}], 'amountUnfilled': '0.00000000'}
2017-11-25 17:18:13,166 - DEBUG - returnOrderTrades: [{'globalTradeID': 269520927, 'tradeID': 1789275, 'currencyPair': 'USDT_STR', 'type': 'buy', 'rate': '0.04364700', 'amount': '0.48000000', 'total': '0.02095056', 'fee': '0.00250000', 'date': '2017-11-25 23:18:11'}, {'globalTradeID': 269520926, 'tradeID': 1789274, 'currencyPair': 'USDT_STR', 'type': 'buy', 'rate': '0.04362700', 'amount': '0.01000000', 'total': '0.00043627', 'fee': '0.00250000', 'date': '2017-11-25 23:18:11'}, {'globalTradeID': 269520925, 'tradeID': 1789273, 'currencyPair': 'USDT_STR', 'type': 'buy', 'rate': '0.04361700', 'amount': '0.01000000', 'total': '0.00043617', 'fee': '0.00250000', 'date': '2017-11-25 23:18:11'}]
2017-11-25 17:18:13,168 - DEBUG - trade_date: 2017-11-25 23:18:11
2017-11-25 17:18:13,168 - DEBUG - len(order_trades): 3
2017-11-25 17:18:13,168 - DEBUG - len(order_list): 3
2017-11-25 17:18:13,168 - DEBUG - order_list: [[Decimal('0.4788000000000000'), Decimal('0.04364700')], [Decimal('0.0099750000000000'), Decimal('0.04362700')], [Decimal('0.0099750000000000'), Decimal('0.04361700')]]
2017-11-25 17:18:13,169 - DEBUG - rate_calc_total:    0.02176844
2017-11-25 17:18:13,169 - DEBUG - amount_total:       0.49875000
2017-11-25 17:18:13,169 - DEBUG - order_average_rate: 0.04364600
2017-11-25 17:18:13,169 - DEBUG - Calc. Error Margin: 0.50
2017-11-25 17:18:13,170 - DEBUG - [BUY] order_details: {'date': '2017-11-25 23:18:11', 'amount': Decimal('0.4987500000000000'), 'rate': Decimal('0.04364600')}
2017-11-25 17:18:13,171 - DEBUG - [BUY] mongo_response: <pymongo.results.InsertOneResult object at 0x105d6a048>
2017-11-25 17:18:13,172 - INFO - Buy logged to MongoDB database collection 11252017_171811
2017-11-25 17:18:13,172 - DEBUG - Entering base_price calculation.
2017-11-25 17:18:13,173 - DEBUG - db[coll_current].count(): 1
2017-11-25 17:18:13,179 - DEBUG - trade_total[spent]: 0.02176844
2017-11-25 17:18:13,181 - DEBUG - agg: [{'_id': None, 'total_bought': 0.49875}]
2017-11-25 17:18:13,181 - DEBUG - trade_total[bought]: 0.49875000
2017-11-25 17:18:13,181 - DEBUG - rate_avg: 0.04364600
2017-11-25 17:18:13,182 - DEBUG - csv_list: ['2017-11-25 23:18:11', 'buy', '0.49875000', '0.04364600', '0.00000000', '0.04364600']
2017-11-25 17:18:13,182 - INFO - Logging trade details to csv file.
2017-11-25 17:18:13,214 - INFO - Sending Telegram alert.
2017-11-25 17:18:13,214 - DEBUG - trade_message: Bought 0.4988 @ 0.0436
2017-11-25 17:18:13,214 - DEBUG - No Telegram users connected. Skipping alert.
2017-11-25 17:18:13,223 - DEBUG - trade_total[spent]: 0.02176844
2017-11-25 17:18:13,229 - DEBUG - agg: [{'_id': None, 'total_bought': 0.49875}]
2017-11-25 17:18:13,230 - DEBUG - trade_total[bought]: 0.49875000
2017-11-25 17:18:13,230 - DEBUG - rate_avg: 0.04364600
2017-11-25 17:18:13,230 - DEBUG - base_price: 0.04364600
2017-11-25 17:18:13,230 - INFO - Base Price: 0.0436
2017-11-25 17:18:13,230 - DEBUG - base_price_target: 0.04353688
2017-11-25 17:18:13,230 - INFO - Base Price Target: 0.0435
2017-11-25 17:18:13,499 - INFO - Balance STR:  0.49875000
2017-11-25 17:18:13,504 - INFO - Balance USDT: 40.7903
2017-11-25 17:18:13,510 - DEBUG - agg: [{'_id': None, 'total_bought': 0.49875}]
2017-11-25 17:18:13,511 - DEBUG - trade_total[bought]: 0.49875000
2017-11-25 17:18:13,511 - DEBUG - total_bought_str: 0.49875000
2017-11-25 17:18:13,512 - INFO - Total STR Bought: 0.4988
2017-11-25 17:18:13,514 - DEBUG - trade_total[spent]: 0.02176844
2017-11-25 17:18:13,514 - DEBUG - total_spent_usdt: 0.02176844
2017-11-25 17:18:13,515 - INFO - Total USDT Spent: 0.0218
2017-11-25 17:18:13,515 - DEBUG - trade_usdt_remaining: 9.9782
2017-11-25 17:18:13,779 - DEBUG - actual: 0.04364700
2017-11-25 17:18:13,779 - DEBUG - book_tot: 11742.26
2017-11-25 17:18:13,780 - DEBUG - actual: 0.04364700
2017-11-25 17:18:13,780 - DEBUG - book_tot: 11742.26
2017-11-25 17:18:13,781 - DEBUG - calc_limit_price() successful within limits (depth=20).
2017-11-25 17:18:13,782 - DEBUG - Adding fees to calc_limit_price() return value.
2017-11-25 17:18:13,783 - DEBUG - [buy]price_actual[+FEES]: 0.04375612
2017-11-25 17:18:13,783 - DEBUG - diff: -0.005036
2017-11-25 17:18:13,784 - INFO - Price Difference from Base: -0.5036%
2017-11-25 17:18:13,784 - DEBUG - trade_proportion_low: 0.05
2017-11-25 17:18:13,785 - DEBUG - trade_proportion_high: 0.50
2017-11-25 17:18:13,785 - DEBUG - trade_proportion_adj: 0.05
2017-11-25 17:18:13,787 - DEBUG - trade_usdt_remaining: 9.98
2017-11-25 17:18:13,787 - DEBUG - [DYNAMIC]amount: 0.47630090
2017-11-25 17:18:14,057 - DEBUG - actual: 10.00000000
2017-11-25 17:18:14,058 - DEBUG - book_tot: 0.48
2017-11-25 17:18:14,058 - DEBUG - calc_limit_price() successful within limits (depth=20).
2017-11-25 17:18:14,059 - DEBUG - buy_amount_current: 10.00000000
2017-11-25 17:18:14,059 - INFO - Current Buy Amount: 10.0000
2017-11-25 17:18:14,356 - DEBUG - actual: 0.04364700
2017-11-25 17:18:14,357 - DEBUG - book_tot: 11742.26
2017-11-25 17:18:14,357 - DEBUG - actual: 0.04364700
2017-11-25 17:18:14,357 - DEBUG - book_tot: 11742.26
2017-11-25 17:18:14,357 - DEBUG - calc_limit_price() successful within limits (depth=20).
2017-11-25 17:18:14,358 - DEBUG - Adding fees to calc_limit_price() return value.
2017-11-25 17:18:14,358 - DEBUG - [buy]price_actual[+FEES]: 0.04375612
2017-11-25 17:18:14,358 - DEBUG - low_ask_actual: 0.04375612
2017-11-25 17:18:14,358 - INFO - Low Ask (Actual): 0.0438
2017-11-25 17:18:14,363 - DEBUG - agg: [{'_id': None, 'total_bought': 0.49875}]
2017-11-25 17:18:14,364 - DEBUG - trade_total[bought]: 0.49875000
2017-11-25 17:18:14,364 - DEBUG - sell_amount_current: 0.49875000
2017-11-25 17:18:14,364 - INFO - Current Sell Amount: 0.4988
2017-11-25 17:18:14,647 - DEBUG - actual: 0.04360000
2017-11-25 17:18:14,648 - DEBUG - book_tot: 854.66
2017-11-25 17:18:14,648 - DEBUG - actual: 0.04360000
2017-11-25 17:18:14,649 - DEBUG - book_tot: 854.66
2017-11-25 17:18:14,649 - DEBUG - calc_limit_price() successful within limits (depth=20).
2017-11-25 17:18:14,654 - DEBUG - Adding fees to calc_limit_price() return value.
2017-11-25 17:18:14,655 - DEBUG - [sell]price_actual[+FEES]: 0.04349100
2017-11-25 17:18:14,655 - DEBUG - high_bid_actual: 0.04349100
2017-11-25 17:18:14,656 - INFO - High Bid (Actual): 0.0435
2017-11-25 17:18:14,656 - DEBUG - sell_price_target: 0.04593741
2017-11-25 17:18:14,657 - INFO - Sell Target: 0.0459
2017-11-25 17:18:14,660 - DEBUG - diff: -0.002523
2017-11-25 17:18:14,661 - INFO - Price Difference from Base: -0.2523%
2017-11-25 17:18:14,661 - DEBUG - Calculating loop time.
2017-11-25 17:18:14,662 - DEBUG - diff <= 0
2017-11-25 17:18:14,662 - DEBUG - lt: 30.00
2017-11-25 17:18:14,663 - INFO - Trade loop complete. Sleeping for 30.00 seconds.
2017-11-25 17:18:14,663 - DEBUG - ----[LOOP END]----
2017-11-25 17:18:44,664 - DEBUG - ----[LOOP START]----
2017-11-25 17:18:44,664 - DEBUG - Entering base_price calculation.
2017-11-25 17:18:44,666 - DEBUG - db[coll_current].count(): 1
2017-11-25 17:18:44,671 - DEBUG - trade_total[spent]: 0.02176844
2017-11-25 17:18:44,672 - DEBUG - agg: [{'_id': None, 'total_bought': 0.49875}]
2017-11-25 17:18:44,673 - DEBUG - trade_total[bought]: 0.49875000
2017-11-25 17:18:44,673 - DEBUG - rate_avg: 0.04364600
2017-11-25 17:18:44,673 - DEBUG - base_price: 0.04364600
2017-11-25 17:18:44,673 - INFO - Base Price: 0.0436
2017-11-25 17:18:44,673 - DEBUG - base_price_target: 0.04353688
2017-11-25 17:18:44,673 - INFO - Base Price Target: 0.0435
2017-11-25 17:18:44,842 - INFO - Balance STR:  0.49875000
2017-11-25 17:18:44,842 - INFO - Balance USDT: 40.7903
2017-11-25 17:18:44,845 - DEBUG - agg: [{'_id': None, 'total_bought': 0.49875}]
2017-11-25 17:18:44,845 - DEBUG - trade_total[bought]: 0.49875000
2017-11-25 17:18:44,845 - DEBUG - total_bought_str: 0.49875000
2017-11-25 17:18:44,845 - INFO - Total STR Bought: 0.4988
2017-11-25 17:18:44,848 - DEBUG - trade_total[spent]: 0.02176844
2017-11-25 17:18:44,848 - DEBUG - total_spent_usdt: 0.02176844
2017-11-25 17:18:44,848 - INFO - Total USDT Spent: 0.0218
2017-11-25 17:18:44,848 - DEBUG - trade_usdt_remaining: 9.9782
2017-11-25 17:18:45,020 - DEBUG - actual: 0.04364694
2017-11-25 17:18:45,020 - DEBUG - book_tot: 20537.79
2017-11-25 17:18:45,020 - DEBUG - actual: 0.04364694
2017-11-25 17:18:45,021 - DEBUG - book_tot: 20537.79
2017-11-25 17:18:45,021 - DEBUG - calc_limit_price() successful within limits (depth=20).
2017-11-25 17:18:45,021 - DEBUG - Adding fees to calc_limit_price() return value.
2017-11-25 17:18:45,021 - DEBUG - [buy]price_actual[+FEES]: 0.04375606
2017-11-25 17:18:45,021 - DEBUG - diff: -0.005034
2017-11-25 17:18:45,022 - INFO - Price Difference from Base: -0.5034%
2017-11-25 17:18:45,022 - DEBUG - trade_proportion_low: 0.05
2017-11-25 17:18:45,022 - DEBUG - trade_proportion_high: 0.50
2017-11-25 17:18:45,022 - DEBUG - trade_proportion_adj: 0.05
2017-11-25 17:18:45,022 - DEBUG - trade_usdt_remaining: 9.98
2017-11-25 17:18:45,023 - DEBUG - [DYNAMIC]amount: 0.47630710
2017-11-25 17:18:45,161 - DEBUG - actual: 10.04000000
2017-11-25 17:18:45,161 - DEBUG - book_tot: 0.48
2017-11-25 17:18:45,161 - DEBUG - calc_limit_price() successful within limits (depth=20).
2017-11-25 17:18:45,162 - DEBUG - buy_amount_current: 10.04000000
2017-11-25 17:18:45,162 - INFO - Current Buy Amount: 10.0400
2017-11-25 17:18:45,277 - DEBUG - actual: 0.04364694
2017-11-25 17:18:45,277 - DEBUG - book_tot: 20537.80
2017-11-25 17:18:45,277 - DEBUG - actual: 0.04364694
2017-11-25 17:18:45,277 - DEBUG - book_tot: 20537.80
2017-11-25 17:18:45,277 - DEBUG - calc_limit_price() successful within limits (depth=20).
2017-11-25 17:18:45,278 - DEBUG - Adding fees to calc_limit_price() return value.
2017-11-25 17:18:45,278 - DEBUG - [buy]price_actual[+FEES]: 0.04375606
2017-11-25 17:18:45,278 - DEBUG - low_ask_actual: 0.04375606
2017-11-25 17:18:45,278 - INFO - Low Ask (Actual): 0.0438
2017-11-25 17:18:45,281 - DEBUG - agg: [{'_id': None, 'total_bought': 0.49875}]
2017-11-25 17:18:45,282 - DEBUG - trade_total[bought]: 0.49875000
2017-11-25 17:18:45,282 - DEBUG - sell_amount_current: 0.49875000
2017-11-25 17:18:45,282 - INFO - Current Sell Amount: 0.4988
2017-11-25 17:18:45,525 - DEBUG - actual: 0.04360000
2017-11-25 17:18:45,525 - DEBUG - book_tot: 155.04
2017-11-25 17:18:45,525 - DEBUG - actual: 0.04360000
2017-11-25 17:18:45,525 - DEBUG - book_tot: 155.04
2017-11-25 17:18:45,526 - DEBUG - calc_limit_price() successful within limits (depth=20).
2017-11-25 17:18:45,526 - DEBUG - Adding fees to calc_limit_price() return value.
2017-11-25 17:18:45,526 - DEBUG - [sell]price_actual[+FEES]: 0.04349100
2017-11-25 17:18:45,526 - DEBUG - high_bid_actual: 0.04349100
2017-11-25 17:18:45,526 - INFO - High Bid (Actual): 0.0435
2017-11-25 17:18:45,526 - DEBUG - sell_price_target: 0.04593741
2017-11-25 17:18:45,526 - INFO - Sell Target: 0.0459
2017-11-25 17:18:45,527 - DEBUG - diff: -0.002522
2017-11-25 17:18:45,527 - INFO - Price Difference from Base: -0.2522%
2017-11-25 17:18:45,527 - DEBUG - Calculating loop time.
2017-11-25 17:18:45,527 - DEBUG - diff <= 0
2017-11-25 17:18:45,527 - DEBUG - lt: 30.00
2017-11-25 17:18:45,527 - INFO - Trade loop complete. Sleeping for 30.00 seconds.
2017-11-25 17:18:45,532 - DEBUG - ----[LOOP END]----
2017-11-25 17:19:11,832 - INFO - Exit signal received.
2017-11-25 17:19:11,833 - INFO - Mongo write errors: 0
2017-11-25 17:19:11,833 - INFO - CSV write errors: 0
