2017-11-25 17:53:13,267 - DEBUG - Parsing arguments.
2017-11-25 17:53:13,268 - DEBUG - Activated debug logging.
2017-11-25 17:53:13,268 - DEBUG - clean_collections: True
2017-11-25 17:53:13,268 - DEBUG - trade_amount: 1.00
2017-11-25 17:53:13,269 - DEBUG - amount_dynamic: True
2017-11-25 17:53:13,269 - DEBUG - trade_proportion_initial: 0.05
2017-11-25 17:53:13,269 - DEBUG - trade_usdt_max: 10.00
2017-11-25 17:53:13,269 - DEBUG - profit_threshold: 0.05
2017-11-25 17:53:13,269 - DEBUG - loop_time: 30
2017-11-25 17:53:13,270 - DEBUG - loop_dynamic: True
2017-11-25 17:53:13,270 - DEBUG - live_trading: True
2017-11-25 17:53:13,270 - DEBUG - csv_logging: True
2017-11-25 17:53:13,270 - DEBUG - telegram_active: True
2017-11-25 17:53:13,271 - DEBUG - mongo_alt: False
2017-11-25 17:53:13,274 - INFO - Using default MongoDB database 'lorenzbot'.
2017-11-25 17:53:13,275 - WARNING - Option to delete all existing collections selected.
2017-11-25 17:53:14,505 - INFO - Confirmed. Deleting all collections
2017-11-25 17:53:14,505 - INFO - Dropping all collections from database.
2017-11-25 17:53:14,607 - DEBUG - Dropped collection: 11252017_175136
2017-11-25 17:53:14,607 - INFO - Process complete. Restart program without boolean switch.
