2017-11-25 17:29:59,274 - DEBUG - Parsing arguments.
2017-11-25 17:29:59,275 - DEBUG - Activated debug logging.
2017-11-25 17:29:59,275 - DEBUG - clean_collections: True
2017-11-25 17:29:59,276 - DEBUG - trade_amount: 1.00
2017-11-25 17:29:59,276 - DEBUG - amount_dynamic: True
2017-11-25 17:29:59,276 - DEBUG - trade_proportion_initial: 0.05
2017-11-25 17:29:59,276 - DEBUG - trade_usdt_max: 10.00
2017-11-25 17:29:59,276 - DEBUG - profit_threshold: 0.05
2017-11-25 17:29:59,277 - DEBUG - loop_time: 30
2017-11-25 17:29:59,277 - DEBUG - loop_dynamic: True
2017-11-25 17:29:59,277 - DEBUG - live_trading: True
2017-11-25 17:29:59,277 - DEBUG - csv_logging: True
2017-11-25 17:29:59,277 - DEBUG - telegram_active: True
2017-11-25 17:29:59,278 - DEBUG - mongo_alt: False
2017-11-25 17:29:59,280 - INFO - Using default MongoDB database 'lorenzbot'.
2017-11-25 17:29:59,280 - WARNING - Option to delete all existing collections selected.
2017-11-25 17:30:00,482 - INFO - Confirmed. Deleting all collections
2017-11-25 17:30:00,482 - INFO - Dropping all collections from database.
2017-11-25 17:30:00,623 - DEBUG - Dropped collection: 11252017_172645
2017-11-25 17:30:00,623 - INFO - Process complete. Restart program without boolean switch.
