2017-11-25 16:57:44,254 - DEBUG - Parsing arguments.
2017-11-25 16:57:44,255 - DEBUG - clean_collections: False
2017-11-25 16:57:44,256 - DEBUG - trade_amount: 10.00
2017-11-25 16:57:44,256 - DEBUG - amount_dynamic: True
2017-11-25 16:57:44,256 - DEBUG - trade_proportion_initial: 0.05
2017-11-25 16:57:44,256 - DEBUG - trade_usdt_max: 1.00
2017-11-25 16:57:44,256 - DEBUG - profit_threshold: 0.05
2017-11-25 16:57:44,256 - DEBUG - loop_time: 20
2017-11-25 16:57:44,256 - DEBUG - loop_dynamic: True
2017-11-25 16:57:44,256 - DEBUG - live_trading: True
2017-11-25 16:57:44,256 - DEBUG - csv_logging: True
2017-11-25 16:57:44,257 - DEBUG - telegram_active: True
2017-11-25 16:57:44,257 - DEBUG - mongo_alt: False
2017-11-25 16:57:44,257 - INFO - Dynamic loop time calculation activated. Base loop time set to 20 seconds.
2017-11-25 16:57:44,257 - INFO - CSV log file path: logs/lorenzbot_log_11252017-165744.csv
2017-11-25 16:57:44,257 - INFO - Telegram logging active. Send @lorenzbot_bot '/connect' to receive alerts.
2017-11-25 16:57:44,263 - INFO - Using default MongoDB database 'lorenzbot'.
2017-11-25 16:57:44,270 - INFO - No collections found in database. Creating new...
2017-11-25 16:57:44,760 - INFO - Created new collection: 11252017_165744
2017-11-25 16:57:44,761 - INFO - Found Telegram config file.
2017-11-25 16:57:44,781 - DEBUG - telegram_token: 411687950:AAFOIzovAmjDoy_0qJeBfdtzTFkM74BI0Fs
2017-11-25 16:57:44,787 - INFO - Found Poloniex config file.
2017-11-25 16:57:44,810 - WARNING - Live trading ENABLED.
2017-11-25 16:57:45,163 - INFO - Current Maker Fee: 0.0015
2017-11-25 16:57:45,164 - INFO - Current Taker Fee: 0.0025
2017-11-25 16:57:45,321 - INFO - Balance STR:  0.18
2017-11-25 16:57:45,322 - INFO - Balance USDT: 40.80
2017-11-25 16:57:45,326 - INFO - Collection empty. Setting tradable balance remaining to allowed maximum.
2017-11-25 16:57:45,327 - DEBUG - trade_usdt_remaining: 1.00
2017-11-25 16:57:45,327 - INFO - Tradable USDT Remaining: 1.00
2017-11-25 16:57:45,327 - INFO - --------------------
2017-11-25 16:57:45,327 - DEBUG - Entering base_price calculation.
2017-11-25 16:57:45,330 - DEBUG - db[coll_current].count(): 0
2017-11-25 16:57:45,331 - INFO - No trade log found. Making entry buy.
2017-11-25 16:57:45,331 - DEBUG - trade_amount_initial[CALC]: 0.05
2017-11-25 16:57:45,549 - DEBUG - actual: 0.04382966
2017-11-25 16:57:45,549 - DEBUG - book_tot: 77871.29
2017-11-25 16:57:45,550 - DEBUG - actual: 0.04382966
2017-11-25 16:57:45,550 - DEBUG - book_tot: 77871.29
2017-11-25 16:57:45,550 - DEBUG - calc_limit_price() successful within limits (depth=20).
2017-11-25 16:57:45,550 - DEBUG - trade_price_initial[CALC]: 0.04
2017-11-25 16:57:45,550 - INFO - Entry trade amount: 0.0500
2017-11-25 16:57:45,550 - ERROR - Entry buy failed. Exiting.
Traceback (most recent call last):
  File "lorenzbot.py", line 210, in calc_base
    logger.debug('limit_price: ' + "{:.8f}".format(limit_price))
NameError: name 'limit_price' is not defined
