2017-11-25 16:08:09,373 - DEBUG - Parsing arguments.
2017-11-25 16:08:09,374 - DEBUG - Activated debug logging.
2017-11-25 16:08:09,374 - DEBUG - clean_collections: True
2017-11-25 16:08:09,374 - DEBUG - trade_amount: 1.00
2017-11-25 16:08:09,375 - DEBUG - amount_dynamic: True
2017-11-25 16:08:09,375 - DEBUG - trade_proportion_initial: 0.05
2017-11-25 16:08:09,375 - DEBUG - trade_usdt_max: 1.00
2017-11-25 16:08:09,375 - DEBUG - profit_threshold: 0.05
2017-11-25 16:08:09,375 - DEBUG - loop_time: 20
2017-11-25 16:08:09,376 - DEBUG - loop_dynamic: True
2017-11-25 16:08:09,376 - DEBUG - live_trading: True
2017-11-25 16:08:09,376 - DEBUG - csv_logging: True
2017-11-25 16:08:09,376 - DEBUG - telegram_active: True
2017-11-25 16:08:09,377 - DEBUG - mongo_alt: False
2017-11-25 16:08:09,379 - INFO - Using default MongoDB database 'lorenzbot'.
2017-11-25 16:08:09,379 - WARNING - Option to delete all existing collections selected.
2017-11-25 16:08:57,481 - INFO - Confirmed. Deleting all collections
2017-11-25 16:08:57,481 - INFO - Dropping all collections from database.
2017-11-25 16:08:57,698 - DEBUG - Dropped collection: 11252017_160412
2017-11-25 16:08:57,698 - INFO - Process complete. Restart program without boolean switch.
