2017-11-25 01:33:40,910 - DEBUG - Parsing arguments.
2017-11-25 01:33:40,910 - DEBUG - Activated debug logging.
2017-11-25 01:33:40,911 - DEBUG - clean_collections: True
2017-11-25 01:33:40,911 - DEBUG - trade_amount: 0.10
2017-11-25 01:33:40,911 - DEBUG - amount_dynamic: True
2017-11-25 01:33:40,911 - DEBUG - trade_proportion_initial: 0.05
2017-11-25 01:33:40,911 - DEBUG - trade_usdt_max: 1.00
2017-11-25 01:33:40,912 - DEBUG - profit_threshold: 0.05
2017-11-25 01:33:40,912 - DEBUG - loop_time: 20
2017-11-25 01:33:40,912 - DEBUG - loop_dynamic: True
2017-11-25 01:33:40,912 - DEBUG - live_trading: True
2017-11-25 01:33:40,912 - DEBUG - csv_logging: True
2017-11-25 01:33:40,912 - DEBUG - telegram_active: True
2017-11-25 01:33:40,912 - DEBUG - mongo_alt: True
2017-11-25 01:33:40,914 - INFO - Using alternate MongoDB database 'lorenzbotalt'.
2017-11-25 01:33:40,914 - WARNING - Option to delete all existing collections selected.
2017-11-25 01:34:50,657 - INFO - Confirmed. Deleting all collections
2017-11-25 01:34:50,674 - INFO - Dropping all collections from database.
2017-11-25 01:34:50,677 - DEBUG - Dropped collection: 11252017_013126
2017-11-25 01:34:50,678 - INFO - Process complete. Restart program without boolean switch.
