2017-11-25 01:05:15,981 - DEBUG - Parsing arguments.
2017-11-25 01:05:15,983 - DEBUG - Activated debug logging.
2017-11-25 01:05:15,983 - DEBUG - clean_collections: False
2017-11-25 01:05:15,983 - DEBUG - trade_amount: 0.10
2017-11-25 01:05:15,984 - DEBUG - amount_dynamic: True
2017-11-25 01:05:15,984 - DEBUG - trade_proportion_initial: 0.05
2017-11-25 01:05:15,984 - DEBUG - trade_usdt_max: 1.00
2017-11-25 01:05:15,984 - DEBUG - profit_threshold: 0.05
2017-11-25 01:05:15,984 - DEBUG - loop_time: 30
2017-11-25 01:05:15,985 - DEBUG - loop_dynamic: True
2017-11-25 01:05:15,985 - DEBUG - live_trading: True
2017-11-25 01:05:15,985 - DEBUG - csv_logging: True
2017-11-25 01:05:15,985 - DEBUG - telegram_active: True
2017-11-25 01:05:15,985 - INFO - Dynamic loop time calculation activated. Base loop time set to 30 seconds.
2017-11-25 01:05:15,985 - INFO - CSV log file path: logs/lorenzbot_log_11252017-010515.csv
2017-11-25 01:05:15,992 - INFO - No collections found in database. Creating new...
2017-11-25 01:05:16,618 - INFO - Created new collection: 11252017_010515
2017-11-25 01:05:16,619 - INFO - Found Telegram config file.
2017-11-25 01:05:16,646 - DEBUG - telegram_token: 411687950:AAFOIzovAmjDoy_0qJeBfdtzTFkM74BI0Fs
2017-11-25 01:05:16,649 - INFO - Found Poloniex config file.
2017-11-25 01:05:16,670 - WARNING - Live trading ENABLED.
2017-11-25 01:05:17,131 - INFO - Current Maker Fee: 0.0015
2017-11-25 01:05:17,132 - INFO - Current Taker Fee: 0.0025
2017-11-25 01:05:17,636 - INFO - Balance STR:  237.40
2017-11-25 01:05:17,637 - INFO - Balance USDT: 30.63
2017-11-25 01:05:17,638 - INFO - Collection empty. Setting tradable balance remaining to allowed maximum.
2017-11-25 01:05:17,638 - DEBUG - trade_usdt_remaining: 1.00
2017-11-25 01:05:17,638 - INFO - Tradable USDT Remaining: 1.00
2017-11-25 01:05:17,638 - DEBUG - ----[LOOP START]----
2017-11-25 01:05:17,638 - DEBUG - Entering base_price calculation.
2017-11-25 01:05:17,639 - DEBUG - MongoDB collection length: 0
2017-11-25 01:05:17,639 - DEBUG - trade_prop: 0.05000000
2017-11-25 01:05:17,928 - DEBUG - actual: 1.00000000
2017-11-25 01:05:17,928 - DEBUG - book_tot: 0.08
2017-11-25 01:05:17,928 - DEBUG - calc_limit_price() successful within limits (depth=20).
2017-11-25 01:05:17,928 - DEBUG - trade_amount_initial[CALC]: 1.00
2017-11-25 01:05:17,928 - INFO - No trade log found. Making entry buy.
2017-11-25 01:05:17,929 - INFO - Entry trade amount: 1.00000000
2017-11-25 01:05:19,256 - DEBUG - actual: 0.04157999
2017-11-25 01:05:19,257 - DEBUG - book_tot: 53150.04
2017-11-25 01:05:19,257 - DEBUG - actual: 0.04157999
2017-11-25 01:05:19,257 - DEBUG - book_tot: 53150.04
2017-11-25 01:05:19,257 - DEBUG - calc_limit_price() successful within limits (depth=20).
2017-11-25 01:05:19,258 - DEBUG - limit_price: 0.04157999
2017-11-25 01:05:19,721 - DEBUG - [BUY] trade_response: {'orderNumber': '39713918453', 'resultingTrades': [{'amount': '1.00000000', 'date': '2017-11-25 07:05:18', 'rate': '0.04157999', 'total': '0.04157999', 'tradeID': '1750691', 'type': 'buy'}], 'amountUnfilled': '0.00000000'}
2017-11-25 01:05:20,151 - DEBUG - returnOrderTrades: [{'globalTradeID': 268908120, 'tradeID': 1750691, 'currencyPair': 'USDT_STR', 'type': 'buy', 'rate': '0.04157999', 'amount': '1.00000000', 'total': '0.04157999', 'fee': '0.00250000', 'date': '2017-11-25 07:05:18'}]
2017-11-25 01:05:20,152 - DEBUG - trade_date: 2017-11-25 07:05:18
2017-11-25 01:05:20,152 - DEBUG - len(order_trades): 1
2017-11-25 01:05:20,152 - DEBUG - len(order_list): 1
2017-11-25 01:05:20,152 - DEBUG - order_list: [[Decimal('0.9975000000000000'), Decimal('0.04157999')]]
2017-11-25 01:05:20,152 - DEBUG - rate_calc_total:    0.04147604
2017-11-25 01:05:20,153 - DEBUG - amount_total:       0.99750000
2017-11-25 01:05:20,153 - DEBUG - order_average_rate: 0.04157999
2017-11-25 01:05:20,153 - DEBUG - Calc. Error Margin: -0.90
2017-11-25 01:05:20,153 - DEBUG - [BUY] order_details: {'date': '2017-11-25 07:05:18', 'amount': Decimal('0.9975000000000000'), 'rate': Decimal('0.04157999')}
2017-11-25 01:05:20,160 - DEBUG - [BUY] mongo_response: <pymongo.results.InsertOneResult object at 0x107d7edc8>
2017-11-25 01:05:20,160 - DEBUG - Entering base_price calculation.
2017-11-25 01:05:20,161 - DEBUG - MongoDB collection length: 1
2017-11-25 01:05:20,163 - DEBUG - trade_total[spent]: 0.04147604
2017-11-25 01:05:20,165 - DEBUG - agg: [{'_id': None, 'total_bought': 0.9975}]
2017-11-25 01:05:20,165 - DEBUG - trade_total[bought]: 0.99750000
2017-11-25 01:05:20,165 - DEBUG - rate_avg: 0.04157999
2017-11-25 01:05:20,165 - DEBUG - csv_list: ['2017-11-25 07:05:18', 'buy', '0.99750000', '0.04157999', '0.00000000', '0.04157999']
2017-11-25 01:05:20,165 - INFO - Logging trade details to csv file.
2017-11-25 01:05:20,166 - ERROR - Entry buy failed. Exiting.
Traceback (most recent call last):
  File "lorenzbot_telegram.py", line 211, in calc_base
    exec_trade('buy', limit_price, trade_amount_initial)
  File "lorenzbot_telegram.py", line 425, in exec_trade
    telegram_send_message()
TypeError: telegram_send_message() missing 2 required positional arguments: 'bot' and 'trade_message'
