2017-11-25 16:35:46,005 - DEBUG - Parsing arguments.
2017-11-25 16:35:46,007 - DEBUG - clean_collections: False
2017-11-25 16:35:46,007 - DEBUG - trade_amount: 10.00
2017-11-25 16:35:46,007 - DEBUG - amount_dynamic: True
2017-11-25 16:35:46,007 - DEBUG - trade_proportion_initial: 0.05
2017-11-25 16:35:46,008 - DEBUG - trade_usdt_max: 1.00
2017-11-25 16:35:46,008 - DEBUG - profit_threshold: 0.05
2017-11-25 16:35:46,008 - DEBUG - loop_time: 20
2017-11-25 16:35:46,008 - DEBUG - loop_dynamic: True
2017-11-25 16:35:46,008 - DEBUG - live_trading: True
2017-11-25 16:35:46,008 - DEBUG - csv_logging: True
2017-11-25 16:35:46,008 - DEBUG - telegram_active: True
2017-11-25 16:35:46,008 - DEBUG - mongo_alt: False
2017-11-25 16:35:46,008 - WARNING - Total STR trade amount set to a high value. Confirm before continuing.
2017-11-25 16:35:49,520 - INFO - STR trade amount confirmed.
2017-11-25 16:35:49,521 - INFO - Dynamic loop time calculation activated. Base loop time set to 20 seconds.
2017-11-25 16:35:49,521 - INFO - CSV log file path: logs/lorenzbot_log_11252017-163549.csv
2017-11-25 16:35:49,527 - INFO - Using default MongoDB database 'lorenzbot'.
2017-11-25 16:35:49,533 - INFO - No collections found in database. Creating new...
2017-11-25 16:35:49,904 - INFO - Created new collection: 11252017_163549
2017-11-25 16:35:49,905 - INFO - Found Telegram config file.
2017-11-25 16:35:49,927 - DEBUG - telegram_token: 411687950:AAFOIzovAmjDoy_0qJeBfdtzTFkM74BI0Fs
2017-11-25 16:35:49,931 - INFO - Found Poloniex config file.
2017-11-25 16:35:49,951 - WARNING - Live trading ENABLED.
2017-11-25 16:35:50,381 - INFO - Current Maker Fee: 0.0015
2017-11-25 16:35:50,381 - INFO - Current Taker Fee: 0.0025
2017-11-25 16:35:50,683 - INFO - Balance STR:  0.00
2017-11-25 16:35:50,684 - INFO - Balance USDT: 40.81
2017-11-25 16:35:50,685 - INFO - Collection empty. Setting tradable balance remaining to allowed maximum.
2017-11-25 16:35:50,685 - DEBUG - trade_usdt_remaining: 1.00
2017-11-25 16:35:50,686 - INFO - Tradable USDT Remaining: 1.00
2017-11-25 16:35:50,686 - INFO - --------------------
2017-11-25 16:35:50,686 - DEBUG - Entering base_price calculation.
2017-11-25 16:35:50,687 - DEBUG - MongoDB collection length: 0
2017-11-25 16:35:50,687 - DEBUG - trade_prop: 0.05000000
2017-11-25 16:35:50,905 - DEBUG - actual: 0.18098871
2017-11-25 16:35:50,905 - DEBUG - book_tot: 0.05
2017-11-25 16:35:50,906 - DEBUG - calc_limit_price() successful within limits (depth=20).
2017-11-25 16:35:50,906 - DEBUG - trade_amount_initial[CALC]: 0.18
2017-11-25 16:35:50,906 - INFO - No trade log found. Making entry buy.
2017-11-25 16:35:50,906 - INFO - Entry trade amount: 0.1810
2017-11-25 16:35:51,125 - DEBUG - actual: 0.04374000
2017-11-25 16:35:51,125 - DEBUG - book_tot: 0.18
2017-11-25 16:35:51,125 - DEBUG - actual: 0.04374000
2017-11-25 16:35:51,125 - DEBUG - book_tot: 0.18
2017-11-25 16:35:51,125 - DEBUG - calc_limit_price() successful within limits (depth=20).
2017-11-25 16:35:51,125 - DEBUG - limit_price: 0.04374000
2017-11-25 16:35:51,545 - DEBUG - [BUY] trade_response: {'orderNumber': '39817797470', 'resultingTrades': [{'amount': '0.01000000', 'date': '2017-11-25 22:35:50', 'rate': '0.04357000', 'total': '0.00043570', 'tradeID': '1787618', 'type': 'buy'}, {'amount': '0.01000000', 'date': '2017-11-25 22:35:50', 'rate': '0.04358000', 'total': '0.00043580', 'tradeID': '1787619', 'type': 'buy'}, {'amount': '0.01000000', 'date': '2017-11-25 22:35:50', 'rate': '0.04359000', 'total': '0.00043590', 'tradeID': '1787620', 'type': 'buy'}, {'amount': '0.01000000', 'date': '2017-11-25 22:35:50', 'rate': '0.04360000', 'total': '0.00043600', 'tradeID': '1787621', 'type': 'buy'}, {'amount': '0.01000000', 'date': '2017-11-25 22:35:50', 'rate': '0.04360000', 'total': '0.00043600', 'tradeID': '1787622', 'type': 'buy'}, {'amount': '0.01000000', 'date': '2017-11-25 22:35:50', 'rate': '0.04361000', 'total': '0.00043610', 'tradeID': '1787623', 'type': 'buy'}, {'amount': '0.01000000', 'date': '2017-11-25 22:35:50', 'rate': '0.04362000', 'total': '0.00043620', 'tradeID': '1787624', 'type': 'buy'}, {'amount': '0.01000000', 'date': '2017-11-25 22:35:50', 'rate': '0.04363000', 'total': '0.00043630', 'tradeID': '1787625', 'type': 'buy'}, {'amount': '0.01000000', 'date': '2017-11-25 22:35:50', 'rate': '0.04364000', 'total': '0.00043640', 'tradeID': '1787626', 'type': 'buy'}, {'amount': '0.01000000', 'date': '2017-11-25 22:35:50', 'rate': '0.04365000', 'total': '0.00043650', 'tradeID': '1787627', 'type': 'buy'}, {'amount': '0.01000000', 'date': '2017-11-25 22:35:50', 'rate': '0.04366000', 'total': '0.00043660', 'tradeID': '1787628', 'type': 'buy'}, {'amount': '0.01000000', 'date': '2017-11-25 22:35:50', 'rate': '0.04367000', 'total': '0.00043670', 'tradeID': '1787629', 'type': 'buy'}, {'amount': '0.01000000', 'date': '2017-11-25 22:35:50', 'rate': '0.04368000', 'total': '0.00043680', 'tradeID': '1787630', 'type': 'buy'}, {'amount': '0.01000000', 'date': '2017-11-25 22:35:50', 'rate': '0.04369000', 'total': '0.00043690', 'tradeID': '1787631', 'type': 'buy'}, {'amount': '0.01000000', 'date': '2017-11-25 22:35:50', 'rate': '0.04370000', 'total': '0.00043700', 'tradeID': '1787632', 'type': 'buy'}, {'amount': '0.01000000', 'date': '2017-11-25 22:35:50', 'rate': '0.04371000', 'total': '0.00043710', 'tradeID': '1787633', 'type': 'buy'}, {'amount': '0.01000000', 'date': '2017-11-25 22:35:50', 'rate': '0.04372000', 'total': '0.00043720', 'tradeID': '1787634', 'type': 'buy'}, {'amount': '0.01000000', 'date': '2017-11-25 22:35:50', 'rate': '0.04373000', 'total': '0.00043730', 'tradeID': '1787635', 'type': 'buy'}, {'amount': '0.00098871', 'date': '2017-11-25 22:35:50', 'rate': '0.04374000', 'total': '0.00004324', 'tradeID': '1787636', 'type': 'buy'}], 'amountUnfilled': '0.00000000'}
2017-11-25 16:35:51,949 - DEBUG - returnOrderTrades: [{'globalTradeID': 269495486, 'tradeID': 1787636, 'currencyPair': 'USDT_STR', 'type': 'buy', 'rate': '0.04374000', 'amount': '0.00098871', 'total': '0.00004324', 'fee': '0.00250000', 'date': '2017-11-25 22:35:50'}, {'globalTradeID': 269495485, 'tradeID': 1787635, 'currencyPair': 'USDT_STR', 'type': 'buy', 'rate': '0.04373000', 'amount': '0.01000000', 'total': '0.00043730', 'fee': '0.00250000', 'date': '2017-11-25 22:35:50'}, {'globalTradeID': 269495484, 'tradeID': 1787634, 'currencyPair': 'USDT_STR', 'type': 'buy', 'rate': '0.04372000', 'amount': '0.01000000', 'total': '0.00043720', 'fee': '0.00250000', 'date': '2017-11-25 22:35:50'}, {'globalTradeID': 269495483, 'tradeID': 1787633, 'currencyPair': 'USDT_STR', 'type': 'buy', 'rate': '0.04371000', 'amount': '0.01000000', 'total': '0.00043710', 'fee': '0.00250000', 'date': '2017-11-25 22:35:50'}, {'globalTradeID': 269495482, 'tradeID': 1787632, 'currencyPair': 'USDT_STR', 'type': 'buy', 'rate': '0.04370000', 'amount': '0.01000000', 'total': '0.00043700', 'fee': '0.00250000', 'date': '2017-11-25 22:35:50'}, {'globalTradeID': 269495481, 'tradeID': 1787631, 'currencyPair': 'USDT_STR', 'type': 'buy', 'rate': '0.04369000', 'amount': '0.01000000', 'total': '0.00043690', 'fee': '0.00250000', 'date': '2017-11-25 22:35:50'}, {'globalTradeID': 269495480, 'tradeID': 1787630, 'currencyPair': 'USDT_STR', 'type': 'buy', 'rate': '0.04368000', 'amount': '0.01000000', 'total': '0.00043680', 'fee': '0.00250000', 'date': '2017-11-25 22:35:50'}, {'globalTradeID': 269495479, 'tradeID': 1787629, 'currencyPair': 'USDT_STR', 'type': 'buy', 'rate': '0.04367000', 'amount': '0.01000000', 'total': '0.00043670', 'fee': '0.00250000', 'date': '2017-11-25 22:35:50'}, {'globalTradeID': 269495478, 'tradeID': 1787628, 'currencyPair': 'USDT_STR', 'type': 'buy', 'rate': '0.04366000', 'amount': '0.01000000', 'total': '0.00043660', 'fee': '0.00250000', 'date': '2017-11-25 22:35:50'}, {'globalTradeID': 269495477, 'tradeID': 1787627, 'currencyPair': 'USDT_STR', 'type': 'buy', 'rate': '0.04365000', 'amount': '0.01000000', 'total': '0.00043650', 'fee': '0.00250000', 'date': '2017-11-25 22:35:50'}, {'globalTradeID': 269495476, 'tradeID': 1787626, 'currencyPair': 'USDT_STR', 'type': 'buy', 'rate': '0.04364000', 'amount': '0.01000000', 'total': '0.00043640', 'fee': '0.00250000', 'date': '2017-11-25 22:35:50'}, {'globalTradeID': 269495475, 'tradeID': 1787625, 'currencyPair': 'USDT_STR', 'type': 'buy', 'rate': '0.04363000', 'amount': '0.01000000', 'total': '0.00043630', 'fee': '0.00250000', 'date': '2017-11-25 22:35:50'}, {'globalTradeID': 269495474, 'tradeID': 1787624, 'currencyPair': 'USDT_STR', 'type': 'buy', 'rate': '0.04362000', 'amount': '0.01000000', 'total': '0.00043620', 'fee': '0.00250000', 'date': '2017-11-25 22:35:50'}, {'globalTradeID': 269495473, 'tradeID': 1787623, 'currencyPair': 'USDT_STR', 'type': 'buy', 'rate': '0.04361000', 'amount': '0.01000000', 'total': '0.00043610', 'fee': '0.00250000', 'date': '2017-11-25 22:35:50'}, {'globalTradeID': 269495472, 'tradeID': 1787622, 'currencyPair': 'USDT_STR', 'type': 'buy', 'rate': '0.04360000', 'amount': '0.01000000', 'total': '0.00043600', 'fee': '0.00250000', 'date': '2017-11-25 22:35:50'}, {'globalTradeID': 269495471, 'tradeID': 1787621, 'currencyPair': 'USDT_STR', 'type': 'buy', 'rate': '0.04360000', 'amount': '0.01000000', 'total': '0.00043600', 'fee': '0.00250000', 'date': '2017-11-25 22:35:50'}, {'globalTradeID': 269495470, 'tradeID': 1787620, 'currencyPair': 'USDT_STR', 'type': 'buy', 'rate': '0.04359000', 'amount': '0.01000000', 'total': '0.00043590', 'fee': '0.00250000', 'date': '2017-11-25 22:35:50'}, {'globalTradeID': 269495469, 'tradeID': 1787619, 'currencyPair': 'USDT_STR', 'type': 'buy', 'rate': '0.04358000', 'amount': '0.01000000', 'total': '0.00043580', 'fee': '0.00250000', 'date': '2017-11-25 22:35:50'}, {'globalTradeID': 269495468, 'tradeID': 1787618, 'currencyPair': 'USDT_STR', 'type': 'buy', 'rate': '0.04357000', 'amount': '0.01000000', 'total': '0.00043570', 'fee': '0.00250000', 'date': '2017-11-25 22:35:50'}]
2017-11-25 16:35:51,949 - DEBUG - trade_date: 2017-11-25 22:35:50
2017-11-25 16:35:51,949 - DEBUG - len(order_trades): 19
2017-11-25 16:35:51,950 - DEBUG - len(order_list): 19
2017-11-25 16:35:51,950 - DEBUG - order_list: [[Decimal('0.0009862382250000'), Decimal('0.04374000')], [Decimal('0.0099750000000000'), Decimal('0.04373000')], [Decimal('0.0099750000000000'), Decimal('0.04372000')], [Decimal('0.0099750000000000'), Decimal('0.04371000')], [Decimal('0.0099750000000000'), Decimal('0.04370000')], [Decimal('0.0099750000000000'), Decimal('0.04369000')], [Decimal('0.0099750000000000'), Decimal('0.04368000')], [Decimal('0.0099750000000000'), Decimal('0.04367000')], [Decimal('0.0099750000000000'), Decimal('0.04366000')], [Decimal('0.0099750000000000'), Decimal('0.04365000')], [Decimal('0.0099750000000000'), Decimal('0.04364000')], [Decimal('0.0099750000000000'), Decimal('0.04363000')], [Decimal('0.0099750000000000'), Decimal('0.04362000')], [Decimal('0.0099750000000000'), Decimal('0.04361000')], [Decimal('0.0099750000000000'), Decimal('0.04360000')], [Decimal('0.0099750000000000'), Decimal('0.04360000')], [Decimal('0.0099750000000000'), Decimal('0.04359000')], [Decimal('0.0099750000000000'), Decimal('0.04358000')], [Decimal('0.0099750000000000'), Decimal('0.04357000')]]
2017-11-25 16:35:51,950 - DEBUG - rate_calc_total:    0.00788000
2017-11-25 16:35:51,950 - DEBUG - amount_total:       0.18053624
2017-11-25 16:35:51,950 - DEBUG - order_average_rate: 0.04364773
2017-11-25 16:35:51,950 - DEBUG - Calc. Error Margin: 9.82
2017-11-25 16:35:51,950 - DEBUG - [BUY] order_details: {'date': '2017-11-25 22:35:50', 'amount': Decimal('0.1805362382250000'), 'rate': Decimal('0.04364772905116567768232615173')}
2017-11-25 16:35:51,952 - DEBUG - [BUY] mongo_response: <pymongo.results.InsertOneResult object at 0x110022ac8>
2017-11-25 16:35:51,952 - INFO - Buy logged to MongoDB database collection 11252017_163549
2017-11-25 16:35:51,953 - DEBUG - Entering base_price calculation.
2017-11-25 16:35:51,954 - DEBUG - MongoDB collection length: 1
2017-11-25 16:35:51,957 - DEBUG - trade_total[spent]: 0.00788000
2017-11-25 16:35:51,958 - DEBUG - agg: [{'_id': None, 'total_bought': 0.180536238225}]
2017-11-25 16:35:51,959 - DEBUG - trade_total[bought]: 0.18053624
2017-11-25 16:35:51,959 - DEBUG - rate_avg: 0.04364773
2017-11-25 16:35:51,959 - DEBUG - csv_list: ['2017-11-25 22:35:50', 'buy', '0.18053624', '0.04364773', '0.00000000', '0.04364773']
2017-11-25 16:35:51,959 - INFO - Logging trade details to csv file.
2017-11-25 16:35:51,984 - INFO - Sending Telegram alert.
2017-11-25 16:35:51,984 - DEBUG - trade_message: Bought 0.1805 @ 0.0436
2017-11-25 16:35:51,984 - DEBUG - No Telegram users connected. Skipping alert.
2017-11-25 16:35:51,986 - DEBUG - MongoDB collection length: 1
2017-11-25 16:35:51,999 - DEBUG - trade_total[spent]: 0.00788000
2017-11-25 16:35:52,009 - DEBUG - agg: [{'_id': None, 'total_bought': 0.180536238225}]
2017-11-25 16:35:52,009 - DEBUG - trade_total[bought]: 0.18053624
2017-11-25 16:35:52,009 - DEBUG - rate_avg: 0.04364773
2017-11-25 16:35:52,009 - DEBUG - base_price: 0.04364773
2017-11-25 16:35:52,009 - INFO - Base Price: 0.0436
2017-11-25 16:35:52,009 - DEBUG - base_price_target: 0.04353861
2017-11-25 16:35:52,010 - INFO - Base Price Target: 0.0435
2017-11-25 16:35:52,271 - INFO - Balance STR:  0.18053624
2017-11-25 16:35:52,272 - INFO - Balance USDT: 40.8044
2017-11-25 16:35:52,277 - DEBUG - agg: [{'_id': None, 'total_bought': 0.180536238225}]
2017-11-25 16:35:52,277 - DEBUG - trade_total[bought]: 0.18053624
2017-11-25 16:35:52,277 - DEBUG - total_bought_str: 0.18053624
2017-11-25 16:35:52,277 - INFO - Total STR Bought: 0.1805
2017-11-25 16:35:52,279 - DEBUG - trade_total[spent]: 0.00788000
2017-11-25 16:35:52,280 - DEBUG - total_spent_usdt: 0.00788000
2017-11-25 16:35:52,280 - INFO - Total USDT Spent: 0.0079
2017-11-25 16:35:52,282 - DEBUG - trade_usdt_remaining: 0.9921
2017-11-25 16:35:52,411 - DEBUG - actual: 0.04380000
2017-11-25 16:35:52,411 - DEBUG - book_tot: 196.95
2017-11-25 16:35:52,411 - DEBUG - actual: 0.04380000
2017-11-25 16:35:52,417 - DEBUG - book_tot: 196.95
2017-11-25 16:35:52,417 - DEBUG - calc_limit_price() successful within limits (depth=20).
2017-11-25 16:35:52,417 - DEBUG - diff: -0.003489
2017-11-25 16:35:52,417 - INFO - Price Difference from Base: -0.3489%
2017-11-25 16:35:52,420 - DEBUG - trade_proportion_low: 0.05
2017-11-25 16:35:52,420 - DEBUG - trade_proportion_high: 0.50
2017-11-25 16:35:52,420 - DEBUG - trade_proportion_adj: 0.05
2017-11-25 16:35:52,421 - DEBUG - trade_usdt_remaining: 0.99
2017-11-25 16:35:52,421 - DEBUG - [DYNAMIC]amount: 0.04804849
2017-11-25 16:35:52,674 - DEBUG - actual: 1.00000000
2017-11-25 16:35:52,675 - DEBUG - book_tot: 0.09
2017-11-25 16:35:52,675 - DEBUG - calc_limit_price() successful within limits (depth=20).
2017-11-25 16:35:52,675 - DEBUG - buy_amount_current: 1.00000000
2017-11-25 16:35:52,675 - INFO - Current Buy Amount: 1.0000
2017-11-25 16:35:52,801 - DEBUG - actual: 0.04380000
2017-11-25 16:35:52,801 - DEBUG - book_tot: 196.95
2017-11-25 16:35:52,801 - DEBUG - actual: 0.04380000
2017-11-25 16:35:52,801 - DEBUG - book_tot: 196.95
2017-11-25 16:35:52,801 - DEBUG - calc_limit_price() successful within limits (depth=20).
2017-11-25 16:35:52,801 - DEBUG - Adding fees to calc_limit_price() return value.
2017-11-25 16:35:52,802 - DEBUG - [buy]price_actual[+FEES]: 0.04390950
2017-11-25 16:35:52,802 - DEBUG - low_ask_actual: 0.04390950
2017-11-25 16:35:52,802 - INFO - Low Ask (Actual): 0.0439
2017-11-25 16:35:52,804 - DEBUG - agg: [{'_id': None, 'total_bought': 0.180536238225}]
2017-11-25 16:35:52,804 - DEBUG - trade_total[bought]: 0.18053624
2017-11-25 16:35:52,804 - DEBUG - sell_amount_current: 0.18053624
2017-11-25 16:35:52,804 - INFO - Current Sell Amount: 0.1805
2017-11-25 16:35:53,093 - DEBUG - actual: 0.04351000
2017-11-25 16:35:53,093 - DEBUG - book_tot: 12043.30
2017-11-25 16:35:53,093 - DEBUG - actual: 0.04351000
2017-11-25 16:35:53,093 - DEBUG - book_tot: 12043.30
2017-11-25 16:35:53,093 - DEBUG - calc_limit_price() successful within limits (depth=20).
2017-11-25 16:35:53,093 - DEBUG - Adding fees to calc_limit_price() return value.
2017-11-25 16:35:53,093 - DEBUG - [sell]price_actual[+FEES]: 0.04340122
2017-11-25 16:35:53,093 - DEBUG - high_bid_actual: 0.04340122
2017-11-25 16:35:53,093 - INFO - High Bid (Actual): 0.0434
2017-11-25 16:35:53,094 - DEBUG - sell_price_target: 0.04593923
2017-11-25 16:35:53,094 - INFO - Sell Target: 0.0459
2017-11-25 16:35:53,094 - DEBUG - diff: -0.005997
2017-11-25 16:35:53,094 - INFO - Price Difference from Base: -0.5997%
2017-11-25 16:35:53,094 - DEBUG - Calculating loop time.
2017-11-25 16:35:53,095 - DEBUG - diff <= 0
2017-11-25 16:35:53,095 - DEBUG - lt: 20.00
2017-11-25 16:35:53,095 - INFO - Trade loop complete. Sleeping for 20.00 seconds.
2017-11-25 16:35:53,095 - INFO - --------------------
2017-11-25 16:35:58,344 - INFO - Exit signal received.
2017-11-25 16:35:58,347 - INFO - Mongo write errors: 0
2017-11-25 16:35:58,347 - INFO - CSV write errors: 0
