2017-11-25 15:59:20,512 - DEBUG - Parsing arguments.
2017-11-25 15:59:20,512 - DEBUG - Activated debug logging.
2017-11-25 15:59:20,513 - DEBUG - clean_collections: False
2017-11-25 15:59:20,513 - DEBUG - trade_amount: 0.10
2017-11-25 15:59:20,514 - DEBUG - amount_dynamic: True
2017-11-25 15:59:20,514 - DEBUG - trade_proportion_initial: 0.05
2017-11-25 15:59:20,514 - DEBUG - trade_usdt_max: 1.00
2017-11-25 15:59:20,514 - DEBUG - profit_threshold: 0.05
2017-11-25 15:59:20,514 - DEBUG - loop_time: 20
2017-11-25 15:59:20,514 - DEBUG - loop_dynamic: True
2017-11-25 15:59:20,514 - DEBUG - live_trading: True
2017-11-25 15:59:20,515 - DEBUG - csv_logging: True
2017-11-25 15:59:20,515 - DEBUG - telegram_active: True
2017-11-25 15:59:20,515 - DEBUG - mongo_alt: False
2017-11-25 15:59:20,515 - INFO - Dynamic loop time calculation activated. Base loop time set to 20 seconds.
2017-11-25 15:59:20,515 - INFO - CSV log file path: logs/lorenzbot_log_11252017-155920.csv
2017-11-25 15:59:20,517 - INFO - Using default MongoDB database 'lorenzbot'.
2017-11-25 15:59:20,521 - INFO - No collections found in database. Creating new...
2017-11-25 15:59:20,993 - INFO - Created new collection: 11252017_155920
2017-11-25 15:59:20,994 - INFO - Found Telegram config file.
2017-11-25 15:59:21,016 - DEBUG - telegram_token: 411687950:AAFOIzovAmjDoy_0qJeBfdtzTFkM74BI0Fs
2017-11-25 15:59:21,019 - INFO - Found Poloniex config file.
2017-11-25 15:59:21,041 - WARNING - Live trading ENABLED.
2017-11-25 15:59:21,694 - INFO - Current Maker Fee: 0.0015
2017-11-25 15:59:21,695 - INFO - Current Taker Fee: 0.0025
2017-11-25 15:59:23,102 - INFO - Balance STR:  1.00
2017-11-25 15:59:23,102 - INFO - Balance USDT: 40.77
2017-11-25 15:59:23,103 - INFO - Collection empty. Setting tradable balance remaining to allowed maximum.
2017-11-25 15:59:23,103 - DEBUG - trade_usdt_remaining: 1.00
2017-11-25 15:59:23,104 - INFO - Tradable USDT Remaining: 1.00
2017-11-25 15:59:23,104 - DEBUG - ----[LOOP START]----
2017-11-25 15:59:23,104 - DEBUG - Entering base_price calculation.
2017-11-25 15:59:23,105 - DEBUG - MongoDB collection length: 0
2017-11-25 15:59:23,105 - DEBUG - trade_prop: 0.05000000
2017-11-25 15:59:23,389 - DEBUG - actual: 1.11000000
2017-11-25 15:59:23,389 - DEBUG - book_tot: 0.09
2017-11-25 15:59:23,389 - DEBUG - calc_limit_price() successful within limits (depth=20).
2017-11-25 15:59:23,389 - DEBUG - trade_amount_initial[CALC]: 1.11
2017-11-25 15:59:23,390 - INFO - No trade log found. Making entry buy.
2017-11-25 15:59:23,390 - INFO - Entry trade amount: 1.11000000
2017-11-25 15:59:23,652 - DEBUG - actual: 0.04382000
2017-11-25 15:59:23,653 - DEBUG - book_tot: 24088.75
2017-11-25 15:59:23,653 - DEBUG - actual: 0.04382000
2017-11-25 15:59:23,653 - DEBUG - book_tot: 24088.75
2017-11-25 15:59:23,653 - DEBUG - calc_limit_price() successful within limits (depth=20).
2017-11-25 15:59:23,653 - DEBUG - limit_price: 0.04382000
2017-11-25 15:59:23,997 - DEBUG - [BUY] trade_response: {'orderNumber': '39813806465', 'resultingTrades': [{'amount': '0.01000000', 'date': '2017-11-25 21:59:22', 'rate': '0.04371000', 'total': '0.00043710', 'tradeID': '1786163', 'type': 'buy'}, {'amount': '0.01000000', 'date': '2017-11-25 21:59:22', 'rate': '0.04372000', 'total': '0.00043720', 'tradeID': '1786164', 'type': 'buy'}, {'amount': '0.01000000', 'date': '2017-11-25 21:59:22', 'rate': '0.04373000', 'total': '0.00043730', 'tradeID': '1786165', 'type': 'buy'}, {'amount': '0.01000000', 'date': '2017-11-25 21:59:22', 'rate': '0.04374000', 'total': '0.00043740', 'tradeID': '1786166', 'type': 'buy'}, {'amount': '0.01000000', 'date': '2017-11-25 21:59:22', 'rate': '0.04375000', 'total': '0.00043750', 'tradeID': '1786167', 'type': 'buy'}, {'amount': '0.01000000', 'date': '2017-11-25 21:59:22', 'rate': '0.04376000', 'total': '0.00043760', 'tradeID': '1786168', 'type': 'buy'}, {'amount': '0.01000000', 'date': '2017-11-25 21:59:22', 'rate': '0.04377000', 'total': '0.00043770', 'tradeID': '1786169', 'type': 'buy'}, {'amount': '0.01000000', 'date': '2017-11-25 21:59:22', 'rate': '0.04378000', 'total': '0.00043780', 'tradeID': '1786170', 'type': 'buy'}, {'amount': '0.01000000', 'date': '2017-11-25 21:59:22', 'rate': '0.04379000', 'total': '0.00043790', 'tradeID': '1786171', 'type': 'buy'}, {'amount': '0.01000000', 'date': '2017-11-25 21:59:22', 'rate': '0.04380000', 'total': '0.00043800', 'tradeID': '1786172', 'type': 'buy'}, {'amount': '0.01000000', 'date': '2017-11-25 21:59:22', 'rate': '0.04381000', 'total': '0.00043810', 'tradeID': '1786173', 'type': 'buy'}, {'amount': '1.00000000', 'date': '2017-11-25 21:59:22', 'rate': '0.04382000', 'total': '0.04382000', 'tradeID': '1786174', 'type': 'buy'}], 'amountUnfilled': '0.00000000'}
2017-11-25 15:59:24,342 - DEBUG - returnOrderTrades: [{'globalTradeID': 269471778, 'tradeID': 1786174, 'currencyPair': 'USDT_STR', 'type': 'buy', 'rate': '0.04382000', 'amount': '1.00000000', 'total': '0.04382000', 'fee': '0.00250000', 'date': '2017-11-25 21:59:22'}, {'globalTradeID': 269471777, 'tradeID': 1786173, 'currencyPair': 'USDT_STR', 'type': 'buy', 'rate': '0.04381000', 'amount': '0.01000000', 'total': '0.00043810', 'fee': '0.00250000', 'date': '2017-11-25 21:59:22'}, {'globalTradeID': 269471776, 'tradeID': 1786172, 'currencyPair': 'USDT_STR', 'type': 'buy', 'rate': '0.04380000', 'amount': '0.01000000', 'total': '0.00043800', 'fee': '0.00250000', 'date': '2017-11-25 21:59:22'}, {'globalTradeID': 269471775, 'tradeID': 1786171, 'currencyPair': 'USDT_STR', 'type': 'buy', 'rate': '0.04379000', 'amount': '0.01000000', 'total': '0.00043790', 'fee': '0.00250000', 'date': '2017-11-25 21:59:22'}, {'globalTradeID': 269471774, 'tradeID': 1786170, 'currencyPair': 'USDT_STR', 'type': 'buy', 'rate': '0.04378000', 'amount': '0.01000000', 'total': '0.00043780', 'fee': '0.00250000', 'date': '2017-11-25 21:59:22'}, {'globalTradeID': 269471773, 'tradeID': 1786169, 'currencyPair': 'USDT_STR', 'type': 'buy', 'rate': '0.04377000', 'amount': '0.01000000', 'total': '0.00043770', 'fee': '0.00250000', 'date': '2017-11-25 21:59:22'}, {'globalTradeID': 269471772, 'tradeID': 1786168, 'currencyPair': 'USDT_STR', 'type': 'buy', 'rate': '0.04376000', 'amount': '0.01000000', 'total': '0.00043760', 'fee': '0.00250000', 'date': '2017-11-25 21:59:22'}, {'globalTradeID': 269471771, 'tradeID': 1786167, 'currencyPair': 'USDT_STR', 'type': 'buy', 'rate': '0.04375000', 'amount': '0.01000000', 'total': '0.00043750', 'fee': '0.00250000', 'date': '2017-11-25 21:59:22'}, {'globalTradeID': 269471770, 'tradeID': 1786166, 'currencyPair': 'USDT_STR', 'type': 'buy', 'rate': '0.04374000', 'amount': '0.01000000', 'total': '0.00043740', 'fee': '0.00250000', 'date': '2017-11-25 21:59:22'}, {'globalTradeID': 269471769, 'tradeID': 1786165, 'currencyPair': 'USDT_STR', 'type': 'buy', 'rate': '0.04373000', 'amount': '0.01000000', 'total': '0.00043730', 'fee': '0.00250000', 'date': '2017-11-25 21:59:22'}, {'globalTradeID': 269471768, 'tradeID': 1786164, 'currencyPair': 'USDT_STR', 'type': 'buy', 'rate': '0.04372000', 'amount': '0.01000000', 'total': '0.00043720', 'fee': '0.00250000', 'date': '2017-11-25 21:59:22'}, {'globalTradeID': 269471767, 'tradeID': 1786163, 'currencyPair': 'USDT_STR', 'type': 'buy', 'rate': '0.04371000', 'amount': '0.01000000', 'total': '0.00043710', 'fee': '0.00250000', 'date': '2017-11-25 21:59:22'}]
2017-11-25 15:59:24,342 - DEBUG - trade_date: 2017-11-25 21:59:22
2017-11-25 15:59:24,343 - DEBUG - len(order_trades): 12
2017-11-25 15:59:24,343 - DEBUG - len(order_list): 12
2017-11-25 15:59:24,343 - DEBUG - order_list: [[Decimal('0.9975000000000000'), Decimal('0.04382000')], [Decimal('0.0099750000000000'), Decimal('0.04381000')], [Decimal('0.0099750000000000'), Decimal('0.04380000')], [Decimal('0.0099750000000000'), Decimal('0.04379000')], [Decimal('0.0099750000000000'), Decimal('0.04378000')], [Decimal('0.0099750000000000'), Decimal('0.04377000')], [Decimal('0.0099750000000000'), Decimal('0.04376000')], [Decimal('0.0099750000000000'), Decimal('0.04375000')], [Decimal('0.0099750000000000'), Decimal('0.04374000')], [Decimal('0.0099750000000000'), Decimal('0.04373000')], [Decimal('0.0099750000000000'), Decimal('0.04372000')], [Decimal('0.0099750000000000'), Decimal('0.04371000')]]
2017-11-25 15:59:24,343 - DEBUG - rate_calc_total:    0.04851202
2017-11-25 15:59:24,344 - DEBUG - amount_total:       1.10722500
2017-11-25 15:59:24,344 - DEBUG - order_average_rate: 0.04381405
2017-11-25 15:59:24,344 - DEBUG - Calc. Error Margin: -1.01
2017-11-25 15:59:24,344 - DEBUG - [BUY] order_details: {'date': '2017-11-25 21:59:22', 'amount': Decimal('1.1072250000000000'), 'rate': Decimal('0.04381405405405405405405405405')}
2017-11-25 15:59:24,379 - DEBUG - [BUY] mongo_response: <pymongo.results.InsertOneResult object at 0x111863248>
2017-11-25 15:59:24,379 - DEBUG - Entering base_price calculation.
2017-11-25 15:59:24,381 - DEBUG - MongoDB collection length: 1
2017-11-25 15:59:24,580 - DEBUG - trade_total[spent]: 0.04851202
2017-11-25 15:59:24,584 - DEBUG - agg: [{'_id': None, 'total_bought': 1.107225}]
2017-11-25 15:59:24,584 - DEBUG - trade_total[bought]: 1.10722500
2017-11-25 15:59:24,584 - DEBUG - rate_avg: 0.04381405
2017-11-25 15:59:24,585 - DEBUG - csv_list: ['2017-11-25 21:59:22', 'buy', '1.10722500', '0.04381405', '0.00000000', '0.04381405']
2017-11-25 15:59:24,585 - INFO - Logging trade details to csv file.
2017-11-25 15:59:24,587 - DEBUG - trade_message: Bought 1.1072 @ 0.0438
2017-11-25 15:59:24,587 - DEBUG - No Telegram users connected. Skipping alert.
2017-11-25 15:59:24,588 - DEBUG - MongoDB collection length: 1
2017-11-25 15:59:24,590 - DEBUG - trade_total[spent]: 0.04851202
2017-11-25 15:59:24,591 - DEBUG - agg: [{'_id': None, 'total_bought': 1.107225}]
2017-11-25 15:59:24,592 - DEBUG - trade_total[bought]: 1.10722500
2017-11-25 15:59:24,592 - DEBUG - rate_avg: 0.04381405
2017-11-25 15:59:24,592 - DEBUG - base_price: 0.04381405
2017-11-25 15:59:24,592 - INFO - Base Price: 0.04381405
2017-11-25 15:59:24,592 - DEBUG - base_price_target: 0.04370452
2017-11-25 15:59:24,593 - INFO - Base Price Target: 0.04370452
2017-11-25 15:59:24,851 - INFO - Balance STR:  2.10230000
2017-11-25 15:59:24,852 - INFO - Balance USDT: 40.72
2017-11-25 15:59:24,853 - DEBUG - agg: [{'_id': None, 'total_bought': 1.107225}]
2017-11-25 15:59:24,854 - DEBUG - trade_total[bought]: 1.10722500
2017-11-25 15:59:24,854 - DEBUG - total_bought_str: 1.10722500
2017-11-25 15:59:24,854 - INFO - Total STR Bought: 1.10722500
2017-11-25 15:59:24,855 - DEBUG - trade_total[spent]: 0.04851202
2017-11-25 15:59:24,856 - DEBUG - total_spent_usdt: 0.04851202
2017-11-25 15:59:24,856 - INFO - Total USDT Spent: 0.05
2017-11-25 15:59:24,856 - DEBUG - trade_usdt_remaining: 0.95
2017-11-25 15:59:24,856 - ERROR - name 'low_ask_actual' is not defined
Traceback (most recent call last):
  File "lorenzbot.py", line 828, in <module>
    buy_amount_current = calc_dynamic('amount', base_price, low_ask_actual)
NameError: name 'low_ask_actual' is not defined
2017-11-25 15:59:24,857 - DEBUG - ----[LOOP START]----
2017-11-25 15:59:24,857 - DEBUG - Entering base_price calculation.
2017-11-25 15:59:24,858 - DEBUG - MongoDB collection length: 1
2017-11-25 15:59:24,859 - DEBUG - trade_total[spent]: 0.04851202
2017-11-25 15:59:24,860 - DEBUG - agg: [{'_id': None, 'total_bought': 1.107225}]
2017-11-25 15:59:24,861 - DEBUG - trade_total[bought]: 1.10722500
2017-11-25 15:59:24,861 - DEBUG - rate_avg: 0.04381405
2017-11-25 15:59:24,861 - DEBUG - base_price: 0.04381405
2017-11-25 15:59:24,861 - INFO - Base Price: 0.04381405
2017-11-25 15:59:24,861 - DEBUG - base_price_target: 0.04370452
2017-11-25 15:59:24,861 - INFO - Base Price Target: 0.04370452
2017-11-25 15:59:25,221 - INFO - Balance STR:  2.10230000
2017-11-25 15:59:25,221 - INFO - Balance USDT: 40.72
2017-11-25 15:59:25,223 - DEBUG - agg: [{'_id': None, 'total_bought': 1.107225}]
2017-11-25 15:59:25,223 - DEBUG - trade_total[bought]: 1.10722500
2017-11-25 15:59:25,223 - DEBUG - total_bought_str: 1.10722500
2017-11-25 15:59:25,223 - INFO - Total STR Bought: 1.10722500
2017-11-25 15:59:25,225 - DEBUG - trade_total[spent]: 0.04851202
2017-11-25 15:59:25,225 - DEBUG - total_spent_usdt: 0.04851202
2017-11-25 15:59:25,225 - INFO - Total USDT Spent: 0.05
2017-11-25 15:59:25,225 - DEBUG - trade_usdt_remaining: 0.95
2017-11-25 15:59:25,227 - ERROR - name 'low_ask_actual' is not defined
Traceback (most recent call last):
  File "lorenzbot.py", line 828, in <module>
    buy_amount_current = calc_dynamic('amount', base_price, low_ask_actual)
NameError: name 'low_ask_actual' is not defined
2017-11-25 15:59:25,227 - DEBUG - ----[LOOP START]----
2017-11-25 15:59:25,227 - DEBUG - Entering base_price calculation.
2017-11-25 15:59:25,228 - DEBUG - MongoDB collection length: 1
2017-11-25 15:59:25,229 - DEBUG - trade_total[spent]: 0.04851202
2017-11-25 15:59:25,230 - DEBUG - agg: [{'_id': None, 'total_bought': 1.107225}]
2017-11-25 15:59:25,231 - DEBUG - trade_total[bought]: 1.10722500
2017-11-25 15:59:25,231 - DEBUG - rate_avg: 0.04381405
2017-11-25 15:59:25,231 - DEBUG - base_price: 0.04381405
2017-11-25 15:59:25,231 - INFO - Base Price: 0.04381405
2017-11-25 15:59:25,231 - DEBUG - base_price_target: 0.04370452
2017-11-25 15:59:25,231 - INFO - Base Price Target: 0.04370452
2017-11-25 15:59:25,530 - INFO - Balance STR:  2.10230000
2017-11-25 15:59:25,530 - INFO - Balance USDT: 40.72
2017-11-25 15:59:25,532 - DEBUG - agg: [{'_id': None, 'total_bought': 1.107225}]
2017-11-25 15:59:25,532 - DEBUG - trade_total[bought]: 1.10722500
2017-11-25 15:59:25,533 - DEBUG - total_bought_str: 1.10722500
2017-11-25 15:59:25,533 - INFO - Total STR Bought: 1.10722500
2017-11-25 15:59:25,534 - DEBUG - trade_total[spent]: 0.04851202
2017-11-25 15:59:25,534 - DEBUG - total_spent_usdt: 0.04851202
2017-11-25 15:59:25,535 - INFO - Total USDT Spent: 0.05
2017-11-25 15:59:25,535 - DEBUG - trade_usdt_remaining: 0.95
2017-11-25 15:59:25,535 - ERROR - name 'low_ask_actual' is not defined
Traceback (most recent call last):
  File "lorenzbot.py", line 828, in <module>
    buy_amount_current = calc_dynamic('amount', base_price, low_ask_actual)
NameError: name 'low_ask_actual' is not defined
2017-11-25 15:59:25,536 - DEBUG - ----[LOOP START]----
2017-11-25 15:59:25,536 - DEBUG - Entering base_price calculation.
2017-11-25 15:59:25,537 - DEBUG - MongoDB collection length: 1
2017-11-25 15:59:25,538 - DEBUG - trade_total[spent]: 0.04851202
2017-11-25 15:59:25,539 - DEBUG - agg: [{'_id': None, 'total_bought': 1.107225}]
2017-11-25 15:59:25,539 - DEBUG - trade_total[bought]: 1.10722500
2017-11-25 15:59:25,539 - DEBUG - rate_avg: 0.04381405
2017-11-25 15:59:25,540 - DEBUG - base_price: 0.04381405
2017-11-25 15:59:25,540 - INFO - Base Price: 0.04381405
2017-11-25 15:59:25,540 - DEBUG - base_price_target: 0.04370452
2017-11-25 15:59:25,540 - INFO - Base Price Target: 0.04370452
2017-11-25 15:59:25,927 - INFO - Balance STR:  2.10230000
2017-11-25 15:59:25,927 - INFO - Balance USDT: 40.72
2017-11-25 15:59:25,929 - DEBUG - agg: [{'_id': None, 'total_bought': 1.107225}]
2017-11-25 15:59:25,929 - DEBUG - trade_total[bought]: 1.10722500
2017-11-25 15:59:25,929 - DEBUG - total_bought_str: 1.10722500
2017-11-25 15:59:25,929 - INFO - Total STR Bought: 1.10722500
2017-11-25 15:59:25,931 - DEBUG - trade_total[spent]: 0.04851202
2017-11-25 15:59:25,931 - DEBUG - total_spent_usdt: 0.04851202
2017-11-25 15:59:25,931 - INFO - Total USDT Spent: 0.05
2017-11-25 15:59:25,931 - DEBUG - trade_usdt_remaining: 0.95
2017-11-25 15:59:25,932 - ERROR - name 'low_ask_actual' is not defined
Traceback (most recent call last):
  File "lorenzbot.py", line 828, in <module>
    buy_amount_current = calc_dynamic('amount', base_price, low_ask_actual)
NameError: name 'low_ask_actual' is not defined
2017-11-25 15:59:25,932 - DEBUG - ----[LOOP START]----
2017-11-25 15:59:25,932 - DEBUG - Entering base_price calculation.
2017-11-25 15:59:25,933 - DEBUG - MongoDB collection length: 1
2017-11-25 15:59:25,935 - DEBUG - trade_total[spent]: 0.04851202
2017-11-25 15:59:25,936 - DEBUG - agg: [{'_id': None, 'total_bought': 1.107225}]
2017-11-25 15:59:25,936 - DEBUG - trade_total[bought]: 1.10722500
2017-11-25 15:59:25,936 - DEBUG - rate_avg: 0.04381405
2017-11-25 15:59:25,937 - DEBUG - base_price: 0.04381405
2017-11-25 15:59:25,937 - INFO - Base Price: 0.04381405
2017-11-25 15:59:25,937 - DEBUG - base_price_target: 0.04370452
2017-11-25 15:59:25,937 - INFO - Base Price Target: 0.04370452
2017-11-25 15:59:26,440 - INFO - Balance STR:  2.10230000
2017-11-25 15:59:26,440 - INFO - Balance USDT: 40.72
2017-11-25 15:59:26,442 - DEBUG - agg: [{'_id': None, 'total_bought': 1.107225}]
2017-11-25 15:59:26,443 - DEBUG - trade_total[bought]: 1.10722500
2017-11-25 15:59:26,443 - DEBUG - total_bought_str: 1.10722500
2017-11-25 15:59:26,443 - INFO - Total STR Bought: 1.10722500
2017-11-25 15:59:26,446 - DEBUG - trade_total[spent]: 0.04851202
2017-11-25 15:59:26,446 - DEBUG - total_spent_usdt: 0.04851202
2017-11-25 15:59:26,446 - INFO - Total USDT Spent: 0.05
2017-11-25 15:59:26,446 - DEBUG - trade_usdt_remaining: 0.95
2017-11-25 15:59:26,446 - ERROR - name 'low_ask_actual' is not defined
Traceback (most recent call last):
  File "lorenzbot.py", line 828, in <module>
    buy_amount_current = calc_dynamic('amount', base_price, low_ask_actual)
NameError: name 'low_ask_actual' is not defined
2017-11-25 15:59:26,447 - DEBUG - ----[LOOP START]----
2017-11-25 15:59:26,447 - DEBUG - Entering base_price calculation.
2017-11-25 15:59:26,448 - DEBUG - MongoDB collection length: 1
2017-11-25 15:59:26,454 - DEBUG - trade_total[spent]: 0.04851202
2017-11-25 15:59:26,457 - DEBUG - agg: [{'_id': None, 'total_bought': 1.107225}]
2017-11-25 15:59:26,457 - DEBUG - trade_total[bought]: 1.10722500
2017-11-25 15:59:26,458 - DEBUG - rate_avg: 0.04381405
2017-11-25 15:59:26,458 - DEBUG - base_price: 0.04381405
2017-11-25 15:59:26,458 - INFO - Base Price: 0.04381405
2017-11-25 15:59:26,458 - DEBUG - base_price_target: 0.04370452
2017-11-25 15:59:26,458 - INFO - Base Price Target: 0.04370452
2017-11-25 15:59:26,697 - INFO - Balance STR:  2.10230000
2017-11-25 15:59:26,697 - INFO - Balance USDT: 40.72
2017-11-25 15:59:26,700 - DEBUG - agg: [{'_id': None, 'total_bought': 1.107225}]
2017-11-25 15:59:26,700 - DEBUG - trade_total[bought]: 1.10722500
2017-11-25 15:59:26,700 - DEBUG - total_bought_str: 1.10722500
2017-11-25 15:59:26,700 - INFO - Total STR Bought: 1.10722500
2017-11-25 15:59:26,702 - DEBUG - trade_total[spent]: 0.04851202
2017-11-25 15:59:26,702 - DEBUG - total_spent_usdt: 0.04851202
2017-11-25 15:59:26,702 - INFO - Total USDT Spent: 0.05
2017-11-25 15:59:26,702 - DEBUG - trade_usdt_remaining: 0.95
2017-11-25 15:59:26,703 - ERROR - name 'low_ask_actual' is not defined
Traceback (most recent call last):
  File "lorenzbot.py", line 828, in <module>
    buy_amount_current = calc_dynamic('amount', base_price, low_ask_actual)
NameError: name 'low_ask_actual' is not defined
2017-11-25 15:59:26,703 - DEBUG - ----[LOOP START]----
2017-11-25 15:59:26,703 - DEBUG - Entering base_price calculation.
2017-11-25 15:59:26,704 - DEBUG - MongoDB collection length: 1
2017-11-25 15:59:26,706 - DEBUG - trade_total[spent]: 0.04851202
2017-11-25 15:59:26,707 - DEBUG - agg: [{'_id': None, 'total_bought': 1.107225}]
2017-11-25 15:59:26,708 - DEBUG - trade_total[bought]: 1.10722500
2017-11-25 15:59:26,708 - DEBUG - rate_avg: 0.04381405
2017-11-25 15:59:26,708 - DEBUG - base_price: 0.04381405
2017-11-25 15:59:26,708 - INFO - Base Price: 0.04381405
2017-11-25 15:59:26,708 - DEBUG - base_price_target: 0.04370452
2017-11-25 15:59:26,709 - INFO - Base Price Target: 0.04370452
2017-11-25 15:59:26,857 - INFO - Balance STR:  2.10230000
2017-11-25 15:59:26,857 - INFO - Balance USDT: 40.72
2017-11-25 15:59:26,863 - DEBUG - agg: [{'_id': None, 'total_bought': 1.107225}]
2017-11-25 15:59:26,863 - DEBUG - trade_total[bought]: 1.10722500
2017-11-25 15:59:26,863 - DEBUG - total_bought_str: 1.10722500
2017-11-25 15:59:26,863 - INFO - Total STR Bought: 1.10722500
2017-11-25 15:59:26,865 - DEBUG - trade_total[spent]: 0.04851202
2017-11-25 15:59:26,865 - DEBUG - total_spent_usdt: 0.04851202
2017-11-25 15:59:26,865 - INFO - Total USDT Spent: 0.05
2017-11-25 15:59:26,866 - DEBUG - trade_usdt_remaining: 0.95
2017-11-25 15:59:26,866 - ERROR - name 'low_ask_actual' is not defined
Traceback (most recent call last):
  File "lorenzbot.py", line 828, in <module>
    buy_amount_current = calc_dynamic('amount', base_price, low_ask_actual)
NameError: name 'low_ask_actual' is not defined
2017-11-25 15:59:26,867 - DEBUG - ----[LOOP START]----
2017-11-25 15:59:26,867 - DEBUG - Entering base_price calculation.
2017-11-25 15:59:26,868 - DEBUG - MongoDB collection length: 1
2017-11-25 15:59:26,869 - DEBUG - trade_total[spent]: 0.04851202
2017-11-25 15:59:26,870 - DEBUG - agg: [{'_id': None, 'total_bought': 1.107225}]
2017-11-25 15:59:26,871 - DEBUG - trade_total[bought]: 1.10722500
2017-11-25 15:59:26,871 - DEBUG - rate_avg: 0.04381405
2017-11-25 15:59:26,871 - DEBUG - base_price: 0.04381405
2017-11-25 15:59:26,871 - INFO - Base Price: 0.04381405
2017-11-25 15:59:26,871 - DEBUG - base_price_target: 0.04370452
2017-11-25 15:59:26,871 - INFO - Base Price Target: 0.04370452
2017-11-25 15:59:27,012 - INFO - Balance STR:  2.10230000
2017-11-25 15:59:27,012 - INFO - Balance USDT: 40.72
2017-11-25 15:59:27,014 - DEBUG - agg: [{'_id': None, 'total_bought': 1.107225}]
2017-11-25 15:59:27,014 - DEBUG - trade_total[bought]: 1.10722500
2017-11-25 15:59:27,014 - DEBUG - total_bought_str: 1.10722500
2017-11-25 15:59:27,015 - INFO - Total STR Bought: 1.10722500
2017-11-25 15:59:27,017 - DEBUG - trade_total[spent]: 0.04851202
2017-11-25 15:59:27,018 - DEBUG - total_spent_usdt: 0.04851202
2017-11-25 15:59:27,018 - INFO - Total USDT Spent: 0.05
2017-11-25 15:59:27,019 - DEBUG - trade_usdt_remaining: 0.95
2017-11-25 15:59:27,019 - ERROR - name 'low_ask_actual' is not defined
Traceback (most recent call last):
  File "lorenzbot.py", line 828, in <module>
    buy_amount_current = calc_dynamic('amount', base_price, low_ask_actual)
NameError: name 'low_ask_actual' is not defined
2017-11-25 15:59:27,020 - DEBUG - ----[LOOP START]----
2017-11-25 15:59:27,020 - DEBUG - Entering base_price calculation.
2017-11-25 15:59:27,021 - DEBUG - MongoDB collection length: 1
2017-11-25 15:59:27,022 - DEBUG - trade_total[spent]: 0.04851202
2017-11-25 15:59:27,023 - DEBUG - agg: [{'_id': None, 'total_bought': 1.107225}]
2017-11-25 15:59:27,024 - DEBUG - trade_total[bought]: 1.10722500
2017-11-25 15:59:27,024 - DEBUG - rate_avg: 0.04381405
2017-11-25 15:59:27,025 - DEBUG - base_price: 0.04381405
2017-11-25 15:59:27,025 - INFO - Base Price: 0.04381405
2017-11-25 15:59:27,025 - DEBUG - base_price_target: 0.04370452
2017-11-25 15:59:27,025 - INFO - Base Price Target: 0.04370452
2017-11-25 15:59:27,370 - INFO - Balance STR:  2.10230000
2017-11-25 15:59:27,371 - INFO - Balance USDT: 40.72
2017-11-25 15:59:27,372 - DEBUG - agg: [{'_id': None, 'total_bought': 1.107225}]
2017-11-25 15:59:27,373 - DEBUG - trade_total[bought]: 1.10722500
2017-11-25 15:59:27,373 - DEBUG - total_bought_str: 1.10722500
2017-11-25 15:59:27,373 - INFO - Total STR Bought: 1.10722500
2017-11-25 15:59:27,375 - DEBUG - trade_total[spent]: 0.04851202
2017-11-25 15:59:27,375 - DEBUG - total_spent_usdt: 0.04851202
2017-11-25 15:59:27,376 - INFO - Total USDT Spent: 0.05
2017-11-25 15:59:27,376 - DEBUG - trade_usdt_remaining: 0.95
2017-11-25 15:59:27,376 - ERROR - name 'low_ask_actual' is not defined
Traceback (most recent call last):
  File "lorenzbot.py", line 828, in <module>
    buy_amount_current = calc_dynamic('amount', base_price, low_ask_actual)
NameError: name 'low_ask_actual' is not defined
2017-11-25 15:59:27,376 - DEBUG - ----[LOOP START]----
2017-11-25 15:59:27,377 - DEBUG - Entering base_price calculation.
2017-11-25 15:59:27,377 - DEBUG - MongoDB collection length: 1
2017-11-25 15:59:27,379 - DEBUG - trade_total[spent]: 0.04851202
2017-11-25 15:59:27,380 - DEBUG - agg: [{'_id': None, 'total_bought': 1.107225}]
2017-11-25 15:59:27,380 - DEBUG - trade_total[bought]: 1.10722500
2017-11-25 15:59:27,380 - DEBUG - rate_avg: 0.04381405
2017-11-25 15:59:27,380 - DEBUG - base_price: 0.04381405
2017-11-25 15:59:27,380 - INFO - Base Price: 0.04381405
2017-11-25 15:59:27,381 - DEBUG - base_price_target: 0.04370452
2017-11-25 15:59:27,381 - INFO - Base Price Target: 0.04370452
2017-11-25 15:59:27,689 - INFO - Exit signal received.
2017-11-25 15:59:27,690 - INFO - Mongo write errors: 0
2017-11-25 15:59:27,690 - INFO - CSV write errors: 0
