2017-11-25 17:43:09,433 - DEBUG - Parsing arguments.
2017-11-25 17:43:09,434 - DEBUG - Activated debug logging.
2017-11-25 17:43:09,434 - DEBUG - clean_collections: True
2017-11-25 17:43:09,434 - DEBUG - trade_amount: 1.00
2017-11-25 17:43:09,434 - DEBUG - amount_dynamic: True
2017-11-25 17:43:09,434 - DEBUG - trade_proportion_initial: 0.05
2017-11-25 17:43:09,435 - DEBUG - trade_usdt_max: 10.00
2017-11-25 17:43:09,435 - DEBUG - profit_threshold: 0.05
2017-11-25 17:43:09,435 - DEBUG - loop_time: 30
2017-11-25 17:43:09,435 - DEBUG - loop_dynamic: True
2017-11-25 17:43:09,435 - DEBUG - live_trading: True
2017-11-25 17:43:09,435 - DEBUG - csv_logging: True
2017-11-25 17:43:09,435 - DEBUG - telegram_active: True
2017-11-25 17:43:09,436 - DEBUG - mongo_alt: False
2017-11-25 17:43:09,439 - INFO - Using default MongoDB database 'lorenzbot'.
2017-11-25 17:43:09,439 - WARNING - Option to delete all existing collections selected.
2017-11-25 17:43:16,562 - INFO - Confirmed. Deleting all collections
2017-11-25 17:43:16,562 - INFO - Dropping all collections from database.
2017-11-25 17:43:16,906 - DEBUG - Dropped collection: 11252017_173402
2017-11-25 17:43:16,907 - INFO - Process complete. Restart program without boolean switch.
