2017-11-25 01:54:18,491 - DEBUG - Parsing arguments.
2017-11-25 01:54:18,492 - DEBUG - Activated debug logging.
2017-11-25 01:54:18,492 - DEBUG - clean_collections: False
2017-11-25 01:54:18,493 - DEBUG - trade_amount: 0.10
2017-11-25 01:54:18,493 - DEBUG - amount_dynamic: True
2017-11-25 01:54:18,493 - DEBUG - trade_proportion_initial: 0.05
2017-11-25 01:54:18,493 - DEBUG - trade_usdt_max: 1.00
2017-11-25 01:54:18,493 - DEBUG - profit_threshold: 0.05
2017-11-25 01:54:18,494 - DEBUG - loop_time: 20
2017-11-25 01:54:18,494 - DEBUG - loop_dynamic: True
2017-11-25 01:54:18,494 - DEBUG - live_trading: True
2017-11-25 01:54:18,494 - DEBUG - csv_logging: True
2017-11-25 01:54:18,494 - DEBUG - telegram_active: True
2017-11-25 01:54:18,494 - DEBUG - mongo_alt: False
2017-11-25 01:54:18,495 - INFO - Dynamic loop time calculation activated. Base loop time set to 20 seconds.
2017-11-25 01:54:18,495 - INFO - CSV log file path: logs/lorenzbot_log_11252017-015418.csv
2017-11-25 01:54:18,497 - INFO - Using default MongoDB database 'lorenzbot'.
2017-11-25 01:54:18,501 - INFO - No collections found in database. Creating new...
2017-11-25 01:54:19,015 - INFO - Created new collection: 11252017_015418
2017-11-25 01:54:19,016 - INFO - Found Telegram config file.
2017-11-25 01:54:19,180 - DEBUG - telegram_token: 411687950:AAFOIzovAmjDoy_0qJeBfdtzTFkM74BI0Fs
2017-11-25 01:54:19,184 - INFO - Found Poloniex config file.
2017-11-25 01:54:19,249 - WARNING - Live trading ENABLED.
2017-11-25 01:54:19,750 - INFO - Current Maker Fee: 0.0015
2017-11-25 01:54:19,751 - INFO - Current Taker Fee: 0.0025
2017-11-25 01:54:20,099 - INFO - Balance STR:  244.39
2017-11-25 01:54:20,100 - INFO - Balance USDT: 30.34
2017-11-25 01:54:20,101 - INFO - Collection empty. Setting tradable balance remaining to allowed maximum.
2017-11-25 01:54:20,101 - DEBUG - trade_usdt_remaining: 1.00
2017-11-25 01:54:20,101 - INFO - Tradable USDT Remaining: 1.00
2017-11-25 01:54:20,102 - DEBUG - ----[LOOP START]----
2017-11-25 01:54:20,102 - DEBUG - Entering base_price calculation.
2017-11-25 01:54:20,103 - DEBUG - MongoDB collection length: 0
2017-11-25 01:54:20,103 - DEBUG - trade_prop: 0.05000000
2017-11-25 01:54:20,399 - DEBUG - actual: 1.00000000
2017-11-25 01:54:20,399 - DEBUG - book_tot: 0.08
2017-11-25 01:54:20,399 - DEBUG - calc_limit_price() successful within limits (depth=20).
2017-11-25 01:54:20,399 - DEBUG - trade_amount_initial[CALC]: 1.00
2017-11-25 01:54:20,399 - INFO - No trade log found. Making entry buy.
2017-11-25 01:54:20,400 - INFO - Entry trade amount: 1.00000000
2017-11-25 01:54:20,722 - DEBUG - actual: 0.04140109
2017-11-25 01:54:20,723 - DEBUG - book_tot: 37108.72
2017-11-25 01:54:20,723 - DEBUG - actual: 0.04140109
2017-11-25 01:54:20,723 - DEBUG - book_tot: 37108.72
2017-11-25 01:54:20,723 - DEBUG - calc_limit_price() successful within limits (depth=20).
2017-11-25 01:54:20,723 - DEBUG - limit_price: 0.04140109
2017-11-25 01:54:21,264 - DEBUG - [BUY] trade_response: {'orderNumber': '39717949418', 'resultingTrades': [{'amount': '1.00000000', 'date': '2017-11-25 07:54:19', 'rate': '0.04140109', 'total': '0.04140109', 'tradeID': '1751583', 'type': 'buy'}], 'amountUnfilled': '0.00000000'}
2017-11-25 01:54:21,595 - DEBUG - returnOrderTrades: [{'globalTradeID': 268937767, 'tradeID': 1751583, 'currencyPair': 'USDT_STR', 'type': 'buy', 'rate': '0.04140109', 'amount': '1.00000000', 'total': '0.04140109', 'fee': '0.00250000', 'date': '2017-11-25 07:54:19'}]
2017-11-25 01:54:21,595 - DEBUG - trade_date: 2017-11-25 07:54:19
2017-11-25 01:54:21,596 - DEBUG - len(order_trades): 1
2017-11-25 01:54:21,596 - DEBUG - len(order_list): 1
2017-11-25 01:54:21,596 - DEBUG - order_list: [[Decimal('0.9975000000000000'), Decimal('0.04140109')]]
2017-11-25 01:54:21,596 - DEBUG - rate_calc_total:    0.04129759
2017-11-25 01:54:21,597 - DEBUG - amount_total:       0.99750000
2017-11-25 01:54:21,597 - DEBUG - order_average_rate: 0.04140109
2017-11-25 01:54:21,597 - DEBUG - Calc. Error Margin: -0.90
2017-11-25 01:54:21,597 - DEBUG - [BUY] order_details: {'date': '2017-11-25 07:54:19', 'amount': Decimal('0.9975000000000000'), 'rate': Decimal('0.04140109')}
2017-11-25 01:54:21,599 - DEBUG - [BUY] mongo_response: <pymongo.results.InsertOneResult object at 0x10702c248>
2017-11-25 01:54:21,599 - DEBUG - Entering base_price calculation.
2017-11-25 01:54:21,600 - DEBUG - MongoDB collection length: 1
2017-11-25 01:54:21,600 - DEBUG - trade_total[spent]: 0.04129759
2017-11-25 01:54:21,602 - DEBUG - agg: [{'_id': None, 'total_bought': 0.9975}]
2017-11-25 01:54:21,602 - DEBUG - trade_total[bought]: 0.99750000
2017-11-25 01:54:21,602 - DEBUG - rate_avg: 0.04140109
2017-11-25 01:54:21,602 - DEBUG - csv_list: ['2017-11-25 07:54:19', 'buy', '0.99750000', '0.04140109', '0.00000000', '0.04140109']
2017-11-25 01:54:21,602 - INFO - Logging trade details to csv file.
2017-11-25 01:54:21,603 - DEBUG - trade_message: Bought 0.9975 @ 0.0414
2017-11-25 01:54:21,603 - DEBUG - No Telegram users connected. Skipping alert.
2017-11-25 01:54:21,604 - DEBUG - MongoDB collection length: 1
2017-11-25 01:54:21,605 - DEBUG - trade_total[spent]: 0.04129759
2017-11-25 01:54:21,606 - DEBUG - agg: [{'_id': None, 'total_bought': 0.9975}]
2017-11-25 01:54:21,606 - DEBUG - trade_total[bought]: 0.99750000
2017-11-25 01:54:21,606 - DEBUG - rate_avg: 0.04140109
2017-11-25 01:54:21,606 - DEBUG - base_price: 0.04140109
2017-11-25 01:54:21,606 - INFO - Base Price: 0.04140109
2017-11-25 01:54:21,606 - DEBUG - base_price_target: 0.04129759
2017-11-25 01:54:21,607 - INFO - Base Price Target: 0.04129759
2017-11-25 01:54:21,947 - INFO - Balance STR:  245.38500000
2017-11-25 01:54:21,948 - INFO - Balance USDT: 30.29
2017-11-25 01:54:21,949 - DEBUG - agg: [{'_id': None, 'total_bought': 0.9975}]
2017-11-25 01:54:21,949 - DEBUG - trade_total[bought]: 0.99750000
2017-11-25 01:54:21,949 - DEBUG - total_bought_str: 0.99750000
2017-11-25 01:54:21,950 - INFO - Total STR Bought: 0.99750000
2017-11-25 01:54:21,952 - DEBUG - trade_total[spent]: 0.04129759
2017-11-25 01:54:21,952 - DEBUG - total_spent_usdt: 0.04129759
2017-11-25 01:54:21,952 - INFO - Total USDT Spent: 0.04
2017-11-25 01:54:21,953 - DEBUG - trade_usdt_remaining: 0.96
2017-11-25 01:54:21,953 - INFO - Tradable USDT Remaining: 0.96
2017-11-25 01:54:21,953 - DEBUG - sell_volume: 0.99750000
2017-11-25 01:54:21,953 - DEBUG - sell_price_target:    0.04357465
2017-11-25 01:54:21,953 - INFO - Sell Target: 0.04357465
2017-11-25 01:54:22,265 - DEBUG - actual: 0.04140109
2017-11-25 01:54:22,265 - DEBUG - book_tot: 37107.72
2017-11-25 01:54:22,266 - DEBUG - actual: 0.04140109
2017-11-25 01:54:22,266 - DEBUG - book_tot: 37107.72
2017-11-25 01:54:22,266 - DEBUG - calc_limit_price() successful within limits (depth=20).
2017-11-25 01:54:22,266 - DEBUG - Adding fees to calc_limit_price() return value.
2017-11-25 01:54:22,267 - DEBUG - [buy]price_actual[+FEES]: 0.04150459
2017-11-25 01:54:22,267 - DEBUG - low_ask_actual: 0.04150459
2017-11-25 01:54:22,267 - INFO - Low Ask (Actual): 0.04150459
2017-11-25 01:54:22,550 - DEBUG - actual: 0.04132000
2017-11-25 01:54:22,550 - DEBUG - book_tot: 1237.00
2017-11-25 01:54:22,551 - DEBUG - actual: 0.04132000
2017-11-25 01:54:22,551 - DEBUG - book_tot: 1237.00
2017-11-25 01:54:22,551 - DEBUG - calc_limit_price() successful within limits (depth=20).
2017-11-25 01:54:22,551 - DEBUG - Adding fees to calc_limit_price() return value.
2017-11-25 01:54:22,551 - DEBUG - [sell]price_actual[+FEES]: 0.04121670
2017-11-25 01:54:22,552 - DEBUG - high_bid_actual: 0.04121670
2017-11-25 01:54:22,552 - INFO - High Bid (Actual): 0.04121670
2017-11-25 01:54:22,552 - DEBUG - diff: -0.002500
2017-11-25 01:54:22,552 - INFO - Price Difference from Base: -0.2500%
2017-11-25 01:54:22,552 - DEBUG - trade_proportion_low: 0.05
2017-11-25 01:54:22,553 - DEBUG - trade_proportion_high: 0.50
2017-11-25 01:54:22,553 - DEBUG - trade_proportion_adj: 0.05
2017-11-25 01:54:22,553 - DEBUG - trade_usdt_remaining: 0.96
2017-11-25 01:54:22,553 - DEBUG - [DYNAMIC]amount: 0.04685658
2017-11-25 01:54:22,882 - DEBUG - actual: 1.00000000
2017-11-25 01:54:22,883 - DEBUG - book_tot: 0.08
2017-11-25 01:54:22,883 - DEBUG - calc_limit_price() successful within limits (depth=20).
2017-11-25 01:54:22,884 - INFO - Current Trade Amount: 1.00
2017-11-25 01:54:22,885 - DEBUG - diff: -0.002500
2017-11-25 01:54:22,885 - INFO - Price Difference from Base: -0.2500%
2017-11-25 01:54:22,885 - DEBUG - Calculating loop time.
2017-11-25 01:54:22,885 - DEBUG - diff <= 0
2017-11-25 01:54:22,885 - DEBUG - lt: 20.00
2017-11-25 01:54:22,885 - INFO - Trade loop complete. Sleeping for 20.00 seconds.
2017-11-25 01:54:22,885 - DEBUG - ----[LOOP END]----
2017-11-25 01:54:38,772 - DEBUG - [CONNECT] chat_id: 382606465
2017-11-25 01:54:38,772 - INFO - Telegram user connected: 382606465
2017-11-25 01:54:42,885 - DEBUG - ----[LOOP START]----
2017-11-25 01:54:42,886 - DEBUG - Entering base_price calculation.
2017-11-25 01:54:42,888 - DEBUG - MongoDB collection length: 1
2017-11-25 01:54:42,889 - DEBUG - trade_total[spent]: 0.04129759
2017-11-25 01:54:42,890 - DEBUG - agg: [{'_id': None, 'total_bought': 0.9975}]
2017-11-25 01:54:42,890 - DEBUG - trade_total[bought]: 0.99750000
2017-11-25 01:54:42,890 - DEBUG - rate_avg: 0.04140109
2017-11-25 01:54:42,891 - DEBUG - base_price: 0.04140109
2017-11-25 01:54:42,891 - INFO - Base Price: 0.04140109
2017-11-25 01:54:42,891 - DEBUG - base_price_target: 0.04129759
2017-11-25 01:54:42,891 - INFO - Base Price Target: 0.04129759
2017-11-25 01:54:43,287 - INFO - Balance STR:  245.38500000
2017-11-25 01:54:43,287 - INFO - Balance USDT: 30.29
2017-11-25 01:54:43,289 - DEBUG - agg: [{'_id': None, 'total_bought': 0.9975}]
2017-11-25 01:54:43,290 - DEBUG - trade_total[bought]: 0.99750000
2017-11-25 01:54:43,290 - DEBUG - total_bought_str: 0.99750000
2017-11-25 01:54:43,290 - INFO - Total STR Bought: 0.99750000
2017-11-25 01:54:43,291 - DEBUG - trade_total[spent]: 0.04129759
2017-11-25 01:54:43,291 - DEBUG - total_spent_usdt: 0.04129759
2017-11-25 01:54:43,291 - INFO - Total USDT Spent: 0.04
2017-11-25 01:54:43,291 - DEBUG - trade_usdt_remaining: 0.96
2017-11-25 01:54:43,291 - INFO - Tradable USDT Remaining: 0.96
2017-11-25 01:54:43,292 - DEBUG - sell_volume: 0.99750000
2017-11-25 01:54:43,292 - DEBUG - sell_price_target:    0.04357465
2017-11-25 01:54:43,292 - INFO - Sell Target: 0.04357465
2017-11-25 01:54:43,611 - DEBUG - actual: 0.04140108
2017-11-25 01:54:43,611 - DEBUG - book_tot: 22557.12
2017-11-25 01:54:43,611 - DEBUG - actual: 0.04140108
2017-11-25 01:54:43,611 - DEBUG - book_tot: 22557.12
2017-11-25 01:54:43,612 - DEBUG - calc_limit_price() successful within limits (depth=20).
2017-11-25 01:54:43,612 - DEBUG - Adding fees to calc_limit_price() return value.
2017-11-25 01:54:43,612 - DEBUG - [buy]price_actual[+FEES]: 0.04150458
2017-11-25 01:54:43,613 - DEBUG - low_ask_actual: 0.04150458
2017-11-25 01:54:43,613 - INFO - Low Ask (Actual): 0.04150458
2017-11-25 01:54:43,941 - DEBUG - actual: 0.04132000
2017-11-25 01:54:43,941 - DEBUG - book_tot: 1237.00
2017-11-25 01:54:43,942 - DEBUG - actual: 0.04132000
2017-11-25 01:54:43,942 - DEBUG - book_tot: 1237.00
2017-11-25 01:54:43,942 - DEBUG - calc_limit_price() successful within limits (depth=20).
2017-11-25 01:54:43,942 - DEBUG - Adding fees to calc_limit_price() return value.
2017-11-25 01:54:43,942 - DEBUG - [sell]price_actual[+FEES]: 0.04121670
2017-11-25 01:54:43,943 - DEBUG - high_bid_actual: 0.04121670
2017-11-25 01:54:43,943 - INFO - High Bid (Actual): 0.04121670
2017-11-25 01:54:43,943 - DEBUG - diff: -0.002500
2017-11-25 01:54:43,943 - INFO - Price Difference from Base: -0.2500%
2017-11-25 01:54:43,943 - DEBUG - trade_proportion_low: 0.05
2017-11-25 01:54:43,943 - DEBUG - trade_proportion_high: 0.50
2017-11-25 01:54:43,944 - DEBUG - trade_proportion_adj: 0.05
2017-11-25 01:54:43,944 - DEBUG - trade_usdt_remaining: 0.96
2017-11-25 01:54:43,944 - DEBUG - [DYNAMIC]amount: 0.04685668
2017-11-25 01:54:44,271 - DEBUG - actual: 1.00000000
2017-11-25 01:54:44,271 - DEBUG - book_tot: 0.08
2017-11-25 01:54:44,271 - DEBUG - calc_limit_price() successful within limits (depth=20).
2017-11-25 01:54:44,272 - INFO - Current Trade Amount: 1.00
2017-11-25 01:54:44,272 - DEBUG - diff: -0.002500
2017-11-25 01:54:44,272 - INFO - Price Difference from Base: -0.2500%
2017-11-25 01:54:44,272 - DEBUG - Calculating loop time.
2017-11-25 01:54:44,272 - DEBUG - diff <= 0
2017-11-25 01:54:44,273 - DEBUG - lt: 20.00
2017-11-25 01:54:44,273 - INFO - Trade loop complete. Sleeping for 20.00 seconds.
2017-11-25 01:54:44,273 - DEBUG - ----[LOOP END]----
2017-11-25 01:54:48,643 - DEBUG - [DISCONNECT] chat_id: 382606465
2017-11-25 01:54:48,644 - INFO - Telegram user disconnected: 382606465
2017-11-25 01:54:53,152 - DEBUG - [CONNECT] chat_id: 382606465
2017-11-25 01:54:53,152 - INFO - Telegram user connected: 382606465
2017-11-25 01:55:04,275 - DEBUG - ----[LOOP START]----
2017-11-25 01:55:04,275 - DEBUG - Entering base_price calculation.
2017-11-25 01:55:04,277 - DEBUG - MongoDB collection length: 1
2017-11-25 01:55:04,278 - DEBUG - trade_total[spent]: 0.04129759
2017-11-25 01:55:04,279 - DEBUG - agg: [{'_id': None, 'total_bought': 0.9975}]
2017-11-25 01:55:04,279 - DEBUG - trade_total[bought]: 0.99750000
2017-11-25 01:55:04,280 - DEBUG - rate_avg: 0.04140109
2017-11-25 01:55:04,280 - DEBUG - base_price: 0.04140109
2017-11-25 01:55:04,280 - INFO - Base Price: 0.04140109
2017-11-25 01:55:04,280 - DEBUG - base_price_target: 0.04129759
2017-11-25 01:55:04,281 - INFO - Base Price Target: 0.04129759
2017-11-25 01:55:04,596 - INFO - Balance STR:  245.38500000
2017-11-25 01:55:04,596 - INFO - Balance USDT: 30.29
2017-11-25 01:55:04,597 - DEBUG - agg: [{'_id': None, 'total_bought': 0.9975}]
2017-11-25 01:55:04,598 - DEBUG - trade_total[bought]: 0.99750000
2017-11-25 01:55:04,598 - DEBUG - total_bought_str: 0.99750000
2017-11-25 01:55:04,598 - INFO - Total STR Bought: 0.99750000
2017-11-25 01:55:04,599 - DEBUG - trade_total[spent]: 0.04129759
2017-11-25 01:55:04,599 - DEBUG - total_spent_usdt: 0.04129759
2017-11-25 01:55:04,600 - INFO - Total USDT Spent: 0.04
2017-11-25 01:55:04,600 - DEBUG - trade_usdt_remaining: 0.96
2017-11-25 01:55:04,600 - INFO - Tradable USDT Remaining: 0.96
2017-11-25 01:55:04,600 - DEBUG - sell_volume: 0.99750000
2017-11-25 01:55:04,601 - DEBUG - sell_price_target:    0.04357465
2017-11-25 01:55:04,601 - INFO - Sell Target: 0.04357465
2017-11-25 01:55:04,927 - DEBUG - actual: 0.04140108
2017-11-25 01:55:04,927 - DEBUG - book_tot: 24211.57
2017-11-25 01:55:04,927 - DEBUG - actual: 0.04140108
2017-11-25 01:55:04,928 - DEBUG - book_tot: 24211.57
2017-11-25 01:55:04,928 - DEBUG - calc_limit_price() successful within limits (depth=20).
2017-11-25 01:55:04,928 - DEBUG - Adding fees to calc_limit_price() return value.
2017-11-25 01:55:04,929 - DEBUG - [buy]price_actual[+FEES]: 0.04150458
2017-11-25 01:55:04,929 - DEBUG - low_ask_actual: 0.04150458
2017-11-25 01:55:04,929 - INFO - Low Ask (Actual): 0.04150458
2017-11-25 01:55:05,255 - DEBUG - actual: 0.04132000
2017-11-25 01:55:05,255 - DEBUG - book_tot: 1237.00
2017-11-25 01:55:05,255 - DEBUG - actual: 0.04132000
2017-11-25 01:55:05,256 - DEBUG - book_tot: 1237.00
2017-11-25 01:55:05,256 - DEBUG - calc_limit_price() successful within limits (depth=20).
2017-11-25 01:55:05,256 - DEBUG - Adding fees to calc_limit_price() return value.
2017-11-25 01:55:05,256 - DEBUG - [sell]price_actual[+FEES]: 0.04121670
2017-11-25 01:55:05,256 - DEBUG - high_bid_actual: 0.04121670
2017-11-25 01:55:05,256 - INFO - High Bid (Actual): 0.04121670
2017-11-25 01:55:05,257 - DEBUG - diff: -0.002500
2017-11-25 01:55:05,257 - INFO - Price Difference from Base: -0.2500%
2017-11-25 01:55:05,257 - DEBUG - trade_proportion_low: 0.05
2017-11-25 01:55:05,257 - DEBUG - trade_proportion_high: 0.50
2017-11-25 01:55:05,257 - DEBUG - trade_proportion_adj: 0.05
2017-11-25 01:55:05,257 - DEBUG - trade_usdt_remaining: 0.96
2017-11-25 01:55:05,258 - DEBUG - [DYNAMIC]amount: 0.04685668
2017-11-25 01:55:05,601 - DEBUG - actual: 1.00000000
2017-11-25 01:55:05,602 - DEBUG - book_tot: 0.08
2017-11-25 01:55:05,602 - DEBUG - calc_limit_price() successful within limits (depth=20).
2017-11-25 01:55:05,602 - INFO - Current Trade Amount: 1.00
2017-11-25 01:55:05,602 - DEBUG - diff: -0.002500
2017-11-25 01:55:05,602 - INFO - Price Difference from Base: -0.2500%
2017-11-25 01:55:05,603 - DEBUG - Calculating loop time.
2017-11-25 01:55:05,603 - DEBUG - diff <= 0
2017-11-25 01:55:05,603 - DEBUG - lt: 20.00
2017-11-25 01:55:05,603 - INFO - Trade loop complete. Sleeping for 20.00 seconds.
2017-11-25 01:55:05,603 - DEBUG - ----[LOOP END]----
2017-11-25 01:55:09,606 - DEBUG - [STATUS] chat_id: 382606465
2017-11-25 01:55:09,607 - INFO - Telegram user requesting status: 382606465
2017-11-25 01:55:09,607 - DEBUG - Entering base_price calculation.
2017-11-25 01:55:09,611 - DEBUG - MongoDB collection length: 1
2017-11-25 01:55:09,614 - DEBUG - trade_total[spent]: 0.04129759
2017-11-25 01:55:09,618 - DEBUG - agg: [{'_id': None, 'total_bought': 0.9975}]
2017-11-25 01:55:09,619 - DEBUG - trade_total[bought]: 0.99750000
2017-11-25 01:55:09,619 - DEBUG - rate_avg: 0.04140109
2017-11-25 01:55:09,623 - DEBUG - trade_total[spent]: 0.04129759
2017-11-25 01:55:09,626 - DEBUG - agg: [{'_id': None, 'total_bought': 0.9975}]
2017-11-25 01:55:09,626 - DEBUG - trade_total[bought]: 0.99750000
2017-11-25 01:55:09,627 - DEBUG - Bought 1.00 for 0.04 total at average rate of 0.04140109.
2017-11-25 01:55:25,604 - DEBUG - ----[LOOP START]----
2017-11-25 01:55:25,604 - DEBUG - Entering base_price calculation.
2017-11-25 01:55:25,606 - DEBUG - MongoDB collection length: 1
2017-11-25 01:55:25,607 - DEBUG - trade_total[spent]: 0.04129759
2017-11-25 01:55:25,609 - DEBUG - agg: [{'_id': None, 'total_bought': 0.9975}]
2017-11-25 01:55:25,609 - DEBUG - trade_total[bought]: 0.99750000
2017-11-25 01:55:25,609 - DEBUG - rate_avg: 0.04140109
2017-11-25 01:55:25,609 - DEBUG - base_price: 0.04140109
2017-11-25 01:55:25,610 - INFO - Base Price: 0.04140109
2017-11-25 01:55:25,610 - DEBUG - base_price_target: 0.04129759
2017-11-25 01:55:25,610 - INFO - Base Price Target: 0.04129759
2017-11-25 01:55:25,998 - INFO - Balance STR:  245.38500000
2017-11-25 01:55:25,998 - INFO - Balance USDT: 30.29
2017-11-25 01:55:25,999 - DEBUG - agg: [{'_id': None, 'total_bought': 0.9975}]
2017-11-25 01:55:26,000 - DEBUG - trade_total[bought]: 0.99750000
2017-11-25 01:55:26,000 - DEBUG - total_bought_str: 0.99750000
2017-11-25 01:55:26,000 - INFO - Total STR Bought: 0.99750000
2017-11-25 01:55:26,001 - DEBUG - trade_total[spent]: 0.04129759
2017-11-25 01:55:26,002 - DEBUG - total_spent_usdt: 0.04129759
2017-11-25 01:55:26,002 - INFO - Total USDT Spent: 0.04
2017-11-25 01:55:26,002 - DEBUG - trade_usdt_remaining: 0.96
2017-11-25 01:55:26,002 - INFO - Tradable USDT Remaining: 0.96
2017-11-25 01:55:26,002 - DEBUG - sell_volume: 0.99750000
2017-11-25 01:55:26,002 - DEBUG - sell_price_target:    0.04357465
2017-11-25 01:55:26,003 - INFO - Sell Target: 0.04357465
2017-11-25 01:55:26,258 - DEBUG - actual: 0.04140108
2017-11-25 01:55:26,259 - DEBUG - book_tot: 24211.57
2017-11-25 01:55:26,259 - DEBUG - actual: 0.04140108
2017-11-25 01:55:26,259 - DEBUG - book_tot: 24211.57
2017-11-25 01:55:26,259 - DEBUG - calc_limit_price() successful within limits (depth=20).
2017-11-25 01:55:26,260 - DEBUG - Adding fees to calc_limit_price() return value.
2017-11-25 01:55:26,260 - DEBUG - [buy]price_actual[+FEES]: 0.04150458
2017-11-25 01:55:26,260 - DEBUG - low_ask_actual: 0.04150458
2017-11-25 01:55:26,260 - INFO - Low Ask (Actual): 0.04150458
2017-11-25 01:55:26,598 - DEBUG - actual: 0.04132000
2017-11-25 01:55:26,598 - DEBUG - book_tot: 1237.00
2017-11-25 01:55:26,598 - DEBUG - actual: 0.04132000
2017-11-25 01:55:26,598 - DEBUG - book_tot: 1237.00
2017-11-25 01:55:26,598 - DEBUG - calc_limit_price() successful within limits (depth=20).
2017-11-25 01:55:26,598 - DEBUG - Adding fees to calc_limit_price() return value.
2017-11-25 01:55:26,599 - DEBUG - [sell]price_actual[+FEES]: 0.04121670
2017-11-25 01:55:26,599 - DEBUG - high_bid_actual: 0.04121670
2017-11-25 01:55:26,599 - INFO - High Bid (Actual): 0.04121670
2017-11-25 01:55:26,599 - DEBUG - diff: -0.002500
2017-11-25 01:55:26,599 - INFO - Price Difference from Base: -0.2500%
2017-11-25 01:55:26,599 - DEBUG - trade_proportion_low: 0.05
2017-11-25 01:55:26,600 - DEBUG - trade_proportion_high: 0.50
2017-11-25 01:55:26,600 - DEBUG - trade_proportion_adj: 0.05
2017-11-25 01:55:26,600 - DEBUG - trade_usdt_remaining: 0.96
2017-11-25 01:55:26,600 - DEBUG - [DYNAMIC]amount: 0.04685668
2017-11-25 01:55:26,907 - DEBUG - actual: 1.00000000
2017-11-25 01:55:26,907 - DEBUG - book_tot: 0.08
2017-11-25 01:55:26,908 - DEBUG - calc_limit_price() successful within limits (depth=20).
2017-11-25 01:55:26,908 - INFO - Current Trade Amount: 1.00
2017-11-25 01:55:26,908 - DEBUG - diff: -0.002500
2017-11-25 01:55:26,908 - INFO - Price Difference from Base: -0.2500%
2017-11-25 01:55:26,908 - DEBUG - Calculating loop time.
2017-11-25 01:55:26,909 - DEBUG - diff <= 0
2017-11-25 01:55:26,909 - DEBUG - lt: 20.00
2017-11-25 01:55:26,910 - INFO - Trade loop complete. Sleeping for 20.00 seconds.
2017-11-25 01:55:26,910 - DEBUG - ----[LOOP END]----
2017-11-25 01:55:28,257 - INFO - Exit signal received.
2017-11-25 01:55:28,257 - INFO - Mongo write errors: 0
2017-11-25 01:55:28,258 - INFO - CSV write errors: 0
