2017-11-25 01:53:21,710 - DEBUG - Parsing arguments.
2017-11-25 01:53:21,710 - DEBUG - Activated debug logging.
2017-11-25 01:53:21,711 - DEBUG - clean_collections: True
2017-11-25 01:53:21,711 - DEBUG - trade_amount: 0.10
2017-11-25 01:53:21,711 - DEBUG - amount_dynamic: True
2017-11-25 01:53:21,711 - DEBUG - trade_proportion_initial: 0.05
2017-11-25 01:53:21,711 - DEBUG - trade_usdt_max: 1.00
2017-11-25 01:53:21,712 - DEBUG - profit_threshold: 0.05
2017-11-25 01:53:21,712 - DEBUG - loop_time: 20
2017-11-25 01:53:21,712 - DEBUG - loop_dynamic: True
2017-11-25 01:53:21,712 - DEBUG - live_trading: True
2017-11-25 01:53:21,712 - DEBUG - csv_logging: True
2017-11-25 01:53:21,713 - DEBUG - telegram_active: True
2017-11-25 01:53:21,713 - DEBUG - mongo_alt: False
2017-11-25 01:53:21,715 - INFO - Using default MongoDB database 'lorenzbot'.
2017-11-25 01:53:21,716 - WARNING - Option to delete all existing collections selected.
2017-11-25 01:53:27,461 - INFO - Confirmed. Deleting all collections
2017-11-25 01:53:27,461 - INFO - Dropping all collections from database.
2017-11-25 01:53:27,479 - DEBUG - Dropped collection: 11252017_011457
2017-11-25 01:53:27,479 - INFO - Process complete. Restart program without boolean switch.
