2017-11-25 01:31:26,902 - DEBUG - Parsing arguments.
2017-11-25 01:31:26,903 - DEBUG - Activated debug logging.
2017-11-25 01:31:26,903 - DEBUG - clean_collections: False
2017-11-25 01:31:26,903 - DEBUG - trade_amount: 0.10
2017-11-25 01:31:26,904 - DEBUG - amount_dynamic: True
2017-11-25 01:31:26,904 - DEBUG - trade_proportion_initial: 0.05
2017-11-25 01:31:26,904 - DEBUG - trade_usdt_max: 1.00
2017-11-25 01:31:26,904 - DEBUG - profit_threshold: 0.05
2017-11-25 01:31:26,904 - DEBUG - loop_time: 20
2017-11-25 01:31:26,904 - DEBUG - loop_dynamic: True
2017-11-25 01:31:26,904 - DEBUG - live_trading: True
2017-11-25 01:31:26,905 - DEBUG - csv_logging: True
2017-11-25 01:31:26,905 - DEBUG - telegram_active: True
2017-11-25 01:31:26,905 - DEBUG - mongo_alt: True
2017-11-25 01:31:26,905 - INFO - Dynamic loop time calculation activated. Base loop time set to 20 seconds.
2017-11-25 01:31:26,905 - INFO - CSV log file path: logs/lorenzbot_log_11252017-013126.csv
2017-11-25 01:31:26,911 - INFO - No collections found in database. Creating new...
2017-11-25 01:31:27,385 - INFO - Created new collection: 11252017_013126
2017-11-25 01:31:27,386 - INFO - Found Telegram config file.
2017-11-25 01:31:27,406 - DEBUG - telegram_token: 411687950:AAFOIzovAmjDoy_0qJeBfdtzTFkM74BI0Fs
2017-11-25 01:31:27,421 - INFO - Found Poloniex config file.
2017-11-25 01:31:27,444 - WARNING - Live trading ENABLED.
2017-11-25 01:31:28,134 - INFO - Current Maker Fee: 0.0015
2017-11-25 01:31:28,134 - INFO - Current Taker Fee: 0.0025
2017-11-25 01:31:28,520 - INFO - Balance STR:  242.39
2017-11-25 01:31:28,520 - INFO - Balance USDT: 30.42
2017-11-25 01:31:28,521 - INFO - Collection empty. Setting tradable balance remaining to allowed maximum.
2017-11-25 01:31:28,521 - DEBUG - trade_usdt_remaining: 1.00
2017-11-25 01:31:28,522 - INFO - Tradable USDT Remaining: 1.00
2017-11-25 01:31:28,522 - DEBUG - ----[LOOP START]----
2017-11-25 01:31:28,522 - DEBUG - Entering base_price calculation.
2017-11-25 01:31:28,523 - DEBUG - MongoDB collection length: 0
2017-11-25 01:31:28,523 - DEBUG - trade_prop: 0.05000000
2017-11-25 01:31:28,818 - DEBUG - actual: 1.00000000
2017-11-25 01:31:28,819 - DEBUG - book_tot: 0.08
2017-11-25 01:31:28,819 - DEBUG - calc_limit_price() successful within limits (depth=20).
2017-11-25 01:31:28,819 - DEBUG - trade_amount_initial[CALC]: 1.00
2017-11-25 01:31:28,819 - INFO - No trade log found. Making entry buy.
2017-11-25 01:31:28,820 - INFO - Entry trade amount: 1.00000000
2017-11-25 01:31:29,111 - DEBUG - actual: 0.04177860
2017-11-25 01:31:29,111 - DEBUG - book_tot: 4408.54
2017-11-25 01:31:29,111 - DEBUG - actual: 0.04177860
2017-11-25 01:31:29,112 - DEBUG - book_tot: 4408.54
2017-11-25 01:31:29,112 - DEBUG - calc_limit_price() successful within limits (depth=20).
2017-11-25 01:31:29,112 - DEBUG - limit_price: 0.04177860
2017-11-25 01:31:29,638 - DEBUG - [BUY] trade_response: {'orderNumber': '39715718651', 'resultingTrades': [{'amount': '1.00000000', 'date': '2017-11-25 07:31:28', 'rate': '0.04177860', 'total': '0.04177860', 'tradeID': '1751020', 'type': 'buy'}], 'amountUnfilled': '0.00000000'}
2017-11-25 01:31:30,012 - DEBUG - returnOrderTrades: [{'globalTradeID': 268919455, 'tradeID': 1751020, 'currencyPair': 'USDT_STR', 'type': 'buy', 'rate': '0.04177860', 'amount': '1.00000000', 'total': '0.04177860', 'fee': '0.00250000', 'date': '2017-11-25 07:31:28'}]
2017-11-25 01:31:30,012 - DEBUG - trade_date: 2017-11-25 07:31:28
2017-11-25 01:31:30,013 - DEBUG - len(order_trades): 1
2017-11-25 01:31:30,013 - DEBUG - len(order_list): 1
2017-11-25 01:31:30,013 - DEBUG - order_list: [[Decimal('0.9975000000000000'), Decimal('0.04177860')]]
2017-11-25 01:31:30,038 - DEBUG - rate_calc_total:    0.04167415
2017-11-25 01:31:30,038 - DEBUG - amount_total:       0.99750000
2017-11-25 01:31:30,038 - DEBUG - order_average_rate: 0.04177860
2017-11-25 01:31:30,039 - DEBUG - Calc. Error Margin: -0.90
2017-11-25 01:31:30,039 - DEBUG - [BUY] order_details: {'date': '2017-11-25 07:31:28', 'amount': Decimal('0.9975000000000000'), 'rate': Decimal('0.04177860')}
2017-11-25 01:31:30,040 - DEBUG - [BUY] mongo_response: <pymongo.results.InsertOneResult object at 0x1034befc8>
2017-11-25 01:31:30,041 - DEBUG - Entering base_price calculation.
2017-11-25 01:31:30,042 - DEBUG - MongoDB collection length: 1
2017-11-25 01:31:30,043 - DEBUG - trade_total[spent]: 0.04167415
2017-11-25 01:31:30,044 - DEBUG - agg: [{'_id': None, 'total_bought': 0.9975}]
2017-11-25 01:31:30,044 - DEBUG - trade_total[bought]: 0.99750000
2017-11-25 01:31:30,044 - DEBUG - rate_avg: 0.04177860
2017-11-25 01:31:30,044 - DEBUG - csv_list: ['2017-11-25 07:31:28', 'buy', '0.99750000', '0.04177860', '0.00000000', '0.04177860']
2017-11-25 01:31:30,045 - INFO - Logging trade details to csv file.
2017-11-25 01:31:30,045 - DEBUG - trade_message: Bought 0.9975 @ 0.0418
2017-11-25 01:31:30,045 - DEBUG - No Telegram users connected. Skipping alert.
2017-11-25 01:31:30,046 - DEBUG - MongoDB collection length: 1
2017-11-25 01:31:30,048 - DEBUG - trade_total[spent]: 0.04167415
2017-11-25 01:31:30,055 - DEBUG - agg: [{'_id': None, 'total_bought': 0.9975}]
2017-11-25 01:31:30,055 - DEBUG - trade_total[bought]: 0.99750000
2017-11-25 01:31:30,056 - DEBUG - rate_avg: 0.04177860
2017-11-25 01:31:30,056 - DEBUG - base_price: 0.04177860
2017-11-25 01:31:30,056 - INFO - Base Price: 0.04177860
2017-11-25 01:31:30,056 - DEBUG - base_price_target: 0.04167415
2017-11-25 01:31:30,056 - INFO - Base Price Target: 0.04167415
2017-11-25 01:31:30,520 - INFO - Balance STR:  243.39000000
2017-11-25 01:31:30,520 - INFO - Balance USDT: 30.38
2017-11-25 01:31:30,521 - DEBUG - agg: [{'_id': None, 'total_bought': 0.9975}]
2017-11-25 01:31:30,521 - DEBUG - trade_total[bought]: 0.99750000
2017-11-25 01:31:30,522 - DEBUG - total_bought_str: 0.99750000
2017-11-25 01:31:30,522 - INFO - Total STR Bought: 0.99750000
2017-11-25 01:31:30,523 - DEBUG - trade_total[spent]: 0.04167415
2017-11-25 01:31:30,523 - DEBUG - total_spent_usdt: 0.04167415
2017-11-25 01:31:30,523 - INFO - Total USDT Spent: 0.04
2017-11-25 01:31:30,523 - DEBUG - trade_usdt_remaining: 0.96
2017-11-25 01:31:30,523 - INFO - Tradable USDT Remaining: 0.96
2017-11-25 01:31:30,524 - DEBUG - sell_volume: 0.99750000
2017-11-25 01:31:30,524 - DEBUG - sell_price_target:    0.04397198
2017-11-25 01:31:30,524 - INFO - Sell Target: 0.04397198
2017-11-25 01:31:30,844 - DEBUG - actual: 0.04177860
2017-11-25 01:31:30,844 - DEBUG - book_tot: 4407.54
2017-11-25 01:31:30,844 - DEBUG - actual: 0.04177860
2017-11-25 01:31:30,845 - DEBUG - book_tot: 4407.54
2017-11-25 01:31:30,845 - DEBUG - calc_limit_price() successful within limits (depth=20).
2017-11-25 01:31:30,845 - DEBUG - Adding fees to calc_limit_price() return value.
2017-11-25 01:31:30,845 - DEBUG - [buy]price_actual[+FEES]: 0.04188305
2017-11-25 01:31:30,845 - DEBUG - low_ask_actual: 0.04188305
2017-11-25 01:31:30,845 - INFO - Low Ask (Actual): 0.04188305
2017-11-25 01:31:31,166 - DEBUG - actual: 0.04160005
2017-11-25 01:31:31,167 - DEBUG - book_tot: 245.22
2017-11-25 01:31:31,167 - DEBUG - actual: 0.04160005
2017-11-25 01:31:31,168 - DEBUG - book_tot: 245.22
2017-11-25 01:31:31,168 - DEBUG - calc_limit_price() successful within limits (depth=20).
2017-11-25 01:31:31,168 - DEBUG - Adding fees to calc_limit_price() return value.
2017-11-25 01:31:31,168 - DEBUG - [sell]price_actual[+FEES]: 0.04149605
2017-11-25 01:31:31,168 - DEBUG - high_bid_actual: 0.04149605
2017-11-25 01:31:31,169 - INFO - High Bid (Actual): 0.04149605
2017-11-25 01:31:31,169 - DEBUG - diff: -0.002500
2017-11-25 01:31:31,169 - INFO - Price Difference from Base: -0.2500%
2017-11-25 01:31:31,169 - DEBUG - trade_proportion_low: 0.05
2017-11-25 01:31:31,169 - DEBUG - trade_proportion_high: 0.50
2017-11-25 01:31:31,170 - DEBUG - trade_proportion_adj: 0.05
2017-11-25 01:31:31,170 - DEBUG - trade_usdt_remaining: 0.96
2017-11-25 01:31:31,170 - DEBUG - [DYNAMIC]amount: 0.04683818
2017-11-25 01:31:31,419 - DEBUG - actual: 1.00000000
2017-11-25 01:31:31,419 - DEBUG - book_tot: 0.08
2017-11-25 01:31:31,419 - DEBUG - calc_limit_price() successful within limits (depth=20).
2017-11-25 01:31:31,419 - INFO - Current Trade Amount: 1.00
2017-11-25 01:31:31,419 - DEBUG - diff: -0.002500
2017-11-25 01:31:31,419 - INFO - Price Difference from Base: -0.2500%
2017-11-25 01:31:31,420 - DEBUG - Calculating loop time.
2017-11-25 01:31:31,420 - DEBUG - diff <= 0
2017-11-25 01:31:31,422 - DEBUG - lt: 20.00
2017-11-25 01:31:31,422 - INFO - Trade loop complete. Sleeping for 20.00 seconds.
2017-11-25 01:31:31,422 - DEBUG - ----[LOOP END]----
2017-11-25 01:31:49,946 - INFO - Exit signal received.
2017-11-25 01:31:49,946 - INFO - Mongo write errors: 0
2017-11-25 01:31:49,950 - INFO - CSV write errors: 0
