2017-11-25 01:54:08,789 - DEBUG - Parsing arguments.
2017-11-25 01:54:08,790 - DEBUG - Activated debug logging.
2017-11-25 01:54:08,790 - DEBUG - clean_collections: True
2017-11-25 01:54:08,790 - DEBUG - trade_amount: 0.10
2017-11-25 01:54:08,791 - DEBUG - amount_dynamic: True
2017-11-25 01:54:08,791 - DEBUG - trade_proportion_initial: 0.05
2017-11-25 01:54:08,791 - DEBUG - trade_usdt_max: 1.00
2017-11-25 01:54:08,791 - DEBUG - profit_threshold: 0.05
2017-11-25 01:54:08,791 - DEBUG - loop_time: 20
2017-11-25 01:54:08,791 - DEBUG - loop_dynamic: True
2017-11-25 01:54:08,792 - DEBUG - live_trading: True
2017-11-25 01:54:08,792 - DEBUG - csv_logging: True
2017-11-25 01:54:08,792 - DEBUG - telegram_active: True
2017-11-25 01:54:08,792 - DEBUG - mongo_alt: False
2017-11-25 01:54:08,794 - INFO - Using default MongoDB database 'lorenzbot'.
2017-11-25 01:54:08,794 - WARNING - Option to delete all existing collections selected.
2017-11-25 01:54:10,289 - INFO - Confirmed. Deleting all collections
2017-11-25 01:54:10,300 - INFO - Dropping all collections from database.
2017-11-25 01:54:10,371 - DEBUG - Dropped collection: 11252017_015333
2017-11-25 01:54:10,372 - INFO - Process complete. Restart program without boolean switch.
