2017-11-25 15:59:15,461 - DEBUG - Parsing arguments.
2017-11-25 15:59:15,461 - DEBUG - Activated debug logging.
2017-11-25 15:59:15,462 - DEBUG - clean_collections: True
2017-11-25 15:59:15,462 - DEBUG - trade_amount: 0.10
2017-11-25 15:59:15,462 - DEBUG - amount_dynamic: True
2017-11-25 15:59:15,462 - DEBUG - trade_proportion_initial: 0.05
2017-11-25 15:59:15,462 - DEBUG - trade_usdt_max: 1.00
2017-11-25 15:59:15,463 - DEBUG - profit_threshold: 0.05
2017-11-25 15:59:15,463 - DEBUG - loop_time: 20
2017-11-25 15:59:15,463 - DEBUG - loop_dynamic: True
2017-11-25 15:59:15,463 - DEBUG - live_trading: True
2017-11-25 15:59:15,463 - DEBUG - csv_logging: True
2017-11-25 15:59:15,463 - DEBUG - telegram_active: True
2017-11-25 15:59:15,464 - DEBUG - mongo_alt: False
2017-11-25 15:59:15,465 - INFO - Using default MongoDB database 'lorenzbot'.
2017-11-25 15:59:15,467 - WARNING - Option to delete all existing collections selected.
2017-11-25 15:59:17,760 - INFO - Confirmed. Deleting all collections
2017-11-25 15:59:17,760 - INFO - Dropping all collections from database.
2017-11-25 15:59:17,920 - DEBUG - Dropped collection: 11252017_015855
2017-11-25 15:59:17,921 - INFO - Process complete. Restart program without boolean switch.
