2017-11-25 17:51:27,504 - DEBUG - Parsing arguments.
2017-11-25 17:51:27,505 - DEBUG - Activated debug logging.
2017-11-25 17:51:27,505 - DEBUG - clean_collections: True
2017-11-25 17:51:27,505 - DEBUG - trade_amount: 1.00
2017-11-25 17:51:27,505 - DEBUG - amount_dynamic: True
2017-11-25 17:51:27,506 - DEBUG - trade_proportion_initial: 0.05
2017-11-25 17:51:27,506 - DEBUG - trade_usdt_max: 10.00
2017-11-25 17:51:27,506 - DEBUG - profit_threshold: 0.05
2017-11-25 17:51:27,506 - DEBUG - loop_time: 30
2017-11-25 17:51:27,507 - DEBUG - loop_dynamic: True
2017-11-25 17:51:27,507 - DEBUG - live_trading: True
2017-11-25 17:51:27,507 - DEBUG - csv_logging: True
2017-11-25 17:51:27,507 - DEBUG - telegram_active: True
2017-11-25 17:51:27,507 - DEBUG - mongo_alt: False
2017-11-25 17:51:27,509 - INFO - Using default MongoDB database 'lorenzbot'.
2017-11-25 17:51:27,510 - WARNING - Option to delete all existing collections selected.
2017-11-25 17:51:29,489 - INFO - Confirmed. Deleting all collections
2017-11-25 17:51:29,490 - INFO - Dropping all collections from database.
2017-11-25 17:51:29,641 - DEBUG - Dropped collection: 11252017_174325
2017-11-25 17:51:29,641 - INFO - Process complete. Restart program without boolean switch.
