2017-11-25 19:57:28,872 - DEBUG - Parsing arguments.
2017-11-25 19:57:28,873 - DEBUG - Activated debug logging.
2017-11-25 19:57:28,873 - DEBUG - clean_collections: False
2017-11-25 19:57:28,873 - DEBUG - trade_amount: 1.00
2017-11-25 19:57:28,874 - DEBUG - amount_dynamic: True
2017-11-25 19:57:28,874 - DEBUG - trade_proportion_initial: 0.05
2017-11-25 19:57:28,874 - DEBUG - trade_usdt_max: 1.00
2017-11-25 19:57:28,874 - DEBUG - profit_threshold: 0.05
2017-11-25 19:57:28,874 - DEBUG - loop_time: 20
2017-11-25 19:57:28,875 - DEBUG - loop_dynamic: True
2017-11-25 19:57:28,875 - DEBUG - live_trading: True
2017-11-25 19:57:28,875 - DEBUG - csv_logging: True
2017-11-25 19:57:28,875 - DEBUG - telegram_active: True
2017-11-25 19:57:28,875 - DEBUG - mongo_alt: False
2017-11-25 19:57:28,876 - INFO - Dynamic trade amount calculation activated.
2017-11-25 19:57:28,876 - INFO - Dynamic loop time calculation activated. Base loop time set to 20 seconds.
2017-11-25 19:57:28,876 - INFO - CSV log file path: logs/lorenzbot_log_11252017-195728.csv
2017-11-25 19:57:28,876 - INFO - Telegram logging active. Send '/connect' to @lorenzbot_bot to receive alerts.
2017-11-25 19:57:28,878 - INFO - Using default MongoDB database 'lorenzbot'.
2017-11-25 19:57:28,883 - INFO - Found existing collection: 11252017_175331
2017-11-25 19:57:28,884 - INFO - Found Telegram config file.
2017-11-25 19:57:28,915 - DEBUG - telegram_token: 411687950:AAFOIzovAmjDoy_0qJeBfdtzTFkM74BI0Fs
2017-11-25 19:57:28,920 - INFO - Found Poloniex config file.
2017-11-25 19:57:29,051 - WARNING - Live trading ENABLED.
2017-11-25 19:57:29,602 - INFO - Current Maker Fee: 0.0015
2017-11-25 19:57:29,603 - INFO - Current Taker Fee: 0.0025
2017-11-25 19:57:29,928 - INFO - Balance STR:  79.44
2017-11-25 19:57:29,928 - INFO - Balance USDT: 18.23
2017-11-25 19:57:29,930 - INFO - Collection not empty. Calculating trade amount remaining.
2017-11-25 19:57:29,931 - DEBUG - trade_total[spent]: 0.49885729
2017-11-25 19:57:29,932 - DEBUG - trade_usdt_remaining: 0.50
2017-11-25 19:57:29,932 - INFO - Tradable USDT Remaining: 0.50
2017-11-25 19:57:29,932 - DEBUG - ----[LOOP START]----
2017-11-25 19:57:29,932 - DEBUG - Entering base_price calculation.
2017-11-25 19:57:29,933 - DEBUG - db[coll_current].count(): 1
2017-11-25 19:57:29,935 - DEBUG - trade_total[spent]: 0.49885729
2017-11-25 19:57:29,936 - DEBUG - agg: [{'_id': None, 'total_bought': 11.497498783575}]
2017-11-25 19:57:29,937 - DEBUG - trade_total[bought]: 11.49749878
2017-11-25 19:57:29,937 - DEBUG - rate_avg: 0.04338833
2017-11-25 19:57:29,937 - DEBUG - base_price: 0.04338833
2017-11-25 19:57:29,937 - INFO - Base Price: 0.0434
2017-11-25 19:57:29,937 - DEBUG - base_price_target: 0.04327986
2017-11-25 19:57:29,937 - INFO - Base Price Target: 0.0433
2017-11-25 19:57:30,166 - INFO - Balance STR:  79.44084476
2017-11-25 19:57:30,166 - INFO - Balance USDT: 18.2292
2017-11-25 19:57:30,167 - INFO - Total Buy Count: 1
2017-11-25 19:57:30,170 - DEBUG - agg: [{'_id': None, 'total_bought': 11.497498783575}]
2017-11-25 19:57:30,170 - DEBUG - trade_total[bought]: 11.49749878
2017-11-25 19:57:30,170 - DEBUG - total_bought_str: 11.49749878
2017-11-25 19:57:30,170 - INFO - Total STR Bought: 11.4975
2017-11-25 19:57:30,172 - DEBUG - trade_total[spent]: 0.49885729
2017-11-25 19:57:30,173 - DEBUG - total_spent_usdt: 0.49885729
2017-11-25 19:57:30,173 - INFO - Total USDT Spent: 0.4989
2017-11-25 19:57:30,173 - DEBUG - trade_usdt_remaining: 0.5011
2017-11-25 19:57:30,413 - DEBUG - actual: 0.04375175
2017-11-25 19:57:30,414 - DEBUG - book_tot: 10.04
2017-11-25 19:57:30,414 - DEBUG - actual: 0.04375175
2017-11-25 19:57:30,414 - DEBUG - book_tot: 10.04
2017-11-25 19:57:30,415 - DEBUG - calc_limit_price() successful within limits (depth=40).
2017-11-25 19:57:30,415 - DEBUG - Adding fees to calc_limit_price() return value.
2017-11-25 19:57:30,415 - DEBUG - [buy]price_actual[+FEES]: 0.04386113
2017-11-25 19:57:30,415 - DEBUG - diff: -0.013430
2017-11-25 19:57:30,415 - INFO - Price Difference from Base: -1.3430%
2017-11-25 19:57:30,416 - DEBUG - trade_proportion_low: 0.05
2017-11-25 19:57:30,416 - DEBUG - trade_proportion_high: 0.50
2017-11-25 19:57:30,417 - DEBUG - trade_proportion_adj: 0.04
2017-11-25 19:57:30,417 - DEBUG - trade_usdt_remaining: 0.50
2017-11-25 19:57:30,417 - DEBUG - [DYNAMIC]amount_usdt: 0.02202838
2017-11-25 19:57:30,657 - DEBUG - actual: 0.07000000
2017-11-25 19:57:30,657 - DEBUG - book_tot: 0.05
2017-11-25 19:57:30,657 - DEBUG - calc_limit_price() successful within limits (depth=40).
2017-11-25 19:57:30,657 - DEBUG - [DYNAMIC]amount: 0.07000000
2017-11-25 19:57:30,658 - DEBUG - buy_amount_current: 0.07000000
2017-11-25 19:57:30,658 - INFO - Current Buy Amount: 0.0700
2017-11-25 19:57:30,892 - DEBUG - actual: 0.04375000
2017-11-25 19:57:30,892 - DEBUG - book_tot: 0.07
2017-11-25 19:57:30,892 - DEBUG - actual: 0.04375000
2017-11-25 19:57:30,892 - DEBUG - book_tot: 0.07
2017-11-25 19:57:30,893 - DEBUG - calc_limit_price() successful within limits (depth=40).
2017-11-25 19:57:30,893 - DEBUG - Adding fees to calc_limit_price() return value.
2017-11-25 19:57:30,893 - DEBUG - [buy]price_actual[+FEES]: 0.04385938
2017-11-25 19:57:30,893 - DEBUG - low_ask_actual: 0.04385938
2017-11-25 19:57:30,893 - INFO - Low Ask (Actual): 0.0439
2017-11-25 19:57:30,895 - DEBUG - agg: [{'_id': None, 'total_bought': 11.497498783575}]
2017-11-25 19:57:30,896 - DEBUG - trade_total[bought]: 11.49749878
2017-11-25 19:57:30,896 - DEBUG - sell_amount_current: 11.49749878
2017-11-25 19:57:30,896 - INFO - Current Sell Amount: 11.4975
2017-11-25 19:57:31,019 - DEBUG - actual: 0.04362000
2017-11-25 19:57:31,019 - DEBUG - book_tot: 1947.16
2017-11-25 19:57:31,019 - DEBUG - actual: 0.04362000
2017-11-25 19:57:31,019 - DEBUG - book_tot: 1947.16
2017-11-25 19:57:31,019 - DEBUG - calc_limit_price() successful within limits (depth=40).
2017-11-25 19:57:31,019 - DEBUG - Adding fees to calc_limit_price() return value.
2017-11-25 19:57:31,020 - DEBUG - [sell]price_actual[+FEES]: 0.04351095
2017-11-25 19:57:31,020 - DEBUG - high_bid_actual: 0.04351095
2017-11-25 19:57:31,020 - INFO - High Bid (Actual): 0.0435
2017-11-25 19:57:31,020 - DEBUG - sell_price_target: 0.04566622
2017-11-25 19:57:31,020 - INFO - Sell Target: 0.0457
2017-11-25 19:57:31,020 - DEBUG - diff: -0.010856
2017-11-25 19:57:31,020 - INFO - Price Difference from Base: -1.0856%
2017-11-25 19:57:31,021 - DEBUG - Calculating loop time.
2017-11-25 19:57:31,021 - DEBUG - diff <= 0
2017-11-25 19:57:31,021 - DEBUG - lt: 20.00
2017-11-25 19:57:31,021 - INFO - Trade loop complete. Sleeping for 20.00 seconds.
2017-11-25 19:57:31,022 - DEBUG - ----[LOOP END]----
2017-11-25 19:57:32,366 - INFO - Exit signal received.
2017-11-25 19:57:32,367 - INFO - Mongo write errors: 0
2017-11-25 19:57:32,367 - INFO - Buy trades skipped: 0
2017-11-25 19:57:32,369 - INFO - Sell trades skipped: 0
2017-11-25 19:57:32,369 - INFO - CSV write errors: 0
