2017-11-25 19:04:15,141 - DEBUG - Parsing arguments.
2017-11-25 19:04:15,141 - DEBUG - clean_collections: False
2017-11-25 19:04:15,141 - DEBUG - trade_amount: 0.10
2017-11-25 19:04:15,142 - DEBUG - amount_dynamic: True
2017-11-25 19:04:15,142 - DEBUG - trade_proportion_initial: 0.05
2017-11-25 19:04:15,142 - DEBUG - trade_usdt_max: 20.00
2017-11-25 19:04:15,142 - DEBUG - profit_threshold: 0.05
2017-11-25 19:04:15,142 - DEBUG - loop_time: 30
2017-11-25 19:04:15,142 - DEBUG - loop_dynamic: True
2017-11-25 19:04:15,142 - DEBUG - live_trading: True
2017-11-25 19:04:15,142 - DEBUG - csv_logging: True
2017-11-25 19:04:15,142 - DEBUG - telegram_active: True
2017-11-25 19:04:15,142 - DEBUG - mongo_alt: False
2017-11-25 19:04:15,142 - WARNING - Total USDT trade amount set to a high value. Confirm before continuing.
2017-11-25 19:04:17,004 - INFO - USDT trade amount confirmed.
2017-11-25 19:04:17,005 - INFO - Dynamic loop time calculation activated. Base loop time set to 30 seconds.
2017-11-25 19:04:17,005 - INFO - CSV log file path: logs/lorenzbot_log_11252017-190417.csv
2017-11-25 19:04:17,007 - INFO - Using default MongoDB database 'lorenzbot'.
2017-11-25 19:04:17,008 - INFO - Found existing collection: 11252017_030929
2017-11-25 19:04:17,008 - INFO - Found Telegram config file.
2017-11-25 19:04:17,008 - DEBUG - telegram_token: 411687950:AAFOIzovAmjDoy_0qJeBfdtzTFkM74BI0Fs
2017-11-25 19:04:17,010 - INFO - Found Poloniex config file.
2017-11-25 19:04:17,010 - WARNING - Live trading ENABLED.
2017-11-25 19:04:17,118 - INFO - Current Maker Fee: 0.0015
2017-11-25 19:04:17,118 - INFO - Current Taker Fee: 0.0025
2017-11-25 19:04:17,195 - INFO - Balance STR:  0.00
2017-11-25 19:04:17,196 - INFO - Balance USDT: 40.85
2017-11-25 19:04:17,196 - INFO - Collection not empty. Calculating trade amount remaining.
2017-11-25 19:04:17,197 - DEBUG - trade_total[spent]: 9.65440970
2017-11-25 19:04:17,197 - DEBUG - trade_usdt_remaining: 10.35
2017-11-25 19:04:17,197 - INFO - Tradable USDT Remaining: 10.35
2017-11-25 19:04:17,197 - INFO - ----
2017-11-25 19:04:17,197 - DEBUG - Entering base_price calculation.
2017-11-25 19:04:17,198 - DEBUG - MongoDB collection length: 13
2017-11-25 19:04:17,198 - DEBUG - trade_total[spent]: 9.65440970
2017-11-25 19:04:17,199 - DEBUG - agg: [{'_id': None, 'total_bought': 236.4075}]
2017-11-25 19:04:17,199 - DEBUG - trade_total[bought]: 236.40750000
2017-11-25 19:04:17,199 - DEBUG - rate_avg: 0.04083800
2017-11-25 19:04:17,199 - DEBUG - base_price: 0.04083800
2017-11-25 19:04:17,199 - INFO - Base Price: 0.04083800
2017-11-25 19:04:17,199 - DEBUG - base_price_target: 0.04073591
2017-11-25 19:04:17,199 - INFO - Base Price Target: 0.04073591
2017-11-25 19:04:17,337 - INFO - Balance STR:  0.00000000
2017-11-25 19:04:17,337 - INFO - Balance USDT: 40.85
2017-11-25 19:04:17,337 - DEBUG - agg: [{'_id': None, 'total_bought': 236.4075}]
2017-11-25 19:04:17,338 - DEBUG - trade_total[bought]: 236.40750000
2017-11-25 19:04:17,338 - DEBUG - total_bought_str: 236.40750000
2017-11-25 19:04:17,338 - INFO - Total STR Bought: 236.40750000
2017-11-25 19:04:17,338 - DEBUG - trade_total[spent]: 9.65440970
2017-11-25 19:04:17,338 - DEBUG - total_spent_usdt: 9.65440970
2017-11-25 19:04:17,338 - INFO - Total USDT Spent: 9.65
2017-11-25 19:04:17,338 - DEBUG - trade_usdt_remaining: 10.35
2017-11-25 19:04:17,339 - INFO - Tradable USDT Remaining: 10.35
2017-11-25 19:04:17,339 - WARNING - STR balance less than total amount bought. Defaulting to full available STR balance.
2017-11-25 19:04:17,339 - DEBUG - sell_volume[ADJUSTED]: 0.00000000
2017-11-25 19:04:17,339 - INFO - Sell Volume Adjusted: 0.00000000
2017-11-25 19:04:17,339 - DEBUG - sell_price_target:    0.04298200
2017-11-25 19:04:17,339 - INFO - Sell Target: 0.04298200
2017-11-25 19:04:17,480 - DEBUG - actual: 0.04306010
2017-11-25 19:04:17,480 - DEBUG - book_tot: 4543.75
2017-11-25 19:04:17,480 - DEBUG - actual: 0.04306010
2017-11-25 19:04:17,480 - DEBUG - book_tot: 4543.75
2017-11-25 19:04:17,480 - DEBUG - calc_limit_price() successful within limits (depth=20).
2017-11-25 19:04:17,480 - DEBUG - Adding fees to calc_limit_price() return value.
2017-11-25 19:04:17,480 - DEBUG - [buy]price_actual[+FEES]: 0.04316775
2017-11-25 19:04:17,480 - DEBUG - low_ask_actual: 0.04316775
2017-11-25 19:04:17,480 - INFO - Low Ask (Actual): 0.04316775
2017-11-25 19:04:17,551 - DEBUG - actual: 0.04299002
2017-11-25 19:04:17,551 - DEBUG - book_tot: 37207.95
2017-11-25 19:04:17,551 - DEBUG - actual: 0.04299002
2017-11-25 19:04:17,551 - DEBUG - book_tot: 37207.95
2017-11-25 19:04:17,551 - DEBUG - calc_limit_price() successful within limits (depth=20).
2017-11-25 19:04:17,551 - DEBUG - Adding fees to calc_limit_price() return value.
2017-11-25 19:04:17,551 - DEBUG - [sell]price_actual[+FEES]: 0.04288254
2017-11-25 19:04:17,551 - DEBUG - high_bid_actual: 0.04288254
2017-11-25 19:04:17,551 - INFO - High Bid (Actual): 0.04288254
2017-11-25 19:04:17,552 - DEBUG - diff: -0.057049
2017-11-25 19:04:17,552 - INFO - Price Difference from Base: -5.7049%
2017-11-25 19:04:17,552 - DEBUG - trade_proportion_low: 0.05
2017-11-25 19:04:17,552 - DEBUG - trade_proportion_high: 0.50
2017-11-25 19:04:17,552 - DEBUG - trade_proportion_adj: 0.02
2017-11-25 19:04:17,552 - DEBUG - trade_usdt_remaining: 10.35
2017-11-25 19:04:17,552 - DEBUG - [DYNAMIC]amount: 0.25168903
2017-11-25 19:04:17,617 - DEBUG - actual: 5.01000000
2017-11-25 19:04:17,617 - DEBUG - book_tot: 0.26
2017-11-25 19:04:17,617 - DEBUG - calc_limit_price() successful within limits (depth=20).
2017-11-25 19:04:17,617 - INFO - Current Trade Amount: 5.01
2017-11-25 19:04:17,617 - DEBUG - diff: -0.057049
2017-11-25 19:04:17,617 - INFO - Price Difference from Base: -5.7049%
2017-11-25 19:04:17,617 - DEBUG - Calculating loop time.
2017-11-25 19:04:17,617 - DEBUG - diff <= 0
2017-11-25 19:04:17,618 - DEBUG - lt: 30.00
2017-11-25 19:04:17,618 - INFO - Trade loop complete. Sleeping for 30.00 seconds.
2017-11-25 19:04:17,618 - INFO - ----
2017-11-25 19:04:47,627 - INFO - ----
2017-11-25 19:04:47,627 - DEBUG - Entering base_price calculation.
2017-11-25 19:04:47,627 - DEBUG - MongoDB collection length: 13
2017-11-25 19:04:47,628 - DEBUG - trade_total[spent]: 9.65440970
2017-11-25 19:04:47,628 - DEBUG - agg: [{'_id': None, 'total_bought': 236.4075}]
2017-11-25 19:04:47,628 - DEBUG - trade_total[bought]: 236.40750000
2017-11-25 19:04:47,629 - DEBUG - rate_avg: 0.04083800
2017-11-25 19:04:47,629 - DEBUG - base_price: 0.04083800
2017-11-25 19:04:47,629 - INFO - Base Price: 0.04083800
2017-11-25 19:04:47,629 - DEBUG - base_price_target: 0.04073591
2017-11-25 19:04:47,629 - INFO - Base Price Target: 0.04073591
2017-11-25 19:04:47,742 - INFO - Balance STR:  0.00000000
2017-11-25 19:04:47,742 - INFO - Balance USDT: 40.85
2017-11-25 19:04:47,743 - DEBUG - agg: [{'_id': None, 'total_bought': 236.4075}]
2017-11-25 19:04:47,743 - DEBUG - trade_total[bought]: 236.40750000
2017-11-25 19:04:47,743 - DEBUG - total_bought_str: 236.40750000
2017-11-25 19:04:47,743 - INFO - Total STR Bought: 236.40750000
2017-11-25 19:04:47,744 - DEBUG - trade_total[spent]: 9.65440970
2017-11-25 19:04:47,744 - DEBUG - total_spent_usdt: 9.65440970
2017-11-25 19:04:47,744 - INFO - Total USDT Spent: 9.65
2017-11-25 19:04:47,744 - DEBUG - trade_usdt_remaining: 10.35
2017-11-25 19:04:47,744 - INFO - Tradable USDT Remaining: 10.35
2017-11-25 19:04:47,744 - WARNING - STR balance less than total amount bought. Defaulting to full available STR balance.
2017-11-25 19:04:47,744 - DEBUG - sell_volume[ADJUSTED]: 0.00000000
2017-11-25 19:04:47,744 - INFO - Sell Volume Adjusted: 0.00000000
2017-11-25 19:04:47,744 - DEBUG - sell_price_target:    0.04298200
2017-11-25 19:04:47,745 - INFO - Sell Target: 0.04298200
2017-11-25 19:04:47,834 - DEBUG - actual: 0.04306010
2017-11-25 19:04:47,834 - DEBUG - book_tot: 4497.17
2017-11-25 19:04:47,834 - DEBUG - actual: 0.04306010
2017-11-25 19:04:47,834 - DEBUG - book_tot: 4497.17
2017-11-25 19:04:47,834 - DEBUG - calc_limit_price() successful within limits (depth=20).
2017-11-25 19:04:47,834 - DEBUG - Adding fees to calc_limit_price() return value.
2017-11-25 19:04:47,834 - DEBUG - [buy]price_actual[+FEES]: 0.04316775
2017-11-25 19:04:47,834 - DEBUG - low_ask_actual: 0.04316775
2017-11-25 19:04:47,834 - INFO - Low Ask (Actual): 0.04316775
2017-11-25 19:04:47,896 - DEBUG - actual: 0.04299003
2017-11-25 19:04:47,896 - DEBUG - book_tot: 69209.80
2017-11-25 19:04:47,896 - DEBUG - actual: 0.04299003
2017-11-25 19:04:47,896 - DEBUG - book_tot: 69209.80
2017-11-25 19:04:47,896 - DEBUG - calc_limit_price() successful within limits (depth=20).
2017-11-25 19:04:47,897 - DEBUG - Adding fees to calc_limit_price() return value.
2017-11-25 19:04:47,897 - DEBUG - [sell]price_actual[+FEES]: 0.04288255
2017-11-25 19:04:47,897 - DEBUG - high_bid_actual: 0.04288255
2017-11-25 19:04:47,897 - INFO - High Bid (Actual): 0.04288255
2017-11-25 19:04:47,897 - DEBUG - diff: -0.057049
2017-11-25 19:04:47,897 - INFO - Price Difference from Base: -5.7049%
2017-11-25 19:04:47,897 - DEBUG - trade_proportion_low: 0.05
2017-11-25 19:04:47,897 - DEBUG - trade_proportion_high: 0.50
2017-11-25 19:04:47,897 - DEBUG - trade_proportion_adj: 0.02
2017-11-25 19:04:47,897 - DEBUG - trade_usdt_remaining: 10.35
2017-11-25 19:04:47,897 - DEBUG - [DYNAMIC]amount: 0.25168903
2017-11-25 19:04:47,966 - DEBUG - actual: 5.01000000
2017-11-25 19:04:47,966 - DEBUG - book_tot: 0.26
2017-11-25 19:04:47,966 - DEBUG - calc_limit_price() successful within limits (depth=20).
2017-11-25 19:04:47,966 - INFO - Current Trade Amount: 5.01
2017-11-25 19:04:47,966 - DEBUG - diff: -0.057049
2017-11-25 19:04:47,966 - INFO - Price Difference from Base: -5.7049%
2017-11-25 19:04:47,967 - DEBUG - Calculating loop time.
2017-11-25 19:04:47,967 - DEBUG - diff <= 0
2017-11-25 19:04:47,967 - DEBUG - lt: 30.00
2017-11-25 19:04:47,967 - INFO - Trade loop complete. Sleeping for 30.00 seconds.
2017-11-25 19:04:47,967 - INFO - ----
2017-11-25 19:05:17,979 - INFO - ----
2017-11-25 19:05:17,979 - DEBUG - Entering base_price calculation.
2017-11-25 19:05:17,980 - DEBUG - MongoDB collection length: 13
2017-11-25 19:05:17,980 - DEBUG - trade_total[spent]: 9.65440970
2017-11-25 19:05:17,981 - DEBUG - agg: [{'_id': None, 'total_bought': 236.4075}]
2017-11-25 19:05:17,981 - DEBUG - trade_total[bought]: 236.40750000
2017-11-25 19:05:17,981 - DEBUG - rate_avg: 0.04083800
2017-11-25 19:05:17,981 - DEBUG - base_price: 0.04083800
2017-11-25 19:05:17,981 - INFO - Base Price: 0.04083800
2017-11-25 19:05:17,981 - DEBUG - base_price_target: 0.04073591
2017-11-25 19:05:17,981 - INFO - Base Price Target: 0.04073591
2017-11-25 19:05:18,111 - INFO - Balance STR:  0.00000000
2017-11-25 19:05:18,111 - INFO - Balance USDT: 40.85
2017-11-25 19:05:18,112 - DEBUG - agg: [{'_id': None, 'total_bought': 236.4075}]
2017-11-25 19:05:18,112 - DEBUG - trade_total[bought]: 236.40750000
2017-11-25 19:05:18,112 - DEBUG - total_bought_str: 236.40750000
2017-11-25 19:05:18,112 - INFO - Total STR Bought: 236.40750000
2017-11-25 19:05:18,112 - DEBUG - trade_total[spent]: 9.65440970
2017-11-25 19:05:18,112 - DEBUG - total_spent_usdt: 9.65440970
2017-11-25 19:05:18,113 - INFO - Total USDT Spent: 9.65
2017-11-25 19:05:18,113 - DEBUG - trade_usdt_remaining: 10.35
2017-11-25 19:05:18,113 - INFO - Tradable USDT Remaining: 10.35
2017-11-25 19:05:18,113 - WARNING - STR balance less than total amount bought. Defaulting to full available STR balance.
2017-11-25 19:05:18,113 - DEBUG - sell_volume[ADJUSTED]: 0.00000000
2017-11-25 19:05:18,113 - INFO - Sell Volume Adjusted: 0.00000000
2017-11-25 19:05:18,113 - DEBUG - sell_price_target:    0.04298200
2017-11-25 19:05:18,113 - INFO - Sell Target: 0.04298200
2017-11-25 19:05:18,174 - DEBUG - actual: 0.04306010
2017-11-25 19:05:18,174 - DEBUG - book_tot: 4380.74
2017-11-25 19:05:18,175 - DEBUG - actual: 0.04306010
2017-11-25 19:05:18,175 - DEBUG - book_tot: 4380.74
2017-11-25 19:05:18,175 - DEBUG - calc_limit_price() successful within limits (depth=20).
2017-11-25 19:05:18,175 - DEBUG - Adding fees to calc_limit_price() return value.
2017-11-25 19:05:18,175 - DEBUG - [buy]price_actual[+FEES]: 0.04316775
2017-11-25 19:05:18,175 - DEBUG - low_ask_actual: 0.04316775
2017-11-25 19:05:18,175 - INFO - Low Ask (Actual): 0.04316775
2017-11-25 19:05:18,231 - DEBUG - actual: 0.04299002
2017-11-25 19:05:18,231 - DEBUG - book_tot: 37021.78
2017-11-25 19:05:18,232 - DEBUG - actual: 0.04299002
2017-11-25 19:05:18,232 - DEBUG - book_tot: 37021.78
2017-11-25 19:05:18,232 - DEBUG - calc_limit_price() successful within limits (depth=20).
2017-11-25 19:05:18,232 - DEBUG - Adding fees to calc_limit_price() return value.
2017-11-25 19:05:18,232 - DEBUG - [sell]price_actual[+FEES]: 0.04288254
2017-11-25 19:05:18,232 - DEBUG - high_bid_actual: 0.04288254
2017-11-25 19:05:18,232 - INFO - High Bid (Actual): 0.04288254
2017-11-25 19:05:18,232 - DEBUG - diff: -0.057049
2017-11-25 19:05:18,232 - INFO - Price Difference from Base: -5.7049%
2017-11-25 19:05:18,232 - DEBUG - trade_proportion_low: 0.05
2017-11-25 19:05:18,232 - DEBUG - trade_proportion_high: 0.50
2017-11-25 19:05:18,232 - DEBUG - trade_proportion_adj: 0.02
2017-11-25 19:05:18,232 - DEBUG - trade_usdt_remaining: 10.35
2017-11-25 19:05:18,232 - DEBUG - [DYNAMIC]amount: 0.25168903
2017-11-25 19:05:18,300 - DEBUG - actual: 5.01000000
2017-11-25 19:05:18,300 - DEBUG - book_tot: 0.26
2017-11-25 19:05:18,300 - DEBUG - calc_limit_price() successful within limits (depth=20).
2017-11-25 19:05:18,300 - INFO - Current Trade Amount: 5.01
2017-11-25 19:05:18,300 - DEBUG - diff: -0.057049
2017-11-25 19:05:18,301 - INFO - Price Difference from Base: -5.7049%
2017-11-25 19:05:18,301 - DEBUG - Calculating loop time.
2017-11-25 19:05:18,301 - DEBUG - diff <= 0
2017-11-25 19:05:18,301 - DEBUG - lt: 30.00
2017-11-25 19:05:18,301 - INFO - Trade loop complete. Sleeping for 30.00 seconds.
2017-11-25 19:05:18,301 - INFO - ----
2017-11-25 19:05:48,303 - INFO - ----
2017-11-25 19:05:48,303 - DEBUG - Entering base_price calculation.
2017-11-25 19:05:48,304 - DEBUG - MongoDB collection length: 13
2017-11-25 19:05:48,304 - DEBUG - trade_total[spent]: 9.65440970
2017-11-25 19:05:48,305 - DEBUG - agg: [{'_id': None, 'total_bought': 236.4075}]
2017-11-25 19:05:48,305 - DEBUG - trade_total[bought]: 236.40750000
2017-11-25 19:05:48,305 - DEBUG - rate_avg: 0.04083800
2017-11-25 19:05:48,305 - DEBUG - base_price: 0.04083800
2017-11-25 19:05:48,305 - INFO - Base Price: 0.04083800
2017-11-25 19:05:48,305 - DEBUG - base_price_target: 0.04073591
2017-11-25 19:05:48,305 - INFO - Base Price Target: 0.04073591
2017-11-25 19:05:48,489 - INFO - Balance STR:  0.00000000
2017-11-25 19:05:48,489 - INFO - Balance USDT: 40.85
2017-11-25 19:05:48,490 - DEBUG - agg: [{'_id': None, 'total_bought': 236.4075}]
2017-11-25 19:05:48,490 - DEBUG - trade_total[bought]: 236.40750000
2017-11-25 19:05:48,490 - DEBUG - total_bought_str: 236.40750000
2017-11-25 19:05:48,490 - INFO - Total STR Bought: 236.40750000
2017-11-25 19:05:48,490 - DEBUG - trade_total[spent]: 9.65440970
2017-11-25 19:05:48,491 - DEBUG - total_spent_usdt: 9.65440970
2017-11-25 19:05:48,491 - INFO - Total USDT Spent: 9.65
2017-11-25 19:05:48,491 - DEBUG - trade_usdt_remaining: 10.35
2017-11-25 19:05:48,491 - INFO - Tradable USDT Remaining: 10.35
2017-11-25 19:05:48,491 - WARNING - STR balance less than total amount bought. Defaulting to full available STR balance.
2017-11-25 19:05:48,491 - DEBUG - sell_volume[ADJUSTED]: 0.00000000
2017-11-25 19:05:48,491 - INFO - Sell Volume Adjusted: 0.00000000
2017-11-25 19:05:48,491 - DEBUG - sell_price_target:    0.04298200
2017-11-25 19:05:48,491 - INFO - Sell Target: 0.04298200
2017-11-25 19:05:48,554 - DEBUG - actual: 0.04306010
2017-11-25 19:05:48,554 - DEBUG - book_tot: 4159.87
2017-11-25 19:05:48,554 - DEBUG - actual: 0.04306010
2017-11-25 19:05:48,554 - DEBUG - book_tot: 4159.87
2017-11-25 19:05:48,554 - DEBUG - calc_limit_price() successful within limits (depth=20).
2017-11-25 19:05:48,555 - DEBUG - Adding fees to calc_limit_price() return value.
2017-11-25 19:05:48,555 - DEBUG - [buy]price_actual[+FEES]: 0.04316775
2017-11-25 19:05:48,555 - DEBUG - low_ask_actual: 0.04316775
2017-11-25 19:05:48,555 - INFO - Low Ask (Actual): 0.04316775
2017-11-25 19:05:48,639 - DEBUG - actual: 0.04299003
2017-11-25 19:05:48,639 - DEBUG - book_tot: 7412.07
2017-11-25 19:05:48,640 - DEBUG - actual: 0.04299003
2017-11-25 19:05:48,640 - DEBUG - book_tot: 7412.07
2017-11-25 19:05:48,640 - DEBUG - calc_limit_price() successful within limits (depth=20).
2017-11-25 19:05:48,640 - DEBUG - Adding fees to calc_limit_price() return value.
2017-11-25 19:05:48,640 - DEBUG - [sell]price_actual[+FEES]: 0.04288255
2017-11-25 19:05:48,640 - DEBUG - high_bid_actual: 0.04288255
2017-11-25 19:05:48,640 - INFO - High Bid (Actual): 0.04288255
2017-11-25 19:05:48,640 - DEBUG - diff: -0.057049
2017-11-25 19:05:48,640 - INFO - Price Difference from Base: -5.7049%
2017-11-25 19:05:48,640 - DEBUG - trade_proportion_low: 0.05
2017-11-25 19:05:48,640 - DEBUG - trade_proportion_high: 0.50
2017-11-25 19:05:48,640 - DEBUG - trade_proportion_adj: 0.02
2017-11-25 19:05:48,640 - DEBUG - trade_usdt_remaining: 10.35
2017-11-25 19:05:48,640 - DEBUG - [DYNAMIC]amount: 0.25168903
2017-11-25 19:05:48,708 - DEBUG - actual: 5.00000000
2017-11-25 19:05:48,708 - DEBUG - book_tot: 0.26
2017-11-25 19:05:48,708 - DEBUG - calc_limit_price() successful within limits (depth=20).
2017-11-25 19:05:48,708 - INFO - Current Trade Amount: 5.00
2017-11-25 19:05:48,708 - DEBUG - diff: -0.057049
2017-11-25 19:05:48,709 - INFO - Price Difference from Base: -5.7049%
2017-11-25 19:05:48,709 - DEBUG - Calculating loop time.
2017-11-25 19:05:48,709 - DEBUG - diff <= 0
2017-11-25 19:05:48,709 - DEBUG - lt: 30.00
2017-11-25 19:05:48,709 - INFO - Trade loop complete. Sleeping for 30.00 seconds.
2017-11-25 19:05:48,709 - INFO - ----
2017-11-25 19:06:18,719 - INFO - ----
2017-11-25 19:06:18,719 - DEBUG - Entering base_price calculation.
2017-11-25 19:06:18,720 - DEBUG - MongoDB collection length: 13
2017-11-25 19:06:18,721 - DEBUG - trade_total[spent]: 9.65440970
2017-11-25 19:06:18,721 - DEBUG - agg: [{'_id': None, 'total_bought': 236.4075}]
2017-11-25 19:06:18,721 - DEBUG - trade_total[bought]: 236.40750000
2017-11-25 19:06:18,721 - DEBUG - rate_avg: 0.04083800
2017-11-25 19:06:18,721 - DEBUG - base_price: 0.04083800
2017-11-25 19:06:18,721 - INFO - Base Price: 0.04083800
2017-11-25 19:06:18,721 - DEBUG - base_price_target: 0.04073591
2017-11-25 19:06:18,721 - INFO - Base Price Target: 0.04073591
2017-11-25 19:06:18,854 - INFO - Balance STR:  0.00000000
2017-11-25 19:06:18,854 - INFO - Balance USDT: 40.85
2017-11-25 19:06:18,855 - DEBUG - agg: [{'_id': None, 'total_bought': 236.4075}]
2017-11-25 19:06:18,855 - DEBUG - trade_total[bought]: 236.40750000
2017-11-25 19:06:18,855 - DEBUG - total_bought_str: 236.40750000
2017-11-25 19:06:18,855 - INFO - Total STR Bought: 236.40750000
2017-11-25 19:06:18,855 - DEBUG - trade_total[spent]: 9.65440970
2017-11-25 19:06:18,855 - DEBUG - total_spent_usdt: 9.65440970
2017-11-25 19:06:18,855 - INFO - Total USDT Spent: 9.65
2017-11-25 19:06:18,856 - DEBUG - trade_usdt_remaining: 10.35
2017-11-25 19:06:18,856 - INFO - Tradable USDT Remaining: 10.35
2017-11-25 19:06:18,856 - WARNING - STR balance less than total amount bought. Defaulting to full available STR balance.
2017-11-25 19:06:18,856 - DEBUG - sell_volume[ADJUSTED]: 0.00000000
2017-11-25 19:06:18,856 - INFO - Sell Volume Adjusted: 0.00000000
2017-11-25 19:06:18,856 - DEBUG - sell_price_target:    0.04298200
2017-11-25 19:06:18,856 - INFO - Sell Target: 0.04298200
2017-11-25 19:06:18,916 - DEBUG - actual: 0.04319000
2017-11-25 19:06:18,916 - DEBUG - book_tot: 9106.08
2017-11-25 19:06:18,917 - DEBUG - actual: 0.04319000
2017-11-25 19:06:18,917 - DEBUG - book_tot: 9106.08
2017-11-25 19:06:18,917 - DEBUG - calc_limit_price() successful within limits (depth=20).
2017-11-25 19:06:18,917 - DEBUG - Adding fees to calc_limit_price() return value.
2017-11-25 19:06:18,917 - DEBUG - [buy]price_actual[+FEES]: 0.04329798
2017-11-25 19:06:18,917 - DEBUG - low_ask_actual: 0.04329798
2017-11-25 19:06:18,917 - INFO - Low Ask (Actual): 0.04329798
2017-11-25 19:06:18,976 - DEBUG - actual: 0.04299003
2017-11-25 19:06:18,976 - DEBUG - book_tot: 17651.11
2017-11-25 19:06:18,976 - DEBUG - actual: 0.04299003
2017-11-25 19:06:18,976 - DEBUG - book_tot: 17651.11
2017-11-25 19:06:18,976 - DEBUG - calc_limit_price() successful within limits (depth=20).
2017-11-25 19:06:18,977 - DEBUG - Adding fees to calc_limit_price() return value.
2017-11-25 19:06:18,977 - DEBUG - [sell]price_actual[+FEES]: 0.04288255
2017-11-25 19:06:18,977 - DEBUG - high_bid_actual: 0.04288255
2017-11-25 19:06:18,977 - INFO - High Bid (Actual): 0.04288255
2017-11-25 19:06:18,977 - DEBUG - diff: -0.060237
2017-11-25 19:06:18,977 - INFO - Price Difference from Base: -6.0237%
2017-11-25 19:06:18,977 - DEBUG - trade_proportion_low: 0.05
2017-11-25 19:06:18,977 - DEBUG - trade_proportion_high: 0.50
2017-11-25 19:06:18,977 - DEBUG - trade_proportion_adj: 0.02
2017-11-25 19:06:18,977 - DEBUG - trade_usdt_remaining: 10.35
2017-11-25 19:06:18,977 - DEBUG - [DYNAMIC]amount: 0.23684346
2017-11-25 19:06:19,033 - DEBUG - actual: 5.00000000
2017-11-25 19:06:19,033 - DEBUG - book_tot: 0.26
2017-11-25 19:06:19,034 - DEBUG - calc_limit_price() successful within limits (depth=20).
2017-11-25 19:06:19,034 - INFO - Current Trade Amount: 5.00
2017-11-25 19:06:19,034 - DEBUG - diff: -0.060237
2017-11-25 19:06:19,034 - INFO - Price Difference from Base: -6.0237%
2017-11-25 19:06:19,034 - DEBUG - Calculating loop time.
2017-11-25 19:06:19,034 - DEBUG - diff <= 0
2017-11-25 19:06:19,034 - DEBUG - lt: 30.00
2017-11-25 19:06:19,034 - INFO - Trade loop complete. Sleeping for 30.00 seconds.
2017-11-25 19:06:19,034 - INFO - ----
2017-11-25 19:06:49,046 - INFO - ----
2017-11-25 19:06:49,046 - DEBUG - Entering base_price calculation.
2017-11-25 19:06:49,046 - DEBUG - MongoDB collection length: 13
2017-11-25 19:06:49,047 - DEBUG - trade_total[spent]: 9.65440970
2017-11-25 19:06:49,047 - DEBUG - agg: [{'_id': None, 'total_bought': 236.4075}]
2017-11-25 19:06:49,048 - DEBUG - trade_total[bought]: 236.40750000
2017-11-25 19:06:49,048 - DEBUG - rate_avg: 0.04083800
2017-11-25 19:06:49,048 - DEBUG - base_price: 0.04083800
2017-11-25 19:06:49,048 - INFO - Base Price: 0.04083800
2017-11-25 19:06:49,048 - DEBUG - base_price_target: 0.04073591
2017-11-25 19:06:49,048 - INFO - Base Price Target: 0.04073591
2017-11-25 19:06:49,268 - INFO - Balance STR:  0.00000000
2017-11-25 19:06:49,268 - INFO - Balance USDT: 40.85
2017-11-25 19:06:49,269 - DEBUG - agg: [{'_id': None, 'total_bought': 236.4075}]
2017-11-25 19:06:49,269 - DEBUG - trade_total[bought]: 236.40750000
2017-11-25 19:06:49,269 - DEBUG - total_bought_str: 236.40750000
2017-11-25 19:06:49,269 - INFO - Total STR Bought: 236.40750000
2017-11-25 19:06:49,269 - DEBUG - trade_total[spent]: 9.65440970
2017-11-25 19:06:49,269 - DEBUG - total_spent_usdt: 9.65440970
2017-11-25 19:06:49,269 - INFO - Total USDT Spent: 9.65
2017-11-25 19:06:49,270 - DEBUG - trade_usdt_remaining: 10.35
2017-11-25 19:06:49,270 - INFO - Tradable USDT Remaining: 10.35
2017-11-25 19:06:49,270 - WARNING - STR balance less than total amount bought. Defaulting to full available STR balance.
2017-11-25 19:06:49,270 - DEBUG - sell_volume[ADJUSTED]: 0.00000000
2017-11-25 19:06:49,270 - INFO - Sell Volume Adjusted: 0.00000000
2017-11-25 19:06:49,270 - DEBUG - sell_price_target:    0.04298200
2017-11-25 19:06:49,270 - INFO - Sell Target: 0.04298200
2017-11-25 19:06:49,326 - DEBUG - actual: 0.04314000
2017-11-25 19:06:49,326 - DEBUG - book_tot: 0.11
2017-11-25 19:06:49,326 - DEBUG - actual: 0.04314000
2017-11-25 19:06:49,326 - DEBUG - book_tot: 0.11
2017-11-25 19:06:49,326 - DEBUG - calc_limit_price() successful within limits (depth=20).
2017-11-25 19:06:49,326 - DEBUG - Adding fees to calc_limit_price() return value.
2017-11-25 19:06:49,326 - DEBUG - [buy]price_actual[+FEES]: 0.04324785
2017-11-25 19:06:49,326 - DEBUG - low_ask_actual: 0.04324785
2017-11-25 19:06:49,327 - INFO - Low Ask (Actual): 0.04324785
2017-11-25 19:06:49,384 - DEBUG - actual: 0.04299003
2017-11-25 19:06:49,385 - DEBUG - book_tot: 6618.15
2017-11-25 19:06:49,385 - DEBUG - actual: 0.04299003
2017-11-25 19:06:49,385 - DEBUG - book_tot: 6618.15
2017-11-25 19:06:49,385 - DEBUG - calc_limit_price() successful within limits (depth=20).
2017-11-25 19:06:49,385 - DEBUG - Adding fees to calc_limit_price() return value.
2017-11-25 19:06:49,385 - DEBUG - [sell]price_actual[+FEES]: 0.04288255
2017-11-25 19:06:49,385 - DEBUG - high_bid_actual: 0.04288255
2017-11-25 19:06:49,385 - INFO - High Bid (Actual): 0.04288255
2017-11-25 19:06:49,385 - DEBUG - diff: -0.059010
2017-11-25 19:06:49,385 - INFO - Price Difference from Base: -5.9010%
2017-11-25 19:06:49,385 - DEBUG - trade_proportion_low: 0.05
2017-11-25 19:06:49,385 - DEBUG - trade_proportion_high: 0.50
2017-11-25 19:06:49,385 - DEBUG - trade_proportion_adj: 0.02
2017-11-25 19:06:49,385 - DEBUG - trade_usdt_remaining: 10.35
2017-11-25 19:06:49,385 - DEBUG - [DYNAMIC]amount: 0.24255769
2017-11-25 19:06:49,441 - DEBUG - actual: 5.15000000
2017-11-25 19:06:49,441 - DEBUG - book_tot: 0.27
2017-11-25 19:06:49,441 - DEBUG - calc_limit_price() successful within limits (depth=20).
2017-11-25 19:06:49,441 - INFO - Current Trade Amount: 5.15
2017-11-25 19:06:49,442 - DEBUG - diff: -0.059010
2017-11-25 19:06:49,442 - INFO - Price Difference from Base: -5.9010%
2017-11-25 19:06:49,442 - DEBUG - Calculating loop time.
2017-11-25 19:06:49,442 - DEBUG - diff <= 0
2017-11-25 19:06:49,442 - DEBUG - lt: 30.00
2017-11-25 19:06:49,442 - INFO - Trade loop complete. Sleeping for 30.00 seconds.
2017-11-25 19:06:49,442 - INFO - ----
