2017-11-25 01:58:55,509 - DEBUG - Parsing arguments.
2017-11-25 01:58:55,509 - DEBUG - Activated debug logging.
2017-11-25 01:58:55,509 - DEBUG - clean_collections: False
2017-11-25 01:58:55,510 - DEBUG - trade_amount: 0.10
2017-11-25 01:58:55,510 - DEBUG - amount_dynamic: True
2017-11-25 01:58:55,510 - DEBUG - trade_proportion_initial: 0.05
2017-11-25 01:58:55,510 - DEBUG - trade_usdt_max: 1.00
2017-11-25 01:58:55,511 - DEBUG - profit_threshold: 0.05
2017-11-25 01:58:55,511 - DEBUG - loop_time: 20
2017-11-25 01:58:55,511 - DEBUG - loop_dynamic: True
2017-11-25 01:58:55,511 - DEBUG - live_trading: True
2017-11-25 01:58:55,511 - DEBUG - csv_logging: True
2017-11-25 01:58:55,512 - DEBUG - telegram_active: True
2017-11-25 01:58:55,512 - DEBUG - mongo_alt: False
2017-11-25 01:58:55,512 - INFO - Dynamic loop time calculation activated. Base loop time set to 20 seconds.
2017-11-25 01:58:55,512 - INFO - CSV log file path: logs/lorenzbot_log_11252017-015855.csv
2017-11-25 01:58:55,514 - INFO - Using default MongoDB database 'lorenzbot'.
2017-11-25 01:58:55,518 - INFO - No collections found in database. Creating new...
2017-11-25 01:58:56,014 - INFO - Created new collection: 11252017_015855
2017-11-25 01:58:56,015 - INFO - Found Telegram config file.
2017-11-25 01:58:56,056 - DEBUG - telegram_token: 411687950:AAFOIzovAmjDoy_0qJeBfdtzTFkM74BI0Fs
2017-11-25 01:58:56,060 - INFO - Found Poloniex config file.
2017-11-25 01:58:56,129 - WARNING - Live trading ENABLED.
2017-11-25 01:58:56,697 - INFO - Current Maker Fee: 0.0015
2017-11-25 01:58:56,698 - INFO - Current Taker Fee: 0.0025
2017-11-25 01:58:57,147 - INFO - Balance STR:  246.38
2017-11-25 01:58:57,148 - INFO - Balance USDT: 30.25
2017-11-25 01:58:57,149 - INFO - Collection empty. Setting tradable balance remaining to allowed maximum.
2017-11-25 01:58:57,149 - DEBUG - trade_usdt_remaining: 1.00
2017-11-25 01:58:57,150 - INFO - Tradable USDT Remaining: 1.00
2017-11-25 01:58:57,150 - DEBUG - ----[LOOP START]----
2017-11-25 01:58:57,150 - DEBUG - Entering base_price calculation.
2017-11-25 01:58:57,151 - DEBUG - MongoDB collection length: 0
2017-11-25 01:58:57,151 - DEBUG - trade_prop: 0.05000000
2017-11-25 01:58:57,426 - DEBUG - actual: 1.00000000
2017-11-25 01:58:57,427 - DEBUG - book_tot: 0.08
2017-11-25 01:58:57,427 - DEBUG - calc_limit_price() successful within limits (depth=20).
2017-11-25 01:58:57,427 - DEBUG - trade_amount_initial[CALC]: 1.00
2017-11-25 01:58:57,428 - INFO - No trade log found. Making entry buy.
2017-11-25 01:58:57,428 - INFO - Entry trade amount: 1.00000000
2017-11-25 01:58:57,685 - DEBUG - actual: 0.04140000
2017-11-25 01:58:57,685 - DEBUG - book_tot: 23813.63
2017-11-25 01:58:57,685 - DEBUG - actual: 0.04140000
2017-11-25 01:58:57,685 - DEBUG - book_tot: 23813.63
2017-11-25 01:58:57,685 - DEBUG - calc_limit_price() successful within limits (depth=20).
2017-11-25 01:58:57,686 - DEBUG - limit_price: 0.04140000
2017-11-25 01:58:58,134 - DEBUG - [BUY] trade_response: {'orderNumber': '39718483883', 'resultingTrades': [{'amount': '1.00000000', 'date': '2017-11-25 07:58:56', 'rate': '0.04140000', 'total': '0.04140000', 'tradeID': '1751589', 'type': 'buy'}], 'amountUnfilled': '0.00000000'}
2017-11-25 01:58:58,440 - DEBUG - returnOrderTrades: [{'globalTradeID': 268940605, 'tradeID': 1751589, 'currencyPair': 'USDT_STR', 'type': 'buy', 'rate': '0.04140000', 'amount': '1.00000000', 'total': '0.04140000', 'fee': '0.00250000', 'date': '2017-11-25 07:58:56'}]
2017-11-25 01:58:58,440 - DEBUG - trade_date: 2017-11-25 07:58:56
2017-11-25 01:58:58,440 - DEBUG - len(order_trades): 1
2017-11-25 01:58:58,441 - DEBUG - len(order_list): 1
2017-11-25 01:58:58,441 - DEBUG - order_list: [[Decimal('0.9975000000000000'), Decimal('0.04140000')]]
2017-11-25 01:58:58,441 - DEBUG - rate_calc_total:    0.04129650
2017-11-25 01:58:58,441 - DEBUG - amount_total:       0.99750000
2017-11-25 01:58:58,441 - DEBUG - order_average_rate: 0.04140000
2017-11-25 01:58:58,441 - DEBUG - Calc. Error Margin: -0.90
2017-11-25 01:58:58,442 - DEBUG - [BUY] order_details: {'date': '2017-11-25 07:58:56', 'amount': Decimal('0.9975000000000000'), 'rate': Decimal('0.04140000')}
2017-11-25 01:58:58,458 - DEBUG - [BUY] mongo_response: <pymongo.results.InsertOneResult object at 0x105fac288>
2017-11-25 01:58:58,460 - DEBUG - Entering base_price calculation.
2017-11-25 01:58:58,462 - DEBUG - MongoDB collection length: 1
2017-11-25 01:58:58,464 - DEBUG - trade_total[spent]: 0.04129650
2017-11-25 01:58:58,465 - DEBUG - agg: [{'_id': None, 'total_bought': 0.9975}]
2017-11-25 01:58:58,465 - DEBUG - trade_total[bought]: 0.99750000
2017-11-25 01:58:58,466 - DEBUG - rate_avg: 0.04140000
2017-11-25 01:58:58,466 - DEBUG - csv_list: ['2017-11-25 07:58:56', 'buy', '0.99750000', '0.04140000', '0.00000000', '0.04140000']
2017-11-25 01:58:58,466 - INFO - Logging trade details to csv file.
2017-11-25 01:58:58,472 - DEBUG - trade_message: Bought 0.9975 @ 0.0414
2017-11-25 01:58:58,473 - DEBUG - No Telegram users connected. Skipping alert.
2017-11-25 01:58:58,477 - DEBUG - MongoDB collection length: 1
2017-11-25 01:58:58,489 - DEBUG - trade_total[spent]: 0.04129650
2017-11-25 01:58:58,492 - DEBUG - agg: [{'_id': None, 'total_bought': 0.9975}]
2017-11-25 01:58:58,493 - DEBUG - trade_total[bought]: 0.99750000
2017-11-25 01:58:58,493 - DEBUG - rate_avg: 0.04140000
2017-11-25 01:58:58,493 - DEBUG - base_price: 0.04140000
2017-11-25 01:58:58,493 - INFO - Base Price: 0.04140000
2017-11-25 01:58:58,494 - DEBUG - base_price_target: 0.04129650
2017-11-25 01:58:58,494 - INFO - Base Price Target: 0.04129650
2017-11-25 01:58:59,055 - INFO - Balance STR:  247.38000000
2017-11-25 01:58:59,055 - INFO - Balance USDT: 30.21
2017-11-25 01:58:59,056 - DEBUG - agg: [{'_id': None, 'total_bought': 0.9975}]
2017-11-25 01:58:59,057 - DEBUG - trade_total[bought]: 0.99750000
2017-11-25 01:58:59,057 - DEBUG - total_bought_str: 0.99750000
2017-11-25 01:58:59,057 - INFO - Total STR Bought: 0.99750000
2017-11-25 01:58:59,058 - DEBUG - trade_total[spent]: 0.04129650
2017-11-25 01:58:59,058 - DEBUG - total_spent_usdt: 0.04129650
2017-11-25 01:58:59,058 - INFO - Total USDT Spent: 0.04
2017-11-25 01:58:59,059 - DEBUG - trade_usdt_remaining: 0.96
2017-11-25 01:58:59,059 - INFO - Tradable USDT Remaining: 0.96
2017-11-25 01:58:59,059 - DEBUG - sell_volume: 0.99750000
2017-11-25 01:58:59,059 - DEBUG - sell_price_target:    0.04357350
2017-11-25 01:58:59,059 - INFO - Sell Target: 0.04357350
2017-11-25 01:58:59,372 - DEBUG - actual: 0.04140000
2017-11-25 01:58:59,372 - DEBUG - book_tot: 23812.63
2017-11-25 01:58:59,372 - DEBUG - actual: 0.04140000
2017-11-25 01:58:59,372 - DEBUG - book_tot: 23812.63
2017-11-25 01:58:59,372 - DEBUG - calc_limit_price() successful within limits (depth=20).
2017-11-25 01:58:59,373 - DEBUG - Adding fees to calc_limit_price() return value.
2017-11-25 01:58:59,373 - DEBUG - [buy]price_actual[+FEES]: 0.04150350
2017-11-25 01:58:59,373 - DEBUG - low_ask_actual: 0.04150350
2017-11-25 01:58:59,373 - INFO - Low Ask (Actual): 0.04150350
2017-11-25 01:58:59,679 - DEBUG - actual: 0.04132006
2017-11-25 01:58:59,679 - DEBUG - book_tot: 195.14
2017-11-25 01:58:59,679 - DEBUG - actual: 0.04132006
2017-11-25 01:58:59,679 - DEBUG - book_tot: 195.14
2017-11-25 01:58:59,680 - DEBUG - calc_limit_price() successful within limits (depth=20).
2017-11-25 01:58:59,680 - DEBUG - Adding fees to calc_limit_price() return value.
2017-11-25 01:58:59,680 - DEBUG - [sell]price_actual[+FEES]: 0.04121676
2017-11-25 01:58:59,680 - DEBUG - high_bid_actual: 0.04121676
2017-11-25 01:58:59,680 - INFO - High Bid (Actual): 0.04121676
2017-11-25 01:58:59,681 - DEBUG - diff: -0.002500
2017-11-25 01:58:59,682 - INFO - Price Difference from Base: -0.2500%
2017-11-25 01:58:59,682 - DEBUG - trade_proportion_low: 0.05
2017-11-25 01:58:59,682 - DEBUG - trade_proportion_high: 0.50
2017-11-25 01:58:59,683 - DEBUG - trade_proportion_adj: 0.05
2017-11-25 01:58:59,683 - DEBUG - trade_usdt_remaining: 0.96
2017-11-25 01:58:59,683 - DEBUG - [DYNAMIC]amount: 0.04685663
2017-11-25 01:58:59,983 - DEBUG - actual: 1.00000000
2017-11-25 01:58:59,983 - DEBUG - book_tot: 0.08
2017-11-25 01:58:59,984 - DEBUG - calc_limit_price() successful within limits (depth=20).
2017-11-25 01:58:59,986 - INFO - Current Trade Amount: 1.00
2017-11-25 01:58:59,986 - DEBUG - diff: -0.002500
2017-11-25 01:58:59,986 - INFO - Price Difference from Base: -0.2500%
2017-11-25 01:58:59,986 - DEBUG - Calculating loop time.
2017-11-25 01:58:59,987 - DEBUG - diff <= 0
2017-11-25 01:58:59,987 - DEBUG - lt: 20.00
2017-11-25 01:58:59,987 - INFO - Trade loop complete. Sleeping for 20.00 seconds.
2017-11-25 01:58:59,987 - DEBUG - ----[LOOP END]----
2017-11-25 01:59:04,913 - DEBUG - [CONNECT] chat_id: 382606465
2017-11-25 01:59:04,913 - INFO - Telegram user connected: 382606465
2017-11-25 01:59:07,636 - DEBUG - [STATUS] chat_id: 382606465
2017-11-25 01:59:07,636 - INFO - Telegram user requesting status: 382606465
2017-11-25 01:59:07,636 - DEBUG - Entering base_price calculation.
2017-11-25 01:59:07,637 - DEBUG - MongoDB collection length: 1
2017-11-25 01:59:07,639 - DEBUG - trade_total[spent]: 0.04129650
2017-11-25 01:59:07,640 - DEBUG - agg: [{'_id': None, 'total_bought': 0.9975}]
2017-11-25 01:59:07,640 - DEBUG - trade_total[bought]: 0.99750000
2017-11-25 01:59:07,640 - DEBUG - rate_avg: 0.04140000
2017-11-25 01:59:07,641 - DEBUG - trade_total[spent]: 0.04129650
2017-11-25 01:59:07,642 - DEBUG - agg: [{'_id': None, 'total_bought': 0.9975}]
2017-11-25 01:59:07,642 - DEBUG - trade_total[bought]: 0.99750000
2017-11-25 01:59:07,643 - DEBUG - Bought 1.00STR for $0.04 at average rate of $0.041400.
2017-11-25 01:59:12,208 - DEBUG - [DISCONNECT] chat_id: 382606465
2017-11-25 01:59:12,208 - INFO - Telegram user disconnected: 382606465
2017-11-25 01:59:14,341 - DEBUG - [STATUS] chat_id: 382606465
2017-11-25 01:59:14,341 - INFO - Telegram user requesting status: 382606465
2017-11-25 01:59:14,341 - DEBUG - Entering base_price calculation.
2017-11-25 01:59:14,343 - DEBUG - MongoDB collection length: 1
2017-11-25 01:59:14,344 - DEBUG - trade_total[spent]: 0.04129650
2017-11-25 01:59:14,346 - DEBUG - agg: [{'_id': None, 'total_bought': 0.9975}]
2017-11-25 01:59:14,346 - DEBUG - trade_total[bought]: 0.99750000
2017-11-25 01:59:14,346 - DEBUG - rate_avg: 0.04140000
2017-11-25 01:59:14,347 - DEBUG - trade_total[spent]: 0.04129650
2017-11-25 01:59:14,348 - DEBUG - agg: [{'_id': None, 'total_bought': 0.9975}]
2017-11-25 01:59:14,348 - DEBUG - trade_total[bought]: 0.99750000
2017-11-25 01:59:14,348 - DEBUG - Bought 1.00STR for $0.04 at average rate of $0.041400.
2017-11-25 01:59:17,447 - INFO - Exit signal received.
2017-11-25 01:59:17,447 - INFO - Mongo write errors: 0
2017-11-25 01:59:17,447 - INFO - CSV write errors: 0
