2017-11-25 17:33:59,447 - DEBUG - Parsing arguments.
2017-11-25 17:33:59,449 - DEBUG - Activated debug logging.
2017-11-25 17:33:59,450 - DEBUG - clean_collections: False
2017-11-25 17:33:59,450 - DEBUG - trade_amount: 1.00
2017-11-25 17:33:59,450 - DEBUG - amount_dynamic: True
2017-11-25 17:33:59,451 - DEBUG - trade_proportion_initial: 0.05
2017-11-25 17:33:59,451 - DEBUG - trade_usdt_max: 10.00
2017-11-25 17:33:59,451 - DEBUG - profit_threshold: 0.05
2017-11-25 17:33:59,451 - DEBUG - loop_time: 30
2017-11-25 17:33:59,451 - DEBUG - loop_dynamic: True
2017-11-25 17:33:59,452 - DEBUG - live_trading: True
2017-11-25 17:33:59,452 - DEBUG - csv_logging: True
2017-11-25 17:33:59,453 - DEBUG - telegram_active: True
2017-11-25 17:33:59,453 - DEBUG - mongo_alt: False
2017-11-25 17:33:59,453 - WARNING - Total USDT trade amount is set to $10.00.
2017-11-25 17:34:02,729 - INFO - USDT trade amount confirmed.
2017-11-25 17:34:02,729 - INFO - Dynamic trade amount calculation activated.
2017-11-25 17:34:02,730 - INFO - Dynamic loop time calculation activated. Base loop time set to 30 seconds.
2017-11-25 17:34:02,730 - INFO - CSV log file path: logs/lorenzbot_log_11252017-173402.csv
2017-11-25 17:34:02,730 - INFO - Telegram logging active. Send @lorenzbot_bot '/connect' to receive alerts.
2017-11-25 17:34:02,744 - INFO - Using default MongoDB database 'lorenzbot'.
2017-11-25 17:34:02,751 - INFO - No collections found in database. Creating new.
2017-11-25 17:34:03,308 - INFO - Created new collection: 11252017_173402
2017-11-25 17:34:03,308 - INFO - Found Telegram config file.
2017-11-25 17:34:03,333 - DEBUG - telegram_token: 411687950:AAFOIzovAmjDoy_0qJeBfdtzTFkM74BI0Fs
2017-11-25 17:34:03,351 - INFO - Found Poloniex config file.
2017-11-25 17:34:03,446 - WARNING - Live trading ENABLED.
2017-11-25 17:34:03,823 - INFO - Current Maker Fee: 0.0015
2017-11-25 17:34:03,823 - INFO - Current Taker Fee: 0.0025
2017-11-25 17:34:03,985 - INFO - Balance STR:  0.00
2017-11-25 17:34:03,985 - INFO - Balance USDT: 40.81
2017-11-25 17:34:03,986 - INFO - Collection empty. Setting tradable balance remaining to allowed maximum.
2017-11-25 17:34:03,986 - DEBUG - trade_usdt_remaining: 10.00
2017-11-25 17:34:03,987 - INFO - Tradable USDT Remaining: 10.00
2017-11-25 17:34:03,987 - DEBUG - ----[LOOP START]----
2017-11-25 17:34:03,987 - DEBUG - Entering base_price calculation.
2017-11-25 17:34:03,988 - DEBUG - db[coll_current].count(): 0
2017-11-25 17:34:03,988 - INFO - No trade log found. Making entry buy.
2017-11-25 17:34:04,131 - DEBUG - trade_amount_initial[CALC]: 11.56
2017-11-25 17:34:04,403 - DEBUG - actual: 0.04325000
2017-11-25 17:34:04,404 - DEBUG - book_tot: 30521.29
2017-11-25 17:34:04,404 - DEBUG - actual: 0.04325000
2017-11-25 17:34:04,404 - DEBUG - book_tot: 30521.29
2017-11-25 17:34:04,405 - DEBUG - calc_limit_price() successful within limits (depth=20).
2017-11-25 17:34:04,405 - DEBUG - trade_price_initial[CALC]: 0.04
2017-11-25 17:34:04,405 - INFO - Entry trade amount: 11.5607
2017-11-25 17:34:04,405 - DEBUG - trade_price_initial: 0.04325000
2017-11-25 17:34:04,816 - DEBUG - [BUY] trade_response: {'orderNumber': '39825636623', 'resultingTrades': [{'amount': '11.56069364', 'date': '2017-11-25 23:34:03', 'rate': '0.04325000', 'total': '0.49999999', 'tradeID': '1790040', 'type': 'buy'}], 'amountUnfilled': '0.00000000'}
2017-11-25 17:34:05,025 - DEBUG - returnOrderTrades: [{'globalTradeID': 269529113, 'tradeID': 1790040, 'currencyPair': 'USDT_STR', 'type': 'buy', 'rate': '0.04325000', 'amount': '11.56069364', 'total': '0.49999999', 'fee': '0.00250000', 'date': '2017-11-25 23:34:03'}]
2017-11-25 17:34:05,026 - DEBUG - trade_date: 2017-11-25 23:34:03
2017-11-25 17:34:05,027 - DEBUG - len(order_trades): 1
2017-11-25 17:34:05,031 - DEBUG - len(order_list): 1
2017-11-25 17:34:05,031 - DEBUG - order_list: [[Decimal('11.5317919059000000'), Decimal('0.04325000')]]
2017-11-25 17:34:05,032 - DEBUG - rate_calc_total:    0.49875000
2017-11-25 17:34:05,032 - DEBUG - amount_total:       11.53179191
2017-11-25 17:34:05,032 - DEBUG - order_average_rate: 0.04325000
2017-11-25 17:34:05,033 - DEBUG - Calc. Error Margin: -10.53
2017-11-25 17:34:05,033 - DEBUG - [BUY] order_details: {'date': '2017-11-25 23:34:03', 'amount': Decimal('11.5317919059000000'), 'rate': Decimal('0.04325000')}
2017-11-25 17:34:05,034 - DEBUG - [BUY] mongo_response: <pymongo.results.InsertOneResult object at 0x10913e188>
2017-11-25 17:34:05,035 - INFO - Buy logged to MongoDB database collection 11252017_173402
2017-11-25 17:34:05,036 - DEBUG - Entering base_price calculation.
2017-11-25 17:34:05,041 - DEBUG - db[coll_current].count(): 1
2017-11-25 17:34:05,045 - DEBUG - trade_total[spent]: 0.49875000
2017-11-25 17:34:05,048 - DEBUG - agg: [{'_id': None, 'total_bought': 11.5317919059}]
2017-11-25 17:34:05,049 - DEBUG - trade_total[bought]: 11.53179191
2017-11-25 17:34:05,049 - DEBUG - rate_avg: 0.04325000
2017-11-25 17:34:05,049 - DEBUG - csv_list: ['2017-11-25 23:34:03', 'buy', '11.53179191', '0.04325000', '0.00000000', '0.04325000']
2017-11-25 17:34:05,050 - INFO - Logging trade details to csv file.
2017-11-25 17:34:05,051 - INFO - Sending Telegram alert.
2017-11-25 17:34:05,051 - DEBUG - trade_message: Bought 11.5318 @ 0.0432
2017-11-25 17:34:05,052 - DEBUG - No Telegram users connected. Skipping alert.
2017-11-25 17:34:05,053 - DEBUG - trade_total[spent]: 0.49875000
2017-11-25 17:34:05,057 - DEBUG - agg: [{'_id': None, 'total_bought': 11.5317919059}]
2017-11-25 17:34:05,059 - DEBUG - trade_total[bought]: 11.53179191
2017-11-25 17:34:05,059 - DEBUG - rate_avg: 0.04325000
2017-11-25 17:34:05,059 - DEBUG - base_price: 0.04325000
2017-11-25 17:34:05,060 - INFO - Base Price: 0.0432
2017-11-25 17:34:05,067 - DEBUG - base_price_target: 0.04314187
2017-11-25 17:34:05,068 - INFO - Base Price Target: 0.0431
2017-11-25 17:34:05,309 - INFO - Balance STR:  11.53179191
2017-11-25 17:34:05,310 - INFO - Balance USDT: 40.3118
2017-11-25 17:34:05,313 - DEBUG - agg: [{'_id': None, 'total_bought': 11.5317919059}]
2017-11-25 17:34:05,314 - DEBUG - trade_total[bought]: 11.53179191
2017-11-25 17:34:05,314 - DEBUG - total_bought_str: 11.53179191
2017-11-25 17:34:05,314 - INFO - Total STR Bought: 11.5318
2017-11-25 17:34:05,316 - DEBUG - trade_total[spent]: 0.49875000
2017-11-25 17:34:05,316 - DEBUG - total_spent_usdt: 0.49875000
2017-11-25 17:34:05,316 - INFO - Total USDT Spent: 0.4987
2017-11-25 17:34:05,316 - DEBUG - trade_usdt_remaining: 9.5013
2017-11-25 17:34:05,554 - DEBUG - actual: 0.04325000
2017-11-25 17:34:05,554 - DEBUG - book_tot: 29122.45
2017-11-25 17:34:05,554 - DEBUG - actual: 0.04325000
2017-11-25 17:34:05,555 - DEBUG - book_tot: 29122.45
2017-11-25 17:34:05,556 - DEBUG - calc_limit_price() successful within limits (depth=20).
2017-11-25 17:34:05,556 - DEBUG - Adding fees to calc_limit_price() return value.
2017-11-25 17:34:05,557 - DEBUG - [buy]price_actual[+FEES]: 0.04335812
2017-11-25 17:34:05,557 - DEBUG - diff: -0.005013
2017-11-25 17:34:05,557 - INFO - Price Difference from Base: -0.5013%
2017-11-25 17:34:05,557 - DEBUG - trade_proportion_low: 0.05
2017-11-25 17:34:05,557 - DEBUG - trade_proportion_high: 0.50
2017-11-25 17:34:05,558 - DEBUG - trade_proportion_adj: 0.05
2017-11-25 17:34:05,558 - DEBUG - trade_usdt_remaining: 9.50
2017-11-25 17:34:05,558 - DEBUG - [DYNAMIC]amount: 0.45363111
2017-11-25 17:34:05,826 - DEBUG - actual: 10.00000000
2017-11-25 17:34:05,827 - DEBUG - book_tot: 0.48
2017-11-25 17:34:05,827 - DEBUG - calc_limit_price() successful within limits (depth=20).
2017-11-25 17:34:05,827 - DEBUG - buy_amount_current: 10.00000000
2017-11-25 17:34:05,827 - INFO - Current Buy Amount: 10.0000
2017-11-25 17:34:06,111 - DEBUG - actual: 0.04325000
2017-11-25 17:34:06,111 - DEBUG - book_tot: 29122.45
2017-11-25 17:34:06,111 - DEBUG - actual: 0.04325000
2017-11-25 17:34:06,111 - DEBUG - book_tot: 29122.45
2017-11-25 17:34:06,111 - DEBUG - calc_limit_price() successful within limits (depth=20).
2017-11-25 17:34:06,111 - DEBUG - Adding fees to calc_limit_price() return value.
2017-11-25 17:34:06,112 - DEBUG - [buy]price_actual[+FEES]: 0.04335812
2017-11-25 17:34:06,112 - DEBUG - low_ask_actual: 0.04335812
2017-11-25 17:34:06,112 - INFO - Low Ask (Actual): 0.0434
2017-11-25 17:34:06,119 - DEBUG - agg: [{'_id': None, 'total_bought': 11.5317919059}]
2017-11-25 17:34:06,120 - DEBUG - trade_total[bought]: 11.53179191
2017-11-25 17:34:06,120 - DEBUG - sell_amount_current: 11.53179191
2017-11-25 17:34:06,120 - INFO - Current Sell Amount: 11.5318
2017-11-25 17:34:06,348 - DEBUG - actual: 0.04300804
2017-11-25 17:34:06,349 - DEBUG - book_tot: 121969.21
2017-11-25 17:34:06,349 - DEBUG - actual: 0.04300804
2017-11-25 17:34:06,349 - DEBUG - book_tot: 121969.21
2017-11-25 17:34:06,349 - DEBUG - calc_limit_price() successful within limits (depth=20).
2017-11-25 17:34:06,349 - DEBUG - Adding fees to calc_limit_price() return value.
2017-11-25 17:34:06,350 - DEBUG - [sell]price_actual[+FEES]: 0.04290052
2017-11-25 17:34:06,350 - DEBUG - high_bid_actual: 0.04290052
2017-11-25 17:34:06,351 - INFO - High Bid (Actual): 0.0429
2017-11-25 17:34:06,351 - DEBUG - sell_price_target: 0.04552062
2017-11-25 17:34:06,351 - INFO - Sell Target: 0.0455
2017-11-25 17:34:06,351 - DEBUG - diff: -0.002500
2017-11-25 17:34:06,351 - INFO - Price Difference from Base: -0.2500%
2017-11-25 17:34:06,352 - DEBUG - Calculating loop time.
2017-11-25 17:34:06,352 - DEBUG - diff <= 0
2017-11-25 17:34:06,352 - DEBUG - lt: 30.00
2017-11-25 17:34:06,352 - INFO - Trade loop complete. Sleeping for 30.00 seconds.
2017-11-25 17:34:06,352 - DEBUG - ----[LOOP END]----
2017-11-25 17:34:36,377 - DEBUG - ----[LOOP START]----
2017-11-25 17:34:36,378 - DEBUG - Entering base_price calculation.
2017-11-25 17:34:36,379 - DEBUG - db[coll_current].count(): 1
2017-11-25 17:34:36,382 - DEBUG - trade_total[spent]: 0.49875000
2017-11-25 17:34:36,383 - DEBUG - agg: [{'_id': None, 'total_bought': 11.5317919059}]
2017-11-25 17:34:36,383 - DEBUG - trade_total[bought]: 11.53179191
2017-11-25 17:34:36,383 - DEBUG - rate_avg: 0.04325000
2017-11-25 17:34:36,384 - DEBUG - base_price: 0.04325000
2017-11-25 17:34:36,384 - INFO - Base Price: 0.0432
2017-11-25 17:34:36,384 - DEBUG - base_price_target: 0.04314187
2017-11-25 17:34:36,384 - INFO - Base Price Target: 0.0431
2017-11-25 17:34:36,601 - INFO - Balance STR:  11.53179191
2017-11-25 17:34:36,601 - INFO - Balance USDT: 40.3118
2017-11-25 17:34:36,603 - DEBUG - agg: [{'_id': None, 'total_bought': 11.5317919059}]
2017-11-25 17:34:36,604 - DEBUG - trade_total[bought]: 11.53179191
2017-11-25 17:34:36,604 - DEBUG - total_bought_str: 11.53179191
2017-11-25 17:34:36,604 - INFO - Total STR Bought: 11.5318
2017-11-25 17:34:36,605 - DEBUG - trade_total[spent]: 0.49875000
2017-11-25 17:34:36,606 - DEBUG - total_spent_usdt: 0.49875000
2017-11-25 17:34:36,606 - INFO - Total USDT Spent: 0.4987
2017-11-25 17:34:36,606 - DEBUG - trade_usdt_remaining: 9.5013
2017-11-25 17:34:36,740 - DEBUG - actual: 0.04354000
2017-11-25 17:34:36,741 - DEBUG - book_tot: 6.99
2017-11-25 17:34:36,741 - DEBUG - actual: 0.04354000
2017-11-25 17:34:36,741 - DEBUG - book_tot: 6.99
2017-11-25 17:34:36,742 - DEBUG - calc_limit_price() successful within limits (depth=20).
2017-11-25 17:34:36,742 - DEBUG - Adding fees to calc_limit_price() return value.
2017-11-25 17:34:36,743 - DEBUG - [buy]price_actual[+FEES]: 0.04364885
2017-11-25 17:34:36,743 - DEBUG - diff: -0.011751
2017-11-25 17:34:36,743 - INFO - Price Difference from Base: -1.1751%
2017-11-25 17:34:36,744 - DEBUG - trade_proportion_low: 0.05
2017-11-25 17:34:36,744 - DEBUG - trade_proportion_high: 0.50
2017-11-25 17:34:36,745 - DEBUG - trade_proportion_adj: 0.04
2017-11-25 17:34:36,745 - DEBUG - trade_usdt_remaining: 9.50
2017-11-25 17:34:36,746 - DEBUG - [DYNAMIC]amount: 0.42481890
2017-11-25 17:34:36,876 - DEBUG - actual: 8.99111749
2017-11-25 17:34:36,876 - DEBUG - book_tot: 0.44
2017-11-25 17:34:36,881 - DEBUG - calc_limit_price() successful within limits (depth=20).
2017-11-25 17:34:36,882 - DEBUG - buy_amount_current: 8.99111749
2017-11-25 17:34:36,882 - INFO - Current Buy Amount: 8.9911
2017-11-25 17:34:37,050 - DEBUG - actual: 0.04354954
2017-11-25 17:34:37,050 - DEBUG - book_tot: 76.43
2017-11-25 17:34:37,050 - DEBUG - actual: 0.04354954
2017-11-25 17:34:37,053 - DEBUG - book_tot: 76.43
2017-11-25 17:34:37,054 - DEBUG - calc_limit_price() successful within limits (depth=20).
2017-11-25 17:34:37,056 - DEBUG - Adding fees to calc_limit_price() return value.
2017-11-25 17:34:37,056 - DEBUG - [buy]price_actual[+FEES]: 0.04365841
2017-11-25 17:34:37,058 - DEBUG - low_ask_actual: 0.04365841
2017-11-25 17:34:37,058 - INFO - Low Ask (Actual): 0.0437
2017-11-25 17:34:37,065 - DEBUG - agg: [{'_id': None, 'total_bought': 11.5317919059}]
2017-11-25 17:34:37,065 - DEBUG - trade_total[bought]: 11.53179191
2017-11-25 17:34:37,066 - DEBUG - sell_amount_current: 11.53179191
2017-11-25 17:34:37,066 - INFO - Current Sell Amount: 11.5318
2017-11-25 17:34:37,339 - DEBUG - actual: 0.04325007
2017-11-25 17:34:37,340 - DEBUG - book_tot: 9734.15
2017-11-25 17:34:37,340 - DEBUG - actual: 0.04325007
2017-11-25 17:34:37,341 - DEBUG - book_tot: 9734.15
2017-11-25 17:34:37,347 - DEBUG - calc_limit_price() successful within limits (depth=20).
2017-11-25 17:34:37,348 - DEBUG - Adding fees to calc_limit_price() return value.
2017-11-25 17:34:37,348 - DEBUG - [sell]price_actual[+FEES]: 0.04314194
2017-11-25 17:34:37,349 - DEBUG - high_bid_actual: 0.04314194
2017-11-25 17:34:37,350 - INFO - High Bid (Actual): 0.0431
2017-11-25 17:34:37,351 - DEBUG - sell_price_target: 0.04552062
2017-11-25 17:34:37,351 - INFO - Sell Target: 0.0455
2017-11-25 17:34:37,351 - DEBUG - diff: -0.009443
2017-11-25 17:34:37,352 - INFO - Price Difference from Base: -0.9443%
2017-11-25 17:34:37,352 - DEBUG - Calculating loop time.
2017-11-25 17:34:37,352 - DEBUG - diff <= 0
2017-11-25 17:34:37,353 - DEBUG - lt: 30.00
2017-11-25 17:34:37,353 - INFO - Trade loop complete. Sleeping for 30.00 seconds.
2017-11-25 17:34:37,353 - DEBUG - ----[LOOP END]----
2017-11-25 17:34:46,823 - INFO - Exit signal received.
2017-11-25 17:34:46,828 - INFO - Mongo write errors: 0
2017-11-25 17:34:46,828 - INFO - Buy trades skipped: 0
2017-11-25 17:34:46,828 - INFO - Sell trades skipped: 0
2017-11-25 17:34:46,828 - INFO - CSV write errors: 0
