2017-11-25 16:09:05,841 - DEBUG - Parsing arguments.
2017-11-25 16:09:05,843 - DEBUG - Activated debug logging.
2017-11-25 16:09:05,844 - DEBUG - clean_collections: False
2017-11-25 16:09:05,844 - DEBUG - trade_amount: 1.00
2017-11-25 16:09:05,844 - DEBUG - amount_dynamic: True
2017-11-25 16:09:05,844 - DEBUG - trade_proportion_initial: 0.05
2017-11-25 16:09:05,844 - DEBUG - trade_usdt_max: 1.00
2017-11-25 16:09:05,844 - DEBUG - profit_threshold: 0.05
2017-11-25 16:09:05,844 - DEBUG - loop_time: 20
2017-11-25 16:09:05,845 - DEBUG - loop_dynamic: True
2017-11-25 16:09:05,845 - DEBUG - live_trading: True
2017-11-25 16:09:05,845 - DEBUG - csv_logging: True
2017-11-25 16:09:05,845 - DEBUG - telegram_active: True
2017-11-25 16:09:05,845 - DEBUG - mongo_alt: False
2017-11-25 16:09:05,846 - INFO - Dynamic loop time calculation activated. Base loop time set to 20 seconds.
2017-11-25 16:09:05,846 - INFO - CSV log file path: logs/lorenzbot_log_11252017-160905.csv
2017-11-25 16:09:05,851 - INFO - Using default MongoDB database 'lorenzbot'.
2017-11-25 16:09:05,862 - INFO - No collections found in database. Creating new...
2017-11-25 16:09:06,259 - INFO - Created new collection: 11252017_160905
2017-11-25 16:09:06,260 - INFO - Found Telegram config file.
2017-11-25 16:09:06,279 - DEBUG - telegram_token: 411687950:AAFOIzovAmjDoy_0qJeBfdtzTFkM74BI0Fs
2017-11-25 16:09:06,285 - INFO - Found Poloniex config file.
2017-11-25 16:09:06,309 - WARNING - Live trading ENABLED.
2017-11-25 16:09:06,719 - INFO - Current Maker Fee: 0.0015
2017-11-25 16:09:06,720 - INFO - Current Taker Fee: 0.0025
2017-11-25 16:09:06,862 - INFO - Balance STR:  3.10
2017-11-25 16:09:06,863 - INFO - Balance USDT: 40.68
2017-11-25 16:09:06,864 - INFO - Collection empty. Setting tradable balance remaining to allowed maximum.
2017-11-25 16:09:06,864 - DEBUG - trade_usdt_remaining: 1.00
2017-11-25 16:09:06,864 - INFO - Tradable USDT Remaining: 1.00
2017-11-25 16:09:06,864 - DEBUG - ----[LOOP START]----
2017-11-25 16:09:06,864 - DEBUG - Entering base_price calculation.
2017-11-25 16:09:06,865 - DEBUG - MongoDB collection length: 0
2017-11-25 16:09:06,865 - DEBUG - trade_prop: 0.05000000
2017-11-25 16:09:07,120 - DEBUG - actual: 1.00000000
2017-11-25 16:09:07,121 - DEBUG - book_tot: 0.09
2017-11-25 16:09:07,121 - DEBUG - calc_limit_price() successful within limits (depth=20).
2017-11-25 16:09:07,121 - DEBUG - trade_amount_initial[CALC]: 1.00
2017-11-25 16:09:07,121 - INFO - No trade log found. Making entry buy.
2017-11-25 16:09:07,121 - INFO - Entry trade amount: 1.00000000
2017-11-25 16:09:07,349 - DEBUG - actual: 0.04383999
2017-11-25 16:09:07,349 - DEBUG - book_tot: 852.66
2017-11-25 16:09:07,349 - DEBUG - actual: 0.04383999
2017-11-25 16:09:07,349 - DEBUG - book_tot: 852.66
2017-11-25 16:09:07,350 - DEBUG - calc_limit_price() successful within limits (depth=20).
2017-11-25 16:09:07,350 - DEBUG - limit_price: 0.04383999
2017-11-25 16:09:07,765 - DEBUG - [BUY] trade_response: {'orderNumber': '39815070200', 'resultingTrades': [{'amount': '1.00000000', 'date': '2017-11-25 22:09:06', 'rate': '0.04383999', 'total': '0.04383999', 'tradeID': '1786587', 'type': 'buy'}], 'amountUnfilled': '0.00000000'}
2017-11-25 16:09:08,047 - DEBUG - returnOrderTrades: [{'globalTradeID': 269477897, 'tradeID': 1786587, 'currencyPair': 'USDT_STR', 'type': 'buy', 'rate': '0.04383999', 'amount': '1.00000000', 'total': '0.04383999', 'fee': '0.00250000', 'date': '2017-11-25 22:09:06'}]
2017-11-25 16:09:08,047 - DEBUG - trade_date: 2017-11-25 22:09:06
2017-11-25 16:09:08,047 - DEBUG - len(order_trades): 1
2017-11-25 16:09:08,047 - DEBUG - len(order_list): 1
2017-11-25 16:09:08,048 - DEBUG - order_list: [[Decimal('0.9975000000000000'), Decimal('0.04383999')]]
2017-11-25 16:09:08,048 - DEBUG - rate_calc_total:    0.04373039
2017-11-25 16:09:08,048 - DEBUG - amount_total:       0.99750000
2017-11-25 16:09:08,048 - DEBUG - order_average_rate: 0.04383999
2017-11-25 16:09:08,049 - DEBUG - Calc. Error Margin: 0.00
2017-11-25 16:09:08,049 - DEBUG - [BUY] order_details: {'date': '2017-11-25 22:09:06', 'amount': Decimal('0.9975000000000000'), 'rate': Decimal('0.04383999')}
2017-11-25 16:09:08,053 - DEBUG - [BUY] mongo_response: <pymongo.results.InsertOneResult object at 0x102533f08>
2017-11-25 16:09:08,053 - DEBUG - Entering base_price calculation.
2017-11-25 16:09:08,054 - DEBUG - MongoDB collection length: 1
2017-11-25 16:09:08,056 - DEBUG - trade_total[spent]: 0.04373039
2017-11-25 16:09:08,061 - DEBUG - agg: [{'_id': None, 'total_bought': 0.9975}]
2017-11-25 16:09:08,061 - DEBUG - trade_total[bought]: 0.99750000
2017-11-25 16:09:08,061 - DEBUG - rate_avg: 0.04383999
2017-11-25 16:09:08,062 - DEBUG - csv_list: ['2017-11-25 22:09:06', 'buy', '0.99750000', '0.04383999', '0.00000000', '0.04383999']
2017-11-25 16:09:08,062 - INFO - Logging trade details to csv file.
2017-11-25 16:09:08,082 - DEBUG - trade_message: Bought 0.9975 @ 0.0438
2017-11-25 16:09:08,084 - DEBUG - No Telegram users connected. Skipping alert.
2017-11-25 16:09:08,085 - DEBUG - MongoDB collection length: 1
2017-11-25 16:09:08,087 - DEBUG - trade_total[spent]: 0.04373039
2017-11-25 16:09:08,094 - DEBUG - agg: [{'_id': None, 'total_bought': 0.9975}]
2017-11-25 16:09:08,095 - DEBUG - trade_total[bought]: 0.99750000
2017-11-25 16:09:08,095 - DEBUG - rate_avg: 0.04383999
2017-11-25 16:09:08,095 - DEBUG - base_price: 0.04383999
2017-11-25 16:09:08,095 - INFO - Base Price: 0.04383999
2017-11-25 16:09:08,095 - DEBUG - base_price_target: 0.04373039
2017-11-25 16:09:08,096 - INFO - Base Price Target: 0.04373039
2017-11-25 16:09:08,364 - INFO - Balance STR:  4.09730000
2017-11-25 16:09:08,364 - INFO - Balance USDT: 40.64
2017-11-25 16:09:08,366 - DEBUG - agg: [{'_id': None, 'total_bought': 0.9975}]
2017-11-25 16:09:08,366 - DEBUG - trade_total[bought]: 0.99750000
2017-11-25 16:09:08,366 - DEBUG - total_bought_str: 0.99750000
2017-11-25 16:09:08,366 - INFO - Total STR Bought: 0.99750000
2017-11-25 16:09:08,368 - DEBUG - trade_total[spent]: 0.04373039
2017-11-25 16:09:08,368 - DEBUG - total_spent_usdt: 0.04373039
2017-11-25 16:09:08,368 - INFO - Total USDT Spent: 0.04
2017-11-25 16:09:08,368 - DEBUG - trade_usdt_remaining: 0.96
2017-11-25 16:09:08,598 - DEBUG - actual: 0.04383999
2017-11-25 16:09:08,599 - DEBUG - book_tot: 851.66
2017-11-25 16:09:08,599 - DEBUG - actual: 0.04383999
2017-11-25 16:09:08,599 - DEBUG - book_tot: 851.66
2017-11-25 16:09:08,599 - DEBUG - calc_limit_price() successful within limits (depth=20).
2017-11-25 16:09:08,600 - DEBUG - diff: 0.000000
2017-11-25 16:09:08,600 - INFO - Price Difference from Base: 0.0000%
2017-11-25 16:09:08,600 - DEBUG - trade_proportion_low: 0.05
2017-11-25 16:09:08,600 - DEBUG - trade_proportion_high: 0.50
2017-11-25 16:09:08,600 - DEBUG - trade_proportion_adj: 0.05
2017-11-25 16:09:08,600 - DEBUG - trade_usdt_remaining: 0.96
2017-11-25 16:09:08,601 - DEBUG - [DYNAMIC]amount: 0.04781348
2017-11-25 16:09:08,813 - DEBUG - actual: 1.00000000
2017-11-25 16:09:08,814 - DEBUG - book_tot: 0.09
2017-11-25 16:09:08,814 - DEBUG - calc_limit_price() successful within limits (depth=20).
2017-11-25 16:09:08,814 - DEBUG - buy_amount_current: 1.00000000
2017-11-25 16:09:08,814 - INFO - Current Buy Amount: 1.00
2017-11-25 16:09:09,039 - DEBUG - actual: 0.04383999
2017-11-25 16:09:09,040 - DEBUG - book_tot: 851.66
2017-11-25 16:09:09,041 - DEBUG - actual: 0.04383999
2017-11-25 16:09:09,041 - DEBUG - book_tot: 851.66
2017-11-25 16:09:09,042 - DEBUG - calc_limit_price() successful within limits (depth=20).
2017-11-25 16:09:09,042 - DEBUG - Adding fees to calc_limit_price() return value.
2017-11-25 16:09:09,042 - DEBUG - [buy]price_actual[+FEES]: 0.04394959
2017-11-25 16:09:09,042 - DEBUG - low_ask_actual: 0.04394959
2017-11-25 16:09:09,042 - INFO - Low Ask (Actual): 0.04394959
2017-11-25 16:09:09,044 - DEBUG - agg: [{'_id': None, 'total_bought': 0.9975}]
2017-11-25 16:09:09,044 - DEBUG - trade_total[bought]: 0.99750000
2017-11-25 16:09:09,044 - DEBUG - sell_amount_current: 0.99750000
2017-11-25 16:09:09,045 - INFO - Current Sell Amount: 1.00
2017-11-25 16:09:09,285 - DEBUG - actual: 0.04383001
2017-11-25 16:09:09,285 - DEBUG - book_tot: 16928.95
2017-11-25 16:09:09,287 - DEBUG - actual: 0.04383001
2017-11-25 16:09:09,287 - DEBUG - book_tot: 16928.95
2017-11-25 16:09:09,287 - DEBUG - calc_limit_price() successful within limits (depth=20).
2017-11-25 16:09:09,287 - DEBUG - Adding fees to calc_limit_price() return value.
2017-11-25 16:09:09,287 - DEBUG - [sell]price_actual[+FEES]: 0.04372043
2017-11-25 16:09:09,288 - DEBUG - high_bid_actual: 0.04372043
2017-11-25 16:09:09,288 - INFO - High Bid (Actual): 0.04372043
2017-11-25 16:09:09,288 - DEBUG - sell_price_target:    0.04614159
2017-11-25 16:09:09,288 - INFO - Sell Target: 0.04614159
2017-11-25 16:09:09,288 - DEBUG - diff: -0.002500
2017-11-25 16:09:09,289 - INFO - Price Difference from Base: -0.2500%
2017-11-25 16:09:09,289 - DEBUG - Calculating loop time.
2017-11-25 16:09:09,289 - DEBUG - diff <= 0
2017-11-25 16:09:09,289 - DEBUG - lt: 20.00
2017-11-25 16:09:09,289 - INFO - Trade loop complete. Sleeping for 20.00 seconds.
2017-11-25 16:09:09,289 - DEBUG - ----[LOOP END]----
2017-11-25 16:09:29,289 - DEBUG - ----[LOOP START]----
2017-11-25 16:09:29,290 - DEBUG - Entering base_price calculation.
2017-11-25 16:09:29,291 - DEBUG - MongoDB collection length: 1
2017-11-25 16:09:29,292 - DEBUG - trade_total[spent]: 0.04373039
2017-11-25 16:09:29,294 - DEBUG - agg: [{'_id': None, 'total_bought': 0.9975}]
2017-11-25 16:09:29,294 - DEBUG - trade_total[bought]: 0.99750000
2017-11-25 16:09:29,294 - DEBUG - rate_avg: 0.04383999
2017-11-25 16:09:29,294 - DEBUG - base_price: 0.04383999
2017-11-25 16:09:29,294 - INFO - Base Price: 0.04383999
2017-11-25 16:09:29,295 - DEBUG - base_price_target: 0.04373039
2017-11-25 16:09:29,295 - INFO - Base Price Target: 0.04373039
2017-11-25 16:09:29,533 - INFO - Balance STR:  4.09730000
2017-11-25 16:09:29,533 - INFO - Balance USDT: 40.64
2017-11-25 16:09:29,536 - DEBUG - agg: [{'_id': None, 'total_bought': 0.9975}]
2017-11-25 16:09:29,536 - DEBUG - trade_total[bought]: 0.99750000
2017-11-25 16:09:29,537 - DEBUG - total_bought_str: 0.99750000
2017-11-25 16:09:29,537 - INFO - Total STR Bought: 0.99750000
2017-11-25 16:09:29,540 - DEBUG - trade_total[spent]: 0.04373039
2017-11-25 16:09:29,540 - DEBUG - total_spent_usdt: 0.04373039
2017-11-25 16:09:29,540 - INFO - Total USDT Spent: 0.04
2017-11-25 16:09:29,541 - DEBUG - trade_usdt_remaining: 0.96
2017-11-25 16:09:29,774 - DEBUG - actual: 0.04383999
2017-11-25 16:09:29,775 - DEBUG - book_tot: 376.06
2017-11-25 16:09:29,775 - DEBUG - actual: 0.04383999
2017-11-25 16:09:29,776 - DEBUG - book_tot: 376.06
2017-11-25 16:09:29,776 - DEBUG - calc_limit_price() successful within limits (depth=20).
2017-11-25 16:09:29,777 - DEBUG - diff: 0.000000
2017-11-25 16:09:29,777 - INFO - Price Difference from Base: 0.0000%
2017-11-25 16:09:29,777 - DEBUG - trade_proportion_low: 0.05
2017-11-25 16:09:29,778 - DEBUG - trade_proportion_high: 0.50
2017-11-25 16:09:29,778 - DEBUG - trade_proportion_adj: 0.05
2017-11-25 16:09:29,778 - DEBUG - trade_usdt_remaining: 0.96
2017-11-25 16:09:29,779 - DEBUG - [DYNAMIC]amount: 0.04781348
2017-11-25 16:09:30,004 - DEBUG - actual: 1.00000000
2017-11-25 16:09:30,004 - DEBUG - book_tot: 0.09
2017-11-25 16:09:30,005 - DEBUG - calc_limit_price() successful within limits (depth=20).
2017-11-25 16:09:30,005 - DEBUG - buy_amount_current: 1.00000000
2017-11-25 16:09:30,005 - INFO - Current Buy Amount: 1.00
2017-11-25 16:09:30,151 - DEBUG - actual: 0.04383999
2017-11-25 16:09:30,151 - DEBUG - book_tot: 376.06
2017-11-25 16:09:30,151 - DEBUG - actual: 0.04383999
2017-11-25 16:09:30,152 - DEBUG - book_tot: 376.06
2017-11-25 16:09:30,152 - DEBUG - calc_limit_price() successful within limits (depth=20).
2017-11-25 16:09:30,152 - DEBUG - Adding fees to calc_limit_price() return value.
2017-11-25 16:09:30,152 - DEBUG - [buy]price_actual[+FEES]: 0.04394959
2017-11-25 16:09:30,152 - DEBUG - low_ask_actual: 0.04394959
2017-11-25 16:09:30,153 - INFO - Low Ask (Actual): 0.04394959
2017-11-25 16:09:30,155 - DEBUG - agg: [{'_id': None, 'total_bought': 0.9975}]
2017-11-25 16:09:30,155 - DEBUG - trade_total[bought]: 0.99750000
2017-11-25 16:09:30,155 - DEBUG - sell_amount_current: 0.99750000
2017-11-25 16:09:30,157 - INFO - Current Sell Amount: 1.00
2017-11-25 16:09:30,378 - DEBUG - actual: 0.04383001
2017-11-25 16:09:30,379 - DEBUG - book_tot: 16209.25
2017-11-25 16:09:30,379 - DEBUG - actual: 0.04383001
2017-11-25 16:09:30,379 - DEBUG - book_tot: 16209.25
2017-11-25 16:09:30,379 - DEBUG - calc_limit_price() successful within limits (depth=20).
2017-11-25 16:09:30,380 - DEBUG - Adding fees to calc_limit_price() return value.
2017-11-25 16:09:30,380 - DEBUG - [sell]price_actual[+FEES]: 0.04372043
2017-11-25 16:09:30,380 - DEBUG - high_bid_actual: 0.04372043
2017-11-25 16:09:30,380 - INFO - High Bid (Actual): 0.04372043
2017-11-25 16:09:30,380 - DEBUG - sell_price_target:    0.04614159
2017-11-25 16:09:30,380 - INFO - Sell Target: 0.04614159
2017-11-25 16:09:30,381 - DEBUG - diff: -0.002500
2017-11-25 16:09:30,381 - INFO - Price Difference from Base: -0.2500%
2017-11-25 16:09:30,381 - DEBUG - Calculating loop time.
2017-11-25 16:09:30,381 - DEBUG - diff <= 0
2017-11-25 16:09:30,381 - DEBUG - lt: 20.00
2017-11-25 16:09:30,381 - INFO - Trade loop complete. Sleeping for 20.00 seconds.
2017-11-25 16:09:30,382 - DEBUG - ----[LOOP END]----
2017-11-25 16:09:50,385 - DEBUG - ----[LOOP START]----
2017-11-25 16:09:50,386 - DEBUG - Entering base_price calculation.
2017-11-25 16:09:50,387 - DEBUG - MongoDB collection length: 1
2017-11-25 16:09:50,389 - DEBUG - trade_total[spent]: 0.04373039
2017-11-25 16:09:50,390 - DEBUG - agg: [{'_id': None, 'total_bought': 0.9975}]
2017-11-25 16:09:50,390 - DEBUG - trade_total[bought]: 0.99750000
2017-11-25 16:09:50,390 - DEBUG - rate_avg: 0.04383999
2017-11-25 16:09:50,391 - DEBUG - base_price: 0.04383999
2017-11-25 16:09:50,391 - INFO - Base Price: 0.04383999
2017-11-25 16:09:50,391 - DEBUG - base_price_target: 0.04373039
2017-11-25 16:09:50,391 - INFO - Base Price Target: 0.04373039
2017-11-25 16:09:50,709 - INFO - Balance STR:  4.09730000
2017-11-25 16:09:50,710 - INFO - Balance USDT: 40.64
2017-11-25 16:09:50,711 - DEBUG - agg: [{'_id': None, 'total_bought': 0.9975}]
2017-11-25 16:09:50,712 - DEBUG - trade_total[bought]: 0.99750000
2017-11-25 16:09:50,712 - DEBUG - total_bought_str: 0.99750000
2017-11-25 16:09:50,712 - INFO - Total STR Bought: 0.99750000
2017-11-25 16:09:50,714 - DEBUG - trade_total[spent]: 0.04373039
2017-11-25 16:09:50,715 - DEBUG - total_spent_usdt: 0.04373039
2017-11-25 16:09:50,715 - INFO - Total USDT Spent: 0.04
2017-11-25 16:09:50,715 - DEBUG - trade_usdt_remaining: 0.96
2017-11-25 16:09:50,927 - DEBUG - actual: 0.04384000
2017-11-25 16:09:50,928 - DEBUG - book_tot: 190771.92
2017-11-25 16:09:50,928 - DEBUG - actual: 0.04384000
2017-11-25 16:09:50,928 - DEBUG - book_tot: 190771.92
2017-11-25 16:09:50,928 - DEBUG - calc_limit_price() successful within limits (depth=20).
2017-11-25 16:09:50,928 - DEBUG - diff: -0.000000
2017-11-25 16:09:50,929 - INFO - Price Difference from Base: -0.0000%
2017-11-25 16:09:50,929 - DEBUG - trade_proportion_low: 0.05
2017-11-25 16:09:50,929 - DEBUG - trade_proportion_high: 0.50
2017-11-25 16:09:50,929 - DEBUG - trade_proportion_adj: 0.05
2017-11-25 16:09:50,929 - DEBUG - trade_usdt_remaining: 0.96
2017-11-25 16:09:50,930 - DEBUG - [DYNAMIC]amount: 0.04781338
2017-11-25 16:09:51,139 - DEBUG - actual: 1.00000000
2017-11-25 16:09:51,140 - DEBUG - book_tot: 0.09
2017-11-25 16:09:51,140 - DEBUG - calc_limit_price() successful within limits (depth=20).
2017-11-25 16:09:51,140 - DEBUG - buy_amount_current: 1.00000000
2017-11-25 16:09:51,140 - INFO - Current Buy Amount: 1.00
2017-11-25 16:09:51,344 - DEBUG - actual: 0.04384000
2017-11-25 16:09:51,344 - DEBUG - book_tot: 190771.92
2017-11-25 16:09:51,344 - DEBUG - actual: 0.04384000
2017-11-25 16:09:51,344 - DEBUG - book_tot: 190771.92
2017-11-25 16:09:51,344 - DEBUG - calc_limit_price() successful within limits (depth=20).
2017-11-25 16:09:51,345 - DEBUG - Adding fees to calc_limit_price() return value.
2017-11-25 16:09:51,345 - DEBUG - [buy]price_actual[+FEES]: 0.04394960
2017-11-25 16:09:51,345 - DEBUG - low_ask_actual: 0.04394960
2017-11-25 16:09:51,345 - INFO - Low Ask (Actual): 0.04394960
2017-11-25 16:09:51,347 - DEBUG - agg: [{'_id': None, 'total_bought': 0.9975}]
2017-11-25 16:09:51,347 - DEBUG - trade_total[bought]: 0.99750000
2017-11-25 16:09:51,347 - DEBUG - sell_amount_current: 0.99750000
2017-11-25 16:09:51,348 - INFO - Current Sell Amount: 1.00
2017-11-25 16:09:51,572 - DEBUG - actual: 0.04383001
2017-11-25 16:09:51,572 - DEBUG - book_tot: 15284.23
2017-11-25 16:09:51,572 - DEBUG - actual: 0.04383001
2017-11-25 16:09:51,573 - DEBUG - book_tot: 15284.23
2017-11-25 16:09:51,573 - DEBUG - calc_limit_price() successful within limits (depth=20).
2017-11-25 16:09:51,573 - DEBUG - Adding fees to calc_limit_price() return value.
2017-11-25 16:09:51,573 - DEBUG - [sell]price_actual[+FEES]: 0.04372043
2017-11-25 16:09:51,573 - DEBUG - high_bid_actual: 0.04372043
2017-11-25 16:09:51,574 - INFO - High Bid (Actual): 0.04372043
2017-11-25 16:09:51,574 - DEBUG - sell_price_target:    0.04614159
2017-11-25 16:09:51,574 - INFO - Sell Target: 0.04614159
2017-11-25 16:09:51,574 - DEBUG - diff: -0.002500
2017-11-25 16:09:51,574 - INFO - Price Difference from Base: -0.2500%
2017-11-25 16:09:51,574 - DEBUG - Calculating loop time.
2017-11-25 16:09:51,574 - DEBUG - diff <= 0
2017-11-25 16:09:51,575 - DEBUG - lt: 20.00
2017-11-25 16:09:51,575 - INFO - Trade loop complete. Sleeping for 20.00 seconds.
2017-11-25 16:09:51,575 - DEBUG - ----[LOOP END]----
2017-11-25 16:10:10,142 - INFO - Exit signal received.
2017-11-25 16:10:10,142 - INFO - Mongo write errors: 0
2017-11-25 16:10:10,142 - INFO - CSV write errors: 0
