2017-11-25 17:33:44,672 - DEBUG - Parsing arguments.
2017-11-25 17:33:44,673 - DEBUG - Activated debug logging.
2017-11-25 17:33:44,673 - DEBUG - clean_collections: True
2017-11-25 17:33:44,673 - DEBUG - trade_amount: 1.00
2017-11-25 17:33:44,673 - DEBUG - amount_dynamic: True
2017-11-25 17:33:44,673 - DEBUG - trade_proportion_initial: 0.05
2017-11-25 17:33:44,674 - DEBUG - trade_usdt_max: 10.00
2017-11-25 17:33:44,674 - DEBUG - profit_threshold: 0.05
2017-11-25 17:33:44,674 - DEBUG - loop_time: 30
2017-11-25 17:33:44,674 - DEBUG - loop_dynamic: True
2017-11-25 17:33:44,674 - DEBUG - live_trading: True
2017-11-25 17:33:44,674 - DEBUG - csv_logging: True
2017-11-25 17:33:44,674 - DEBUG - telegram_active: True
2017-11-25 17:33:44,674 - DEBUG - mongo_alt: False
2017-11-25 17:33:44,678 - INFO - Using default MongoDB database 'lorenzbot'.
2017-11-25 17:33:44,679 - WARNING - Option to delete all existing collections selected.
2017-11-25 17:33:50,873 - INFO - Confirmed. Deleting all collections
2017-11-25 17:33:50,873 - INFO - Dropping all collections from database.
2017-11-25 17:33:50,880 - DEBUG - Dropped collection: 11252017_173006
2017-11-25 17:33:50,880 - INFO - Process complete. Restart program without boolean switch.
