2017-11-26 21:09:16,631 - DEBUG - Parsing arguments.
2017-11-26 21:09:16,632 - DEBUG - Activated debug logging.
2017-11-26 21:09:16,632 - DEBUG - clean_logs: True
2017-11-26 21:09:16,632 - DEBUG - trade_amount: 1.00
2017-11-26 21:09:16,633 - DEBUG - amount_dynamic: True
2017-11-26 21:09:16,633 - DEBUG - trade_proportion_initial: 0.05
2017-11-26 21:09:16,633 - DEBUG - trade_usdt_max: 1.00
2017-11-26 21:09:16,634 - DEBUG - profit_threshold: 0.05
2017-11-26 21:09:16,634 - DEBUG - loop_time: 20
2017-11-26 21:09:16,634 - DEBUG - loop_dynamic: True
2017-11-26 21:09:16,634 - DEBUG - live_trading: True
2017-11-26 21:09:16,634 - DEBUG - csv_logging: True
2017-11-26 21:09:16,634 - DEBUG - telegram_active: True
2017-11-26 21:09:16,635 - DEBUG - mongo_alt: False
2017-11-26 21:09:16,663 - INFO - MongoDB running.
2017-11-26 21:09:16,666 - INFO - Using default MongoDB database "lorenzbot".
2017-11-26 21:09:16,666 - WARNING - Selected option to delete existing collections and archive current csv trade log.
2017-11-26 21:09:20,091 - INFO - Confirmed. Deleting all collections and csv trade log.
2017-11-26 21:09:20,092 - INFO - Dropping all collections from database.
2017-11-26 21:09:20,101 - DEBUG - Dropped collection: 11262017_210814
2017-11-26 21:09:20,102 - INFO - Process complete. Restart program without boolean switch.
2017-11-26 21:09:20,102 - INFO - Archiving old csv trade log.
