2017-11-26 18:38:40,405 - DEBUG - Parsing arguments.
2017-11-26 18:38:40,406 - DEBUG - Activated debug logging.
2017-11-26 18:38:40,406 - DEBUG - clean_collections: False
2017-11-26 18:38:40,407 - DEBUG - trade_amount: 1.00
2017-11-26 18:38:40,407 - DEBUG - amount_dynamic: True
2017-11-26 18:38:40,407 - DEBUG - trade_proportion_initial: 0.05
2017-11-26 18:38:40,408 - DEBUG - trade_usdt_max: 1.00
2017-11-26 18:38:40,408 - DEBUG - profit_threshold: 0.05
2017-11-26 18:38:40,408 - DEBUG - loop_time: 20
2017-11-26 18:38:40,408 - DEBUG - loop_dynamic: True
2017-11-26 18:38:40,409 - DEBUG - live_trading: True
2017-11-26 18:38:40,409 - DEBUG - csv_logging: True
2017-11-26 18:38:40,409 - DEBUG - telegram_active: True
2017-11-26 18:38:40,409 - DEBUG - mongo_alt: False
2017-11-26 18:38:40,434 - INFO - MongoDB running.
2017-11-26 18:38:40,434 - INFO - Dynamic trade amount calculation activated.
2017-11-26 18:38:40,434 - INFO - Dynamic loop time calculation activated. Base loop time set to 20 seconds.
2017-11-26 18:38:40,435 - INFO - CSV log file path: logs/lorenzbot_log_11262017-183840.csv
2017-11-26 18:38:40,435 - INFO - Telegram logging active. Send "/connect" to @lorenzbot_bot to receive alerts.
2017-11-26 18:38:40,437 - INFO - Using default MongoDB database "lorenzbot".
2017-11-26 18:38:40,452 - INFO - No collections found in database. Creating new.
2017-11-26 18:38:40,824 - INFO - Created new collection: 11262017_183840
2017-11-26 18:38:40,825 - INFO - Found Telegram config file.
2017-11-26 18:38:40,848 - DEBUG - telegram_token: 411687950:AAFOIzovAmjDoy_0qJeBfdtzTFkM74BI0Fs
2017-11-26 18:38:40,852 - INFO - Found Poloniex config file.
2017-11-26 18:38:40,885 - WARNING - Live trading ENABLED.
2017-11-26 18:38:43,789 - INFO - Current Maker Fee: 0.1500%
2017-11-26 18:38:43,789 - INFO - Current Taker Fee: 0.2500%
2017-11-26 18:38:44,195 - INFO - Balance STR:  12.1319
2017-11-26 18:38:44,196 - INFO - Balance USDT: 21.2716
2017-11-26 18:38:44,197 - INFO - Collection empty. Setting tradable balance remaining to allowed maximum.
2017-11-26 18:38:44,197 - DEBUG - trade_usdt_remaining: 1.00
2017-11-26 18:38:44,198 - INFO - Tradable USDT Remaining: 1.00
2017-11-26 18:38:44,198 - DEBUG - ----[LOOP START]----
2017-11-26 18:38:44,198 - DEBUG - Entering base_price calculation.
2017-11-26 18:38:44,199 - DEBUG - db[coll_current].count(): 0
2017-11-26 18:38:44,201 - INFO - No trade log found. Making entry buy.
2017-11-26 18:38:44,201 - DEBUG - trade_amount[CALC]: 1.02
2017-11-26 18:38:44,438 - DEBUG - Regular lookup (price) in calc_limit_price().
2017-11-26 18:38:44,438 - DEBUG - actual: 0.04898987
2017-11-26 18:38:44,438 - DEBUG - book_tot: 149487.39
2017-11-26 18:38:44,438 - DEBUG - actual: 0.04898987
2017-11-26 18:38:44,439 - DEBUG - book_tot: 149487.39
2017-11-26 18:38:44,439 - DEBUG - calc_limit_price() successful within limits (depth=40).
2017-11-26 18:38:44,439 - DEBUG - trade_price_initial[CALC]: 0.05
2017-11-26 18:38:44,439 - INFO - Entry trade amount: 1.0206
2017-11-26 18:38:44,440 - DEBUG - trade_price_initial: 0.04898987
2017-11-26 18:38:44,785 - DEBUG - [BUY] trade_response: {'orderNumber': '40014951119', 'resultingTrades': [{'amount': '1.02061916', 'date': '2017-11-27 00:38:43', 'rate': '0.04898987', 'total': '0.04999999', 'tradeID': '1837257', 'type': 'buy'}], 'amountUnfilled': '0.00000000'}
2017-11-26 18:38:44,953 - DEBUG - returnOrderTrades: [{'globalTradeID': 270497289, 'tradeID': 1837257, 'currencyPair': 'USDT_STR', 'type': 'buy', 'rate': '0.04898987', 'amount': '1.02061916', 'total': '0.04999999', 'fee': '0.00250000', 'date': '2017-11-27 00:38:43'}]
2017-11-26 18:38:44,953 - DEBUG - trade_date: 2017-11-27 00:38:43
2017-11-26 18:38:44,954 - DEBUG - len(order_trades): 1
2017-11-26 18:38:44,954 - DEBUG - len(order_list): 1
2017-11-26 18:38:44,956 - DEBUG - order_list: [[Decimal('1.0180676121000000'), Decimal('0.04898987')]]
2017-11-26 18:38:44,956 - DEBUG - rate_calc_total: 0.04987500
2017-11-26 18:38:44,956 - DEBUG - amount_total: 1.01806761
2017-11-26 18:38:44,957 - DEBUG - order_average_rate: 0.04898987
2017-11-26 18:38:44,957 - DEBUG - trade_amount: 1.02061916
2017-11-26 18:38:44,957 - DEBUG - Fees (STR): 0.00255155
2017-11-26 18:38:44,957 - DEBUG - [BUY] order_details: {'date': '2017-11-27 00:38:43', 'amount': Decimal('1.0180676121000000'), 'rate': Decimal('0.04898987')}
2017-11-26 18:38:44,962 - DEBUG - [BUY] mongo_response: <pymongo.results.InsertOneResult object at 0x10216a488>
2017-11-26 18:38:44,962 - INFO - Buy logged to MongoDB database collection 11262017_183840
2017-11-26 18:38:44,963 - DEBUG - Entering base_price calculation.
2017-11-26 18:38:44,964 - DEBUG - db[coll_current].count(): 1
2017-11-26 18:38:44,966 - DEBUG - trade_total[spent]: 0.04987500
2017-11-26 18:38:44,969 - DEBUG - agg: [{'_id': None, 'total_bought': 1.0180676121}]
2017-11-26 18:38:44,969 - DEBUG - trade_total[bought]: 1.01806761
2017-11-26 18:38:44,971 - DEBUG - trade_total[spent]: 0.04987500
2017-11-26 18:38:44,973 - DEBUG - agg: [{'_id': None, 'total_bought': 1.0180676121}]
2017-11-26 18:38:44,974 - DEBUG - trade_total[bought]: 1.01806761
2017-11-26 18:38:44,974 - DEBUG - rate_avg: 0.04898987
2017-11-26 18:38:44,974 - DEBUG - csv_list: ['2017-11-27 00:38:43', 'buy', '1.01806761', '0.04898987', '0.00000000', '0.04898987']
2017-11-26 18:38:44,977 - INFO - Logging trade details to csv file.
2017-11-26 18:38:44,978 - INFO - Sending Telegram alert.
2017-11-26 18:38:44,978 - DEBUG - trade_message: Bought 1.0181 @ 0.0490
2017-11-26 18:38:44,978 - DEBUG - No Telegram users connected. Skipping alert.
2017-11-26 18:38:44,980 - DEBUG - trade_total[spent]: 0.04987500
2017-11-26 18:38:44,982 - DEBUG - agg: [{'_id': None, 'total_bought': 1.0180676121}]
2017-11-26 18:38:44,982 - DEBUG - trade_total[bought]: 1.01806761
2017-11-26 18:38:44,985 - DEBUG - trade_total[spent]: 0.04987500
2017-11-26 18:38:44,987 - DEBUG - agg: [{'_id': None, 'total_bought': 1.0180676121}]
2017-11-26 18:38:44,987 - DEBUG - trade_total[bought]: 1.01806761
2017-11-26 18:38:44,987 - DEBUG - rate_avg: 0.04898987
2017-11-26 18:38:44,988 - DEBUG - base_price: 0.04898987
2017-11-26 18:38:44,988 - INFO - Base Price: 0.0490
2017-11-26 18:38:44,988 - DEBUG - base_price_target: 0.04886740
2017-11-26 18:38:44,988 - INFO - Base Price Target: 0.0489
2017-11-26 18:38:45,185 - INFO - Balance STR:  13.1499
2017-11-26 18:38:45,186 - INFO - Balance USDT: 21.2216
2017-11-26 18:38:45,187 - INFO - Total Buy Count: 1
2017-11-26 18:38:45,194 - DEBUG - agg: [{'_id': None, 'total_bought': 1.0180676121}]
2017-11-26 18:38:45,195 - DEBUG - trade_total[bought]: 1.01806761
2017-11-26 18:38:45,197 - DEBUG - total_bought_str: 1.01806761
2017-11-26 18:38:45,202 - INFO - Total STR Bought: 1.0181
2017-11-26 18:38:45,205 - DEBUG - trade_total[spent]: 0.04987500
2017-11-26 18:38:45,206 - DEBUG - total_spent_usdt: 0.04987500
2017-11-26 18:38:45,206 - INFO - Total USDT Spent: 0.0499
2017-11-26 18:38:45,206 - DEBUG - trade_usdt_remaining: 0.9501
2017-11-26 18:38:45,435 - DEBUG - Regular lookup (price) in calc_limit_price().
2017-11-26 18:38:45,436 - DEBUG - actual: 0.04898987
2017-11-26 18:38:45,436 - DEBUG - book_tot: 149486.37
2017-11-26 18:38:45,436 - DEBUG - actual: 0.04898987
2017-11-26 18:38:45,436 - DEBUG - book_tot: 149486.37
2017-11-26 18:38:45,436 - DEBUG - calc_limit_price() successful within limits (depth=40).
2017-11-26 18:38:45,436 - DEBUG - Adding fees to calc_limit_price() return value.
2017-11-26 18:38:45,436 - DEBUG - [buy]price_actual[+FEES]: 0.04911234
2017-11-26 18:38:45,437 - DEBUG - diff: -0.005013
2017-11-26 18:38:45,437 - INFO - Price Difference from Base: -0.5013%
2017-11-26 18:38:45,437 - DEBUG - trade_proportion_low: 0.05
2017-11-26 18:38:45,437 - DEBUG - trade_proportion_high: 0.50
2017-11-26 18:38:45,437 - DEBUG - trade_proportion_adj: 0.05
2017-11-26 18:38:45,437 - DEBUG - trade_usdt_remaining: 0.95
2017-11-26 18:38:45,437 - DEBUG - [DYNAMIC]amount_usdt: 0.04536311
2017-11-26 18:38:45,724 - DEBUG - Reverse lookup (amount) in calc_limit_price().
2017-11-26 18:38:45,724 - DEBUG - actual: 0.92596901
2017-11-26 18:38:45,725 - DEBUG - book_tot: 0.00
2017-11-26 18:38:45,725 - DEBUG - calc_limit_price() successful within limits (depth=40).
2017-11-26 18:38:45,726 - DEBUG - [DYNAMIC]amount: 0.92596901
2017-11-26 18:38:45,726 - DEBUG - buy_amount_current: 0.92596901
2017-11-26 18:38:45,726 - INFO - Current Buy Amount: 0.9260
2017-11-26 18:38:45,967 - DEBUG - Regular lookup (price) in calc_limit_price().
2017-11-26 18:38:45,967 - DEBUG - actual: 0.04898988
2017-11-26 18:38:45,967 - DEBUG - book_tot: 16149.71
2017-11-26 18:38:45,967 - DEBUG - actual: 0.04898988
2017-11-26 18:38:45,967 - DEBUG - book_tot: 16149.71
2017-11-26 18:38:45,967 - DEBUG - calc_limit_price() successful within limits (depth=40).
2017-11-26 18:38:45,968 - DEBUG - Adding fees to calc_limit_price() return value.
2017-11-26 18:38:45,968 - DEBUG - [buy]price_actual[+FEES]: 0.04911235
2017-11-26 18:38:45,968 - DEBUG - low_ask_actual: 0.04911235
2017-11-26 18:38:45,968 - INFO - Low Ask (Actual): 0.0491
2017-11-26 18:38:45,976 - DEBUG - agg: [{'_id': None, 'total_bought': 1.0180676121}]
2017-11-26 18:38:45,976 - DEBUG - trade_total[bought]: 1.01806761
2017-11-26 18:38:45,976 - DEBUG - sell_amount_current: 1.01806761
2017-11-26 18:38:45,976 - INFO - Current Sell Amount: 1.0181
2017-11-26 18:38:46,243 - DEBUG - Regular lookup (price) in calc_limit_price().
2017-11-26 18:38:46,244 - DEBUG - actual: 0.04856623
2017-11-26 18:38:46,244 - DEBUG - book_tot: 1019.23
2017-11-26 18:38:46,245 - DEBUG - actual: 0.04856623
2017-11-26 18:38:46,245 - DEBUG - book_tot: 1019.23
2017-11-26 18:38:46,245 - DEBUG - calc_limit_price() successful within limits (depth=40).
2017-11-26 18:38:46,245 - DEBUG - Adding fees to calc_limit_price() return value.
2017-11-26 18:38:46,245 - DEBUG - [sell]price_actual[+FEES]: 0.04844481
2017-11-26 18:38:46,246 - DEBUG - high_bid_actual: 0.04844481
2017-11-26 18:38:46,246 - INFO - High Bid (Actual): 0.0484
2017-11-26 18:38:46,246 - DEBUG - sell_price_target: 0.05156184
2017-11-26 18:38:46,246 - INFO - Sell Target: 0.0516
2017-11-26 18:38:46,246 - DEBUG - diff: -0.002500
2017-11-26 18:38:46,247 - INFO - Price Difference from Base: -0.2500%
2017-11-26 18:38:46,247 - DEBUG - Calculating loop time.
2017-11-26 18:38:46,247 - DEBUG - diff <= 0
2017-11-26 18:38:46,248 - DEBUG - lt: 20.00
2017-11-26 18:38:46,248 - INFO - Trade loop complete. Sleeping for 20.00 seconds.
2017-11-26 18:38:46,248 - DEBUG - ----[LOOP END]----
2017-11-26 18:38:50,861 - INFO - Exit signal received.
2017-11-26 18:38:50,862 - INFO - Mongo write errors: 0
2017-11-26 18:38:50,862 - INFO - Buy trades skipped: 0
2017-11-26 18:38:50,862 - INFO - Sell trades skipped: 0
2017-11-26 18:38:50,862 - INFO - CSV write errors: 0
