2017-11-26 00:03:21,847 - DEBUG - Parsing arguments.
2017-11-26 00:03:21,847 - DEBUG - clean_collections: False
2017-11-26 00:03:21,847 - DEBUG - trade_amount: 1.00
2017-11-26 00:03:21,847 - DEBUG - amount_dynamic: True
2017-11-26 00:03:21,847 - DEBUG - trade_proportion_initial: 0.05
2017-11-26 00:03:21,848 - DEBUG - trade_usdt_max: 20.00
2017-11-26 00:03:21,848 - DEBUG - profit_threshold: 0.05
2017-11-26 00:03:21,848 - DEBUG - loop_time: 30
2017-11-26 00:03:21,848 - DEBUG - loop_dynamic: True
2017-11-26 00:03:21,848 - DEBUG - live_trading: True
2017-11-26 00:03:21,848 - DEBUG - csv_logging: True
2017-11-26 00:03:21,848 - DEBUG - telegram_active: True
2017-11-26 00:03:21,848 - DEBUG - mongo_alt: False
2017-11-26 00:03:21,848 - WARNING - Total USDT trade amount is set to $20.00.
2017-11-26 00:03:23,748 - INFO - USDT trade amount confirmed.
2017-11-26 00:03:23,749 - INFO - Dynamic trade amount calculation activated.
2017-11-26 00:03:23,749 - INFO - Dynamic loop time calculation activated. Base loop time set to 30 seconds.
2017-11-26 00:03:23,749 - INFO - CSV log file path: logs/lorenzbot_log_11262017-000323.csv
2017-11-26 00:03:23,749 - INFO - Telegram logging active. Send '/connect' to @lorenzbot_bot to receive alerts.
2017-11-26 00:03:23,751 - INFO - Using default MongoDB database 'lorenzbot'.
2017-11-26 00:03:23,752 - INFO - Found existing collection: 11252017_235610
2017-11-26 00:03:23,752 - INFO - Found Telegram config file.
2017-11-26 00:03:23,753 - DEBUG - telegram_token: 411687950:AAFOIzovAmjDoy_0qJeBfdtzTFkM74BI0Fs
2017-11-26 00:03:23,754 - INFO - Found Poloniex config file.
2017-11-26 00:03:23,754 - WARNING - Live trading ENABLED.
2017-11-26 00:03:24,100 - INFO - Current Maker Fee: 0.0015
2017-11-26 00:03:24,101 - INFO - Current Taker Fee: 0.0025
2017-11-26 00:03:24,203 - INFO - Balance STR:  79.44
2017-11-26 00:03:24,203 - INFO - Balance USDT: 37.35
2017-11-26 00:03:24,204 - INFO - Collection not empty. Calculating trade amount remaining.
2017-11-26 00:03:24,205 - DEBUG - trade_total[spent]: 1.95453933
2017-11-26 00:03:24,205 - DEBUG - trade_usdt_remaining: 18.05
2017-11-26 00:03:24,205 - INFO - Tradable USDT Remaining: 18.05
2017-11-26 00:03:24,205 - INFO - --------------------
2017-11-26 00:03:24,205 - DEBUG - Entering base_price calculation.
2017-11-26 00:03:24,205 - DEBUG - db[coll_current].count(): 2
2017-11-26 00:03:24,206 - DEBUG - trade_total[spent]: 1.95453933
2017-11-26 00:03:24,207 - DEBUG - agg: [{'_id': None, 'total_bought': 44.9739737937}]
2017-11-26 00:03:24,207 - DEBUG - trade_total[bought]: 44.97397379
2017-11-26 00:03:24,207 - DEBUG - rate_avg: 0.04345934
2017-11-26 00:03:24,207 - DEBUG - base_price: 0.04345934
2017-11-26 00:03:24,207 - INFO - Base Price: 0.0435
2017-11-26 00:03:24,207 - DEBUG - base_price_target: 0.04335069
2017-11-26 00:03:24,207 - INFO - Base Price Target: 0.0434
2017-11-26 00:03:24,403 - INFO - Balance STR:  79.44084476
2017-11-26 00:03:24,403 - INFO - Balance USDT: 37.3472
2017-11-26 00:03:24,404 - DEBUG - agg: [{'_id': None, 'total_bought': 44.9739737937}]
2017-11-26 00:03:24,405 - DEBUG - trade_total[bought]: 44.97397379
2017-11-26 00:03:24,405 - DEBUG - total_bought_str: 44.97397379
2017-11-26 00:03:24,405 - INFO - Total STR Bought: 44.9740
2017-11-26 00:03:24,405 - DEBUG - trade_total[spent]: 1.95453933
2017-11-26 00:03:24,405 - DEBUG - total_spent_usdt: 1.95453933
2017-11-26 00:03:24,406 - INFO - Total USDT Spent: 1.9545
2017-11-26 00:03:24,406 - DEBUG - trade_usdt_remaining: 18.0455
2017-11-26 00:03:24,469 - DEBUG - actual: 0.04363425
2017-11-26 00:03:24,469 - DEBUG - book_tot: 3429.18
2017-11-26 00:03:24,469 - DEBUG - actual: 0.04363425
2017-11-26 00:03:24,469 - DEBUG - book_tot: 3429.18
2017-11-26 00:03:24,470 - DEBUG - calc_limit_price() successful within limits (depth=40).
2017-11-26 00:03:24,470 - DEBUG - Adding fees to calc_limit_price() return value.
2017-11-26 00:03:24,470 - DEBUG - [buy]price_actual[+FEES]: 0.04374334
2017-11-26 00:03:24,470 - DEBUG - diff: -0.009057
2017-11-26 00:03:24,470 - INFO - Price Difference from Base: -0.9057%
2017-11-26 00:03:24,470 - DEBUG - trade_proportion_low: 0.05
2017-11-26 00:03:24,470 - DEBUG - trade_proportion_high: 0.50
2017-11-26 00:03:24,470 - DEBUG - trade_proportion_adj: 0.05
2017-11-26 00:03:24,470 - DEBUG - trade_usdt_remaining: 18.05
2017-11-26 00:03:24,470 - DEBUG - [DYNAMIC]amount_usdt: 0.82872339
2017-11-26 00:03:24,654 - DEBUG - actual: 18.25000000
2017-11-26 00:03:24,654 - DEBUG - book_tot: 0.84
2017-11-26 00:03:24,654 - DEBUG - calc_limit_price() successful within limits (depth=40).
2017-11-26 00:03:24,654 - DEBUG - [DYNAMIC]amount: 18.25000000
2017-11-26 00:03:24,654 - DEBUG - buy_amount_current: 18.25000000
2017-11-26 00:03:24,654 - INFO - Current Buy Amount: 18.2500
2017-11-26 00:03:24,823 - DEBUG - actual: 0.04363425
2017-11-26 00:03:24,824 - DEBUG - book_tot: 3429.18
2017-11-26 00:03:24,824 - DEBUG - actual: 0.04363425
2017-11-26 00:03:24,824 - DEBUG - book_tot: 3429.18
2017-11-26 00:03:24,824 - DEBUG - calc_limit_price() successful within limits (depth=40).
2017-11-26 00:03:24,824 - DEBUG - Adding fees to calc_limit_price() return value.
2017-11-26 00:03:24,824 - DEBUG - [buy]price_actual[+FEES]: 0.04374334
2017-11-26 00:03:24,824 - DEBUG - low_ask_actual: 0.04374334
2017-11-26 00:03:24,824 - INFO - Low Ask (Actual): 0.0437
2017-11-26 00:03:24,825 - DEBUG - agg: [{'_id': None, 'total_bought': 44.9739737937}]
2017-11-26 00:03:24,825 - DEBUG - trade_total[bought]: 44.97397379
2017-11-26 00:03:24,825 - DEBUG - sell_amount_current: 44.97397379
2017-11-26 00:03:24,825 - INFO - Current Sell Amount: 44.9740
2017-11-26 00:03:24,903 - DEBUG - actual: 0.04327854
2017-11-26 00:03:24,904 - DEBUG - book_tot: 696.64
2017-11-26 00:03:24,904 - DEBUG - actual: 0.04327854
2017-11-26 00:03:24,904 - DEBUG - book_tot: 696.64
2017-11-26 00:03:24,904 - DEBUG - calc_limit_price() successful within limits (depth=40).
2017-11-26 00:03:24,904 - DEBUG - Adding fees to calc_limit_price() return value.
2017-11-26 00:03:24,904 - DEBUG - [sell]price_actual[+FEES]: 0.04317034
2017-11-26 00:03:24,904 - DEBUG - high_bid_actual: 0.04317034
2017-11-26 00:03:24,904 - INFO - High Bid (Actual): 0.0432
2017-11-26 00:03:24,904 - DEBUG - sell_price_target: 0.04574096
2017-11-26 00:03:24,904 - INFO - Sell Target: 0.0457
2017-11-26 00:03:24,904 - DEBUG - diff: -0.006535
2017-11-26 00:03:24,904 - INFO - Price Difference from Base: -0.6535%
2017-11-26 00:03:24,905 - DEBUG - Calculating loop time.
2017-11-26 00:03:24,905 - DEBUG - diff <= 0
2017-11-26 00:03:24,905 - DEBUG - lt: 30.00
2017-11-26 00:03:24,905 - INFO - Trade loop complete. Sleeping for 30.00 seconds.
2017-11-26 00:03:24,905 - INFO - --------------------
2017-11-26 00:03:54,915 - INFO - --------------------
2017-11-26 00:03:54,915 - DEBUG - Entering base_price calculation.
2017-11-26 00:03:54,916 - DEBUG - db[coll_current].count(): 2
2017-11-26 00:03:54,917 - DEBUG - trade_total[spent]: 1.95453933
2017-11-26 00:03:54,918 - DEBUG - agg: [{'_id': None, 'total_bought': 44.9739737937}]
2017-11-26 00:03:54,918 - DEBUG - trade_total[bought]: 44.97397379
2017-11-26 00:03:54,918 - DEBUG - rate_avg: 0.04345934
2017-11-26 00:03:54,918 - DEBUG - base_price: 0.04345934
2017-11-26 00:03:54,918 - INFO - Base Price: 0.0435
2017-11-26 00:03:54,918 - DEBUG - base_price_target: 0.04335069
2017-11-26 00:03:54,918 - INFO - Base Price Target: 0.0434
2017-11-26 00:03:55,114 - INFO - Balance STR:  79.44084476
2017-11-26 00:03:55,115 - INFO - Balance USDT: 37.3472
2017-11-26 00:03:55,116 - DEBUG - agg: [{'_id': None, 'total_bought': 44.9739737937}]
2017-11-26 00:03:55,116 - DEBUG - trade_total[bought]: 44.97397379
2017-11-26 00:03:55,116 - DEBUG - total_bought_str: 44.97397379
2017-11-26 00:03:55,116 - INFO - Total STR Bought: 44.9740
2017-11-26 00:03:55,117 - DEBUG - trade_total[spent]: 1.95453933
2017-11-26 00:03:55,117 - DEBUG - total_spent_usdt: 1.95453933
2017-11-26 00:03:55,117 - INFO - Total USDT Spent: 1.9545
2017-11-26 00:03:55,117 - DEBUG - trade_usdt_remaining: 18.0455
2017-11-26 00:03:55,173 - DEBUG - actual: 0.04363425
2017-11-26 00:03:55,173 - DEBUG - book_tot: 3429.18
2017-11-26 00:03:55,173 - DEBUG - actual: 0.04363425
2017-11-26 00:03:55,173 - DEBUG - book_tot: 3429.18
2017-11-26 00:03:55,173 - DEBUG - calc_limit_price() successful within limits (depth=40).
2017-11-26 00:03:55,173 - DEBUG - Adding fees to calc_limit_price() return value.
2017-11-26 00:03:55,173 - DEBUG - [buy]price_actual[+FEES]: 0.04374334
2017-11-26 00:03:55,173 - DEBUG - diff: -0.009057
2017-11-26 00:03:55,173 - INFO - Price Difference from Base: -0.9057%
2017-11-26 00:03:55,173 - DEBUG - trade_proportion_low: 0.05
2017-11-26 00:03:55,173 - DEBUG - trade_proportion_high: 0.50
2017-11-26 00:03:55,173 - DEBUG - trade_proportion_adj: 0.05
2017-11-26 00:03:55,173 - DEBUG - trade_usdt_remaining: 18.05
2017-11-26 00:03:55,173 - DEBUG - [DYNAMIC]amount_usdt: 0.82872339
2017-11-26 00:03:55,265 - DEBUG - actual: 18.25000000
2017-11-26 00:03:55,265 - DEBUG - book_tot: 0.84
2017-11-26 00:03:55,265 - DEBUG - calc_limit_price() successful within limits (depth=40).
2017-11-26 00:03:55,265 - DEBUG - [DYNAMIC]amount: 18.25000000
2017-11-26 00:03:55,265 - DEBUG - buy_amount_current: 18.25000000
2017-11-26 00:03:55,265 - INFO - Current Buy Amount: 18.2500
2017-11-26 00:03:55,324 - DEBUG - actual: 0.04363425
2017-11-26 00:03:55,324 - DEBUG - book_tot: 3429.18
2017-11-26 00:03:55,324 - DEBUG - actual: 0.04363425
2017-11-26 00:03:55,324 - DEBUG - book_tot: 3429.18
2017-11-26 00:03:55,324 - DEBUG - calc_limit_price() successful within limits (depth=40).
2017-11-26 00:03:55,325 - DEBUG - Adding fees to calc_limit_price() return value.
2017-11-26 00:03:55,325 - DEBUG - [buy]price_actual[+FEES]: 0.04374334
2017-11-26 00:03:55,325 - DEBUG - low_ask_actual: 0.04374334
2017-11-26 00:03:55,325 - INFO - Low Ask (Actual): 0.0437
2017-11-26 00:03:55,326 - DEBUG - agg: [{'_id': None, 'total_bought': 44.9739737937}]
2017-11-26 00:03:55,326 - DEBUG - trade_total[bought]: 44.97397379
2017-11-26 00:03:55,326 - DEBUG - sell_amount_current: 44.97397379
2017-11-26 00:03:55,326 - INFO - Current Sell Amount: 44.9740
2017-11-26 00:03:55,394 - DEBUG - actual: 0.04327854
2017-11-26 00:03:55,394 - DEBUG - book_tot: 695.22
2017-11-26 00:03:55,395 - DEBUG - actual: 0.04327854
2017-11-26 00:03:55,395 - DEBUG - book_tot: 695.22
2017-11-26 00:03:55,395 - DEBUG - calc_limit_price() successful within limits (depth=40).
2017-11-26 00:03:55,395 - DEBUG - Adding fees to calc_limit_price() return value.
2017-11-26 00:03:55,395 - DEBUG - [sell]price_actual[+FEES]: 0.04317034
2017-11-26 00:03:55,395 - DEBUG - high_bid_actual: 0.04317034
2017-11-26 00:03:55,395 - INFO - High Bid (Actual): 0.0432
2017-11-26 00:03:55,395 - DEBUG - sell_price_target: 0.04574096
2017-11-26 00:03:55,395 - INFO - Sell Target: 0.0457
2017-11-26 00:03:55,395 - DEBUG - diff: -0.006535
2017-11-26 00:03:55,395 - INFO - Price Difference from Base: -0.6535%
2017-11-26 00:03:55,396 - DEBUG - Calculating loop time.
2017-11-26 00:03:55,396 - DEBUG - diff <= 0
2017-11-26 00:03:55,396 - DEBUG - lt: 30.00
2017-11-26 00:03:55,396 - INFO - Trade loop complete. Sleeping for 30.00 seconds.
2017-11-26 00:03:55,396 - INFO - --------------------
2017-11-26 00:04:25,403 - INFO - --------------------
2017-11-26 00:04:25,403 - DEBUG - Entering base_price calculation.
2017-11-26 00:04:25,404 - DEBUG - db[coll_current].count(): 2
2017-11-26 00:04:25,405 - DEBUG - trade_total[spent]: 1.95453933
2017-11-26 00:04:25,406 - DEBUG - agg: [{'_id': None, 'total_bought': 44.9739737937}]
2017-11-26 00:04:25,406 - DEBUG - trade_total[bought]: 44.97397379
2017-11-26 00:04:25,406 - DEBUG - rate_avg: 0.04345934
2017-11-26 00:04:25,406 - DEBUG - base_price: 0.04345934
2017-11-26 00:04:25,406 - INFO - Base Price: 0.0435
2017-11-26 00:04:25,406 - DEBUG - base_price_target: 0.04335069
2017-11-26 00:04:25,406 - INFO - Base Price Target: 0.0434
2017-11-26 00:04:25,748 - INFO - Balance STR:  79.44084476
2017-11-26 00:04:25,749 - INFO - Balance USDT: 37.3472
2017-11-26 00:04:25,750 - DEBUG - agg: [{'_id': None, 'total_bought': 44.9739737937}]
2017-11-26 00:04:25,750 - DEBUG - trade_total[bought]: 44.97397379
2017-11-26 00:04:25,750 - DEBUG - total_bought_str: 44.97397379
2017-11-26 00:04:25,750 - INFO - Total STR Bought: 44.9740
2017-11-26 00:04:25,751 - DEBUG - trade_total[spent]: 1.95453933
2017-11-26 00:04:25,751 - DEBUG - total_spent_usdt: 1.95453933
2017-11-26 00:04:25,751 - INFO - Total USDT Spent: 1.9545
2017-11-26 00:04:25,751 - DEBUG - trade_usdt_remaining: 18.0455
2017-11-26 00:04:25,817 - DEBUG - actual: 0.04363424
2017-11-26 00:04:25,817 - DEBUG - book_tot: 5322.33
2017-11-26 00:04:25,817 - DEBUG - actual: 0.04363424
2017-11-26 00:04:25,817 - DEBUG - book_tot: 5322.33
2017-11-26 00:04:25,817 - DEBUG - calc_limit_price() successful within limits (depth=40).
2017-11-26 00:04:25,817 - DEBUG - Adding fees to calc_limit_price() return value.
2017-11-26 00:04:25,817 - DEBUG - [buy]price_actual[+FEES]: 0.04374333
2017-11-26 00:04:25,817 - DEBUG - diff: -0.009057
2017-11-26 00:04:25,817 - INFO - Price Difference from Base: -0.9057%
2017-11-26 00:04:25,818 - DEBUG - trade_proportion_low: 0.05
2017-11-26 00:04:25,818 - DEBUG - trade_proportion_high: 0.50
2017-11-26 00:04:25,818 - DEBUG - trade_proportion_adj: 0.05
2017-11-26 00:04:25,818 - DEBUG - trade_usdt_remaining: 18.05
2017-11-26 00:04:25,818 - DEBUG - [DYNAMIC]amount_usdt: 0.82872527
2017-11-26 00:04:26,016 - DEBUG - actual: 18.25000000
2017-11-26 00:04:26,017 - DEBUG - book_tot: 0.84
2017-11-26 00:04:26,017 - DEBUG - calc_limit_price() successful within limits (depth=40).
2017-11-26 00:04:26,017 - DEBUG - [DYNAMIC]amount: 18.25000000
2017-11-26 00:04:26,017 - DEBUG - buy_amount_current: 18.25000000
2017-11-26 00:04:26,017 - INFO - Current Buy Amount: 18.2500
2017-11-26 00:04:26,080 - DEBUG - actual: 0.04363424
2017-11-26 00:04:26,080 - DEBUG - book_tot: 5322.33
2017-11-26 00:04:26,081 - DEBUG - actual: 0.04363424
2017-11-26 00:04:26,081 - DEBUG - book_tot: 5322.33
2017-11-26 00:04:26,081 - DEBUG - calc_limit_price() successful within limits (depth=40).
2017-11-26 00:04:26,081 - DEBUG - Adding fees to calc_limit_price() return value.
2017-11-26 00:04:26,081 - DEBUG - [buy]price_actual[+FEES]: 0.04374333
2017-11-26 00:04:26,081 - DEBUG - low_ask_actual: 0.04374333
2017-11-26 00:04:26,081 - INFO - Low Ask (Actual): 0.0437
2017-11-26 00:04:26,082 - DEBUG - agg: [{'_id': None, 'total_bought': 44.9739737937}]
2017-11-26 00:04:26,082 - DEBUG - trade_total[bought]: 44.97397379
2017-11-26 00:04:26,082 - DEBUG - sell_amount_current: 44.97397379
2017-11-26 00:04:26,082 - INFO - Current Sell Amount: 44.9740
2017-11-26 00:04:26,149 - DEBUG - actual: 0.04327854
2017-11-26 00:04:26,149 - DEBUG - book_tot: 693.72
2017-11-26 00:04:26,149 - DEBUG - actual: 0.04327854
2017-11-26 00:04:26,149 - DEBUG - book_tot: 693.72
2017-11-26 00:04:26,149 - DEBUG - calc_limit_price() successful within limits (depth=40).
2017-11-26 00:04:26,149 - DEBUG - Adding fees to calc_limit_price() return value.
2017-11-26 00:04:26,149 - DEBUG - [sell]price_actual[+FEES]: 0.04317034
2017-11-26 00:04:26,149 - DEBUG - high_bid_actual: 0.04317034
2017-11-26 00:04:26,149 - INFO - High Bid (Actual): 0.0432
2017-11-26 00:04:26,150 - DEBUG - sell_price_target: 0.04574096
2017-11-26 00:04:26,150 - INFO - Sell Target: 0.0457
2017-11-26 00:04:26,150 - DEBUG - diff: -0.006534
2017-11-26 00:04:26,150 - INFO - Price Difference from Base: -0.6534%
2017-11-26 00:04:26,150 - DEBUG - Calculating loop time.
2017-11-26 00:04:26,150 - DEBUG - diff <= 0
2017-11-26 00:04:26,150 - DEBUG - lt: 30.00
2017-11-26 00:04:26,150 - INFO - Trade loop complete. Sleeping for 30.00 seconds.
2017-11-26 00:04:26,150 - INFO - --------------------
2017-11-26 00:04:56,179 - INFO - --------------------
2017-11-26 00:04:56,179 - DEBUG - Entering base_price calculation.
2017-11-26 00:04:56,180 - DEBUG - db[coll_current].count(): 2
2017-11-26 00:04:56,182 - DEBUG - trade_total[spent]: 1.95453933
2017-11-26 00:04:56,182 - DEBUG - agg: [{'_id': None, 'total_bought': 44.9739737937}]
2017-11-26 00:04:56,182 - DEBUG - trade_total[bought]: 44.97397379
2017-11-26 00:04:56,182 - DEBUG - rate_avg: 0.04345934
2017-11-26 00:04:56,183 - DEBUG - base_price: 0.04345934
2017-11-26 00:04:56,183 - INFO - Base Price: 0.0435
2017-11-26 00:04:56,183 - DEBUG - base_price_target: 0.04335069
2017-11-26 00:04:56,183 - INFO - Base Price Target: 0.0434
2017-11-26 00:04:56,361 - INFO - Balance STR:  79.44084476
2017-11-26 00:04:56,361 - INFO - Balance USDT: 37.3472
2017-11-26 00:04:56,362 - DEBUG - agg: [{'_id': None, 'total_bought': 44.9739737937}]
2017-11-26 00:04:56,362 - DEBUG - trade_total[bought]: 44.97397379
2017-11-26 00:04:56,362 - DEBUG - total_bought_str: 44.97397379
2017-11-26 00:04:56,362 - INFO - Total STR Bought: 44.9740
2017-11-26 00:04:56,363 - DEBUG - trade_total[spent]: 1.95453933
2017-11-26 00:04:56,363 - DEBUG - total_spent_usdt: 1.95453933
2017-11-26 00:04:56,363 - INFO - Total USDT Spent: 1.9545
2017-11-26 00:04:56,364 - DEBUG - trade_usdt_remaining: 18.0455
2017-11-26 00:04:56,509 - DEBUG - actual: 0.04363425
2017-11-26 00:04:56,509 - DEBUG - book_tot: 195.09
2017-11-26 00:04:56,510 - DEBUG - actual: 0.04363425
2017-11-26 00:04:56,510 - DEBUG - book_tot: 195.09
2017-11-26 00:04:56,510 - DEBUG - calc_limit_price() successful within limits (depth=40).
2017-11-26 00:04:56,510 - DEBUG - Adding fees to calc_limit_price() return value.
2017-11-26 00:04:56,510 - DEBUG - [buy]price_actual[+FEES]: 0.04374334
2017-11-26 00:04:56,510 - DEBUG - diff: -0.009057
2017-11-26 00:04:56,510 - INFO - Price Difference from Base: -0.9057%
2017-11-26 00:04:56,510 - DEBUG - trade_proportion_low: 0.05
2017-11-26 00:04:56,510 - DEBUG - trade_proportion_high: 0.50
2017-11-26 00:04:56,510 - DEBUG - trade_proportion_adj: 0.05
2017-11-26 00:04:56,510 - DEBUG - trade_usdt_remaining: 18.05
2017-11-26 00:04:56,510 - DEBUG - [DYNAMIC]amount_usdt: 0.82872339
2017-11-26 00:04:56,566 - DEBUG - actual: 18.00000000
2017-11-26 00:04:56,566 - DEBUG - book_tot: 0.83
2017-11-26 00:04:56,566 - DEBUG - calc_limit_price() successful within limits (depth=40).
2017-11-26 00:04:56,566 - DEBUG - [DYNAMIC]amount: 18.00000000
2017-11-26 00:04:56,566 - DEBUG - buy_amount_current: 18.00000000
2017-11-26 00:04:56,566 - INFO - Current Buy Amount: 18.0000
2017-11-26 00:04:56,643 - DEBUG - actual: 0.04363425
2017-11-26 00:04:56,644 - DEBUG - book_tot: 195.09
2017-11-26 00:04:56,644 - DEBUG - actual: 0.04363425
2017-11-26 00:04:56,644 - DEBUG - book_tot: 195.09
2017-11-26 00:04:56,644 - DEBUG - calc_limit_price() successful within limits (depth=40).
2017-11-26 00:04:56,644 - DEBUG - Adding fees to calc_limit_price() return value.
2017-11-26 00:04:56,644 - DEBUG - [buy]price_actual[+FEES]: 0.04374334
2017-11-26 00:04:56,644 - DEBUG - low_ask_actual: 0.04374334
2017-11-26 00:04:56,644 - INFO - Low Ask (Actual): 0.0437
2017-11-26 00:04:56,645 - DEBUG - agg: [{'_id': None, 'total_bought': 44.9739737937}]
2017-11-26 00:04:56,645 - DEBUG - trade_total[bought]: 44.97397379
2017-11-26 00:04:56,645 - DEBUG - sell_amount_current: 44.97397379
2017-11-26 00:04:56,645 - INFO - Current Sell Amount: 44.9740
2017-11-26 00:04:56,736 - DEBUG - actual: 0.04327854
2017-11-26 00:04:56,736 - DEBUG - book_tot: 692.32
2017-11-26 00:04:56,736 - DEBUG - actual: 0.04327854
2017-11-26 00:04:56,736 - DEBUG - book_tot: 692.32
2017-11-26 00:04:56,736 - DEBUG - calc_limit_price() successful within limits (depth=40).
2017-11-26 00:04:56,736 - DEBUG - Adding fees to calc_limit_price() return value.
2017-11-26 00:04:56,736 - DEBUG - [sell]price_actual[+FEES]: 0.04317034
2017-11-26 00:04:56,736 - DEBUG - high_bid_actual: 0.04317034
2017-11-26 00:04:56,736 - INFO - High Bid (Actual): 0.0432
2017-11-26 00:04:56,736 - DEBUG - sell_price_target: 0.04574096
2017-11-26 00:04:56,736 - INFO - Sell Target: 0.0457
2017-11-26 00:04:56,737 - DEBUG - diff: -0.006535
2017-11-26 00:04:56,737 - INFO - Price Difference from Base: -0.6535%
2017-11-26 00:04:56,737 - DEBUG - Calculating loop time.
2017-11-26 00:04:56,737 - DEBUG - diff <= 0
2017-11-26 00:04:56,737 - DEBUG - lt: 30.00
2017-11-26 00:04:56,737 - INFO - Trade loop complete. Sleeping for 30.00 seconds.
2017-11-26 00:04:56,737 - INFO - --------------------
2017-11-26 00:05:26,740 - INFO - --------------------
2017-11-26 00:05:26,741 - DEBUG - Entering base_price calculation.
2017-11-26 00:05:26,741 - DEBUG - db[coll_current].count(): 2
2017-11-26 00:05:26,742 - DEBUG - trade_total[spent]: 1.95453933
2017-11-26 00:05:26,743 - DEBUG - agg: [{'_id': None, 'total_bought': 44.9739737937}]
2017-11-26 00:05:26,743 - DEBUG - trade_total[bought]: 44.97397379
2017-11-26 00:05:26,743 - DEBUG - rate_avg: 0.04345934
2017-11-26 00:05:26,743 - DEBUG - base_price: 0.04345934
2017-11-26 00:05:26,743 - INFO - Base Price: 0.0435
2017-11-26 00:05:26,743 - DEBUG - base_price_target: 0.04335069
2017-11-26 00:05:26,743 - INFO - Base Price Target: 0.0434
2017-11-26 00:05:26,954 - INFO - Balance STR:  79.44084476
2017-11-26 00:05:26,954 - INFO - Balance USDT: 37.3472
2017-11-26 00:05:26,955 - DEBUG - agg: [{'_id': None, 'total_bought': 44.9739737937}]
2017-11-26 00:05:26,955 - DEBUG - trade_total[bought]: 44.97397379
2017-11-26 00:05:26,955 - DEBUG - total_bought_str: 44.97397379
2017-11-26 00:05:26,955 - INFO - Total STR Bought: 44.9740
2017-11-26 00:05:26,956 - DEBUG - trade_total[spent]: 1.95453933
2017-11-26 00:05:26,956 - DEBUG - total_spent_usdt: 1.95453933
2017-11-26 00:05:26,956 - INFO - Total USDT Spent: 1.9545
2017-11-26 00:05:26,956 - DEBUG - trade_usdt_remaining: 18.0455
2017-11-26 00:05:27,013 - DEBUG - actual: 0.04363425
2017-11-26 00:05:27,013 - DEBUG - book_tot: 195.09
2017-11-26 00:05:27,013 - DEBUG - actual: 0.04363425
2017-11-26 00:05:27,013 - DEBUG - book_tot: 195.09
2017-11-26 00:05:27,013 - DEBUG - calc_limit_price() successful within limits (depth=40).
2017-11-26 00:05:27,013 - DEBUG - Adding fees to calc_limit_price() return value.
2017-11-26 00:05:27,013 - DEBUG - [buy]price_actual[+FEES]: 0.04374334
2017-11-26 00:05:27,013 - DEBUG - diff: -0.009057
2017-11-26 00:05:27,014 - INFO - Price Difference from Base: -0.9057%
2017-11-26 00:05:27,014 - DEBUG - trade_proportion_low: 0.05
2017-11-26 00:05:27,014 - DEBUG - trade_proportion_high: 0.50
2017-11-26 00:05:27,014 - DEBUG - trade_proportion_adj: 0.05
2017-11-26 00:05:27,014 - DEBUG - trade_usdt_remaining: 18.05
2017-11-26 00:05:27,014 - DEBUG - [DYNAMIC]amount_usdt: 0.82872339
2017-11-26 00:05:27,100 - DEBUG - actual: 18.00000000
2017-11-26 00:05:27,100 - DEBUG - book_tot: 0.83
2017-11-26 00:05:27,100 - DEBUG - calc_limit_price() successful within limits (depth=40).
2017-11-26 00:05:27,100 - DEBUG - [DYNAMIC]amount: 18.00000000
2017-11-26 00:05:27,100 - DEBUG - buy_amount_current: 18.00000000
2017-11-26 00:05:27,100 - INFO - Current Buy Amount: 18.0000
2017-11-26 00:05:27,191 - DEBUG - actual: 0.04363425
2017-11-26 00:05:27,191 - DEBUG - book_tot: 195.09
2017-11-26 00:05:27,191 - DEBUG - actual: 0.04363425
2017-11-26 00:05:27,191 - DEBUG - book_tot: 195.09
2017-11-26 00:05:27,191 - DEBUG - calc_limit_price() successful within limits (depth=40).
2017-11-26 00:05:27,191 - DEBUG - Adding fees to calc_limit_price() return value.
2017-11-26 00:05:27,191 - DEBUG - [buy]price_actual[+FEES]: 0.04374334
2017-11-26 00:05:27,191 - DEBUG - low_ask_actual: 0.04374334
2017-11-26 00:05:27,192 - INFO - Low Ask (Actual): 0.0437
2017-11-26 00:05:27,193 - DEBUG - agg: [{'_id': None, 'total_bought': 44.9739737937}]
2017-11-26 00:05:27,193 - DEBUG - trade_total[bought]: 44.97397379
2017-11-26 00:05:27,193 - DEBUG - sell_amount_current: 44.97397379
2017-11-26 00:05:27,193 - INFO - Current Sell Amount: 44.9740
2017-11-26 00:05:27,286 - DEBUG - actual: 0.04327854
2017-11-26 00:05:27,286 - DEBUG - book_tot: 690.82
2017-11-26 00:05:27,286 - DEBUG - actual: 0.04327854
2017-11-26 00:05:27,286 - DEBUG - book_tot: 690.82
2017-11-26 00:05:27,286 - DEBUG - calc_limit_price() successful within limits (depth=40).
2017-11-26 00:05:27,286 - DEBUG - Adding fees to calc_limit_price() return value.
2017-11-26 00:05:27,286 - DEBUG - [sell]price_actual[+FEES]: 0.04317034
2017-11-26 00:05:27,286 - DEBUG - high_bid_actual: 0.04317034
2017-11-26 00:05:27,286 - INFO - High Bid (Actual): 0.0432
2017-11-26 00:05:27,286 - DEBUG - sell_price_target: 0.04574096
2017-11-26 00:05:27,286 - INFO - Sell Target: 0.0457
2017-11-26 00:05:27,287 - DEBUG - diff: -0.006535
2017-11-26 00:05:27,287 - INFO - Price Difference from Base: -0.6535%
2017-11-26 00:05:27,287 - DEBUG - Calculating loop time.
2017-11-26 00:05:27,287 - DEBUG - diff <= 0
2017-11-26 00:05:27,287 - DEBUG - lt: 30.00
2017-11-26 00:05:27,287 - INFO - Trade loop complete. Sleeping for 30.00 seconds.
2017-11-26 00:05:27,287 - INFO - --------------------
2017-11-26 00:05:57,314 - INFO - --------------------
2017-11-26 00:05:57,314 - DEBUG - Entering base_price calculation.
2017-11-26 00:05:57,314 - DEBUG - db[coll_current].count(): 2
2017-11-26 00:05:57,315 - DEBUG - trade_total[spent]: 1.95453933
2017-11-26 00:05:57,316 - DEBUG - agg: [{'_id': None, 'total_bought': 44.9739737937}]
2017-11-26 00:05:57,316 - DEBUG - trade_total[bought]: 44.97397379
2017-11-26 00:05:57,316 - DEBUG - rate_avg: 0.04345934
2017-11-26 00:05:57,316 - DEBUG - base_price: 0.04345934
2017-11-26 00:05:57,316 - INFO - Base Price: 0.0435
2017-11-26 00:05:57,316 - DEBUG - base_price_target: 0.04335069
2017-11-26 00:05:57,316 - INFO - Base Price Target: 0.0434
2017-11-26 00:05:57,461 - INFO - Balance STR:  79.44084476
2017-11-26 00:05:57,461 - INFO - Balance USDT: 37.3472
2017-11-26 00:05:57,462 - DEBUG - agg: [{'_id': None, 'total_bought': 44.9739737937}]
2017-11-26 00:05:57,462 - DEBUG - trade_total[bought]: 44.97397379
2017-11-26 00:05:57,462 - DEBUG - total_bought_str: 44.97397379
2017-11-26 00:05:57,462 - INFO - Total STR Bought: 44.9740
2017-11-26 00:05:57,463 - DEBUG - trade_total[spent]: 1.95453933
2017-11-26 00:05:57,463 - DEBUG - total_spent_usdt: 1.95453933
2017-11-26 00:05:57,463 - INFO - Total USDT Spent: 1.9545
2017-11-26 00:05:57,463 - DEBUG - trade_usdt_remaining: 18.0455
2017-11-26 00:05:57,518 - DEBUG - actual: 0.04363425
2017-11-26 00:05:57,518 - DEBUG - book_tot: 195.09
2017-11-26 00:05:57,518 - DEBUG - actual: 0.04363425
2017-11-26 00:05:57,518 - DEBUG - book_tot: 195.09
2017-11-26 00:05:57,518 - DEBUG - calc_limit_price() successful within limits (depth=40).
2017-11-26 00:05:57,518 - DEBUG - Adding fees to calc_limit_price() return value.
2017-11-26 00:05:57,518 - DEBUG - [buy]price_actual[+FEES]: 0.04374334
2017-11-26 00:05:57,518 - DEBUG - diff: -0.009057
2017-11-26 00:05:57,518 - INFO - Price Difference from Base: -0.9057%
2017-11-26 00:05:57,518 - DEBUG - trade_proportion_low: 0.05
2017-11-26 00:05:57,518 - DEBUG - trade_proportion_high: 0.50
2017-11-26 00:05:57,518 - DEBUG - trade_proportion_adj: 0.05
2017-11-26 00:05:57,518 - DEBUG - trade_usdt_remaining: 18.05
2017-11-26 00:05:57,518 - DEBUG - [DYNAMIC]amount_usdt: 0.82872339
2017-11-26 00:05:57,598 - DEBUG - actual: 18.00000000
2017-11-26 00:05:57,598 - DEBUG - book_tot: 0.83
2017-11-26 00:05:57,598 - DEBUG - calc_limit_price() successful within limits (depth=40).
2017-11-26 00:05:57,599 - DEBUG - [DYNAMIC]amount: 18.00000000
2017-11-26 00:05:57,599 - DEBUG - buy_amount_current: 18.00000000
2017-11-26 00:05:57,599 - INFO - Current Buy Amount: 18.0000
2017-11-26 00:05:57,683 - DEBUG - actual: 0.04363425
2017-11-26 00:05:57,684 - DEBUG - book_tot: 195.09
2017-11-26 00:05:57,684 - DEBUG - actual: 0.04363425
2017-11-26 00:05:57,684 - DEBUG - book_tot: 195.09
2017-11-26 00:05:57,684 - DEBUG - calc_limit_price() successful within limits (depth=40).
2017-11-26 00:05:57,684 - DEBUG - Adding fees to calc_limit_price() return value.
2017-11-26 00:05:57,684 - DEBUG - [buy]price_actual[+FEES]: 0.04374334
2017-11-26 00:05:57,684 - DEBUG - low_ask_actual: 0.04374334
2017-11-26 00:05:57,684 - INFO - Low Ask (Actual): 0.0437
2017-11-26 00:05:57,685 - DEBUG - agg: [{'_id': None, 'total_bought': 44.9739737937}]
2017-11-26 00:05:57,685 - DEBUG - trade_total[bought]: 44.97397379
2017-11-26 00:05:57,685 - DEBUG - sell_amount_current: 44.97397379
2017-11-26 00:05:57,685 - INFO - Current Sell Amount: 44.9740
2017-11-26 00:05:57,755 - DEBUG - actual: 0.04327854
2017-11-26 00:05:57,756 - DEBUG - book_tot: 689.32
2017-11-26 00:05:57,756 - DEBUG - actual: 0.04327854
2017-11-26 00:05:57,756 - DEBUG - book_tot: 689.32
2017-11-26 00:05:57,756 - DEBUG - calc_limit_price() successful within limits (depth=40).
2017-11-26 00:05:57,756 - DEBUG - Adding fees to calc_limit_price() return value.
2017-11-26 00:05:57,756 - DEBUG - [sell]price_actual[+FEES]: 0.04317034
2017-11-26 00:05:57,756 - DEBUG - high_bid_actual: 0.04317034
2017-11-26 00:05:57,756 - INFO - High Bid (Actual): 0.0432
2017-11-26 00:05:57,756 - DEBUG - sell_price_target: 0.04574096
2017-11-26 00:05:57,756 - INFO - Sell Target: 0.0457
2017-11-26 00:05:57,756 - DEBUG - diff: -0.006535
2017-11-26 00:05:57,756 - INFO - Price Difference from Base: -0.6535%
2017-11-26 00:05:57,756 - DEBUG - Calculating loop time.
2017-11-26 00:05:57,757 - DEBUG - diff <= 0
2017-11-26 00:05:57,757 - DEBUG - lt: 30.00
2017-11-26 00:05:57,757 - INFO - Trade loop complete. Sleeping for 30.00 seconds.
2017-11-26 00:05:57,757 - INFO - --------------------
2017-11-26 00:06:20,568 - INFO - Exit signal received.
2017-11-26 00:06:20,568 - INFO - Mongo write errors: 0
2017-11-26 00:06:20,568 - INFO - Buy trades skipped: 0
2017-11-26 00:06:20,568 - INFO - Sell trades skipped: 0
2017-11-26 00:06:20,568 - INFO - CSV write errors: 0
