2017-11-26 18:35:03,878 - DEBUG - Parsing arguments.
2017-11-26 18:35:03,879 - DEBUG - Activated debug logging.
2017-11-26 18:35:03,879 - DEBUG - clean_collections: True
2017-11-26 18:35:03,879 - DEBUG - trade_amount: 1.00
2017-11-26 18:35:03,879 - DEBUG - amount_dynamic: True
2017-11-26 18:35:03,880 - DEBUG - trade_proportion_initial: 0.05
2017-11-26 18:35:03,880 - DEBUG - trade_usdt_max: 1.00
2017-11-26 18:35:03,880 - DEBUG - profit_threshold: 0.05
2017-11-26 18:35:03,881 - DEBUG - loop_time: 20
2017-11-26 18:35:03,881 - DEBUG - loop_dynamic: True
2017-11-26 18:35:03,882 - DEBUG - live_trading: True
2017-11-26 18:35:03,882 - DEBUG - csv_logging: True
2017-11-26 18:35:03,882 - DEBUG - telegram_active: True
2017-11-26 18:35:03,882 - DEBUG - mongo_alt: False
2017-11-26 18:35:03,954 - INFO - MongoDB running.
2017-11-26 18:35:03,957 - INFO - Using default MongoDB database "lorenzbot".
2017-11-26 18:35:03,957 - WARNING - Option to delete all existing collections selected.
2017-11-26 18:35:06,523 - INFO - Confirmed. Deleting all collections
2017-11-26 18:35:06,531 - INFO - Dropping all collections from database.
2017-11-26 18:35:06,730 - DEBUG - Dropped collection: 11262017_181137
2017-11-26 18:35:06,730 - INFO - Process complete. Restart program without boolean switch.
