2017-11-26 21:08:00,935 - DEBUG - Parsing arguments.
2017-11-26 21:08:00,936 - DEBUG - Activated debug logging.
2017-11-26 21:08:00,937 - DEBUG - clean_logs: True
2017-11-26 21:08:00,937 - DEBUG - trade_amount: 1.00
2017-11-26 21:08:00,937 - DEBUG - amount_dynamic: True
2017-11-26 21:08:00,937 - DEBUG - trade_proportion_initial: 0.05
2017-11-26 21:08:00,937 - DEBUG - trade_usdt_max: 1.00
2017-11-26 21:08:00,938 - DEBUG - profit_threshold: 0.05
2017-11-26 21:08:00,938 - DEBUG - loop_time: 20
2017-11-26 21:08:00,938 - DEBUG - loop_dynamic: True
2017-11-26 21:08:00,938 - DEBUG - live_trading: True
2017-11-26 21:08:00,938 - DEBUG - csv_logging: True
2017-11-26 21:08:00,939 - DEBUG - telegram_active: True
2017-11-26 21:08:00,939 - DEBUG - mongo_alt: False
2017-11-26 21:08:00,962 - INFO - MongoDB running.
2017-11-26 21:08:00,964 - INFO - Using default MongoDB database "lorenzbot".
2017-11-26 21:08:00,964 - WARNING - Option to delete all existing collections and csv trade log selected.
2017-11-26 21:08:06,291 - INFO - Confirmed. Deleting all collections and csv trade log.
2017-11-26 21:08:06,292 - INFO - Dropping all collections from database.
2017-11-26 21:08:06,315 - DEBUG - Dropped collection: 11262017_195515
2017-11-26 21:08:06,315 - INFO - Process complete. Restart program without boolean switch.
2017-11-26 21:08:06,316 - INFO - No csv log found to archive.
