2017-11-26 18:11:02,816 - DEBUG - Parsing arguments.
2017-11-26 18:11:02,817 - DEBUG - Activated debug logging.
2017-11-26 18:11:02,817 - DEBUG - clean_collections: False
2017-11-26 18:11:02,817 - DEBUG - trade_amount: 1.00
2017-11-26 18:11:02,818 - DEBUG - amount_dynamic: True
2017-11-26 18:11:02,818 - DEBUG - trade_proportion_initial: 0.05
2017-11-26 18:11:02,818 - DEBUG - trade_usdt_max: 1.00
2017-11-26 18:11:02,818 - DEBUG - profit_threshold: 0.05
2017-11-26 18:11:02,819 - DEBUG - loop_time: 20
2017-11-26 18:11:02,819 - DEBUG - loop_dynamic: True
2017-11-26 18:11:02,819 - DEBUG - live_trading: True
2017-11-26 18:11:02,819 - DEBUG - csv_logging: True
2017-11-26 18:11:02,819 - DEBUG - telegram_active: True
2017-11-26 18:11:02,819 - DEBUG - mongo_alt: False
2017-11-26 18:11:02,845 - INFO - MongoDB running.
2017-11-26 18:11:02,846 - INFO - Dynamic trade amount calculation activated.
2017-11-26 18:11:02,846 - INFO - Dynamic loop time calculation activated. Base loop time set to 20 seconds.
2017-11-26 18:11:02,846 - INFO - CSV log file path: logs/lorenzbot_log_11262017-181102.csv
2017-11-26 18:11:02,847 - INFO - Telegram logging active. Send "/connect" to @lorenzbot_bot to receive alerts.
2017-11-26 18:11:02,849 - INFO - Using default MongoDB database "lorenzbot".
2017-11-26 18:11:02,858 - INFO - Found existing collection: 11252017_175331
2017-11-26 18:11:02,859 - INFO - Found Telegram config file.
2017-11-26 18:11:02,860 - DEBUG - telegram_token: 411687950:AAFOIzovAmjDoy_0qJeBfdtzTFkM74BI0Fs
2017-11-26 18:11:02,862 - INFO - Found Poloniex config file.
2017-11-26 18:11:02,864 - WARNING - Live trading ENABLED.
2017-11-26 18:11:03,302 - INFO - Current Maker Fee: 0.1500%
2017-11-26 18:11:03,302 - INFO - Current Taker Fee: 0.2500%
2017-11-26 18:11:03,619 - INFO - Balance STR:  10.0876
2017-11-26 18:11:03,619 - INFO - Balance USDT: 21.3716
2017-11-26 18:11:03,620 - INFO - Collection not empty. Calculating USDT amount remaining for trading.
2017-11-26 18:11:03,620 - DEBUG - Initial STR balance > 0.
2017-11-26 18:11:03,622 - DEBUG - trade_total[spent]: 1.06071149
2017-11-26 18:11:03,622 - DEBUG - trade_usdt_remaining: -0.06
2017-11-26 18:11:03,623 - INFO - Tradable USDT Remaining: -0.06
2017-11-26 18:11:03,623 - ERROR - Trade amount remaining less than 0. Try cleaning collections or setting a higher max trade value. Exiting.
