2017-11-26 18:38:56,055 - DEBUG - Parsing arguments.
2017-11-26 18:38:56,055 - DEBUG - Activated debug logging.
2017-11-26 18:38:56,056 - DEBUG - clean_collections: True
2017-11-26 18:38:56,056 - DEBUG - trade_amount: 1.00
2017-11-26 18:38:56,056 - DEBUG - amount_dynamic: True
2017-11-26 18:38:56,056 - DEBUG - trade_proportion_initial: 0.05
2017-11-26 18:38:56,056 - DEBUG - trade_usdt_max: 1.00
2017-11-26 18:38:56,057 - DEBUG - profit_threshold: 0.05
2017-11-26 18:38:56,057 - DEBUG - loop_time: 20
2017-11-26 18:38:56,057 - DEBUG - loop_dynamic: True
2017-11-26 18:38:56,057 - DEBUG - live_trading: True
2017-11-26 18:38:56,057 - DEBUG - csv_logging: True
2017-11-26 18:38:56,057 - DEBUG - telegram_active: True
2017-11-26 18:38:56,057 - DEBUG - mongo_alt: False
2017-11-26 18:38:56,087 - INFO - MongoDB running.
2017-11-26 18:38:56,089 - INFO - Using default MongoDB database "lorenzbot".
2017-11-26 18:38:56,089 - WARNING - Option to delete all existing collections selected.
2017-11-26 18:38:59,883 - INFO - Confirmed. Deleting all collections
2017-11-26 18:38:59,883 - INFO - Dropping all collections from database.
2017-11-26 18:38:59,896 - DEBUG - Dropped collection: 11262017_183840
2017-11-26 18:38:59,896 - INFO - Process complete. Restart program without boolean switch.
