2017-11-27 18:46:49,221 - DEBUG - Parsing arguments.
2017-11-27 18:46:49,221 - DEBUG - Activated debug logging.
2017-11-27 18:46:49,222 - DEBUG - clean_logs: False
2017-11-27 18:46:49,222 - DEBUG - trade_amount: 1.00
2017-11-27 18:46:49,222 - DEBUG - amount_dynamic: True
2017-11-27 18:46:49,223 - DEBUG - trade_proportion_initial: 0.05
2017-11-27 18:46:49,223 - DEBUG - trade_usdt_max: 1.00
2017-11-27 18:46:49,223 - DEBUG - profit_threshold: 0.05
2017-11-27 18:46:49,223 - DEBUG - loop_time: 30
2017-11-27 18:46:49,224 - DEBUG - loop_dynamic: True
2017-11-27 18:46:49,224 - DEBUG - live_trading: True
2017-11-27 18:46:49,224 - DEBUG - csv_logging: True
2017-11-27 18:46:49,224 - DEBUG - telegram_active: True
2017-11-27 18:46:49,224 - DEBUG - mongo_alt: False
2017-11-27 18:46:49,305 - INFO - MongoDB running.
2017-11-27 18:46:49,317 - INFO - Using default MongoDB database "lorenzbot".
2017-11-27 18:46:49,320 - INFO - Dynamic trade amount calculation activated.
2017-11-27 18:46:49,320 - INFO - Dynamic loop time calculation activated. Base loop time set to 30 seconds.
2017-11-27 18:46:49,322 - INFO - CSV logging activated.
2017-11-27 18:46:49,323 - DEBUG - CSV log file path: logs/lorezbot_log.csv
2017-11-27 18:46:49,323 - INFO - Telegram logging active. Send "/connect" to @lorenzbot_bot to receive alerts.
2017-11-27 18:46:49,334 - INFO - No collections found in database. Creating new.
2017-11-27 18:46:50,111 - INFO - Created new collection: 11272017_184649
2017-11-27 18:46:50,112 - INFO - Found Telegram config file.
2017-11-27 18:46:50,134 - DEBUG - telegram_token: 411687950:AAFOIzovAmjDoy_0qJeBfdtzTFkM74BI0Fs
2017-11-27 18:46:50,137 - INFO - Found Poloniex config file.
2017-11-27 18:46:50,159 - WARNING - Live trading ENABLED.
2017-11-27 18:46:50,995 - INFO - Current Maker Fee: 0.1500%
2017-11-27 18:46:50,995 - INFO - Current Taker Fee: 0.2500%
2017-11-27 18:46:53,150 - INFO - Balance STR:  181.7471
2017-11-27 18:46:53,150 - INFO - Balance USDT: 13.9030
2017-11-27 18:46:53,152 - DEBUG - No documents found in collection. Setting total to 0.
2017-11-27 18:46:53,152 - DEBUG - trade_total[bought]: 0.00000000
2017-11-27 18:46:53,152 - INFO - Total STR Bought: 0.0000
2017-11-27 18:46:53,153 - DEBUG - No documents found in collection. Setting total to 0.
2017-11-27 18:46:53,153 - DEBUG - trade_total[spent]: 0.00000000
2017-11-27 18:46:53,153 - INFO - Total USDT Spent: 0.0000
2017-11-27 18:46:53,155 - INFO - Total Buy Count: 0
2017-11-27 18:46:53,156 - DEBUG - No documents found in collection. Setting total to 0.
2017-11-27 18:46:53,157 - DEBUG - trade_total[bought]: 0.00000000
2017-11-27 18:46:53,157 - DEBUG - No documents found in collection. Setting total to 0.
2017-11-27 18:46:53,158 - DEBUG - trade_total[spent]: 0.00000000
2017-11-27 18:46:53,158 - DEBUG - trade_usdt_remaining: 1.0000
2017-11-27 18:46:53,158 - DEBUG - trade_usdt_remaining: 1.00
2017-11-27 18:46:53,158 - INFO - Tradable USDT Remaining: 1.00
2017-11-27 18:46:53,370 - DEBUG - Reverse lookup (amount) in calc_limit_price().
2017-11-27 18:46:53,370 - DEBUG - actual: 16.94921000
2017-11-27 18:46:53,370 - DEBUG - book_tot: 0.00
2017-11-27 18:46:53,370 - DEBUG - calc_limit_price() successful within limits (depth=40).
2017-11-27 18:46:53,371 - DEBUG - Adding fees to calc_limit_price() return value.
2017-11-27 18:46:53,371 - DEBUG - [buy]price_actual[+FEES]: 16.99158302
2017-11-27 18:46:53,371 - DEBUG - buy_amount_max: 16.99158302
