2017-11-27 18:46:32,218 - DEBUG - Parsing arguments.
2017-11-27 18:46:32,223 - DEBUG - Activated debug logging.
2017-11-27 18:46:32,224 - DEBUG - clean_logs: True
2017-11-27 18:46:32,224 - DEBUG - trade_amount: 1.00
2017-11-27 18:46:32,224 - DEBUG - amount_dynamic: True
2017-11-27 18:46:32,224 - DEBUG - trade_proportion_initial: 0.05
2017-11-27 18:46:32,225 - DEBUG - trade_usdt_max: 1.00
2017-11-27 18:46:32,225 - DEBUG - profit_threshold: 0.05
2017-11-27 18:46:32,225 - DEBUG - loop_time: 30
2017-11-27 18:46:32,225 - DEBUG - loop_dynamic: True
2017-11-27 18:46:32,226 - DEBUG - live_trading: True
2017-11-27 18:46:32,226 - DEBUG - csv_logging: True
2017-11-27 18:46:32,226 - DEBUG - telegram_active: True
2017-11-27 18:46:32,226 - DEBUG - mongo_alt: False
2017-11-27 18:46:32,252 - INFO - MongoDB running.
2017-11-27 18:46:32,256 - INFO - Using default MongoDB database "lorenzbot".
2017-11-27 18:46:32,258 - WARNING - Selected option to delete existing collections and archive current csv trade log.
2017-11-27 18:46:35,494 - INFO - Confirmed. Deleting all collections and csv trade log.
2017-11-27 18:46:35,494 - INFO - Dropping all collections from database.
2017-11-27 18:46:35,575 - DEBUG - Dropped collection: 11272017_184423
2017-11-27 18:46:35,575 - INFO - Process complete. Restart program without boolean switch.
2017-11-27 18:46:35,576 - INFO - No csv log found to archive.
