2017-11-27 18:44:13,518 - DEBUG - Parsing arguments.
2017-11-27 18:44:13,520 - DEBUG - Activated debug logging.
2017-11-27 18:44:13,521 - DEBUG - clean_logs: True
2017-11-27 18:44:13,521 - DEBUG - trade_amount: 1.00
2017-11-27 18:44:13,521 - DEBUG - amount_dynamic: True
2017-11-27 18:44:13,521 - DEBUG - trade_proportion_initial: 0.05
2017-11-27 18:44:13,521 - DEBUG - trade_usdt_max: 1.00
2017-11-27 18:44:13,521 - DEBUG - profit_threshold: 0.05
2017-11-27 18:44:13,522 - DEBUG - loop_time: 30
2017-11-27 18:44:13,522 - DEBUG - loop_dynamic: True
2017-11-27 18:44:13,522 - DEBUG - live_trading: True
2017-11-27 18:44:13,522 - DEBUG - csv_logging: True
2017-11-27 18:44:13,525 - DEBUG - telegram_active: True
2017-11-27 18:44:13,526 - DEBUG - mongo_alt: False
2017-11-27 18:44:13,551 - INFO - MongoDB running.
2017-11-27 18:44:13,565 - INFO - Using default MongoDB database "lorenzbot".
2017-11-27 18:44:13,565 - WARNING - Selected option to delete existing collections and archive current csv trade log.
2017-11-27 18:44:19,206 - INFO - Confirmed. Deleting all collections and csv trade log.
2017-11-27 18:44:19,206 - INFO - Dropping all collections from database.
2017-11-27 18:44:19,395 - DEBUG - Dropped collection: 11272017_045658
2017-11-27 18:44:19,396 - INFO - Process complete. Restart program without boolean switch.
2017-11-27 18:44:19,396 - INFO - Archiving old csv trade log.
