2017-11-27 18:49:10,261 - DEBUG - Parsing arguments.
2017-11-27 18:49:10,262 - DEBUG - Activated debug logging.
2017-11-27 18:49:10,262 - DEBUG - clean_logs: False
2017-11-27 18:49:10,263 - DEBUG - trade_amount: 1.00
2017-11-27 18:49:10,264 - DEBUG - amount_dynamic: True
2017-11-27 18:49:10,265 - DEBUG - trade_proportion_initial: 0.05
2017-11-27 18:49:10,265 - DEBUG - trade_usdt_max: 1.00
2017-11-27 18:49:10,266 - DEBUG - profit_threshold: 0.05
2017-11-27 18:49:10,266 - DEBUG - loop_time: 30
2017-11-27 18:49:10,267 - DEBUG - loop_dynamic: True
2017-11-27 18:49:10,267 - DEBUG - live_trading: True
2017-11-27 18:49:10,267 - DEBUG - csv_logging: True
2017-11-27 18:49:10,267 - DEBUG - telegram_active: True
2017-11-27 18:49:10,269 - DEBUG - mongo_alt: False
2017-11-27 18:49:10,293 - INFO - MongoDB running.
2017-11-27 18:49:10,307 - INFO - Using default MongoDB database "lorenzbot".
2017-11-27 18:49:10,307 - INFO - Dynamic trade amount calculation activated.
2017-11-27 18:49:10,308 - INFO - Dynamic loop time calculation activated. Base loop time set to 30 seconds.
2017-11-27 18:49:10,309 - INFO - CSV logging activated.
2017-11-27 18:49:10,309 - DEBUG - CSV log file path: logs/lorezbot_log.csv
2017-11-27 18:49:10,309 - INFO - Telegram logging active. Send "/connect" to @lorenzbot_bot to receive alerts.
2017-11-27 18:49:10,316 - INFO - Found existing collection: 11272017_184825
2017-11-27 18:49:10,317 - INFO - Found Telegram config file.
2017-11-27 18:49:10,330 - DEBUG - telegram_token: 411687950:AAFOIzovAmjDoy_0qJeBfdtzTFkM74BI0Fs
2017-11-27 18:49:10,338 - INFO - Found Poloniex config file.
2017-11-27 18:49:10,377 - WARNING - Live trading ENABLED.
2017-11-27 18:49:11,093 - INFO - Current Maker Fee: 0.1500%
2017-11-27 18:49:11,094 - INFO - Current Taker Fee: 0.2500%
2017-11-27 18:49:11,580 - INFO - Balance STR:  182.5925
2017-11-27 18:49:11,580 - INFO - Balance USDT: 13.8530
2017-11-27 18:49:11,584 - DEBUG - agg: [{'_id': None, 'total_bought': 0.845341838775}]
2017-11-27 18:49:11,584 - DEBUG - trade_total[bought]: 0.84534184
2017-11-27 18:49:11,585 - INFO - Total STR Bought: 0.8453
2017-11-27 18:49:11,586 - DEBUG - trade_total[spent]: 0.04987500
2017-11-27 18:49:11,587 - INFO - Total USDT Spent: 0.0499
2017-11-27 18:49:11,589 - INFO - Total Buy Count: 1
2017-11-27 18:49:11,591 - DEBUG - agg: [{'_id': None, 'total_bought': 0.845341838775}]
2017-11-27 18:49:11,591 - DEBUG - trade_total[bought]: 0.84534184
2017-11-27 18:49:11,593 - DEBUG - trade_total[spent]: 0.04987500
2017-11-27 18:49:11,593 - DEBUG - trade_usdt_remaining: 0.9501
2017-11-27 18:49:11,593 - DEBUG - trade_usdt_remaining: 0.95
2017-11-27 18:49:11,593 - INFO - Tradable USDT Remaining: 0.95
2017-11-27 18:49:11,825 - DEBUG - Reverse lookup (amount) in calc_limit_price().
2017-11-27 18:49:11,826 - DEBUG - actual: 16.10387362
2017-11-27 18:49:11,827 - DEBUG - book_tot: 0.00
2017-11-27 18:49:11,827 - DEBUG - calc_limit_price() successful within limits (depth=40).
2017-11-27 18:49:11,827 - DEBUG - Adding fees to calc_limit_price() return value.
2017-11-27 18:49:11,828 - DEBUG - [buy]price_actual[+FEES]: 16.14413330
2017-11-27 18:49:11,828 - DEBUG - buy_amount_max: 16.14413330
2017-11-27 18:49:11,829 - DEBUG - verify_initial: True
2017-11-27 18:49:11,829 - INFO - Initial balance/trade log amounts verified.
2017-11-27 18:49:11,830 - INFO - ----[LOOP START]----
2017-11-27 18:49:11,830 - DEBUG - Entering base_price calculation.
2017-11-27 18:49:11,832 - DEBUG - db[coll_current].count(): 1
2017-11-27 18:49:11,835 - DEBUG - trade_total[spent]: 0.04987500
2017-11-27 18:49:11,838 - DEBUG - agg: [{'_id': None, 'total_bought': 0.845341838775}]
2017-11-27 18:49:11,838 - DEBUG - trade_total[bought]: 0.84534184
2017-11-27 18:49:11,840 - DEBUG - trade_total[spent]: 0.04987500
2017-11-27 18:49:11,843 - DEBUG - agg: [{'_id': None, 'total_bought': 0.845341838775}]
2017-11-27 18:49:11,843 - DEBUG - trade_total[bought]: 0.84534184
2017-11-27 18:49:11,843 - DEBUG - rate_avg: 0.05899980
2017-11-27 18:49:11,843 - DEBUG - base_price: 0.05899980
2017-11-27 18:49:11,844 - INFO - Base Price: 0.059000
2017-11-27 18:49:11,844 - DEBUG - base_price_target: 0.05885230
2017-11-27 18:49:11,844 - INFO - Base Price Target: 0.058852
2017-11-27 18:49:12,259 - INFO - Balance STR:  182.5925
2017-11-27 18:49:12,259 - INFO - Balance USDT: 13.8530
2017-11-27 18:49:12,274 - DEBUG - agg: [{'_id': None, 'total_bought': 0.845341838775}]
2017-11-27 18:49:12,275 - DEBUG - trade_total[bought]: 0.84534184
2017-11-27 18:49:12,275 - INFO - Total STR Bought: 0.8453
2017-11-27 18:49:12,279 - DEBUG - trade_total[spent]: 0.04987500
2017-11-27 18:49:12,279 - INFO - Total USDT Spent: 0.0499
2017-11-27 18:49:12,280 - INFO - Total Buy Count: 1
2017-11-27 18:49:12,282 - DEBUG - agg: [{'_id': None, 'total_bought': 0.845341838775}]
2017-11-27 18:49:12,283 - DEBUG - trade_total[bought]: 0.84534184
2017-11-27 18:49:12,285 - DEBUG - trade_total[spent]: 0.04987500
2017-11-27 18:49:12,285 - DEBUG - trade_usdt_remaining: 0.9501
2017-11-27 18:49:12,286 - DEBUG - trade_usdt_remaining: 0.95
2017-11-27 18:49:12,286 - INFO - Tradable USDT Remaining: 0.95
2017-11-27 18:49:12,417 - DEBUG - Reverse lookup (amount) in calc_limit_price().
2017-11-27 18:49:12,418 - DEBUG - actual: 16.10387362
2017-11-27 18:49:12,418 - DEBUG - book_tot: 0.00
2017-11-27 18:49:12,418 - DEBUG - calc_limit_price() successful within limits (depth=40).
2017-11-27 18:49:12,418 - DEBUG - Adding fees to calc_limit_price() return value.
2017-11-27 18:49:12,418 - DEBUG - [buy]price_actual[+FEES]: 16.14413330
2017-11-27 18:49:12,418 - DEBUG - buy_amount_max: 16.14413330
2017-11-27 18:49:12,419 - DEBUG - trade_check_ready: True
2017-11-27 18:49:12,661 - DEBUG - Regular lookup (price) in calc_limit_price().
2017-11-27 18:49:12,661 - DEBUG - actual: 0.05899978
2017-11-27 18:49:12,661 - DEBUG - book_tot: 23326.30
2017-11-27 18:49:12,662 - DEBUG - actual: 0.05899978
2017-11-27 18:49:12,662 - DEBUG - book_tot: 23326.30
2017-11-27 18:49:12,662 - DEBUG - calc_limit_price() successful within limits (depth=40).
2017-11-27 18:49:12,662 - DEBUG - Adding fees to calc_limit_price() return value.
2017-11-27 18:49:12,662 - DEBUG - [buy]price_actual[+FEES]: 0.05914728
2017-11-27 18:49:12,662 - DEBUG - diff: -0.005012
2017-11-27 18:49:12,663 - INFO - Price Difference from Base: -0.5012%
2017-11-27 18:49:12,663 - DEBUG - Calculating trade amount.
2017-11-27 18:49:12,663 - DEBUG - diff < 0 -- Using default trade amount.
2017-11-27 18:49:12,663 - DEBUG - buy_amount_current: 0.84746079
2017-11-27 18:49:12,663 - INFO - Current Buy Amount: 0.8475
2017-11-27 18:49:12,887 - DEBUG - Regular lookup (price) in calc_limit_price().
2017-11-27 18:49:12,888 - DEBUG - actual: 0.05899978
2017-11-27 18:49:12,888 - DEBUG - book_tot: 23326.30
2017-11-27 18:49:12,888 - DEBUG - actual: 0.05899978
2017-11-27 18:49:12,888 - DEBUG - book_tot: 23326.30
2017-11-27 18:49:12,888 - DEBUG - calc_limit_price() successful within limits (depth=40).
2017-11-27 18:49:12,888 - DEBUG - Adding fees to calc_limit_price() return value.
2017-11-27 18:49:12,888 - DEBUG - [buy]price_actual[+FEES]: 0.05914728
2017-11-27 18:49:12,889 - DEBUG - low_ask_actual: 0.05914728
2017-11-27 18:49:12,889 - INFO - Low Ask (Actual): 0.0591
2017-11-27 18:49:12,890 - DEBUG - agg: [{'_id': None, 'total_bought': 0.845341838775}]
2017-11-27 18:49:12,890 - DEBUG - trade_total[bought]: 0.84534184
2017-11-27 18:49:12,891 - DEBUG - sell_amount_current: 0.84534184
2017-11-27 18:49:12,891 - INFO - Current Sell Amount: 0.8453
2017-11-27 18:49:13,018 - DEBUG - Regular lookup (price) in calc_limit_price().
2017-11-27 18:49:13,019 - DEBUG - actual: 0.05864000
2017-11-27 18:49:13,020 - DEBUG - book_tot: 45.97
2017-11-27 18:49:13,020 - DEBUG - actual: 0.05864000
2017-11-27 18:49:13,021 - DEBUG - book_tot: 45.97
2017-11-27 18:49:13,021 - DEBUG - calc_limit_price() successful within limits (depth=40).
2017-11-27 18:49:13,021 - DEBUG - Adding fees to calc_limit_price() return value.
2017-11-27 18:49:13,022 - DEBUG - [sell]price_actual[+FEES]: 0.05849340
2017-11-27 18:49:13,024 - DEBUG - high_bid_actual: 0.05849340
2017-11-27 18:49:13,026 - INFO - High Bid (Actual): 0.0585
2017-11-27 18:49:13,027 - DEBUG - sell_price_target: 0.06209729
2017-11-27 18:49:13,027 - INFO - Sell Target: 0.0621
2017-11-27 18:49:13,027 - DEBUG - diff: -0.002500
2017-11-27 18:49:13,027 - INFO - Price Difference from Base: -0.2500%
2017-11-27 18:49:13,028 - DEBUG - Calculating loop time.
2017-11-27 18:49:13,028 - DEBUG - diff <= 0
2017-11-27 18:49:13,028 - DEBUG - lt: 30.00
2017-11-27 18:49:13,028 - INFO - Trade loop complete. Sleeping for 30.00 seconds.
2017-11-27 18:49:13,028 - INFO - ----[LOOP END]----
2017-11-27 18:49:15,744 - INFO - Exit signal received.
2017-11-27 18:49:15,745 - INFO - Mongo write errors: 0
2017-11-27 18:49:15,745 - INFO - Buy trades skipped: 0
2017-11-27 18:49:15,745 - INFO - Buy trades failed: 0
2017-11-27 18:49:15,745 - INFO - Sell trades skipped: 0
2017-11-27 18:49:15,745 - INFO - Sell trades failed: 0
2017-11-27 18:49:15,745 - INFO - CSV write errors: 0
