2017-11-27 18:48:18,767 - DEBUG - Parsing arguments.
2017-11-27 18:48:18,767 - DEBUG - Activated debug logging.
2017-11-27 18:48:18,768 - DEBUG - clean_logs: True
2017-11-27 18:48:18,768 - DEBUG - trade_amount: 1.00
2017-11-27 18:48:18,768 - DEBUG - amount_dynamic: True
2017-11-27 18:48:18,768 - DEBUG - trade_proportion_initial: 0.05
2017-11-27 18:48:18,768 - DEBUG - trade_usdt_max: 1.00
2017-11-27 18:48:18,769 - DEBUG - profit_threshold: 0.05
2017-11-27 18:48:18,769 - DEBUG - loop_time: 30
2017-11-27 18:48:18,769 - DEBUG - loop_dynamic: True
2017-11-27 18:48:18,769 - DEBUG - live_trading: True
2017-11-27 18:48:18,770 - DEBUG - csv_logging: True
2017-11-27 18:48:18,770 - DEBUG - telegram_active: True
2017-11-27 18:48:18,770 - DEBUG - mongo_alt: False
2017-11-27 18:48:18,799 - INFO - MongoDB running.
2017-11-27 18:48:18,802 - INFO - Using default MongoDB database "lorenzbot".
2017-11-27 18:48:18,802 - WARNING - Selected option to delete existing collections and archive current csv trade log.
2017-11-27 18:48:19,496 - INFO - Confirmed. Deleting all collections and csv trade log.
2017-11-27 18:48:19,496 - INFO - Dropping all collections from database.
2017-11-27 18:48:19,561 - DEBUG - Dropped collection: 11272017_184741
2017-11-27 18:48:19,561 - INFO - Process complete. Restart program without boolean switch.
2017-11-27 18:48:19,561 - INFO - No csv log found to archive.
