2017-11-27 04:58:54,119 - DEBUG - Parsing arguments.
2017-11-27 04:58:54,120 - DEBUG - clean_logs: False
2017-11-27 04:58:54,120 - DEBUG - trade_amount: 1.00
2017-11-27 04:58:54,120 - DEBUG - amount_dynamic: True
2017-11-27 04:58:54,120 - DEBUG - trade_proportion_initial: 0.05
2017-11-27 04:58:54,120 - DEBUG - trade_usdt_max: 1.00
2017-11-27 04:58:54,120 - DEBUG - profit_threshold: 0.05
2017-11-27 04:58:54,120 - DEBUG - loop_time: 20
2017-11-27 04:58:54,120 - DEBUG - loop_dynamic: True
2017-11-27 04:58:54,121 - DEBUG - live_trading: True
2017-11-27 04:58:54,121 - DEBUG - csv_logging: True
2017-11-27 04:58:54,121 - DEBUG - telegram_active: True
2017-11-27 04:58:54,121 - DEBUG - mongo_alt: False
2017-11-27 04:58:54,145 - INFO - MongoDB running.
2017-11-27 04:58:54,147 - INFO - Using default MongoDB database "lorenzbot".
2017-11-27 04:58:54,148 - INFO - Dynamic trade amount calculation activated.
2017-11-27 04:58:54,148 - INFO - Dynamic loop time calculation activated. Base loop time set to 20 seconds.
2017-11-27 04:58:54,148 - INFO - CSV logging activated.
2017-11-27 04:58:54,148 - DEBUG - CSV log file path: logs/lorezbot_log.csv
2017-11-27 04:58:54,148 - INFO - Telegram logging active. Send "/connect" to @lorenzbot_bot to receive alerts.
2017-11-27 04:58:54,153 - INFO - Found existing collection: 11272017_045658
2017-11-27 04:58:54,153 - INFO - Found Telegram config file.
2017-11-27 04:58:54,154 - DEBUG - telegram_token: 411687950:AAFOIzovAmjDoy_0qJeBfdtzTFkM74BI0Fs
2017-11-27 04:58:54,158 - INFO - Found Poloniex config file.
2017-11-27 04:58:54,159 - WARNING - Live trading ENABLED.
2017-11-27 04:58:54,520 - INFO - Current Maker Fee: 0.1500%
2017-11-27 04:58:54,520 - INFO - Current Taker Fee: 0.2500%
2017-11-27 04:58:54,843 - INFO - Balance STR:  433.3647
2017-11-27 04:58:54,844 - INFO - Balance USDT: 0.5813
2017-11-27 04:58:54,845 - DEBUG - agg: [{'_id': None, 'total_bought': 0.9975001995}]
2017-11-27 04:58:54,846 - DEBUG - trade_total[bought]: 0.99750020
2017-11-27 04:58:54,846 - INFO - Total STR Bought: 0.9975
2017-11-27 04:58:54,848 - DEBUG - trade_total[spent]: 0.04987500
2017-11-27 04:58:54,848 - INFO - Total USDT Spent: 0.0499
2017-11-27 04:58:54,849 - INFO - Total Buy Count: 1
2017-11-27 04:58:54,851 - INFO - Collection not empty. Calculating USDT amount remaining for trading.
2017-11-27 04:58:54,853 - DEBUG - agg: [{'_id': None, 'total_bought': 0.9975001995}]
2017-11-27 04:58:54,854 - DEBUG - trade_total[bought]: 0.99750020
2017-11-27 04:58:54,855 - DEBUG - trade_total[spent]: 0.04987500
2017-11-27 04:58:54,855 - DEBUG - trade_usdt_remaining: 0.9501
2017-11-27 04:58:54,856 - WARNING - USDT balance less than remaining USDT amount allotted for trading. Adjusting allotment to available balance.
2017-11-27 04:58:54,860 - DEBUG - trade_total[spent]: 0.04987500
2017-11-27 04:58:54,862 - DEBUG - trade_total[spent]: 0.04987500
2017-11-27 04:58:54,862 - DEBUG - [ADJUSTED]trade_usdt_remaining: 0.5813
2017-11-27 04:58:54,862 - INFO - Remaining Tradable USDT Balance Adjusted: 0.5813
2017-11-27 04:58:54,863 - DEBUG - trade_usdt_remaining: 0.58
2017-11-27 04:58:54,863 - INFO - Tradable USDT Remaining: 0.58
2017-11-27 04:58:54,863 - INFO - --------------------
2017-11-27 04:58:54,863 - DEBUG - Entering base_price calculation.
2017-11-27 04:58:54,864 - DEBUG - db[coll_current].count(): 1
2017-11-27 04:58:54,866 - DEBUG - trade_total[spent]: 0.04987500
2017-11-27 04:58:54,867 - DEBUG - agg: [{'_id': None, 'total_bought': 0.9975001995}]
2017-11-27 04:58:54,868 - DEBUG - trade_total[bought]: 0.99750020
2017-11-27 04:58:54,869 - DEBUG - trade_total[spent]: 0.04987500
2017-11-27 04:58:54,870 - DEBUG - agg: [{'_id': None, 'total_bought': 0.9975001995}]
2017-11-27 04:58:54,870 - DEBUG - trade_total[bought]: 0.99750020
2017-11-27 04:58:54,870 - DEBUG - rate_avg: 0.04999999
2017-11-27 04:58:54,870 - DEBUG - base_price: 0.04999999
2017-11-27 04:58:54,870 - INFO - Base Price: 0.050000
2017-11-27 04:58:54,870 - DEBUG - base_price_target: 0.04987499
2017-11-27 04:58:54,871 - INFO - Base Price Target: 0.049875
2017-11-27 04:58:55,207 - INFO - Balance STR:  433.3647
2017-11-27 04:58:55,207 - INFO - Balance USDT: 0.5813
2017-11-27 04:58:55,209 - DEBUG - agg: [{'_id': None, 'total_bought': 0.9975001995}]
2017-11-27 04:58:55,209 - DEBUG - trade_total[bought]: 0.99750020
2017-11-27 04:58:55,209 - INFO - Total STR Bought: 0.9975
2017-11-27 04:58:55,211 - DEBUG - trade_total[spent]: 0.04987500
2017-11-27 04:58:55,211 - INFO - Total USDT Spent: 0.0499
2017-11-27 04:58:55,212 - INFO - Total Buy Count: 1
2017-11-27 04:58:55,213 - DEBUG - agg: [{'_id': None, 'total_bought': 0.9975001995}]
2017-11-27 04:58:55,214 - DEBUG - trade_total[bought]: 0.99750020
2017-11-27 04:58:55,215 - DEBUG - trade_total[spent]: 0.04987500
2017-11-27 04:58:55,215 - DEBUG - trade_usdt_remaining: 0.5813
2017-11-27 04:58:55,462 - DEBUG - Regular lookup (price) in calc_limit_price().
2017-11-27 04:58:55,462 - DEBUG - actual: 0.04998000
2017-11-27 04:58:55,462 - DEBUG - book_tot: 17368.67
2017-11-27 04:58:55,462 - DEBUG - actual: 0.04998000
2017-11-27 04:58:55,462 - DEBUG - book_tot: 17368.67
2017-11-27 04:58:55,462 - DEBUG - calc_limit_price() successful within limits (depth=40).
2017-11-27 04:58:55,462 - DEBUG - Adding fees to calc_limit_price() return value.
2017-11-27 04:58:55,463 - DEBUG - [buy]price_actual[+FEES]: 0.05010495
2017-11-27 04:58:55,463 - DEBUG - diff: -0.004611
2017-11-27 04:58:55,463 - INFO - Price Difference from Base: -0.4611%
2017-11-27 04:58:55,463 - DEBUG - Calculating trade amount.
2017-11-27 04:58:55,463 - DEBUG - diff < 0 - Using default trade amount.
2017-11-27 04:58:55,463 - DEBUG - buy_amount_current: 1.00040016
2017-11-27 04:58:55,463 - INFO - Current Buy Amount: 1.0004
2017-11-27 04:58:55,681 - DEBUG - Regular lookup (price) in calc_limit_price().
2017-11-27 04:58:55,681 - DEBUG - actual: 0.04998000
2017-11-27 04:58:55,681 - DEBUG - book_tot: 17368.67
2017-11-27 04:58:55,681 - DEBUG - actual: 0.04998000
2017-11-27 04:58:55,681 - DEBUG - book_tot: 17368.67
2017-11-27 04:58:55,681 - DEBUG - calc_limit_price() successful within limits (depth=40).
2017-11-27 04:58:55,682 - DEBUG - Adding fees to calc_limit_price() return value.
2017-11-27 04:58:55,682 - DEBUG - [buy]price_actual[+FEES]: 0.05010495
2017-11-27 04:58:55,682 - DEBUG - low_ask_actual: 0.05010495
2017-11-27 04:58:55,682 - INFO - Low Ask (Actual): 0.0501
2017-11-27 04:58:55,684 - DEBUG - agg: [{'_id': None, 'total_bought': 0.9975001995}]
2017-11-27 04:58:55,684 - DEBUG - trade_total[bought]: 0.99750020
2017-11-27 04:58:55,684 - DEBUG - sell_amount_current: 0.99750020
2017-11-27 04:58:55,684 - INFO - Current Sell Amount: 0.9975
2017-11-27 04:58:55,911 - DEBUG - Regular lookup (price) in calc_limit_price().
2017-11-27 04:58:55,911 - DEBUG - actual: 0.04990000
2017-11-27 04:58:55,911 - DEBUG - book_tot: 22630.00
2017-11-27 04:58:55,911 - DEBUG - actual: 0.04990000
2017-11-27 04:58:55,911 - DEBUG - book_tot: 22630.00
2017-11-27 04:58:55,911 - DEBUG - calc_limit_price() successful within limits (depth=40).
2017-11-27 04:58:55,911 - DEBUG - Adding fees to calc_limit_price() return value.
2017-11-27 04:58:55,911 - DEBUG - [sell]price_actual[+FEES]: 0.04977525
2017-11-27 04:58:55,912 - DEBUG - high_bid_actual: 0.04977525
2017-11-27 04:58:55,912 - INFO - High Bid (Actual): 0.0498
2017-11-27 04:58:55,912 - DEBUG - sell_price_target: 0.05262499
2017-11-27 04:58:55,912 - INFO - Sell Target: 0.0526
2017-11-27 04:58:55,912 - DEBUG - diff: -0.002099
2017-11-27 04:58:55,912 - INFO - Price Difference from Base: -0.2099%
2017-11-27 04:58:55,912 - DEBUG - Calculating loop time.
2017-11-27 04:58:55,912 - DEBUG - diff <= 0
2017-11-27 04:58:55,913 - DEBUG - lt: 20.00
2017-11-27 04:58:55,913 - DEBUG - skip_trade_check: False
2017-11-27 04:58:55,913 - INFO - Trade loop complete. Sleeping for 20.00 seconds.
2017-11-27 04:58:55,913 - INFO - --------------------
2017-11-27 04:59:15,916 - INFO - --------------------
2017-11-27 04:59:15,917 - DEBUG - Entering base_price calculation.
2017-11-27 04:59:15,918 - DEBUG - db[coll_current].count(): 1
2017-11-27 04:59:15,920 - DEBUG - trade_total[spent]: 0.04987500
2017-11-27 04:59:15,921 - DEBUG - agg: [{'_id': None, 'total_bought': 0.9975001995}]
2017-11-27 04:59:15,921 - DEBUG - trade_total[bought]: 0.99750020
2017-11-27 04:59:15,923 - DEBUG - trade_total[spent]: 0.04987500
2017-11-27 04:59:15,924 - DEBUG - agg: [{'_id': None, 'total_bought': 0.9975001995}]
2017-11-27 04:59:15,924 - DEBUG - trade_total[bought]: 0.99750020
2017-11-27 04:59:15,924 - DEBUG - rate_avg: 0.04999999
2017-11-27 04:59:15,924 - DEBUG - base_price: 0.04999999
2017-11-27 04:59:15,924 - INFO - Base Price: 0.050000
2017-11-27 04:59:15,925 - DEBUG - base_price_target: 0.04987499
2017-11-27 04:59:15,925 - INFO - Base Price Target: 0.049875
2017-11-27 04:59:16,090 - INFO - Balance STR:  433.3647
2017-11-27 04:59:16,090 - INFO - Balance USDT: 0.5813
2017-11-27 04:59:16,092 - DEBUG - agg: [{'_id': None, 'total_bought': 0.9975001995}]
2017-11-27 04:59:16,092 - DEBUG - trade_total[bought]: 0.99750020
2017-11-27 04:59:16,093 - INFO - Total STR Bought: 0.9975
2017-11-27 04:59:16,094 - DEBUG - trade_total[spent]: 0.04987500
2017-11-27 04:59:16,094 - INFO - Total USDT Spent: 0.0499
2017-11-27 04:59:16,095 - INFO - Total Buy Count: 1
2017-11-27 04:59:16,097 - DEBUG - agg: [{'_id': None, 'total_bought': 0.9975001995}]
2017-11-27 04:59:16,097 - DEBUG - trade_total[bought]: 0.99750020
2017-11-27 04:59:16,098 - DEBUG - trade_total[spent]: 0.04987500
2017-11-27 04:59:16,098 - DEBUG - trade_usdt_remaining: 0.5813
2017-11-27 04:59:16,329 - DEBUG - Regular lookup (price) in calc_limit_price().
2017-11-27 04:59:16,329 - DEBUG - actual: 0.04998000
2017-11-27 04:59:16,329 - DEBUG - book_tot: 17368.67
2017-11-27 04:59:16,329 - DEBUG - actual: 0.04998000
2017-11-27 04:59:16,330 - DEBUG - book_tot: 17368.67
2017-11-27 04:59:16,330 - DEBUG - calc_limit_price() successful within limits (depth=40).
2017-11-27 04:59:16,330 - DEBUG - Adding fees to calc_limit_price() return value.
2017-11-27 04:59:16,330 - DEBUG - [buy]price_actual[+FEES]: 0.05010495
2017-11-27 04:59:16,330 - DEBUG - diff: -0.004611
2017-11-27 04:59:16,330 - INFO - Price Difference from Base: -0.4611%
2017-11-27 04:59:16,330 - DEBUG - Calculating trade amount.
2017-11-27 04:59:16,330 - DEBUG - diff < 0 - Using default trade amount.
2017-11-27 04:59:16,331 - DEBUG - buy_amount_current: 1.00040016
2017-11-27 04:59:16,331 - INFO - Current Buy Amount: 1.0004
2017-11-27 04:59:16,562 - DEBUG - Regular lookup (price) in calc_limit_price().
2017-11-27 04:59:16,562 - DEBUG - actual: 0.04998000
2017-11-27 04:59:16,562 - DEBUG - book_tot: 17368.67
2017-11-27 04:59:16,562 - DEBUG - actual: 0.04998000
2017-11-27 04:59:16,563 - DEBUG - book_tot: 17368.67
2017-11-27 04:59:16,563 - DEBUG - calc_limit_price() successful within limits (depth=40).
2017-11-27 04:59:16,563 - DEBUG - Adding fees to calc_limit_price() return value.
2017-11-27 04:59:16,563 - DEBUG - [buy]price_actual[+FEES]: 0.05010495
2017-11-27 04:59:16,563 - DEBUG - low_ask_actual: 0.05010495
2017-11-27 04:59:16,563 - INFO - Low Ask (Actual): 0.0501
2017-11-27 04:59:16,565 - DEBUG - agg: [{'_id': None, 'total_bought': 0.9975001995}]
2017-11-27 04:59:16,565 - DEBUG - trade_total[bought]: 0.99750020
2017-11-27 04:59:16,566 - DEBUG - sell_amount_current: 0.99750020
2017-11-27 04:59:16,566 - INFO - Current Sell Amount: 0.9975
2017-11-27 04:59:16,853 - DEBUG - Regular lookup (price) in calc_limit_price().
2017-11-27 04:59:16,853 - DEBUG - actual: 0.04990000
2017-11-27 04:59:16,853 - DEBUG - book_tot: 22630.00
2017-11-27 04:59:16,853 - DEBUG - actual: 0.04990000
2017-11-27 04:59:16,854 - DEBUG - book_tot: 22630.00
2017-11-27 04:59:16,854 - DEBUG - calc_limit_price() successful within limits (depth=40).
2017-11-27 04:59:16,854 - DEBUG - Adding fees to calc_limit_price() return value.
2017-11-27 04:59:16,854 - DEBUG - [sell]price_actual[+FEES]: 0.04977525
2017-11-27 04:59:16,854 - DEBUG - high_bid_actual: 0.04977525
2017-11-27 04:59:16,855 - INFO - High Bid (Actual): 0.0498
2017-11-27 04:59:16,855 - DEBUG - sell_price_target: 0.05262499
2017-11-27 04:59:16,855 - INFO - Sell Target: 0.0526
2017-11-27 04:59:16,855 - DEBUG - diff: -0.002099
2017-11-27 04:59:16,855 - INFO - Price Difference from Base: -0.2099%
2017-11-27 04:59:16,855 - DEBUG - Calculating loop time.
2017-11-27 04:59:16,856 - DEBUG - diff <= 0
2017-11-27 04:59:16,856 - DEBUG - lt: 20.00
2017-11-27 04:59:16,856 - DEBUG - skip_trade_check: False
2017-11-27 04:59:16,856 - INFO - Trade loop complete. Sleeping for 20.00 seconds.
2017-11-27 04:59:16,857 - INFO - --------------------
2017-11-27 04:59:25,155 - DEBUG - [CONNECT] chat_id: 382606465
2017-11-27 04:59:25,155 - INFO - Telegram user connected: 382606465
2017-11-27 04:59:25,155 - DEBUG - [CONNECT] telegram_message: Subscribed to Lorenzbot alerts.
2017-11-27 04:59:36,858 - INFO - --------------------
2017-11-27 04:59:36,858 - DEBUG - Entering base_price calculation.
2017-11-27 04:59:36,860 - DEBUG - db[coll_current].count(): 1
2017-11-27 04:59:36,864 - DEBUG - trade_total[spent]: 0.04987500
2017-11-27 04:59:36,865 - DEBUG - agg: [{'_id': None, 'total_bought': 0.9975001995}]
2017-11-27 04:59:36,866 - DEBUG - trade_total[bought]: 0.99750020
2017-11-27 04:59:36,869 - DEBUG - trade_total[spent]: 0.04987500
2017-11-27 04:59:36,873 - DEBUG - agg: [{'_id': None, 'total_bought': 0.9975001995}]
2017-11-27 04:59:36,874 - DEBUG - trade_total[bought]: 0.99750020
2017-11-27 04:59:36,874 - DEBUG - rate_avg: 0.04999999
2017-11-27 04:59:36,874 - DEBUG - base_price: 0.04999999
2017-11-27 04:59:36,874 - INFO - Base Price: 0.050000
2017-11-27 04:59:36,875 - DEBUG - base_price_target: 0.04987499
2017-11-27 04:59:36,875 - INFO - Base Price Target: 0.049875
2017-11-27 04:59:37,150 - INFO - Balance STR:  433.3647
2017-11-27 04:59:37,150 - INFO - Balance USDT: 0.5813
2017-11-27 04:59:37,153 - DEBUG - agg: [{'_id': None, 'total_bought': 0.9975001995}]
2017-11-27 04:59:37,153 - DEBUG - trade_total[bought]: 0.99750020
2017-11-27 04:59:37,153 - INFO - Total STR Bought: 0.9975
2017-11-27 04:59:37,155 - DEBUG - trade_total[spent]: 0.04987500
2017-11-27 04:59:37,155 - INFO - Total USDT Spent: 0.0499
2017-11-27 04:59:37,156 - INFO - Total Buy Count: 1
2017-11-27 04:59:37,157 - DEBUG - agg: [{'_id': None, 'total_bought': 0.9975001995}]
2017-11-27 04:59:37,157 - DEBUG - trade_total[bought]: 0.99750020
2017-11-27 04:59:37,160 - DEBUG - trade_total[spent]: 0.04987500
2017-11-27 04:59:37,160 - DEBUG - trade_usdt_remaining: 0.5813
2017-11-27 04:59:37,286 - DEBUG - Regular lookup (price) in calc_limit_price().
2017-11-27 04:59:37,286 - DEBUG - actual: 0.04990000
2017-11-27 04:59:37,286 - DEBUG - book_tot: 107370.00
2017-11-27 04:59:37,286 - DEBUG - actual: 0.04990000
2017-11-27 04:59:37,286 - DEBUG - book_tot: 107370.00
2017-11-27 04:59:37,286 - DEBUG - calc_limit_price() successful within limits (depth=40).
2017-11-27 04:59:37,287 - DEBUG - Adding fees to calc_limit_price() return value.
2017-11-27 04:59:37,287 - DEBUG - [buy]price_actual[+FEES]: 0.05002475
2017-11-27 04:59:37,287 - DEBUG - diff: -0.003003
2017-11-27 04:59:37,287 - INFO - Price Difference from Base: -0.3003%
2017-11-27 04:59:37,287 - DEBUG - Calculating trade amount.
2017-11-27 04:59:37,287 - DEBUG - diff < 0 - Using default trade amount.
2017-11-27 04:59:37,287 - DEBUG - buy_amount_current: 1.00040016
2017-11-27 04:59:37,288 - INFO - Current Buy Amount: 1.0004
2017-11-27 04:59:37,499 - DEBUG - Regular lookup (price) in calc_limit_price().
2017-11-27 04:59:37,499 - DEBUG - actual: 0.04990000
2017-11-27 04:59:37,500 - DEBUG - book_tot: 107370.00
2017-11-27 04:59:37,500 - DEBUG - actual: 0.04990000
2017-11-27 04:59:37,500 - DEBUG - book_tot: 107370.00
2017-11-27 04:59:37,500 - DEBUG - calc_limit_price() successful within limits (depth=40).
2017-11-27 04:59:37,500 - DEBUG - Adding fees to calc_limit_price() return value.
2017-11-27 04:59:37,500 - DEBUG - [buy]price_actual[+FEES]: 0.05002475
2017-11-27 04:59:37,500 - DEBUG - low_ask_actual: 0.05002475
2017-11-27 04:59:37,500 - INFO - Low Ask (Actual): 0.0500
2017-11-27 04:59:37,502 - DEBUG - agg: [{'_id': None, 'total_bought': 0.9975001995}]
2017-11-27 04:59:37,503 - DEBUG - trade_total[bought]: 0.99750020
2017-11-27 04:59:37,503 - DEBUG - sell_amount_current: 0.99750020
2017-11-27 04:59:37,503 - INFO - Current Sell Amount: 0.9975
2017-11-27 04:59:37,728 - DEBUG - Regular lookup (price) in calc_limit_price().
2017-11-27 04:59:37,729 - DEBUG - actual: 0.04960002
2017-11-27 04:59:37,729 - DEBUG - book_tot: 151509.60
2017-11-27 04:59:37,729 - DEBUG - actual: 0.04960002
2017-11-27 04:59:37,729 - DEBUG - book_tot: 151509.60
2017-11-27 04:59:37,729 - DEBUG - calc_limit_price() successful within limits (depth=40).
2017-11-27 04:59:37,729 - DEBUG - Adding fees to calc_limit_price() return value.
2017-11-27 04:59:37,729 - DEBUG - [sell]price_actual[+FEES]: 0.04947602
2017-11-27 04:59:37,729 - DEBUG - high_bid_actual: 0.04947602
2017-11-27 04:59:37,729 - INFO - High Bid (Actual): 0.0495
2017-11-27 04:59:37,730 - DEBUG - sell_price_target: 0.05262499
2017-11-27 04:59:37,730 - INFO - Sell Target: 0.0526
2017-11-27 04:59:37,730 - DEBUG - diff: -0.000495
2017-11-27 04:59:37,730 - INFO - Price Difference from Base: -0.0495%
2017-11-27 04:59:37,731 - DEBUG - Calculating loop time.
2017-11-27 04:59:37,731 - DEBUG - diff <= 0
2017-11-27 04:59:37,731 - DEBUG - lt: 20.00
2017-11-27 04:59:37,731 - DEBUG - skip_trade_check: False
2017-11-27 04:59:37,731 - INFO - Trade loop complete. Sleeping for 20.00 seconds.
2017-11-27 04:59:37,731 - INFO - --------------------
2017-11-27 04:59:41,067 - DEBUG - [STATUS] chat_id: 382606465
2017-11-27 04:59:41,067 - INFO - Telegram user requesting status: 382606465
2017-11-27 04:59:41,067 - DEBUG - Access confirmed for requesting user.
2017-11-27 04:59:41,068 - DEBUG - Entering base_price calculation.
2017-11-27 04:59:41,069 - DEBUG - db[coll_current].count(): 1
2017-11-27 04:59:41,072 - DEBUG - trade_total[spent]: 0.04987500
2017-11-27 04:59:41,074 - DEBUG - agg: [{'_id': None, 'total_bought': 0.9975001995}]
2017-11-27 04:59:41,074 - DEBUG - trade_total[bought]: 0.99750020
2017-11-27 04:59:41,076 - DEBUG - trade_total[spent]: 0.04987500
2017-11-27 04:59:41,078 - DEBUG - agg: [{'_id': None, 'total_bought': 0.9975001995}]
2017-11-27 04:59:41,078 - DEBUG - trade_total[bought]: 0.99750020
2017-11-27 04:59:41,078 - DEBUG - rate_avg: 0.04999999
2017-11-27 04:59:41,080 - DEBUG - trade_total[spent]: 0.04987500
2017-11-27 04:59:41,081 - DEBUG - agg: [{'_id': None, 'total_bought': 0.9975001995}]
2017-11-27 04:59:41,081 - DEBUG - trade_total[bought]: 0.99750020
2017-11-27 04:59:41,081 - DEBUG - [STATUS] telegram_message: Bought 0.9975STR for $0.0499 at an average rate of $0.0500.
2017-11-27 04:59:57,733 - INFO - --------------------
2017-11-27 04:59:57,733 - DEBUG - Entering base_price calculation.
2017-11-27 04:59:57,734 - DEBUG - db[coll_current].count(): 1
2017-11-27 04:59:57,736 - DEBUG - trade_total[spent]: 0.04987500
2017-11-27 04:59:57,737 - DEBUG - agg: [{'_id': None, 'total_bought': 0.9975001995}]
2017-11-27 04:59:57,737 - DEBUG - trade_total[bought]: 0.99750020
2017-11-27 04:59:57,738 - DEBUG - trade_total[spent]: 0.04987500
2017-11-27 04:59:57,739 - DEBUG - agg: [{'_id': None, 'total_bought': 0.9975001995}]
2017-11-27 04:59:57,740 - DEBUG - trade_total[bought]: 0.99750020
2017-11-27 04:59:57,740 - DEBUG - rate_avg: 0.04999999
2017-11-27 04:59:57,740 - DEBUG - base_price: 0.04999999
2017-11-27 04:59:57,740 - INFO - Base Price: 0.050000
2017-11-27 04:59:57,740 - DEBUG - base_price_target: 0.04987499
2017-11-27 04:59:57,740 - INFO - Base Price Target: 0.049875
2017-11-27 04:59:59,421 - INFO - Balance STR:  433.3647
2017-11-27 04:59:59,421 - INFO - Balance USDT: 0.5813
2017-11-27 04:59:59,423 - DEBUG - agg: [{'_id': None, 'total_bought': 0.9975001995}]
2017-11-27 04:59:59,423 - DEBUG - trade_total[bought]: 0.99750020
2017-11-27 04:59:59,423 - INFO - Total STR Bought: 0.9975
2017-11-27 04:59:59,424 - DEBUG - trade_total[spent]: 0.04987500
2017-11-27 04:59:59,425 - INFO - Total USDT Spent: 0.0499
2017-11-27 04:59:59,426 - INFO - Total Buy Count: 1
2017-11-27 04:59:59,427 - DEBUG - agg: [{'_id': None, 'total_bought': 0.9975001995}]
2017-11-27 04:59:59,427 - DEBUG - trade_total[bought]: 0.99750020
2017-11-27 04:59:59,428 - DEBUG - trade_total[spent]: 0.04987500
2017-11-27 04:59:59,429 - DEBUG - trade_usdt_remaining: 0.5813
2017-11-27 04:59:59,656 - DEBUG - Regular lookup (price) in calc_limit_price().
2017-11-27 04:59:59,656 - DEBUG - actual: 0.04990000
2017-11-27 04:59:59,657 - DEBUG - book_tot: 107370.00
2017-11-27 04:59:59,657 - DEBUG - actual: 0.04990000
2017-11-27 04:59:59,657 - DEBUG - book_tot: 107370.00
2017-11-27 04:59:59,657 - DEBUG - calc_limit_price() successful within limits (depth=40).
2017-11-27 04:59:59,657 - DEBUG - Adding fees to calc_limit_price() return value.
2017-11-27 04:59:59,657 - DEBUG - [buy]price_actual[+FEES]: 0.05002475
2017-11-27 04:59:59,657 - DEBUG - diff: -0.003003
2017-11-27 04:59:59,657 - INFO - Price Difference from Base: -0.3003%
2017-11-27 04:59:59,657 - DEBUG - Calculating trade amount.
2017-11-27 04:59:59,658 - DEBUG - diff < 0 - Using default trade amount.
2017-11-27 04:59:59,658 - DEBUG - buy_amount_current: 1.00040016
2017-11-27 04:59:59,658 - INFO - Current Buy Amount: 1.0004
2017-11-27 04:59:59,824 - DEBUG - Regular lookup (price) in calc_limit_price().
2017-11-27 04:59:59,824 - DEBUG - actual: 0.04990000
2017-11-27 04:59:59,824 - DEBUG - book_tot: 107370.00
2017-11-27 04:59:59,824 - DEBUG - actual: 0.04990000
2017-11-27 04:59:59,824 - DEBUG - book_tot: 107370.00
2017-11-27 04:59:59,824 - DEBUG - calc_limit_price() successful within limits (depth=40).
2017-11-27 04:59:59,824 - DEBUG - Adding fees to calc_limit_price() return value.
2017-11-27 04:59:59,825 - DEBUG - [buy]price_actual[+FEES]: 0.05002475
2017-11-27 04:59:59,825 - DEBUG - low_ask_actual: 0.05002475
2017-11-27 04:59:59,825 - INFO - Low Ask (Actual): 0.0500
2017-11-27 04:59:59,826 - DEBUG - agg: [{'_id': None, 'total_bought': 0.9975001995}]
2017-11-27 04:59:59,827 - DEBUG - trade_total[bought]: 0.99750020
2017-11-27 04:59:59,827 - DEBUG - sell_amount_current: 0.99750020
2017-11-27 04:59:59,827 - INFO - Current Sell Amount: 0.9975
2017-11-27 04:59:59,944 - DEBUG - Regular lookup (price) in calc_limit_price().
2017-11-27 04:59:59,944 - DEBUG - actual: 0.04960006
2017-11-27 04:59:59,944 - DEBUG - book_tot: 151398.15
2017-11-27 04:59:59,945 - DEBUG - actual: 0.04960006
2017-11-27 04:59:59,945 - DEBUG - book_tot: 151398.15
2017-11-27 04:59:59,945 - DEBUG - calc_limit_price() successful within limits (depth=40).
2017-11-27 04:59:59,945 - DEBUG - Adding fees to calc_limit_price() return value.
2017-11-27 04:59:59,945 - DEBUG - [sell]price_actual[+FEES]: 0.04947606
2017-11-27 04:59:59,945 - DEBUG - high_bid_actual: 0.04947606
2017-11-27 04:59:59,945 - INFO - High Bid (Actual): 0.0495
2017-11-27 04:59:59,946 - DEBUG - sell_price_target: 0.05262499
2017-11-27 04:59:59,946 - INFO - Sell Target: 0.0526
2017-11-27 04:59:59,946 - DEBUG - diff: -0.000495
2017-11-27 04:59:59,946 - INFO - Price Difference from Base: -0.0495%
2017-11-27 04:59:59,946 - DEBUG - Calculating loop time.
2017-11-27 04:59:59,946 - DEBUG - diff <= 0
2017-11-27 04:59:59,947 - DEBUG - lt: 20.00
2017-11-27 04:59:59,947 - DEBUG - skip_trade_check: False
2017-11-27 04:59:59,948 - INFO - Trade loop complete. Sleeping for 20.00 seconds.
2017-11-27 04:59:59,948 - INFO - --------------------
2017-11-27 05:00:19,952 - INFO - --------------------
2017-11-27 05:00:19,952 - DEBUG - Entering base_price calculation.
2017-11-27 05:00:19,953 - DEBUG - db[coll_current].count(): 1
2017-11-27 05:00:19,955 - DEBUG - trade_total[spent]: 0.04987500
2017-11-27 05:00:19,956 - DEBUG - agg: [{'_id': None, 'total_bought': 0.9975001995}]
2017-11-27 05:00:19,956 - DEBUG - trade_total[bought]: 0.99750020
2017-11-27 05:00:19,957 - DEBUG - trade_total[spent]: 0.04987500
2017-11-27 05:00:19,958 - DEBUG - agg: [{'_id': None, 'total_bought': 0.9975001995}]
2017-11-27 05:00:19,959 - DEBUG - trade_total[bought]: 0.99750020
2017-11-27 05:00:19,959 - DEBUG - rate_avg: 0.04999999
2017-11-27 05:00:19,959 - DEBUG - base_price: 0.04999999
2017-11-27 05:00:19,959 - INFO - Base Price: 0.050000
2017-11-27 05:00:19,959 - DEBUG - base_price_target: 0.04987499
2017-11-27 05:00:19,959 - INFO - Base Price Target: 0.049875
2017-11-27 05:00:20,141 - INFO - Balance STR:  433.3647
2017-11-27 05:00:20,142 - INFO - Balance USDT: 0.5813
2017-11-27 05:00:20,144 - DEBUG - agg: [{'_id': None, 'total_bought': 0.9975001995}]
2017-11-27 05:00:20,144 - DEBUG - trade_total[bought]: 0.99750020
2017-11-27 05:00:20,144 - INFO - Total STR Bought: 0.9975
2017-11-27 05:00:20,152 - DEBUG - trade_total[spent]: 0.04987500
2017-11-27 05:00:20,152 - INFO - Total USDT Spent: 0.0499
2017-11-27 05:00:20,153 - INFO - Total Buy Count: 1
2017-11-27 05:00:20,155 - DEBUG - agg: [{'_id': None, 'total_bought': 0.9975001995}]
2017-11-27 05:00:20,155 - DEBUG - trade_total[bought]: 0.99750020
2017-11-27 05:00:20,157 - DEBUG - trade_total[spent]: 0.04987500
2017-11-27 05:00:20,157 - DEBUG - trade_usdt_remaining: 0.5813
2017-11-27 05:00:20,376 - DEBUG - Regular lookup (price) in calc_limit_price().
2017-11-27 05:00:20,376 - DEBUG - actual: 0.04990000
2017-11-27 05:00:20,376 - DEBUG - book_tot: 107370.00
2017-11-27 05:00:20,376 - DEBUG - actual: 0.04990000
2017-11-27 05:00:20,377 - DEBUG - book_tot: 107370.00
2017-11-27 05:00:20,377 - DEBUG - calc_limit_price() successful within limits (depth=40).
2017-11-27 05:00:20,377 - DEBUG - Adding fees to calc_limit_price() return value.
2017-11-27 05:00:20,377 - DEBUG - [buy]price_actual[+FEES]: 0.05002475
2017-11-27 05:00:20,377 - DEBUG - diff: -0.003003
2017-11-27 05:00:20,377 - INFO - Price Difference from Base: -0.3003%
2017-11-27 05:00:20,377 - DEBUG - Calculating trade amount.
2017-11-27 05:00:20,377 - DEBUG - diff < 0 - Using default trade amount.
2017-11-27 05:00:20,377 - DEBUG - buy_amount_current: 1.00040016
2017-11-27 05:00:20,378 - INFO - Current Buy Amount: 1.0004
2017-11-27 05:00:20,871 - DEBUG - Regular lookup (price) in calc_limit_price().
2017-11-27 05:00:20,872 - DEBUG - actual: 0.04990000
2017-11-27 05:00:20,872 - DEBUG - book_tot: 107370.00
2017-11-27 05:00:20,872 - DEBUG - actual: 0.04990000
2017-11-27 05:00:20,872 - DEBUG - book_tot: 107370.00
2017-11-27 05:00:20,872 - DEBUG - calc_limit_price() successful within limits (depth=40).
2017-11-27 05:00:20,872 - DEBUG - Adding fees to calc_limit_price() return value.
2017-11-27 05:00:20,872 - DEBUG - [buy]price_actual[+FEES]: 0.05002475
2017-11-27 05:00:20,872 - DEBUG - low_ask_actual: 0.05002475
2017-11-27 05:00:20,872 - INFO - Low Ask (Actual): 0.0500
2017-11-27 05:00:20,874 - DEBUG - agg: [{'_id': None, 'total_bought': 0.9975001995}]
2017-11-27 05:00:20,874 - DEBUG - trade_total[bought]: 0.99750020
2017-11-27 05:00:20,874 - DEBUG - sell_amount_current: 0.99750020
2017-11-27 05:00:20,875 - INFO - Current Sell Amount: 0.9975
2017-11-27 05:00:21,211 - DEBUG - Regular lookup (price) in calc_limit_price().
2017-11-27 05:00:21,212 - DEBUG - actual: 0.04960010
2017-11-27 05:00:21,212 - DEBUG - book_tot: 151996.64
2017-11-27 05:00:21,212 - DEBUG - actual: 0.04960010
2017-11-27 05:00:21,213 - DEBUG - book_tot: 151996.64
2017-11-27 05:00:21,213 - DEBUG - calc_limit_price() successful within limits (depth=40).
2017-11-27 05:00:21,213 - DEBUG - Adding fees to calc_limit_price() return value.
2017-11-27 05:00:21,214 - DEBUG - [sell]price_actual[+FEES]: 0.04947610
2017-11-27 05:00:21,214 - DEBUG - high_bid_actual: 0.04947610
2017-11-27 05:00:21,214 - INFO - High Bid (Actual): 0.0495
2017-11-27 05:00:21,214 - DEBUG - sell_price_target: 0.05262499
2017-11-27 05:00:21,214 - INFO - Sell Target: 0.0526
2017-11-27 05:00:21,214 - DEBUG - diff: -0.000495
2017-11-27 05:00:21,215 - INFO - Price Difference from Base: -0.0495%
2017-11-27 05:00:21,215 - DEBUG - Calculating loop time.
2017-11-27 05:00:21,215 - DEBUG - diff <= 0
2017-11-27 05:00:21,215 - DEBUG - lt: 20.00
2017-11-27 05:00:21,215 - DEBUG - skip_trade_check: False
2017-11-27 05:00:21,215 - INFO - Trade loop complete. Sleeping for 20.00 seconds.
2017-11-27 05:00:21,215 - INFO - --------------------
2017-11-27 05:00:24,133 - DEBUG - [PROFIT] chat_id: 382606465
2017-11-27 05:00:24,133 - INFO - Telegram user requesting profit calculation: 382606465
2017-11-27 05:00:24,134 - DEBUG - Access confirmed for requesting user.
2017-11-27 05:00:40,428 - DEBUG - [PROFIT] chat_id: 382606465
2017-11-27 05:00:40,428 - INFO - Telegram user requesting profit calculation: 382606465
2017-11-27 05:00:40,429 - DEBUG - Access confirmed for requesting user.
2017-11-27 05:00:41,219 - INFO - --------------------
2017-11-27 05:00:41,219 - DEBUG - Entering base_price calculation.
2017-11-27 05:00:41,221 - DEBUG - db[coll_current].count(): 1
2017-11-27 05:00:41,223 - DEBUG - trade_total[spent]: 0.04987500
2017-11-27 05:00:41,224 - DEBUG - agg: [{'_id': None, 'total_bought': 0.9975001995}]
2017-11-27 05:00:41,224 - DEBUG - trade_total[bought]: 0.99750020
2017-11-27 05:00:41,225 - DEBUG - trade_total[spent]: 0.04987500
2017-11-27 05:00:41,226 - DEBUG - agg: [{'_id': None, 'total_bought': 0.9975001995}]
2017-11-27 05:00:41,227 - DEBUG - trade_total[bought]: 0.99750020
2017-11-27 05:00:41,227 - DEBUG - rate_avg: 0.04999999
2017-11-27 05:00:41,227 - DEBUG - base_price: 0.04999999
2017-11-27 05:00:41,227 - INFO - Base Price: 0.050000
2017-11-27 05:00:41,227 - DEBUG - base_price_target: 0.04987499
2017-11-27 05:00:41,227 - INFO - Base Price Target: 0.049875
2017-11-27 05:00:41,530 - INFO - Balance STR:  433.3647
2017-11-27 05:00:41,530 - INFO - Balance USDT: 0.5813
2017-11-27 05:00:41,532 - DEBUG - agg: [{'_id': None, 'total_bought': 0.9975001995}]
2017-11-27 05:00:41,532 - DEBUG - trade_total[bought]: 0.99750020
2017-11-27 05:00:41,532 - INFO - Total STR Bought: 0.9975
2017-11-27 05:00:41,533 - DEBUG - trade_total[spent]: 0.04987500
2017-11-27 05:00:41,533 - INFO - Total USDT Spent: 0.0499
2017-11-27 05:00:41,534 - INFO - Total Buy Count: 1
2017-11-27 05:00:41,535 - DEBUG - agg: [{'_id': None, 'total_bought': 0.9975001995}]
2017-11-27 05:00:41,535 - DEBUG - trade_total[bought]: 0.99750020
2017-11-27 05:00:41,537 - DEBUG - trade_total[spent]: 0.04987500
2017-11-27 05:00:41,537 - DEBUG - trade_usdt_remaining: 0.5813
2017-11-27 05:00:41,661 - DEBUG - Regular lookup (price) in calc_limit_price().
2017-11-27 05:00:41,661 - DEBUG - actual: 0.04990000
2017-11-27 05:00:41,661 - DEBUG - book_tot: 107370.00
2017-11-27 05:00:41,661 - DEBUG - actual: 0.04990000
2017-11-27 05:00:41,661 - DEBUG - book_tot: 107370.00
2017-11-27 05:00:41,661 - DEBUG - calc_limit_price() successful within limits (depth=40).
2017-11-27 05:00:41,661 - DEBUG - Adding fees to calc_limit_price() return value.
2017-11-27 05:00:41,662 - DEBUG - [buy]price_actual[+FEES]: 0.05002475
2017-11-27 05:00:41,662 - DEBUG - diff: -0.003003
2017-11-27 05:00:41,662 - INFO - Price Difference from Base: -0.3003%
2017-11-27 05:00:41,662 - DEBUG - Calculating trade amount.
2017-11-27 05:00:41,662 - DEBUG - diff < 0 - Using default trade amount.
2017-11-27 05:00:41,662 - DEBUG - buy_amount_current: 1.00040016
2017-11-27 05:00:41,662 - INFO - Current Buy Amount: 1.0004
2017-11-27 05:00:41,792 - DEBUG - Regular lookup (price) in calc_limit_price().
2017-11-27 05:00:41,793 - DEBUG - actual: 0.04990000
2017-11-27 05:00:41,793 - DEBUG - book_tot: 107370.00
2017-11-27 05:00:41,793 - DEBUG - actual: 0.04990000
2017-11-27 05:00:41,793 - DEBUG - book_tot: 107370.00
2017-11-27 05:00:41,793 - DEBUG - calc_limit_price() successful within limits (depth=40).
2017-11-27 05:00:41,793 - DEBUG - Adding fees to calc_limit_price() return value.
2017-11-27 05:00:41,794 - DEBUG - [buy]price_actual[+FEES]: 0.05002475
2017-11-27 05:00:41,794 - DEBUG - low_ask_actual: 0.05002475
2017-11-27 05:00:41,794 - INFO - Low Ask (Actual): 0.0500
2017-11-27 05:00:41,795 - DEBUG - agg: [{'_id': None, 'total_bought': 0.9975001995}]
2017-11-27 05:00:41,796 - DEBUG - trade_total[bought]: 0.99750020
2017-11-27 05:00:41,796 - DEBUG - sell_amount_current: 0.99750020
2017-11-27 05:00:41,796 - INFO - Current Sell Amount: 0.9975
2017-11-27 05:00:41,930 - DEBUG - Regular lookup (price) in calc_limit_price().
2017-11-27 05:00:41,931 - DEBUG - actual: 0.04960012
2017-11-27 05:00:41,931 - DEBUG - book_tot: 200285.41
2017-11-27 05:00:41,931 - DEBUG - actual: 0.04960012
2017-11-27 05:00:41,931 - DEBUG - book_tot: 200285.41
2017-11-27 05:00:41,931 - DEBUG - calc_limit_price() successful within limits (depth=40).
2017-11-27 05:00:41,931 - DEBUG - Adding fees to calc_limit_price() return value.
2017-11-27 05:00:41,931 - DEBUG - [sell]price_actual[+FEES]: 0.04947612
2017-11-27 05:00:41,931 - DEBUG - high_bid_actual: 0.04947612
2017-11-27 05:00:41,932 - INFO - High Bid (Actual): 0.0495
2017-11-27 05:00:41,932 - DEBUG - sell_price_target: 0.05262499
2017-11-27 05:00:41,932 - INFO - Sell Target: 0.0526
2017-11-27 05:00:41,932 - DEBUG - diff: -0.000495
2017-11-27 05:00:41,932 - INFO - Price Difference from Base: -0.0495%
2017-11-27 05:00:41,932 - DEBUG - Calculating loop time.
2017-11-27 05:00:41,933 - DEBUG - diff <= 0
2017-11-27 05:00:41,933 - DEBUG - lt: 20.00
2017-11-27 05:00:41,933 - DEBUG - skip_trade_check: False
2017-11-27 05:00:41,933 - INFO - Trade loop complete. Sleeping for 20.00 seconds.
2017-11-27 05:00:41,933 - INFO - --------------------
2017-11-27 05:00:49,807 - INFO - Exit signal received.
2017-11-27 05:00:49,808 - INFO - Mongo write errors: 0
2017-11-27 05:00:49,808 - INFO - Buy trades skipped: 0
2017-11-27 05:00:49,808 - INFO - Sell trades skipped: 0
2017-11-27 05:00:49,808 - INFO - CSV write errors: 0
