2017-11-27 18:47:41,669 - DEBUG - Parsing arguments.
2017-11-27 18:47:41,670 - DEBUG - Activated debug logging.
2017-11-27 18:47:41,671 - DEBUG - clean_logs: False
2017-11-27 18:47:41,672 - DEBUG - trade_amount: 1.00
2017-11-27 18:47:41,672 - DEBUG - amount_dynamic: True
2017-11-27 18:47:41,672 - DEBUG - trade_proportion_initial: 0.05
2017-11-27 18:47:41,672 - DEBUG - trade_usdt_max: 1.00
2017-11-27 18:47:41,672 - DEBUG - profit_threshold: 0.05
2017-11-27 18:47:41,673 - DEBUG - loop_time: 30
2017-11-27 18:47:41,673 - DEBUG - loop_dynamic: True
2017-11-27 18:47:41,673 - DEBUG - live_trading: True
2017-11-27 18:47:41,673 - DEBUG - csv_logging: True
2017-11-27 18:47:41,674 - DEBUG - telegram_active: True
2017-11-27 18:47:41,674 - DEBUG - mongo_alt: False
2017-11-27 18:47:41,714 - INFO - MongoDB running.
2017-11-27 18:47:41,718 - INFO - Using default MongoDB database "lorenzbot".
2017-11-27 18:47:41,720 - INFO - Dynamic trade amount calculation activated.
2017-11-27 18:47:41,722 - INFO - Dynamic loop time calculation activated. Base loop time set to 30 seconds.
2017-11-27 18:47:41,722 - INFO - CSV logging activated.
2017-11-27 18:47:41,723 - DEBUG - CSV log file path: logs/lorezbot_log.csv
2017-11-27 18:47:41,723 - INFO - Telegram logging active. Send "/connect" to @lorenzbot_bot to receive alerts.
2017-11-27 18:47:41,730 - INFO - No collections found in database. Creating new.
2017-11-27 18:47:42,296 - INFO - Created new collection: 11272017_184741
2017-11-27 18:47:42,296 - INFO - Found Telegram config file.
2017-11-27 18:47:42,315 - DEBUG - telegram_token: 411687950:AAFOIzovAmjDoy_0qJeBfdtzTFkM74BI0Fs
2017-11-27 18:47:42,322 - INFO - Found Poloniex config file.
2017-11-27 18:47:42,361 - WARNING - Live trading ENABLED.
2017-11-27 18:47:43,109 - INFO - Current Maker Fee: 0.1500%
2017-11-27 18:47:43,109 - INFO - Current Taker Fee: 0.2500%
2017-11-27 18:47:43,374 - INFO - Balance STR:  181.7471
2017-11-27 18:47:43,374 - INFO - Balance USDT: 13.9030
2017-11-27 18:47:43,375 - DEBUG - No documents found in collection. Setting total to 0.
2017-11-27 18:47:43,375 - DEBUG - trade_total[bought]: 0.00000000
2017-11-27 18:47:43,376 - INFO - Total STR Bought: 0.0000
2017-11-27 18:47:43,377 - DEBUG - No documents found in collection. Setting total to 0.
2017-11-27 18:47:43,377 - DEBUG - trade_total[spent]: 0.00000000
2017-11-27 18:47:43,377 - INFO - Total USDT Spent: 0.0000
2017-11-27 18:47:43,380 - INFO - Total Buy Count: 0
2017-11-27 18:47:43,381 - DEBUG - No documents found in collection. Setting total to 0.
2017-11-27 18:47:43,382 - DEBUG - trade_total[bought]: 0.00000000
2017-11-27 18:47:43,382 - DEBUG - No documents found in collection. Setting total to 0.
2017-11-27 18:47:43,383 - DEBUG - trade_total[spent]: 0.00000000
2017-11-27 18:47:43,383 - DEBUG - trade_usdt_remaining: 1.0000
2017-11-27 18:47:43,383 - DEBUG - trade_usdt_remaining: 1.00
2017-11-27 18:47:43,383 - INFO - Tradable USDT Remaining: 1.00
2017-11-27 18:47:43,616 - DEBUG - Reverse lookup (amount) in calc_limit_price().
2017-11-27 18:47:43,617 - DEBUG - actual: 16.94921000
2017-11-27 18:47:43,617 - DEBUG - book_tot: 0.00
2017-11-27 18:47:43,617 - DEBUG - calc_limit_price() successful within limits (depth=40).
2017-11-27 18:47:43,617 - DEBUG - Adding fees to calc_limit_price() return value.
2017-11-27 18:47:43,617 - DEBUG - [buy]price_actual[+FEES]: 16.99158302
2017-11-27 18:47:43,617 - DEBUG - buy_amount_max: 16.99158302
