2017-11-27 18:47:37,423 - DEBUG - Parsing arguments.
2017-11-27 18:47:37,424 - DEBUG - Activated debug logging.
2017-11-27 18:47:37,424 - DEBUG - clean_logs: True
2017-11-27 18:47:37,425 - DEBUG - trade_amount: 1.00
2017-11-27 18:47:37,425 - DEBUG - amount_dynamic: True
2017-11-27 18:47:37,425 - DEBUG - trade_proportion_initial: 0.05
2017-11-27 18:47:37,425 - DEBUG - trade_usdt_max: 1.00
2017-11-27 18:47:37,425 - DEBUG - profit_threshold: 0.05
2017-11-27 18:47:37,426 - DEBUG - loop_time: 30
2017-11-27 18:47:37,426 - DEBUG - loop_dynamic: True
2017-11-27 18:47:37,426 - DEBUG - live_trading: True
2017-11-27 18:47:37,426 - DEBUG - csv_logging: True
2017-11-27 18:47:37,426 - DEBUG - telegram_active: True
2017-11-27 18:47:37,426 - DEBUG - mongo_alt: False
2017-11-27 18:47:37,454 - INFO - MongoDB running.
2017-11-27 18:47:37,459 - INFO - Using default MongoDB database "lorenzbot".
2017-11-27 18:47:37,461 - WARNING - Selected option to delete existing collections and archive current csv trade log.
2017-11-27 18:47:38,261 - INFO - Confirmed. Deleting all collections and csv trade log.
2017-11-27 18:47:38,261 - INFO - Dropping all collections from database.
2017-11-27 18:47:38,344 - DEBUG - Dropped collection: 11272017_184649
2017-11-27 18:47:38,344 - INFO - Process complete. Restart program without boolean switch.
2017-11-27 18:47:38,345 - INFO - No csv log found to archive.
