2017-11-28 01:06:23,199 - DEBUG - Parsing arguments.
2017-11-28 01:06:23,199 - DEBUG - Activated debug logging.
2017-11-28 01:06:23,200 - DEBUG - clean_logs: False
2017-11-28 01:06:23,200 - DEBUG - trade_amount: 1.00
2017-11-28 01:06:23,200 - DEBUG - amount_dynamic: True
2017-11-28 01:06:23,200 - DEBUG - trade_proportion_initial: 0.05
2017-11-28 01:06:23,200 - DEBUG - trade_usdt_max: 1.00
2017-11-28 01:06:23,200 - DEBUG - profit_threshold: 0.05
2017-11-28 01:06:23,201 - DEBUG - loop_time: 45
2017-11-28 01:06:23,201 - DEBUG - loop_dynamic: True
2017-11-28 01:06:23,201 - DEBUG - live_trading: True
2017-11-28 01:06:23,201 - DEBUG - csv_logging: True
2017-11-28 01:06:23,201 - DEBUG - telegram_active: True
2017-11-28 01:06:23,201 - DEBUG - mongo_alt: False
2017-11-28 01:06:23,216 - INFO - MongoDB running.
2017-11-28 01:06:23,221 - INFO - Using default MongoDB database "lorenzbot".
2017-11-28 01:06:23,222 - INFO - Dynamic trade amount calculation activated.
2017-11-28 01:06:23,222 - INFO - Dynamic loop time calculation activated. Base loop time set to 45 seconds.
2017-11-28 01:06:23,222 - INFO - CSV logging activated.
2017-11-28 01:06:23,222 - DEBUG - CSV log file path: logs/lorenzbot_log.csv
2017-11-28 01:06:23,222 - INFO - Telegram logging active. Send "/connect" to @lorenzbot_bot to receive alerts.
2017-11-28 01:06:23,227 - INFO - Found existing collection: 11272017_184825
2017-11-28 01:06:23,227 - INFO - Found Telegram config file.
2017-11-28 01:06:23,242 - DEBUG - telegram_token: 411687950:AAFOIzovAmjDoy_0qJeBfdtzTFkM74BI0Fs
2017-11-28 01:06:23,246 - INFO - Found Poloniex config file.
2017-11-28 01:06:23,267 - WARNING - Live trading ENABLED.
2017-11-28 01:06:23,943 - INFO - Current Maker Fee: 0.1500%
2017-11-28 01:06:23,943 - INFO - Current Taker Fee: 0.2500%
2017-11-28 01:06:24,208 - INFO - Balance STR:  357.1525
2017-11-28 01:06:24,209 - INFO - Balance USDT: 3.7885
2017-11-28 01:06:24,216 - DEBUG - agg: [{'_id': None, 'total_bought': 12.0686677125}]
2017-11-28 01:06:24,218 - DEBUG - trade_total[bought]: 12.06866771
2017-11-28 01:06:24,218 - INFO - Total STR Bought: 12.0687
2017-11-28 01:06:24,223 - DEBUG - trade_total[spent]: 0.70191744
2017-11-28 01:06:24,224 - INFO - Total USDT Spent: 0.7019
2017-11-28 01:06:24,225 - INFO - Total Buy Count: 19
2017-11-28 01:06:24,227 - DEBUG - agg: [{'_id': None, 'total_bought': 12.0686677125}]
2017-11-28 01:06:24,228 - DEBUG - trade_total[bought]: 12.06866771
2017-11-28 01:06:24,234 - DEBUG - trade_total[spent]: 0.70191744
2017-11-28 01:06:24,235 - DEBUG - trade_usdt_remaining: 0.29808256
2017-11-28 01:06:24,235 - DEBUG - trade_usdt_remaining: 0.29808256
2017-11-28 01:06:24,235 - INFO - Tradable USDT Remaining: 0.2981
2017-11-28 01:06:24,498 - DEBUG - Reverse lookup (amount) in calc_limit_price().
2017-11-28 01:06:24,498 - DEBUG - actual: 5.26536002
2017-11-28 01:06:24,498 - DEBUG - book_tot: 0.00
2017-11-28 01:06:24,499 - DEBUG - calc_limit_price() successful within limits (depth=40).
2017-11-28 01:06:24,499 - DEBUG - Adding fees to calc_limit_price() return value.
2017-11-28 01:06:24,499 - DEBUG - [buy]price_actual[+FEES]: 5.27852342
2017-11-28 01:06:24,499 - DEBUG - buy_amount_max: 5.27852342
2017-11-28 01:06:24,499 - DEBUG - verify_initial: True
2017-11-28 01:06:24,499 - INFO - Initial balance/trade log amounts verified.
2017-11-28 01:06:24,500 - INFO - ----[LOOP START]----
2017-11-28 01:06:24,500 - DEBUG - Entering base_price calculation.
2017-11-28 01:06:24,501 - DEBUG - db[coll_current].count(): 19
2017-11-28 01:06:24,502 - DEBUG - trade_total[spent]: 0.70191744
2017-11-28 01:06:24,504 - DEBUG - agg: [{'_id': None, 'total_bought': 12.0686677125}]
2017-11-28 01:06:24,504 - DEBUG - trade_total[bought]: 12.06866771
2017-11-28 01:06:24,505 - DEBUG - trade_total[spent]: 0.70191744
2017-11-28 01:06:24,507 - DEBUG - agg: [{'_id': None, 'total_bought': 12.0686677125}]
2017-11-28 01:06:24,507 - DEBUG - trade_total[bought]: 12.06866771
2017-11-28 01:06:24,507 - DEBUG - rate_avg: 0.05816031
2017-11-28 01:06:24,507 - DEBUG - base_price: 0.05816031
2017-11-28 01:06:24,507 - INFO - Base Price: 0.058160
2017-11-28 01:06:24,508 - DEBUG - base_price_target: 0.05801491
2017-11-28 01:06:24,508 - INFO - Base Price Target: 0.058015
2017-11-28 01:06:24,870 - INFO - Balance STR:  357.1525
2017-11-28 01:06:24,870 - INFO - Balance USDT: 3.7885
2017-11-28 01:06:24,872 - DEBUG - agg: [{'_id': None, 'total_bought': 12.0686677125}]
2017-11-28 01:06:24,872 - DEBUG - trade_total[bought]: 12.06866771
2017-11-28 01:06:24,873 - INFO - Total STR Bought: 12.0687
2017-11-28 01:06:24,874 - DEBUG - trade_total[spent]: 0.70191744
2017-11-28 01:06:24,874 - INFO - Total USDT Spent: 0.7019
2017-11-28 01:06:24,875 - INFO - Total Buy Count: 19
2017-11-28 01:06:24,876 - DEBUG - agg: [{'_id': None, 'total_bought': 12.0686677125}]
2017-11-28 01:06:24,877 - DEBUG - trade_total[bought]: 12.06866771
2017-11-28 01:06:24,878 - DEBUG - trade_total[spent]: 0.70191744
2017-11-28 01:06:24,878 - DEBUG - trade_usdt_remaining: 0.29808256
2017-11-28 01:06:24,878 - DEBUG - trade_usdt_remaining: 0.29808256
2017-11-28 01:06:24,878 - INFO - Tradable USDT Remaining: 0.2981
2017-11-28 01:06:25,048 - DEBUG - Reverse lookup (amount) in calc_limit_price().
2017-11-28 01:06:25,048 - DEBUG - actual: 5.26536002
2017-11-28 01:06:25,049 - DEBUG - book_tot: 0.00
2017-11-28 01:06:25,049 - DEBUG - calc_limit_price() successful within limits (depth=40).
2017-11-28 01:06:25,049 - DEBUG - Adding fees to calc_limit_price() return value.
2017-11-28 01:06:25,049 - DEBUG - [buy]price_actual[+FEES]: 5.27852342
2017-11-28 01:06:25,049 - DEBUG - buy_amount_max: 5.27852342
2017-11-28 01:06:25,049 - DEBUG - trade_check_ready: True
2017-11-28 01:06:25,278 - DEBUG - Regular lookup (price) in calc_limit_price().
2017-11-28 01:06:25,278 - DEBUG - actual: 0.05661200
2017-11-28 01:06:25,278 - DEBUG - book_tot: 3496.24
2017-11-28 01:06:25,279 - DEBUG - actual: 0.05661200
2017-11-28 01:06:25,279 - DEBUG - book_tot: 3496.24
2017-11-28 01:06:25,279 - DEBUG - calc_limit_price() successful within limits (depth=40).
2017-11-28 01:06:25,279 - DEBUG - Adding fees to calc_limit_price() return value.
2017-11-28 01:06:25,279 - DEBUG - [buy]price_actual[+FEES]: 0.05675353
2017-11-28 01:06:25,279 - DEBUG - diff: 0.021742
2017-11-28 01:06:25,280 - INFO - Price Difference from Base: 2.1742%
2017-11-28 01:06:25,280 - DEBUG - Calculating trade amount.
2017-11-28 01:06:25,280 - DEBUG - diff > 0
2017-11-28 01:06:25,280 - DEBUG - trade_proportion_low: 0.05
2017-11-28 01:06:25,280 - DEBUG - trade_proportion_high: 0.50
2017-11-28 01:06:25,281 - DEBUG - trade_proportion_adj: 0.06
2017-11-28 01:06:25,281 - DEBUG - trade_usdt_remaining: 0.30
2017-11-28 01:06:25,281 - DEBUG - [DYNAMIC]amount_usdt: 0.01782058
2017-11-28 01:06:25,423 - DEBUG - Reverse lookup (amount) in calc_limit_price().
2017-11-28 01:06:25,423 - DEBUG - actual: 0.31478448
2017-11-28 01:06:25,423 - DEBUG - book_tot: 0.00
2017-11-28 01:06:25,424 - DEBUG - calc_limit_price() successful within limits (depth=40).
2017-11-28 01:06:25,424 - DEBUG - [DYNAMIC]amount: 0.31478448
2017-11-28 01:06:25,424 - DEBUG - [DYNAMIC] amount: 0.31478448
2017-11-28 01:06:25,424 - DEBUG - buy_amount_current: 0.31478448
2017-11-28 01:06:25,424 - INFO - Current Buy Amount: 0.3148
2017-11-28 01:06:25,640 - DEBUG - Regular lookup (price) in calc_limit_price().
2017-11-28 01:06:25,640 - DEBUG - actual: 0.05661200
2017-11-28 01:06:25,641 - DEBUG - book_tot: 3496.24
2017-11-28 01:06:25,641 - DEBUG - actual: 0.05661200
2017-11-28 01:06:25,641 - DEBUG - book_tot: 3496.24
2017-11-28 01:06:25,641 - DEBUG - calc_limit_price() successful within limits (depth=40).
2017-11-28 01:06:25,641 - DEBUG - Adding fees to calc_limit_price() return value.
2017-11-28 01:06:25,642 - DEBUG - [buy]price_actual[+FEES]: 0.05675353
2017-11-28 01:06:25,642 - DEBUG - low_ask_actual: 0.05675353
2017-11-28 01:06:25,642 - INFO - Low Ask (Actual): 0.0568
2017-11-28 01:06:25,644 - DEBUG - agg: [{'_id': None, 'total_bought': 12.0686677125}]
2017-11-28 01:06:25,644 - DEBUG - trade_total[bought]: 12.06866771
2017-11-28 01:06:25,644 - DEBUG - sell_amount_current: 12.06866771
2017-11-28 01:06:25,644 - INFO - Current Sell Amount: 12.0687
2017-11-28 01:06:25,768 - DEBUG - Regular lookup (price) in calc_limit_price().
2017-11-28 01:06:25,769 - DEBUG - actual: 0.05622000
2017-11-28 01:06:25,769 - DEBUG - book_tot: 5336.18
2017-11-28 01:06:25,769 - DEBUG - actual: 0.05622000
2017-11-28 01:06:25,769 - DEBUG - book_tot: 5336.18
2017-11-28 01:06:25,769 - DEBUG - calc_limit_price() successful within limits (depth=40).
2017-11-28 01:06:25,770 - DEBUG - Adding fees to calc_limit_price() return value.
2017-11-28 01:06:25,770 - DEBUG - [sell]price_actual[+FEES]: 0.05607945
2017-11-28 01:06:25,770 - DEBUG - high_bid_actual: 0.05607945
2017-11-28 01:06:25,770 - INFO - High Bid (Actual): 0.0561
2017-11-28 01:06:25,771 - DEBUG - sell_price_target: 0.06121372
2017-11-28 01:06:25,771 - INFO - Sell Target: 0.0612
2017-11-28 01:06:25,771 - INFO - TRADE CONDITIONS MET --> BUYING
2017-11-28 01:06:26,186 - DEBUG - [BUY] trade_response: {'orderNumber': '40230345509', 'resultingTrades': [{'amount': '0.31478448', 'date': '2017-11-28 07:06:24', 'rate': '0.05661200', 'total': '0.01782057', 'tradeID': '1869337', 'type': 'buy'}], 'amountUnfilled': '0.00000000'}
2017-11-28 01:06:26,440 - DEBUG - returnOrderTrades: [{'globalTradeID': 271682609, 'tradeID': 1869337, 'currencyPair': 'USDT_STR', 'type': 'buy', 'rate': '0.05661200', 'amount': '0.31478448', 'total': '0.01782057', 'fee': '0.00250000', 'date': '2017-11-28 07:06:24'}]
2017-11-28 01:06:26,440 - DEBUG - trade_date: 2017-11-28 07:06:24
2017-11-28 01:06:26,440 - DEBUG - len(order_trades): 1
2017-11-28 01:06:26,440 - DEBUG - len(order_list): 1
2017-11-28 01:06:26,440 - DEBUG - order_list: [[Decimal('0.3139975188000000'), Decimal('0.05661200')]]
2017-11-28 01:06:26,441 - DEBUG - rate_calc_total: 0.01777603
2017-11-28 01:06:26,441 - DEBUG - amount_total: 0.31399752
2017-11-28 01:06:26,441 - DEBUG - order_average_rate: 0.05661200
2017-11-28 01:06:26,441 - DEBUG - [BUY] order_details: {'date': '2017-11-28 07:06:24', 'amount': Decimal('0.3139975188000000'), 'rate': Decimal('0.05661200')}
2017-11-28 01:06:26,443 - DEBUG - [BUY] mongo_response: <pymongo.results.InsertOneResult object at 0x10901c808>
2017-11-28 01:06:26,443 - INFO - Buy logged to MongoDB database collection 11272017_184825
2017-11-28 01:06:26,444 - DEBUG - Entering base_price calculation.
2017-11-28 01:06:26,448 - DEBUG - db[coll_current].count(): 20
2017-11-28 01:06:26,452 - DEBUG - trade_total[spent]: 0.71969347
2017-11-28 01:06:26,454 - DEBUG - agg: [{'_id': None, 'total_bought': 12.3826652313}]
2017-11-28 01:06:26,455 - DEBUG - trade_total[bought]: 12.38266523
2017-11-28 01:06:26,458 - DEBUG - trade_total[spent]: 0.71969347
2017-11-28 01:06:26,460 - DEBUG - agg: [{'_id': None, 'total_bought': 12.3826652313}]
2017-11-28 01:06:26,460 - DEBUG - trade_total[bought]: 12.38266523
2017-11-28 01:06:26,460 - DEBUG - rate_avg: 0.05812105
2017-11-28 01:06:26,460 - DEBUG - csv_list: ['2017-11-28 07:06:24', 'buy', '0.31399752', '0.05661200', '0.00000000', '0.05812105']
2017-11-28 01:06:26,460 - INFO - Logging trade details to csv file.
2017-11-28 01:06:26,484 - INFO - No users connected to Telegram. Skipping alert.
2017-11-28 01:06:26,484 - DEBUG - diff: 0.024188
2017-11-28 01:06:26,485 - INFO - Price Difference from Base: 2.4188%
2017-11-28 01:06:26,485 - DEBUG - Calculating loop time.
2017-11-28 01:06:26,485 - DEBUG - 0 < diff < 1
2017-11-28 01:06:26,485 - DEBUG - lt: 44.06
2017-11-28 01:06:26,485 - INFO - Trade loop complete. Sleeping for 44.06 seconds.
2017-11-28 01:06:26,485 - INFO - ----[LOOP END]----
2017-11-28 01:06:44,941 - DEBUG - [CONNECT] chat_id: 382606465
2017-11-28 01:06:44,941 - INFO - Telegram user connected: 382606465
2017-11-28 01:06:44,942 - DEBUG - [CONNECT] telegram_message: Subscribed to Lorenzbot alerts.
2017-11-28 01:06:50,183 - DEBUG - [STATUS] chat_id: 382606465
2017-11-28 01:06:50,183 - INFO - Telegram user requesting status: 382606465
2017-11-28 01:06:50,184 - DEBUG - Access confirmed for requesting user.
2017-11-28 01:06:50,184 - DEBUG - Entering base_price calculation.
2017-11-28 01:06:50,185 - DEBUG - db[coll_current].count(): 20
2017-11-28 01:06:50,188 - DEBUG - trade_total[spent]: 0.71969347
2017-11-28 01:06:50,189 - DEBUG - agg: [{'_id': None, 'total_bought': 12.3826652313}]
2017-11-28 01:06:50,189 - DEBUG - trade_total[bought]: 12.38266523
2017-11-28 01:06:50,191 - DEBUG - trade_total[spent]: 0.71969347
2017-11-28 01:06:50,192 - DEBUG - agg: [{'_id': None, 'total_bought': 12.3826652313}]
2017-11-28 01:06:50,192 - DEBUG - trade_total[bought]: 12.38266523
2017-11-28 01:06:50,192 - DEBUG - rate_avg: 0.05812105
2017-11-28 01:06:50,194 - DEBUG - trade_total[spent]: 0.71969347
2017-11-28 01:06:50,195 - DEBUG - agg: [{'_id': None, 'total_bought': 12.3826652313}]
2017-11-28 01:06:50,196 - DEBUG - trade_total[bought]: 12.38266523
2017-11-28 01:06:50,196 - DEBUG - [STATUS] telegram_message: Bought 12.3827 STR for $0.7197 at an average rate of $0.0581.
2017-11-28 01:06:56,677 - DEBUG - [PROFIT] chat_id: 382606465
2017-11-28 01:06:56,678 - INFO - Telegram user requesting profit calculation: 382606465
2017-11-28 01:06:56,678 - DEBUG - Access confirmed for requesting user.
2017-11-28 01:06:56,679 - DEBUG - Reading csv file.
2017-11-28 01:06:56,708 - DEBUG - Calculating profit from csv data.
2017-11-28 01:06:56,708 - DEBUG - bought_amount: 11.53732338
2017-11-28 01:06:56,708 - DEBUG - spent_amount: 0.66981847
2017-11-28 01:06:56,709 - DEBUG - buy_count: 19
2017-11-28 01:06:56,709 - DEBUG - sold_amount: 0.00000000
2017-11-28 01:06:56,709 - DEBUG - gain_amount: 0.00000000
2017-11-28 01:06:56,709 - DEBUG - sell_count: 0
2017-11-28 01:06:56,709 - DEBUG - rate_avg: 0.05805666
2017-11-28 01:06:56,709 - DEBUG - profit: -1.00000000
2017-11-28 01:07:10,491 - INFO - ----[LOOP START]----
2017-11-28 01:07:10,492 - DEBUG - Entering base_price calculation.
2017-11-28 01:07:10,493 - DEBUG - db[coll_current].count(): 20
2017-11-28 01:07:10,499 - DEBUG - trade_total[spent]: 0.71969347
2017-11-28 01:07:10,502 - DEBUG - agg: [{'_id': None, 'total_bought': 12.3826652313}]
2017-11-28 01:07:10,502 - DEBUG - trade_total[bought]: 12.38266523
2017-11-28 01:07:10,505 - DEBUG - trade_total[spent]: 0.71969347
2017-11-28 01:07:10,508 - DEBUG - agg: [{'_id': None, 'total_bought': 12.3826652313}]
2017-11-28 01:07:10,508 - DEBUG - trade_total[bought]: 12.38266523
2017-11-28 01:07:10,508 - DEBUG - rate_avg: 0.05812105
2017-11-28 01:07:10,508 - DEBUG - base_price: 0.05812105
2017-11-28 01:07:10,509 - INFO - Base Price: 0.058121
2017-11-28 01:07:10,509 - DEBUG - base_price_target: 0.05797574
2017-11-28 01:07:10,509 - INFO - Base Price Target: 0.057976
2017-11-28 01:07:10,922 - INFO - Balance STR:  357.4665
2017-11-28 01:07:10,923 - INFO - Balance USDT: 3.7707
2017-11-28 01:07:10,926 - DEBUG - agg: [{'_id': None, 'total_bought': 12.3826652313}]
2017-11-28 01:07:10,927 - DEBUG - trade_total[bought]: 12.38266523
2017-11-28 01:07:10,927 - INFO - Total STR Bought: 12.3827
2017-11-28 01:07:10,934 - DEBUG - trade_total[spent]: 0.71969347
2017-11-28 01:07:10,934 - INFO - Total USDT Spent: 0.7197
2017-11-28 01:07:10,936 - INFO - Total Buy Count: 20
2017-11-28 01:07:10,943 - DEBUG - agg: [{'_id': None, 'total_bought': 12.3826652313}]
2017-11-28 01:07:10,943 - DEBUG - trade_total[bought]: 12.38266523
2017-11-28 01:07:10,949 - DEBUG - trade_total[spent]: 0.71969347
2017-11-28 01:07:10,950 - DEBUG - trade_usdt_remaining: 0.28030653
2017-11-28 01:07:10,950 - DEBUG - trade_usdt_remaining: 0.28030653
2017-11-28 01:07:10,950 - INFO - Tradable USDT Remaining: 0.2803
2017-11-28 01:07:11,151 - DEBUG - Reverse lookup (amount) in calc_limit_price().
2017-11-28 01:07:11,152 - DEBUG - actual: 4.92560946
2017-11-28 01:07:11,152 - DEBUG - book_tot: 0.00
2017-11-28 01:07:11,152 - DEBUG - calc_limit_price() successful within limits (depth=40).
2017-11-28 01:07:11,152 - DEBUG - Adding fees to calc_limit_price() return value.
2017-11-28 01:07:11,153 - DEBUG - [buy]price_actual[+FEES]: 4.93792348
2017-11-28 01:07:11,153 - DEBUG - buy_amount_max: 4.93792348
2017-11-28 01:07:11,153 - DEBUG - trade_check_ready: True
2017-11-28 01:07:11,385 - DEBUG - Regular lookup (price) in calc_limit_price().
2017-11-28 01:07:11,386 - DEBUG - actual: 0.05690799
2017-11-28 01:07:11,386 - DEBUG - book_tot: 10364.41
2017-11-28 01:07:11,386 - DEBUG - actual: 0.05690799
2017-11-28 01:07:11,386 - DEBUG - book_tot: 10364.41
2017-11-28 01:07:11,386 - DEBUG - calc_limit_price() successful within limits (depth=40).
2017-11-28 01:07:11,386 - DEBUG - Adding fees to calc_limit_price() return value.
2017-11-28 01:07:11,387 - DEBUG - [buy]price_actual[+FEES]: 0.05705026
2017-11-28 01:07:11,387 - DEBUG - diff: 0.015963
2017-11-28 01:07:11,387 - INFO - Price Difference from Base: 1.5963%
2017-11-28 01:07:11,387 - DEBUG - Calculating trade amount.
2017-11-28 01:07:11,388 - DEBUG - diff > 0
2017-11-28 01:07:11,388 - DEBUG - trade_proportion_low: 0.05
2017-11-28 01:07:11,388 - DEBUG - trade_proportion_high: 0.50
2017-11-28 01:07:11,388 - DEBUG - trade_proportion_adj: 0.06
2017-11-28 01:07:11,388 - DEBUG - trade_usdt_remaining: 0.28
2017-11-28 01:07:11,388 - DEBUG - [DYNAMIC]amount_usdt: 0.01602890
2017-11-28 01:07:11,598 - DEBUG - Reverse lookup (amount) in calc_limit_price().
2017-11-28 01:07:11,598 - DEBUG - actual: 0.28166352
2017-11-28 01:07:11,599 - DEBUG - book_tot: 0.00
2017-11-28 01:07:11,599 - DEBUG - calc_limit_price() successful within limits (depth=40).
2017-11-28 01:07:11,599 - DEBUG - [DYNAMIC]amount: 0.28166352
2017-11-28 01:07:11,600 - DEBUG - [DYNAMIC] amount: 0.28166352
2017-11-28 01:07:11,600 - DEBUG - buy_amount_current: 0.28166352
2017-11-28 01:07:11,600 - INFO - Current Buy Amount: 0.2817
2017-11-28 01:07:11,833 - DEBUG - Regular lookup (price) in calc_limit_price().
2017-11-28 01:07:11,833 - DEBUG - actual: 0.05690798
2017-11-28 01:07:11,834 - DEBUG - book_tot: 80591.61
2017-11-28 01:07:11,834 - DEBUG - actual: 0.05690798
2017-11-28 01:07:11,834 - DEBUG - book_tot: 80591.61
2017-11-28 01:07:11,835 - DEBUG - calc_limit_price() successful within limits (depth=40).
2017-11-28 01:07:11,835 - DEBUG - Adding fees to calc_limit_price() return value.
2017-11-28 01:07:11,835 - DEBUG - [buy]price_actual[+FEES]: 0.05705025
2017-11-28 01:07:11,835 - DEBUG - low_ask_actual: 0.05705025
2017-11-28 01:07:11,835 - INFO - Low Ask (Actual): 0.0571
2017-11-28 01:07:11,839 - DEBUG - agg: [{'_id': None, 'total_bought': 12.3826652313}]
2017-11-28 01:07:11,839 - DEBUG - trade_total[bought]: 12.38266523
2017-11-28 01:07:11,839 - DEBUG - sell_amount_current: 12.38266523
2017-11-28 01:07:11,839 - INFO - Current Sell Amount: 12.3827
2017-11-28 01:07:11,967 - DEBUG - Regular lookup (price) in calc_limit_price().
2017-11-28 01:07:11,967 - DEBUG - actual: 0.05622304
2017-11-28 01:07:11,968 - DEBUG - book_tot: 11897.50
2017-11-28 01:07:11,968 - DEBUG - actual: 0.05622304
2017-11-28 01:07:11,968 - DEBUG - book_tot: 11897.50
2017-11-28 01:07:11,968 - DEBUG - calc_limit_price() successful within limits (depth=40).
2017-11-28 01:07:11,968 - DEBUG - Adding fees to calc_limit_price() return value.
2017-11-28 01:07:11,968 - DEBUG - [sell]price_actual[+FEES]: 0.05608248
2017-11-28 01:07:11,969 - DEBUG - high_bid_actual: 0.05608248
2017-11-28 01:07:11,969 - INFO - High Bid (Actual): 0.0561
2017-11-28 01:07:11,969 - DEBUG - sell_price_target: 0.06117240
2017-11-28 01:07:11,969 - INFO - Sell Target: 0.0612
2017-11-28 01:07:11,969 - INFO - TRADE CONDITIONS MET --> BUYING
2017-11-28 01:07:12,306 - DEBUG - [BUY] trade_response: {'orderNumber': '40230428426', 'resultingTrades': [{'amount': '0.28166351', 'date': '2017-11-28 07:07:10', 'rate': '0.05690798', 'total': '0.01602890', 'tradeID': '1869339', 'type': 'buy'}], 'amountUnfilled': '0.00000000'}
2017-11-28 01:07:12,589 - DEBUG - returnOrderTrades: [{'globalTradeID': 271683081, 'tradeID': 1869339, 'currencyPair': 'USDT_STR', 'type': 'buy', 'rate': '0.05690798', 'amount': '0.28166351', 'total': '0.01602890', 'fee': '0.00250000', 'date': '2017-11-28 07:07:10'}]
2017-11-28 01:07:12,589 - DEBUG - trade_date: 2017-11-28 07:07:10
2017-11-28 01:07:12,589 - DEBUG - len(order_trades): 1
2017-11-28 01:07:12,589 - DEBUG - len(order_list): 1
2017-11-28 01:07:12,589 - DEBUG - order_list: [[Decimal('0.2809593512250000'), Decimal('0.05690798')]]
2017-11-28 01:07:12,590 - DEBUG - rate_calc_total: 0.01598883
2017-11-28 01:07:12,590 - DEBUG - amount_total: 0.28095935
2017-11-28 01:07:12,590 - DEBUG - order_average_rate: 0.05690798
2017-11-28 01:07:12,590 - DEBUG - [BUY] order_details: {'date': '2017-11-28 07:07:10', 'amount': Decimal('0.2809593512250000'), 'rate': Decimal('0.05690798')}
2017-11-28 01:07:12,591 - DEBUG - [BUY] mongo_response: <pymongo.results.InsertOneResult object at 0x10a6c5088>
2017-11-28 01:07:12,591 - INFO - Buy logged to MongoDB database collection 11272017_184825
2017-11-28 01:07:12,591 - DEBUG - Entering base_price calculation.
2017-11-28 01:07:12,592 - DEBUG - db[coll_current].count(): 21
2017-11-28 01:07:12,594 - DEBUG - trade_total[spent]: 0.73568230
2017-11-28 01:07:12,595 - DEBUG - agg: [{'_id': None, 'total_bought': 12.663624582525}]
2017-11-28 01:07:12,596 - DEBUG - trade_total[bought]: 12.66362458
2017-11-28 01:07:12,609 - DEBUG - trade_total[spent]: 0.73568230
2017-11-28 01:07:12,681 - DEBUG - agg: [{'_id': None, 'total_bought': 12.663624582525}]
2017-11-28 01:07:12,682 - DEBUG - trade_total[bought]: 12.66362458
2017-11-28 01:07:12,682 - DEBUG - rate_avg: 0.05809413
2017-11-28 01:07:12,683 - DEBUG - csv_list: ['2017-11-28 07:07:10', 'buy', '0.28095935', '0.05690798', '0.00000000', '0.05809413']
2017-11-28 01:07:12,683 - INFO - Logging trade details to csv file.
2017-11-28 01:07:12,732 - INFO - Sending Telegram alert.
2017-11-28 01:07:12,733 - DEBUG - trade_message: Bought 0.2810 @ 0.0569
2017-11-28 01:07:12,974 - DEBUG - Sent alert to user 382606465.
2017-11-28 01:07:12,974 - DEBUG - diff: 0.018424
2017-11-28 01:07:12,974 - INFO - Price Difference from Base: 1.8424%
2017-11-28 01:07:12,974 - DEBUG - Calculating loop time.
2017-11-28 01:07:12,974 - DEBUG - 0 < diff < 1
2017-11-28 01:07:12,975 - DEBUG - lt: 44.28
2017-11-28 01:07:12,975 - INFO - Trade loop complete. Sleeping for 44.28 seconds.
2017-11-28 01:07:12,975 - INFO - ----[LOOP END]----
2017-11-28 01:07:56,973 - INFO - ----[LOOP START]----
2017-11-28 01:07:56,993 - DEBUG - Entering base_price calculation.
2017-11-28 01:07:56,995 - DEBUG - db[coll_current].count(): 21
2017-11-28 01:07:56,998 - DEBUG - trade_total[spent]: 0.73568230
2017-11-28 01:07:57,000 - DEBUG - agg: [{'_id': None, 'total_bought': 12.663624582525}]
2017-11-28 01:07:57,000 - DEBUG - trade_total[bought]: 12.66362458
2017-11-28 01:07:57,004 - DEBUG - trade_total[spent]: 0.73568230
2017-11-28 01:07:57,006 - DEBUG - agg: [{'_id': None, 'total_bought': 12.663624582525}]
2017-11-28 01:07:57,006 - DEBUG - trade_total[bought]: 12.66362458
2017-11-28 01:07:57,006 - DEBUG - rate_avg: 0.05809413
2017-11-28 01:07:57,007 - DEBUG - base_price: 0.05809413
2017-11-28 01:07:57,007 - INFO - Base Price: 0.058094
2017-11-28 01:07:57,007 - DEBUG - base_price_target: 0.05794890
2017-11-28 01:07:57,007 - INFO - Base Price Target: 0.057949
2017-11-28 01:07:57,508 - INFO - Balance STR:  357.7475
2017-11-28 01:07:57,508 - INFO - Balance USDT: 3.7547
2017-11-28 01:07:57,510 - DEBUG - agg: [{'_id': None, 'total_bought': 12.663624582525}]
2017-11-28 01:07:57,510 - DEBUG - trade_total[bought]: 12.66362458
2017-11-28 01:07:57,510 - INFO - Total STR Bought: 12.6636
2017-11-28 01:07:57,512 - DEBUG - trade_total[spent]: 0.73568230
2017-11-28 01:07:57,512 - INFO - Total USDT Spent: 0.7357
2017-11-28 01:07:57,513 - INFO - Total Buy Count: 21
2017-11-28 01:07:57,514 - DEBUG - agg: [{'_id': None, 'total_bought': 12.663624582525}]
2017-11-28 01:07:57,514 - DEBUG - trade_total[bought]: 12.66362458
2017-11-28 01:07:57,516 - DEBUG - trade_total[spent]: 0.73568230
2017-11-28 01:07:57,516 - DEBUG - trade_usdt_remaining: 0.26431770
2017-11-28 01:07:57,516 - DEBUG - trade_usdt_remaining: 0.26431770
2017-11-28 01:07:57,516 - INFO - Tradable USDT Remaining: 0.2643
2017-11-28 01:07:57,800 - DEBUG - Reverse lookup (amount) in calc_limit_price().
2017-11-28 01:07:57,800 - DEBUG - actual: 4.66168791
2017-11-28 01:07:57,800 - DEBUG - book_tot: 0.00
2017-11-28 01:07:57,800 - DEBUG - calc_limit_price() successful within limits (depth=40).
2017-11-28 01:07:57,801 - DEBUG - Adding fees to calc_limit_price() return value.
2017-11-28 01:07:57,801 - DEBUG - [buy]price_actual[+FEES]: 4.67334213
2017-11-28 01:07:57,801 - DEBUG - buy_amount_max: 4.67334213
2017-11-28 01:07:57,802 - DEBUG - trade_check_ready: True
2017-11-28 01:07:58,066 - DEBUG - Regular lookup (price) in calc_limit_price().
2017-11-28 01:07:58,067 - DEBUG - actual: 0.05670000
2017-11-28 01:07:58,067 - DEBUG - book_tot: 3316.00
2017-11-28 01:07:58,067 - DEBUG - actual: 0.05670000
2017-11-28 01:07:58,067 - DEBUG - book_tot: 3316.00
2017-11-28 01:07:58,067 - DEBUG - calc_limit_price() successful within limits (depth=40).
2017-11-28 01:07:58,068 - DEBUG - Adding fees to calc_limit_price() return value.
2017-11-28 01:07:58,068 - DEBUG - [buy]price_actual[+FEES]: 0.05684175
2017-11-28 01:07:58,068 - DEBUG - diff: 0.019106
2017-11-28 01:07:58,068 - INFO - Price Difference from Base: 1.9106%
2017-11-28 01:07:58,068 - DEBUG - Calculating trade amount.
2017-11-28 01:07:58,068 - DEBUG - diff > 0
2017-11-28 01:07:58,069 - DEBUG - trade_proportion_low: 0.05
2017-11-28 01:07:58,069 - DEBUG - trade_proportion_high: 0.50
2017-11-28 01:07:58,069 - DEBUG - trade_proportion_adj: 0.06
2017-11-28 01:07:58,069 - DEBUG - trade_usdt_remaining: 0.26
2017-11-28 01:07:58,069 - DEBUG - [DYNAMIC]amount_usdt: 0.01548836
2017-11-28 01:07:58,200 - DEBUG - Reverse lookup (amount) in calc_limit_price().
2017-11-28 01:07:58,200 - DEBUG - actual: 0.27316333
2017-11-28 01:07:58,201 - DEBUG - book_tot: 0.00
2017-11-28 01:07:58,201 - DEBUG - calc_limit_price() successful within limits (depth=40).
2017-11-28 01:07:58,201 - DEBUG - [DYNAMIC]amount: 0.27316333
2017-11-28 01:07:58,201 - DEBUG - [DYNAMIC] amount: 0.27316333
2017-11-28 01:07:58,202 - DEBUG - buy_amount_current: 0.27316333
2017-11-28 01:07:58,202 - INFO - Current Buy Amount: 0.2732
2017-11-28 01:07:58,439 - DEBUG - Regular lookup (price) in calc_limit_price().
2017-11-28 01:07:58,440 - DEBUG - actual: 0.05670000
2017-11-28 01:07:58,440 - DEBUG - book_tot: 3316.00
2017-11-28 01:07:58,440 - DEBUG - actual: 0.05670000
2017-11-28 01:07:58,441 - DEBUG - book_tot: 3316.00
2017-11-28 01:07:58,441 - DEBUG - calc_limit_price() successful within limits (depth=40).
2017-11-28 01:07:58,441 - DEBUG - Adding fees to calc_limit_price() return value.
2017-11-28 01:07:58,441 - DEBUG - [buy]price_actual[+FEES]: 0.05684175
2017-11-28 01:07:58,441 - DEBUG - low_ask_actual: 0.05684175
2017-11-28 01:07:58,442 - INFO - Low Ask (Actual): 0.0568
2017-11-28 01:07:58,444 - DEBUG - agg: [{'_id': None, 'total_bought': 12.663624582525}]
2017-11-28 01:07:58,444 - DEBUG - trade_total[bought]: 12.66362458
2017-11-28 01:07:58,444 - DEBUG - sell_amount_current: 12.66362458
2017-11-28 01:07:58,444 - INFO - Current Sell Amount: 12.6636
2017-11-28 01:07:58,560 - DEBUG - Regular lookup (price) in calc_limit_price().
2017-11-28 01:07:58,560 - DEBUG - actual: 0.05623000
2017-11-28 01:07:58,560 - DEBUG - book_tot: 5441.29
2017-11-28 01:07:58,560 - DEBUG - actual: 0.05623000
2017-11-28 01:07:58,560 - DEBUG - book_tot: 5441.29
2017-11-28 01:07:58,561 - DEBUG - calc_limit_price() successful within limits (depth=40).
2017-11-28 01:07:58,561 - DEBUG - Adding fees to calc_limit_price() return value.
2017-11-28 01:07:58,561 - DEBUG - [sell]price_actual[+FEES]: 0.05608942
2017-11-28 01:07:58,561 - DEBUG - high_bid_actual: 0.05608942
2017-11-28 01:07:58,561 - INFO - High Bid (Actual): 0.0561
2017-11-28 01:07:58,562 - DEBUG - sell_price_target: 0.06114408
2017-11-28 01:07:58,562 - INFO - Sell Target: 0.0611
2017-11-28 01:07:58,562 - INFO - TRADE CONDITIONS MET --> BUYING
2017-11-28 01:07:59,059 - DEBUG - [BUY] trade_response: {'orderNumber': '40230503351', 'resultingTrades': [{'amount': '0.27316333', 'date': '2017-11-28 07:07:57', 'rate': '0.05670000', 'total': '0.01548836', 'tradeID': '1869342', 'type': 'buy'}], 'amountUnfilled': '0.00000000'}
2017-11-28 01:07:59,348 - DEBUG - returnOrderTrades: [{'globalTradeID': 271683455, 'tradeID': 1869342, 'currencyPair': 'USDT_STR', 'type': 'buy', 'rate': '0.05670000', 'amount': '0.27316333', 'total': '0.01548836', 'fee': '0.00250000', 'date': '2017-11-28 07:07:57'}]
2017-11-28 01:07:59,349 - DEBUG - trade_date: 2017-11-28 07:07:57
2017-11-28 01:07:59,350 - DEBUG - len(order_trades): 1
2017-11-28 01:07:59,351 - DEBUG - len(order_list): 1
2017-11-28 01:07:59,351 - DEBUG - order_list: [[Decimal('0.2724804216750000'), Decimal('0.05670000')]]
2017-11-28 01:07:59,351 - DEBUG - rate_calc_total: 0.01544964
2017-11-28 01:07:59,351 - DEBUG - amount_total: 0.27248042
2017-11-28 01:07:59,351 - DEBUG - order_average_rate: 0.05670000
2017-11-28 01:07:59,352 - DEBUG - [BUY] order_details: {'date': '2017-11-28 07:07:57', 'amount': Decimal('0.2724804216750000'), 'rate': Decimal('0.05670000')}
2017-11-28 01:07:59,353 - DEBUG - [BUY] mongo_response: <pymongo.results.InsertOneResult object at 0x109c7cc88>
2017-11-28 01:07:59,353 - INFO - Buy logged to MongoDB database collection 11272017_184825
2017-11-28 01:07:59,353 - DEBUG - Entering base_price calculation.
2017-11-28 01:07:59,354 - DEBUG - db[coll_current].count(): 22
2017-11-28 01:07:59,356 - DEBUG - trade_total[spent]: 0.75113194
2017-11-28 01:07:59,358 - DEBUG - agg: [{'_id': None, 'total_bought': 12.9361050042}]
2017-11-28 01:07:59,358 - DEBUG - trade_total[bought]: 12.93610500
2017-11-28 01:07:59,360 - DEBUG - trade_total[spent]: 0.75113194
2017-11-28 01:07:59,361 - DEBUG - agg: [{'_id': None, 'total_bought': 12.9361050042}]
2017-11-28 01:07:59,361 - DEBUG - trade_total[bought]: 12.93610500
2017-11-28 01:07:59,361 - DEBUG - rate_avg: 0.05806477
2017-11-28 01:07:59,362 - DEBUG - csv_list: ['2017-11-28 07:07:57', 'buy', '0.27248042', '0.05670000', '0.00000000', '0.05806477']
2017-11-28 01:07:59,362 - INFO - Logging trade details to csv file.
2017-11-28 01:07:59,445 - INFO - Sending Telegram alert.
2017-11-28 01:07:59,445 - DEBUG - trade_message: Bought 0.2725 @ 0.0567
2017-11-28 01:07:59,699 - DEBUG - Sent alert to user 382606465.
2017-11-28 01:07:59,699 - DEBUG - diff: 0.021558
2017-11-28 01:07:59,699 - INFO - Price Difference from Base: 2.1558%
2017-11-28 01:07:59,699 - DEBUG - Calculating loop time.
2017-11-28 01:07:59,700 - DEBUG - 0 < diff < 1
2017-11-28 01:07:59,700 - DEBUG - lt: 44.16
2017-11-28 01:07:59,700 - INFO - Trade loop complete. Sleeping for 44.16 seconds.
2017-11-28 01:07:59,700 - INFO - ----[LOOP END]----
2017-11-28 01:08:12,978 - INFO - Exit signal received.
2017-11-28 01:08:12,979 - INFO - Mongo write errors: 0
2017-11-28 01:08:12,979 - INFO - Buy trades skipped: 0
2017-11-28 01:08:12,979 - INFO - Buy trades failed: 0
2017-11-28 01:08:12,980 - INFO - Sell trades skipped: 0
2017-11-28 01:08:12,980 - INFO - Sell trades failed: 0
2017-11-28 01:08:12,980 - INFO - CSV write errors: 0
